-- Found ament_cmake: 1.3.14 (/opt/ros/humble/share/ament_cmake/cmake)
-- Found std_msgs: 4.9.1 (/opt/ros/humble/share/std_msgs/cmake)
-- Found rosidl_generator_c: 3.1.8 (/opt/ros/humble/share/rosidl_generator_c/cmake)
-- Found rosidl_adapter: 3.1.8 (/opt/ros/humble/share/rosidl_adapter/cmake)
-- Found rosidl_generator_cpp: 3.1.8 (/opt/ros/humble/share/rosidl_generator_cpp/cmake)
-- Using all available rosidl_typesupport_c: rosidl_typesupport_fastrtps_c;rosidl_typesupport_introspection_c
-- Using all available rosidl_typesupport_cpp: rosidl_typesupport_fastrtps_cpp;rosidl_typesupport_introspection_cpp
-- Found rosidl_default_generators: 1.2.1 (/opt/ros/humble/share/rosidl_default_generators/cmake)
-- Found ament_cmake_ros: 0.10.0 (/opt/ros/humble/share/ament_cmake_ros/cmake)
-- Using all available rosidl_typesupport_c: rosidl_typesupport_fastrtps_c;rosidl_typesupport_introspection_c
-- Using all available rosidl_typesupport_cpp: rosidl_typesupport_fastrtps_cpp;rosidl_typesupport_introspection_cpp
-- Found python_cmake_module: 0.10.0 (/opt/ros/humble/share/python_cmake_module/cmake)
-- Using PYTHON_EXECUTABLE: /usr/bin/python3
-- Using PYTHON_INCLUDE_DIRS: /usr/include/python3.10
-- Using PYTHON_LIBRARIES: /usr/lib/x86_64-linux-gnu/libpython3.10.so
-- Found ament_lint_auto: 0.12.15 (/opt/ros/humble/share/ament_lint_auto/cmake)
-- Added test 'lint_cmake' to check CMake code style
-- Added test 'xmllint' to check XML markup files
-- Configuring done
-- Generating done
-- Build files have been written to: /home/leon/robotica/scorbotLabo/teleop_packages/universal_teleop/build/universal_teleop_msgs
[35m[1mConsolidate compiler generated dependencies of target universal_teleop_msgs__rosidl_generator_c[0m
[  2%] Built target universal_teleop_msgs__rs
[  5%] [32mBuilding C object CMakeFiles/universal_teleop_msgs__rosidl_generator_c.dir/rosidl_generator_c/universal_teleop_msgs/msg/detail/control__functions.c.o[0m
[  7%] Built target universal_teleop_msgs__cpp
[  7%] Built target ament_cmake_python_copy_universal_teleop_msgs
[ 10%] [32mBuilding C object CMakeFiles/universal_teleop_msgs__rosidl_generator_c.dir/rosidl_generator_c/universal_teleop_msgs/msg/detail/event__functions.c.o[0m
[35m[1mConsolidate compiler generated dependencies of target universal_teleop_msgs__rosidl_typesupport_introspection_cpp[0m
[35m[1mConsolidate compiler generated dependencies of target universal_teleop_msgs__rosidl_typesupport_fastrtps_cpp[0m
[ 12%] [32mBuilding CXX object CMakeFiles/universal_teleop_msgs__rosidl_typesupport_introspection_cpp.dir/rosidl_typesupport_introspection_cpp/universal_teleop_msgs/msg/detail/control__type_support.cpp.o[0m
[ 15%] [32mBuilding CXX object CMakeFiles/universal_teleop_msgs__rosidl_typesupport_fastrtps_cpp.dir/rosidl_typesupport_fastrtps_cpp/universal_teleop_msgs/msg/detail/dds_fastrtps/control__type_support.cpp.o[0m
[35m[1mConsolidate compiler generated dependencies of target universal_teleop_msgs__rosidl_typesupport_cpp[0m
[ 17%] [32m[1mLinking C shared library libuniversal_teleop_msgs__rosidl_generator_c.so[0m
[ 20%] [32mBuilding CXX object CMakeFiles/universal_teleop_msgs__rosidl_typesupport_cpp.dir/rosidl_typesupport_cpp/universal_teleop_msgs/msg/control__type_support.cpp.o[0m
[ 22%] Built target universal_teleop_msgs__rosidl_generator_c
[ 25%] [32mBuilding CXX object CMakeFiles/universal_teleop_msgs__rosidl_typesupport_cpp.dir/rosidl_typesupport_cpp/universal_teleop_msgs/msg/event__type_support.cpp.o[0m
[ 27%] [32mBuilding CXX object CMakeFiles/universal_teleop_msgs__rosidl_typesupport_introspection_cpp.dir/rosidl_typesupport_introspection_cpp/universal_teleop_msgs/msg/detail/event__type_support.cpp.o[0m
[ 30%] [32mBuilding CXX object CMakeFiles/universal_teleop_msgs__rosidl_typesupport_fastrtps_cpp.dir/rosidl_typesupport_fastrtps_cpp/universal_teleop_msgs/msg/detail/dds_fastrtps/event__type_support.cpp.o[0m
[ 32%] [32m[1mLinking CXX shared library libuniversal_teleop_msgs__rosidl_typesupport_cpp.so[0m
[ 35%] Built target universal_teleop_msgs__rosidl_typesupport_cpp
[35m[1mConsolidate compiler generated dependencies of target universal_teleop_msgs__rosidl_typesupport_fastrtps_c[0m
[ 37%] [32mBuilding CXX object CMakeFiles/universal_teleop_msgs__rosidl_typesupport_fastrtps_c.dir/rosidl_typesupport_fastrtps_c/universal_teleop_msgs/msg/detail/control__type_support_c.cpp.o[0m
[ 40%] [32m[1mLinking CXX shared library libuniversal_teleop_msgs__rosidl_typesupport_introspection_cpp.so[0m
running egg_info
writing universal_teleop_msgs.egg-info/PKG-INFO
writing dependency_links to universal_teleop_msgs.egg-info/dependency_links.txt
writing top-level names to universal_teleop_msgs.egg-info/top_level.txt
reading manifest file 'universal_teleop_msgs.egg-info/SOURCES.txt'
writing manifest file 'universal_teleop_msgs.egg-info/SOURCES.txt'
[ 42%] [32m[1mLinking CXX shared library libuniversal_teleop_msgs__rosidl_typesupport_fastrtps_cpp.so[0m
[ 42%] Built target ament_cmake_python_build_universal_teleop_msgs_egg
[ 45%] [32mBuilding CXX object CMakeFiles/universal_teleop_msgs__rosidl_typesupport_fastrtps_c.dir/rosidl_typesupport_fastrtps_c/universal_teleop_msgs/msg/detail/event__type_support_c.cpp.o[0m
[ 47%] Built target universal_teleop_msgs__rosidl_typesupport_introspection_cpp
[35m[1mConsolidate compiler generated dependencies of target universal_teleop_msgs__rosidl_typesupport_introspection_c[0m
[ 50%] [32mBuilding C object CMakeFiles/universal_teleop_msgs__rosidl_typesupport_introspection_c.dir/rosidl_typesupport_introspection_c/universal_teleop_msgs/msg/detail/control__type_support.c.o[0m
[ 52%] Built target universal_teleop_msgs__rosidl_typesupport_fastrtps_cpp
[ 55%] [32mBuilding C object CMakeFiles/universal_teleop_msgs__rosidl_typesupport_introspection_c.dir/rosidl_typesupport_introspection_c/universal_teleop_msgs/msg/detail/event__type_support.c.o[0m
[35m[1mConsolidate compiler generated dependencies of target universal_teleop_msgs__rosidl_typesupport_c[0m
[ 57%] [32mBuilding CXX object CMakeFiles/universal_teleop_msgs__rosidl_typesupport_c.dir/rosidl_typesupport_c/universal_teleop_msgs/msg/control__type_support.cpp.o[0m
[ 60%] [32m[1mLinking C shared library libuniversal_teleop_msgs__rosidl_typesupport_introspection_c.so[0m
[ 62%] [32mBuilding CXX object CMakeFiles/universal_teleop_msgs__rosidl_typesupport_c.dir/rosidl_typesupport_c/universal_teleop_msgs/msg/event__type_support.cpp.o[0m
[ 65%] [32m[1mLinking CXX shared library libuniversal_teleop_msgs__rosidl_typesupport_c.so[0m
[ 67%] Built target universal_teleop_msgs__rosidl_typesupport_introspection_c
[ 70%] Built target universal_teleop_msgs__rosidl_typesupport_c
[ 72%] [32m[1mLinking CXX shared library libuniversal_teleop_msgs__rosidl_typesupport_fastrtps_c.so[0m
[ 75%] Built target universal_teleop_msgs__rosidl_typesupport_fastrtps_c
[ 75%] Built target universal_teleop_msgs
[ 77%] Built target universal_teleop_msgs__py
[35m[1mConsolidate compiler generated dependencies of target universal_teleop_msgs__rosidl_generator_py[0m
[ 82%] [32mBuilding C object CMakeFiles/universal_teleop_msgs__rosidl_generator_py.dir/rosidl_generator_py/universal_teleop_msgs/msg/_event_s.c.o[0m
[ 82%] [32mBuilding C object CMakeFiles/universal_teleop_msgs__rosidl_generator_py.dir/rosidl_generator_py/universal_teleop_msgs/msg/_control_s.c.o[0m
[ 85%] [32m[1mLinking C shared library rosidl_generator_py/universal_teleop_msgs/libuniversal_teleop_msgs__rosidl_generator_py.so[0m
[ 85%] Built target universal_teleop_msgs__rosidl_generator_py
[35m[1mConsolidate compiler generated dependencies of target universal_teleop_msgs__rosidl_typesupport_introspection_c__pyext[0m
[35m[1mConsolidate compiler generated dependencies of target universal_teleop_msgs__rosidl_typesupport_c__pyext[0m
[35m[1mConsolidate compiler generated dependencies of target universal_teleop_msgs__rosidl_typesupport_fastrtps_c__pyext[0m
[ 87%] [32mBuilding C object CMakeFiles/universal_teleop_msgs__rosidl_typesupport_fastrtps_c__pyext.dir/rosidl_generator_py/universal_teleop_msgs/_universal_teleop_msgs_s.ep.rosidl_typesupport_fastrtps_c.c.o[0m
[ 90%] [32mBuilding C object CMakeFiles/universal_teleop_msgs__rosidl_typesupport_introspection_c__pyext.dir/rosidl_generator_py/universal_teleop_msgs/_universal_teleop_msgs_s.ep.rosidl_typesupport_introspection_c.c.o[0m
[ 92%] [32mBuilding C object CMakeFiles/universal_teleop_msgs__rosidl_typesupport_c__pyext.dir/rosidl_generator_py/universal_teleop_msgs/_universal_teleop_msgs_s.ep.rosidl_typesupport_c.c.o[0m
[ 95%] [32m[1mLinking C shared library rosidl_generator_py/universal_teleop_msgs/universal_teleop_msgs_s__rosidl_typesupport_fastrtps_c.cpython-310-x86_64-linux-gnu.so[0m
[ 97%] [32m[1mLinking C shared library rosidl_generator_py/universal_teleop_msgs/universal_teleop_msgs_s__rosidl_typesupport_c.cpython-310-x86_64-linux-gnu.so[0m
[100%] [32m[1mLinking C shared library rosidl_generator_py/universal_teleop_msgs/universal_teleop_msgs_s__rosidl_typesupport_introspection_c.cpython-310-x86_64-linux-gnu.so[0m
[100%] Built target universal_teleop_msgs__rosidl_typesupport_c__pyext
[100%] Built target universal_teleop_msgs__rosidl_typesupport_fastrtps_c__pyext
[100%] Built target universal_teleop_msgs__rosidl_typesupport_introspection_c__pyext
-- Install configuration: ""
-- Up-to-date: /home/leon/robotica/scorbotLabo/teleop_packages/universal_teleop/install/universal_teleop_msgs/share/ament_index/resource_index/rosidl_interfaces/universal_teleop_msgs
-- Up-to-date: /home/leon/robotica/scorbotLabo/teleop_packages/universal_teleop/install/universal_teleop_msgs/include/universal_teleop_msgs/universal_teleop_msgs
-- Up-to-date: /home/leon/robotica/scorbotLabo/teleop_packages/universal_teleop/install/universal_teleop_msgs/include/universal_teleop_msgs/universal_teleop_msgs/msg
-- Up-to-date: /home/leon/robotica/scorbotLabo/teleop_packages/universal_teleop/install/universal_teleop_msgs/include/universal_teleop_msgs/universal_teleop_msgs/msg/control.h
-- Up-to-date: /home/leon/robotica/scorbotLabo/teleop_packages/universal_teleop/install/universal_teleop_msgs/include/universal_teleop_msgs/universal_teleop_msgs/msg/detail
-- Up-to-date: /home/leon/robotica/scorbotLabo/teleop_packages/universal_teleop/install/universal_teleop_msgs/include/universal_teleop_msgs/universal_teleop_msgs/msg/detail/control__functions.h
-- Up-to-date: /home/leon/robotica/scorbotLabo/teleop_packages/universal_teleop/install/universal_teleop_msgs/include/universal_teleop_msgs/universal_teleop_msgs/msg/detail/control__type_support.h
-- Up-to-date: /home/leon/robotica/scorbotLabo/teleop_packages/universal_teleop/install/universal_teleop_msgs/include/universal_teleop_msgs/universal_teleop_msgs/msg/detail/event__functions.c
-- Up-to-date: /home/leon/robotica/scorbotLabo/teleop_packages/universal_teleop/install/universal_teleop_msgs/include/universal_teleop_msgs/universal_teleop_msgs/msg/detail/event__struct.h
-- Up-to-date: /home/leon/robotica/scorbotLabo/teleop_packages/universal_teleop/install/universal_teleop_msgs/include/universal_teleop_msgs/universal_teleop_msgs/msg/detail/control__functions.c
-- Up-to-date: /home/leon/robotica/scorbotLabo/teleop_packages/universal_teleop/install/universal_teleop_msgs/include/universal_teleop_msgs/universal_teleop_msgs/msg/detail/control__struct.h
-- Up-to-date: /home/leon/robotica/scorbotLabo/teleop_packages/universal_teleop/install/universal_teleop_msgs/include/universal_teleop_msgs/universal_teleop_msgs/msg/detail/event__type_support.h
-- Up-to-date: /home/leon/robotica/scorbotLabo/teleop_packages/universal_teleop/install/universal_teleop_msgs/include/universal_teleop_msgs/universal_teleop_msgs/msg/detail/event__functions.h
-- Up-to-date: /home/leon/robotica/scorbotLabo/teleop_packages/universal_teleop/install/universal_teleop_msgs/include/universal_teleop_msgs/universal_teleop_msgs/msg/event.h
-- Up-to-date: /home/leon/robotica/scorbotLabo/teleop_packages/universal_teleop/install/universal_teleop_msgs/include/universal_teleop_msgs/universal_teleop_msgs/msg/rosidl_generator_c__visibility_control.h
-- Installing: /home/leon/robotica/scorbotLabo/teleop_packages/universal_teleop/install/universal_teleop_msgs/share/universal_teleop_msgs/environment/library_path.sh
-- Installing: /home/leon/robotica/scorbotLabo/teleop_packages/universal_teleop/install/universal_teleop_msgs/share/universal_teleop_msgs/environment/library_path.dsv
-- Installing: /home/leon/robotica/scorbotLabo/teleop_packages/universal_teleop/install/universal_teleop_msgs/lib/libuniversal_teleop_msgs__rosidl_generator_c.so
-- Set runtime path of "/home/leon/robotica/scorbotLabo/teleop_packages/universal_teleop/install/universal_teleop_msgs/lib/libuniversal_teleop_msgs__rosidl_generator_c.so" to ""
-- Up-to-date: /home/leon/robotica/scorbotLabo/teleop_packages/universal_teleop/install/universal_teleop_msgs/include/universal_teleop_msgs/universal_teleop_msgs
-- Up-to-date: /home/leon/robotica/scorbotLabo/teleop_packages/universal_teleop/install/universal_teleop_msgs/include/universal_teleop_msgs/universal_teleop_msgs/msg
-- Up-to-date: /home/leon/robotica/scorbotLabo/teleop_packages/universal_teleop/install/universal_teleop_msgs/include/universal_teleop_msgs/universal_teleop_msgs/msg/rosidl_typesupport_fastrtps_c__visibility_control.h
-- Up-to-date: /home/leon/robotica/scorbotLabo/teleop_packages/universal_teleop/install/universal_teleop_msgs/include/universal_teleop_msgs/universal_teleop_msgs/msg/detail
-- Up-to-date: /home/leon/robotica/scorbotLabo/teleop_packages/universal_teleop/install/universal_teleop_msgs/include/universal_teleop_msgs/universal_teleop_msgs/msg/detail/control__rosidl_typesupport_fastrtps_c.h
-- Up-to-date: /home/leon/robotica/scorbotLabo/teleop_packages/universal_teleop/install/universal_teleop_msgs/include/universal_teleop_msgs/universal_teleop_msgs/msg/detail/event__rosidl_typesupport_fastrtps_c.h
-- Installing: /home/leon/robotica/scorbotLabo/teleop_packages/universal_teleop/install/universal_teleop_msgs/lib/libuniversal_teleop_msgs__rosidl_typesupport_fastrtps_c.so
-- Set runtime path of "/home/leon/robotica/scorbotLabo/teleop_packages/universal_teleop/install/universal_teleop_msgs/lib/libuniversal_teleop_msgs__rosidl_typesupport_fastrtps_c.so" to ""
-- Up-to-date: /home/leon/robotica/scorbotLabo/teleop_packages/universal_teleop/install/universal_teleop_msgs/include/universal_teleop_msgs/universal_teleop_msgs
-- Up-to-date: /home/leon/robotica/scorbotLabo/teleop_packages/universal_teleop/install/universal_teleop_msgs/include/universal_teleop_msgs/universal_teleop_msgs/msg
-- Up-to-date: /home/leon/robotica/scorbotLabo/teleop_packages/universal_teleop/install/universal_teleop_msgs/include/universal_teleop_msgs/universal_teleop_msgs/msg/control.hpp
-- Up-to-date: /home/leon/robotica/scorbotLabo/teleop_packages/universal_teleop/install/universal_teleop_msgs/include/universal_teleop_msgs/universal_teleop_msgs/msg/rosidl_generator_cpp__visibility_control.hpp
-- Up-to-date: /home/leon/robotica/scorbotLabo/teleop_packages/universal_teleop/install/universal_teleop_msgs/include/universal_teleop_msgs/universal_teleop_msgs/msg/detail
-- Up-to-date: /home/leon/robotica/scorbotLabo/teleop_packages/universal_teleop/install/universal_teleop_msgs/include/universal_teleop_msgs/universal_teleop_msgs/msg/detail/control__traits.hpp
-- Up-to-date: /home/leon/robotica/scorbotLabo/teleop_packages/universal_teleop/install/universal_teleop_msgs/include/universal_teleop_msgs/universal_teleop_msgs/msg/detail/event__traits.hpp
-- Up-to-date: /home/leon/robotica/scorbotLabo/teleop_packages/universal_teleop/install/universal_teleop_msgs/include/universal_teleop_msgs/universal_teleop_msgs/msg/detail/event__type_support.hpp
-- Up-to-date: /home/leon/robotica/scorbotLabo/teleop_packages/universal_teleop/install/universal_teleop_msgs/include/universal_teleop_msgs/universal_teleop_msgs/msg/detail/control__type_support.hpp
-- Up-to-date: /home/leon/robotica/scorbotLabo/teleop_packages/universal_teleop/install/universal_teleop_msgs/include/universal_teleop_msgs/universal_teleop_msgs/msg/detail/control__builder.hpp
-- Up-to-date: /home/leon/robotica/scorbotLabo/teleop_packages/universal_teleop/install/universal_teleop_msgs/include/universal_teleop_msgs/universal_teleop_msgs/msg/detail/control__struct.hpp
-- Up-to-date: /home/leon/robotica/scorbotLabo/teleop_packages/universal_teleop/install/universal_teleop_msgs/include/universal_teleop_msgs/universal_teleop_msgs/msg/detail/event__builder.hpp
-- Up-to-date: /home/leon/robotica/scorbotLabo/teleop_packages/universal_teleop/install/universal_teleop_msgs/include/universal_teleop_msgs/universal_teleop_msgs/msg/detail/event__struct.hpp
-- Up-to-date: /home/leon/robotica/scorbotLabo/teleop_packages/universal_teleop/install/universal_teleop_msgs/include/universal_teleop_msgs/universal_teleop_msgs/msg/event.hpp
-- Up-to-date: /home/leon/robotica/scorbotLabo/teleop_packages/universal_teleop/install/universal_teleop_msgs/include/universal_teleop_msgs/universal_teleop_msgs
-- Up-to-date: /home/leon/robotica/scorbotLabo/teleop_packages/universal_teleop/install/universal_teleop_msgs/include/universal_teleop_msgs/universal_teleop_msgs/msg
-- Up-to-date: /home/leon/robotica/scorbotLabo/teleop_packages/universal_teleop/install/universal_teleop_msgs/include/universal_teleop_msgs/universal_teleop_msgs/msg/rosidl_typesupport_fastrtps_cpp__visibility_control.h
-- Up-to-date: /home/leon/robotica/scorbotLabo/teleop_packages/universal_teleop/install/universal_teleop_msgs/include/universal_teleop_msgs/universal_teleop_msgs/msg/detail
-- Up-to-date: /home/leon/robotica/scorbotLabo/teleop_packages/universal_teleop/install/universal_teleop_msgs/include/universal_teleop_msgs/universal_teleop_msgs/msg/detail/event__rosidl_typesupport_fastrtps_cpp.hpp
-- Up-to-date: /home/leon/robotica/scorbotLabo/teleop_packages/universal_teleop/install/universal_teleop_msgs/include/universal_teleop_msgs/universal_teleop_msgs/msg/detail/control__rosidl_typesupport_fastrtps_cpp.hpp
-- Installing: /home/leon/robotica/scorbotLabo/teleop_packages/universal_teleop/install/universal_teleop_msgs/include/universal_teleop_msgs/universal_teleop_msgs/msg/detail/dds_fastrtps
-- Installing: /home/leon/robotica/scorbotLabo/teleop_packages/universal_teleop/install/universal_teleop_msgs/lib/libuniversal_teleop_msgs__rosidl_typesupport_fastrtps_cpp.so
-- Set runtime path of "/home/leon/robotica/scorbotLabo/teleop_packages/universal_teleop/install/universal_teleop_msgs/lib/libuniversal_teleop_msgs__rosidl_typesupport_fastrtps_cpp.so" to ""
-- Up-to-date: /home/leon/robotica/scorbotLabo/teleop_packages/universal_teleop/install/universal_teleop_msgs/include/universal_teleop_msgs/universal_teleop_msgs
-- Up-to-date: /home/leon/robotica/scorbotLabo/teleop_packages/universal_teleop/install/universal_teleop_msgs/include/universal_teleop_msgs/universal_teleop_msgs/msg
-- Up-to-date: /home/leon/robotica/scorbotLabo/teleop_packages/universal_teleop/install/universal_teleop_msgs/include/universal_teleop_msgs/universal_teleop_msgs/msg/rosidl_typesupport_introspection_c__visibility_control.h
-- Up-to-date: /home/leon/robotica/scorbotLabo/teleop_packages/universal_teleop/install/universal_teleop_msgs/include/universal_teleop_msgs/universal_teleop_msgs/msg/detail
-- Up-to-date: /home/leon/robotica/scorbotLabo/teleop_packages/universal_teleop/install/universal_teleop_msgs/include/universal_teleop_msgs/universal_teleop_msgs/msg/detail/event__type_support.c
-- Up-to-date: /home/leon/robotica/scorbotLabo/teleop_packages/universal_teleop/install/universal_teleop_msgs/include/universal_teleop_msgs/universal_teleop_msgs/msg/detail/event__rosidl_typesupport_introspection_c.h
-- Up-to-date: /home/leon/robotica/scorbotLabo/teleop_packages/universal_teleop/install/universal_teleop_msgs/include/universal_teleop_msgs/universal_teleop_msgs/msg/detail/control__type_support.c
-- Up-to-date: /home/leon/robotica/scorbotLabo/teleop_packages/universal_teleop/install/universal_teleop_msgs/include/universal_teleop_msgs/universal_teleop_msgs/msg/detail/control__rosidl_typesupport_introspection_c.h
-- Installing: /home/leon/robotica/scorbotLabo/teleop_packages/universal_teleop/install/universal_teleop_msgs/lib/libuniversal_teleop_msgs__rosidl_typesupport_introspection_c.so
-- Set runtime path of "/home/leon/robotica/scorbotLabo/teleop_packages/universal_teleop/install/universal_teleop_msgs/lib/libuniversal_teleop_msgs__rosidl_typesupport_introspection_c.so" to ""
-- Installing: /home/leon/robotica/scorbotLabo/teleop_packages/universal_teleop/install/universal_teleop_msgs/lib/libuniversal_teleop_msgs__rosidl_typesupport_c.so
-- Set runtime path of "/home/leon/robotica/scorbotLabo/teleop_packages/universal_teleop/install/universal_teleop_msgs/lib/libuniversal_teleop_msgs__rosidl_typesupport_c.so" to ""
-- Up-to-date: /home/leon/robotica/scorbotLabo/teleop_packages/universal_teleop/install/universal_teleop_msgs/include/universal_teleop_msgs/universal_teleop_msgs
-- Up-to-date: /home/leon/robotica/scorbotLabo/teleop_packages/universal_teleop/install/universal_teleop_msgs/include/universal_teleop_msgs/universal_teleop_msgs/msg
-- Up-to-date: /home/leon/robotica/scorbotLabo/teleop_packages/universal_teleop/install/universal_teleop_msgs/include/universal_teleop_msgs/universal_teleop_msgs/msg/detail
-- Up-to-date: /home/leon/robotica/scorbotLabo/teleop_packages/universal_teleop/install/universal_teleop_msgs/include/universal_teleop_msgs/universal_teleop_msgs/msg/detail/event__type_support.cpp
-- Up-to-date: /home/leon/robotica/scorbotLabo/teleop_packages/universal_teleop/install/universal_teleop_msgs/include/universal_teleop_msgs/universal_teleop_msgs/msg/detail/control__rosidl_typesupport_introspection_cpp.hpp
-- Up-to-date: /home/leon/robotica/scorbotLabo/teleop_packages/universal_teleop/install/universal_teleop_msgs/include/universal_teleop_msgs/universal_teleop_msgs/msg/detail/event__rosidl_typesupport_introspection_cpp.hpp
-- Up-to-date: /home/leon/robotica/scorbotLabo/teleop_packages/universal_teleop/install/universal_teleop_msgs/include/universal_teleop_msgs/universal_teleop_msgs/msg/detail/control__type_support.cpp
-- Installing: /home/leon/robotica/scorbotLabo/teleop_packages/universal_teleop/install/universal_teleop_msgs/lib/libuniversal_teleop_msgs__rosidl_typesupport_introspection_cpp.so
-- Set runtime path of "/home/leon/robotica/scorbotLabo/teleop_packages/universal_teleop/install/universal_teleop_msgs/lib/libuniversal_teleop_msgs__rosidl_typesupport_introspection_cpp.so" to ""
-- Installing: /home/leon/robotica/scorbotLabo/teleop_packages/universal_teleop/install/universal_teleop_msgs/lib/libuniversal_teleop_msgs__rosidl_typesupport_cpp.so
-- Set runtime path of "/home/leon/robotica/scorbotLabo/teleop_packages/universal_teleop/install/universal_teleop_msgs/lib/libuniversal_teleop_msgs__rosidl_typesupport_cpp.so" to ""
-- Up-to-date: /home/leon/robotica/scorbotLabo/teleop_packages/universal_teleop/install/universal_teleop_msgs/share/universal_teleop_msgs/environment/pythonpath.sh
-- Installing: /home/leon/robotica/scorbotLabo/teleop_packages/universal_teleop/install/universal_teleop_msgs/share/universal_teleop_msgs/environment/pythonpath.dsv
-- Up-to-date: /home/leon/robotica/scorbotLabo/teleop_packages/universal_teleop/install/universal_teleop_msgs/local/lib/python3.10/dist-packages/universal_teleop_msgs-2.0.0-py3.10.egg-info
-- Installing: /home/leon/robotica/scorbotLabo/teleop_packages/universal_teleop/install/universal_teleop_msgs/local/lib/python3.10/dist-packages/universal_teleop_msgs-2.0.0-py3.10.egg-info/dependency_links.txt
-- Installing: /home/leon/robotica/scorbotLabo/teleop_packages/universal_teleop/install/universal_teleop_msgs/local/lib/python3.10/dist-packages/universal_teleop_msgs-2.0.0-py3.10.egg-info/top_level.txt
-- Installing: /home/leon/robotica/scorbotLabo/teleop_packages/universal_teleop/install/universal_teleop_msgs/local/lib/python3.10/dist-packages/universal_teleop_msgs-2.0.0-py3.10.egg-info/PKG-INFO
-- Installing: /home/leon/robotica/scorbotLabo/teleop_packages/universal_teleop/install/universal_teleop_msgs/local/lib/python3.10/dist-packages/universal_teleop_msgs-2.0.0-py3.10.egg-info/SOURCES.txt
-- Up-to-date: /home/leon/robotica/scorbotLabo/teleop_packages/universal_teleop/install/universal_teleop_msgs/local/lib/python3.10/dist-packages/universal_teleop_msgs
-- Installing: /home/leon/robotica/scorbotLabo/teleop_packages/universal_teleop/install/universal_teleop_msgs/local/lib/python3.10/dist-packages/universal_teleop_msgs/universal_teleop_msgs_s__rosidl_typesupport_introspection_c.cpython-310-x86_64-linux-gnu.so
-- Installing: /home/leon/robotica/scorbotLabo/teleop_packages/universal_teleop/install/universal_teleop_msgs/local/lib/python3.10/dist-packages/universal_teleop_msgs/libuniversal_teleop_msgs__rosidl_generator_py.so
-- Up-to-date: /home/leon/robotica/scorbotLabo/teleop_packages/universal_teleop/install/universal_teleop_msgs/local/lib/python3.10/dist-packages/universal_teleop_msgs/_universal_teleop_msgs_s.ep.rosidl_typesupport_c.c
-- Up-to-date: /home/leon/robotica/scorbotLabo/teleop_packages/universal_teleop/install/universal_teleop_msgs/local/lib/python3.10/dist-packages/universal_teleop_msgs/_universal_teleop_msgs_s.ep.rosidl_typesupport_introspection_c.c
-- Up-to-date: /home/leon/robotica/scorbotLabo/teleop_packages/universal_teleop/install/universal_teleop_msgs/local/lib/python3.10/dist-packages/universal_teleop_msgs/_universal_teleop_msgs_s.ep.rosidl_typesupport_fastrtps_c.c
-- Installing: /home/leon/robotica/scorbotLabo/teleop_packages/universal_teleop/install/universal_teleop_msgs/local/lib/python3.10/dist-packages/universal_teleop_msgs/__init__.py
-- Installing: /home/leon/robotica/scorbotLabo/teleop_packages/universal_teleop/install/universal_teleop_msgs/local/lib/python3.10/dist-packages/universal_teleop_msgs/universal_teleop_msgs_s__rosidl_typesupport_fastrtps_c.cpython-310-x86_64-linux-gnu.so
-- Installing: /home/leon/robotica/scorbotLabo/teleop_packages/universal_teleop/install/universal_teleop_msgs/local/lib/python3.10/dist-packages/universal_teleop_msgs/universal_teleop_msgs_s__rosidl_typesupport_c.cpython-310-x86_64-linux-gnu.so
-- Up-to-date: /home/leon/robotica/scorbotLabo/teleop_packages/universal_teleop/install/universal_teleop_msgs/local/lib/python3.10/dist-packages/universal_teleop_msgs/msg
-- Up-to-date: /home/leon/robotica/scorbotLabo/teleop_packages/universal_teleop/install/universal_teleop_msgs/local/lib/python3.10/dist-packages/universal_teleop_msgs/msg/_event.py
-- Up-to-date: /home/leon/robotica/scorbotLabo/teleop_packages/universal_teleop/install/universal_teleop_msgs/local/lib/python3.10/dist-packages/universal_teleop_msgs/msg/_control.py
-- Up-to-date: /home/leon/robotica/scorbotLabo/teleop_packages/universal_teleop/install/universal_teleop_msgs/local/lib/python3.10/dist-packages/universal_teleop_msgs/msg/_event_s.c
-- Up-to-date: /home/leon/robotica/scorbotLabo/teleop_packages/universal_teleop/install/universal_teleop_msgs/local/lib/python3.10/dist-packages/universal_teleop_msgs/msg/__init__.py
-- Up-to-date: /home/leon/robotica/scorbotLabo/teleop_packages/universal_teleop/install/universal_teleop_msgs/local/lib/python3.10/dist-packages/universal_teleop_msgs/msg/_control_s.c
Listing '/home/leon/robotica/scorbotLabo/teleop_packages/universal_teleop/install/universal_teleop_msgs/local/lib/python3.10/dist-packages/universal_teleop_msgs'...
Compiling '/home/leon/robotica/scorbotLabo/teleop_packages/universal_teleop/install/universal_teleop_msgs/local/lib/python3.10/dist-packages/universal_teleop_msgs/__init__.py'...
Listing '/home/leon/robotica/scorbotLabo/teleop_packages/universal_teleop/install/universal_teleop_msgs/local/lib/python3.10/dist-packages/universal_teleop_msgs/msg'...
Compiling '/home/leon/robotica/scorbotLabo/teleop_packages/universal_teleop/install/universal_teleop_msgs/local/lib/python3.10/dist-packages/universal_teleop_msgs/msg/__init__.py'...
Compiling '/home/leon/robotica/scorbotLabo/teleop_packages/universal_teleop/install/universal_teleop_msgs/local/lib/python3.10/dist-packages/universal_teleop_msgs/msg/_control.py'...
Compiling '/home/leon/robotica/scorbotLabo/teleop_packages/universal_teleop/install/universal_teleop_msgs/local/lib/python3.10/dist-packages/universal_teleop_msgs/msg/_event.py'...
-- Installing: /home/leon/robotica/scorbotLabo/teleop_packages/universal_teleop/install/universal_teleop_msgs/local/lib/python3.10/dist-packages/universal_teleop_msgs/universal_teleop_msgs_s__rosidl_typesupport_fastrtps_c.cpython-310-x86_64-linux-gnu.so
-- Set runtime path of "/home/leon/robotica/scorbotLabo/teleop_packages/universal_teleop/install/universal_teleop_msgs/local/lib/python3.10/dist-packages/universal_teleop_msgs/universal_teleop_msgs_s__rosidl_typesupport_fastrtps_c.cpython-310-x86_64-linux-gnu.so" to ""
-- Installing: /home/leon/robotica/scorbotLabo/teleop_packages/universal_teleop/install/universal_teleop_msgs/local/lib/python3.10/dist-packages/universal_teleop_msgs/universal_teleop_msgs_s__rosidl_typesupport_introspection_c.cpython-310-x86_64-linux-gnu.so
-- Set runtime path of "/home/leon/robotica/scorbotLabo/teleop_packages/universal_teleop/install/universal_teleop_msgs/local/lib/python3.10/dist-packages/universal_teleop_msgs/universal_teleop_msgs_s__rosidl_typesupport_introspection_c.cpython-310-x86_64-linux-gnu.so" to ""
-- Installing: /home/leon/robotica/scorbotLabo/teleop_packages/universal_teleop/install/universal_teleop_msgs/local/lib/python3.10/dist-packages/universal_teleop_msgs/universal_teleop_msgs_s__rosidl_typesupport_c.cpython-310-x86_64-linux-gnu.so
-- Set runtime path of "/home/leon/robotica/scorbotLabo/teleop_packages/universal_teleop/install/universal_teleop_msgs/local/lib/python3.10/dist-packages/universal_teleop_msgs/universal_teleop_msgs_s__rosidl_typesupport_c.cpython-310-x86_64-linux-gnu.so" to ""
-- Installing: /home/leon/robotica/scorbotLabo/teleop_packages/universal_teleop/install/universal_teleop_msgs/lib/libuniversal_teleop_msgs__rosidl_generator_py.so
-- Set runtime path of "/home/leon/robotica/scorbotLabo/teleop_packages/universal_teleop/install/universal_teleop_msgs/lib/libuniversal_teleop_msgs__rosidl_generator_py.so" to ""
-- Up-to-date: /home/leon/robotica/scorbotLabo/teleop_packages/universal_teleop/install/universal_teleop_msgs/share/ament_index/resource_index/rust_packages/universal_teleop_msgs
-- Up-to-date: /home/leon/robotica/scorbotLabo/teleop_packages/universal_teleop/install/universal_teleop_msgs/share/universal_teleop_msgs/rust
-- Up-to-date: /home/leon/robotica/scorbotLabo/teleop_packages/universal_teleop/install/universal_teleop_msgs/share/universal_teleop_msgs/rust/Cargo.toml
-- Up-to-date: /home/leon/robotica/scorbotLabo/teleop_packages/universal_teleop/install/universal_teleop_msgs/share/universal_teleop_msgs/rust/src
-- Up-to-date: /home/leon/robotica/scorbotLabo/teleop_packages/universal_teleop/install/universal_teleop_msgs/share/universal_teleop_msgs/rust/src/lib.rs
-- Up-to-date: /home/leon/robotica/scorbotLabo/teleop_packages/universal_teleop/install/universal_teleop_msgs/share/universal_teleop_msgs/rust/src/msg
-- Up-to-date: /home/leon/robotica/scorbotLabo/teleop_packages/universal_teleop/install/universal_teleop_msgs/share/universal_teleop_msgs/rust/src/msg/rmw.rs
-- Up-to-date: /home/leon/robotica/scorbotLabo/teleop_packages/universal_teleop/install/universal_teleop_msgs/share/universal_teleop_msgs/rust/src/msg.rs
-- Up-to-date: /home/leon/robotica/scorbotLabo/teleop_packages/universal_teleop/install/universal_teleop_msgs/share/universal_teleop_msgs/rust/build.rs
-- Up-to-date: /home/leon/robotica/scorbotLabo/teleop_packages/universal_teleop/install/universal_teleop_msgs/share/universal_teleop_msgs/msg/Control.idl
-- Up-to-date: /home/leon/robotica/scorbotLabo/teleop_packages/universal_teleop/install/universal_teleop_msgs/share/universal_teleop_msgs/msg/Event.idl
-- Up-to-date: /home/leon/robotica/scorbotLabo/teleop_packages/universal_teleop/install/universal_teleop_msgs/share/universal_teleop_msgs/msg/Control.msg
-- Up-to-date: /home/leon/robotica/scorbotLabo/teleop_packages/universal_teleop/install/universal_teleop_msgs/share/universal_teleop_msgs/msg/Event.msg
-- Up-to-date: /home/leon/robotica/scorbotLabo/teleop_packages/universal_teleop/install/universal_teleop_msgs/share/ament_index/resource_index/package_run_dependencies/universal_teleop_msgs
-- Installing: /home/leon/robotica/scorbotLabo/teleop_packages/universal_teleop/install/universal_teleop_msgs/share/ament_index/resource_index/parent_prefix_path/universal_teleop_msgs
-- Installing: /home/leon/robotica/scorbotLabo/teleop_packages/universal_teleop/install/universal_teleop_msgs/share/universal_teleop_msgs/environment/ament_prefix_path.sh
-- Installing: /home/leon/robotica/scorbotLabo/teleop_packages/universal_teleop/install/universal_teleop_msgs/share/universal_teleop_msgs/environment/ament_prefix_path.dsv
-- Installing: /home/leon/robotica/scorbotLabo/teleop_packages/universal_teleop/install/universal_teleop_msgs/share/universal_teleop_msgs/environment/path.sh
-- Installing: /home/leon/robotica/scorbotLabo/teleop_packages/universal_teleop/install/universal_teleop_msgs/share/universal_teleop_msgs/environment/path.dsv
-- Up-to-date: /home/leon/robotica/scorbotLabo/teleop_packages/universal_teleop/install/universal_teleop_msgs/share/universal_teleop_msgs/local_setup.bash
-- Up-to-date: /home/leon/robotica/scorbotLabo/teleop_packages/universal_teleop/install/universal_teleop_msgs/share/universal_teleop_msgs/local_setup.sh
-- Up-to-date: /home/leon/robotica/scorbotLabo/teleop_packages/universal_teleop/install/universal_teleop_msgs/share/universal_teleop_msgs/local_setup.zsh
-- Installing: /home/leon/robotica/scorbotLabo/teleop_packages/universal_teleop/install/universal_teleop_msgs/share/universal_teleop_msgs/local_setup.dsv
-- Installing: /home/leon/robotica/scorbotLabo/teleop_packages/universal_teleop/install/universal_teleop_msgs/share/universal_teleop_msgs/package.dsv
-- Up-to-date: /home/leon/robotica/scorbotLabo/teleop_packages/universal_teleop/install/universal_teleop_msgs/share/ament_index/resource_index/packages/universal_teleop_msgs
-- Up-to-date: /home/leon/robotica/scorbotLabo/teleop_packages/universal_teleop/install/universal_teleop_msgs/share/universal_teleop_msgs/cmake/export_universal_teleop_msgs__rosidl_generator_cExport.cmake
-- Up-to-date: /home/leon/robotica/scorbotLabo/teleop_packages/universal_teleop/install/universal_teleop_msgs/share/universal_teleop_msgs/cmake/export_universal_teleop_msgs__rosidl_generator_cExport-noconfig.cmake
-- Up-to-date: /home/leon/robotica/scorbotLabo/teleop_packages/universal_teleop/install/universal_teleop_msgs/share/universal_teleop_msgs/cmake/export_universal_teleop_msgs__rosidl_typesupport_fastrtps_cExport.cmake
-- Up-to-date: /home/leon/robotica/scorbotLabo/teleop_packages/universal_teleop/install/universal_teleop_msgs/share/universal_teleop_msgs/cmake/export_universal_teleop_msgs__rosidl_typesupport_fastrtps_cExport-noconfig.cmake
-- Up-to-date: /home/leon/robotica/scorbotLabo/teleop_packages/universal_teleop/install/universal_teleop_msgs/share/universal_teleop_msgs/cmake/export_universal_teleop_msgs__rosidl_generator_cppExport.cmake
-- Up-to-date: /home/leon/robotica/scorbotLabo/teleop_packages/universal_teleop/install/universal_teleop_msgs/share/universal_teleop_msgs/cmake/export_universal_teleop_msgs__rosidl_typesupport_fastrtps_cppExport.cmake
-- Up-to-date: /home/leon/robotica/scorbotLabo/teleop_packages/universal_teleop/install/universal_teleop_msgs/share/universal_teleop_msgs/cmake/export_universal_teleop_msgs__rosidl_typesupport_fastrtps_cppExport-noconfig.cmake
-- Up-to-date: /home/leon/robotica/scorbotLabo/teleop_packages/universal_teleop/install/universal_teleop_msgs/share/universal_teleop_msgs/cmake/universal_teleop_msgs__rosidl_typesupport_introspection_cExport.cmake
-- Up-to-date: /home/leon/robotica/scorbotLabo/teleop_packages/universal_teleop/install/universal_teleop_msgs/share/universal_teleop_msgs/cmake/universal_teleop_msgs__rosidl_typesupport_introspection_cExport-noconfig.cmake
-- Up-to-date: /home/leon/robotica/scorbotLabo/teleop_packages/universal_teleop/install/universal_teleop_msgs/share/universal_teleop_msgs/cmake/universal_teleop_msgs__rosidl_typesupport_cExport.cmake
-- Up-to-date: /home/leon/robotica/scorbotLabo/teleop_packages/universal_teleop/install/universal_teleop_msgs/share/universal_teleop_msgs/cmake/universal_teleop_msgs__rosidl_typesupport_cExport-noconfig.cmake
-- Up-to-date: /home/leon/robotica/scorbotLabo/teleop_packages/universal_teleop/install/universal_teleop_msgs/share/universal_teleop_msgs/cmake/universal_teleop_msgs__rosidl_typesupport_introspection_cppExport.cmake
-- Up-to-date: /home/leon/robotica/scorbotLabo/teleop_packages/universal_teleop/install/universal_teleop_msgs/share/universal_teleop_msgs/cmake/universal_teleop_msgs__rosidl_typesupport_introspection_cppExport-noconfig.cmake
-- Up-to-date: /home/leon/robotica/scorbotLabo/teleop_packages/universal_teleop/install/universal_teleop_msgs/share/universal_teleop_msgs/cmake/universal_teleop_msgs__rosidl_typesupport_cppExport.cmake
-- Up-to-date: /home/leon/robotica/scorbotLabo/teleop_packages/universal_teleop/install/universal_teleop_msgs/share/universal_teleop_msgs/cmake/universal_teleop_msgs__rosidl_typesupport_cppExport-noconfig.cmake
-- Up-to-date: /home/leon/robotica/scorbotLabo/teleop_packages/universal_teleop/install/universal_teleop_msgs/share/universal_teleop_msgs/cmake/export_universal_teleop_msgs__rosidl_generator_pyExport.cmake
-- Up-to-date: /home/leon/robotica/scorbotLabo/teleop_packages/universal_teleop/install/universal_teleop_msgs/share/universal_teleop_msgs/cmake/export_universal_teleop_msgs__rosidl_generator_pyExport-noconfig.cmake
-- Up-to-date: /home/leon/robotica/scorbotLabo/teleop_packages/universal_teleop/install/universal_teleop_msgs/share/universal_teleop_msgs/cmake/rosidl_cmake-extras.cmake
-- Up-to-date: /home/leon/robotica/scorbotLabo/teleop_packages/universal_teleop/install/universal_teleop_msgs/share/universal_teleop_msgs/cmake/ament_cmake_export_dependencies-extras.cmake
-- Up-to-date: /home/leon/robotica/scorbotLabo/teleop_packages/universal_teleop/install/universal_teleop_msgs/share/universal_teleop_msgs/cmake/ament_cmake_export_include_directories-extras.cmake
-- Up-to-date: /home/leon/robotica/scorbotLabo/teleop_packages/universal_teleop/install/universal_teleop_msgs/share/universal_teleop_msgs/cmake/ament_cmake_export_libraries-extras.cmake
-- Up-to-date: /home/leon/robotica/scorbotLabo/teleop_packages/universal_teleop/install/universal_teleop_msgs/share/universal_teleop_msgs/cmake/ament_cmake_export_targets-extras.cmake
-- Up-to-date: /home/leon/robotica/scorbotLabo/teleop_packages/universal_teleop/install/universal_teleop_msgs/share/universal_teleop_msgs/cmake/rosidl_cmake_export_typesupport_targets-extras.cmake
-- Up-to-date: /home/leon/robotica/scorbotLabo/teleop_packages/universal_teleop/install/universal_teleop_msgs/share/universal_teleop_msgs/cmake/rosidl_cmake_export_typesupport_libraries-extras.cmake
-- Up-to-date: /home/leon/robotica/scorbotLabo/teleop_packages/universal_teleop/install/universal_teleop_msgs/share/universal_teleop_msgs/cmake/universal_teleop_msgsConfig.cmake
-- Up-to-date: /home/leon/robotica/scorbotLabo/teleop_packages/universal_teleop/install/universal_teleop_msgs/share/universal_teleop_msgs/cmake/universal_teleop_msgsConfig-version.cmake
-- Up-to-date: /home/leon/robotica/scorbotLabo/teleop_packages/universal_teleop/install/universal_teleop_msgs/share/universal_teleop_msgs/package.xml
