[0.019s] Invoking command in '/home/leon/robotica/scorbotLabo/teleop_packages/universal_teleop/build/universal_teleop': CMAKE_PREFIX_PATH=/home/leon/robotica/scorbotLabo/teleop_packages/universal_teleop/install/universal_teleop_msgs:/home/leon/robotica/scorbotLabo/teleop_packages/universal_teleop/install/universal_teleop:/home/leon/robotica/scorbotLabo/teleop_packages/ros_keyboard/install/keyboard:/home/leon/robotica/scorbotLabo/teleop_packages/ros_keyboard/install/keyboard_msgs:/opt/ros/humble /usr/bin/cmake --build /home/leon/robotica/scorbotLabo/teleop_packages/universal_teleop/build/universal_teleop -- -j4 -l4
[0.106s] [100%] Built target universal_teleop
[0.122s] Invoked command in '/home/leon/robotica/scorbotLabo/teleop_packages/universal_teleop/build/universal_teleop' returned '0': CMAKE_PREFIX_PATH=/home/leon/robotica/scorbotLabo/teleop_packages/universal_teleop/install/universal_teleop_msgs:/home/leon/robotica/scorbotLabo/teleop_packages/universal_teleop/install/universal_teleop:/home/leon/robotica/scorbotLabo/teleop_packages/ros_keyboard/install/keyboard:/home/leon/robotica/scorbotLabo/teleop_packages/ros_keyboard/install/keyboard_msgs:/opt/ros/humble /usr/bin/cmake --build /home/leon/robotica/scorbotLabo/teleop_packages/universal_teleop/build/universal_teleop -- -j4 -l4
[0.124s] Invoking command in '/home/leon/robotica/scorbotLabo/teleop_packages/universal_teleop/build/universal_teleop': CMAKE_PREFIX_PATH=/home/leon/robotica/scorbotLabo/teleop_packages/universal_teleop/install/universal_teleop_msgs:/home/leon/robotica/scorbotLabo/teleop_packages/universal_teleop/install/universal_teleop:/home/leon/robotica/scorbotLabo/teleop_packages/ros_keyboard/install/keyboard:/home/leon/robotica/scorbotLabo/teleop_packages/ros_keyboard/install/keyboard_msgs:/opt/ros/humble /usr/bin/cmake --install /home/leon/robotica/scorbotLabo/teleop_packages/universal_teleop/build/universal_teleop
[0.134s] -- Install configuration: ""
[0.135s] -- Up-to-date: /home/leon/robotica/scorbotLabo/teleop_packages/universal_teleop/install/universal_teleop/lib/universal_teleop/universal_teleop
[0.135s] -- Up-to-date: /home/leon/robotica/scorbotLabo/teleop_packages/universal_teleop/install/universal_teleop/share/ament_index/resource_index/package_run_dependencies/universal_teleop
[0.135s] -- Up-to-date: /home/leon/robotica/scorbotLabo/teleop_packages/universal_teleop/install/universal_teleop/share/ament_index/resource_index/parent_prefix_path/universal_teleop
[0.136s] -- Up-to-date: /home/leon/robotica/scorbotLabo/teleop_packages/universal_teleop/install/universal_teleop/share/universal_teleop/environment/ament_prefix_path.sh
[0.136s] -- Up-to-date: /home/leon/robotica/scorbotLabo/teleop_packages/universal_teleop/install/universal_teleop/share/universal_teleop/environment/ament_prefix_path.dsv
[0.136s] -- Up-to-date: /home/leon/robotica/scorbotLabo/teleop_packages/universal_teleop/install/universal_teleop/share/universal_teleop/environment/path.sh
[0.136s] -- Up-to-date: /home/leon/robotica/scorbotLabo/teleop_packages/universal_teleop/install/universal_teleop/share/universal_teleop/environment/path.dsv
[0.136s] -- Up-to-date: /home/leon/robotica/scorbotLabo/teleop_packages/universal_teleop/install/universal_teleop/share/universal_teleop/local_setup.bash
[0.137s] -- Up-to-date: /home/leon/robotica/scorbotLabo/teleop_packages/universal_teleop/install/universal_teleop/share/universal_teleop/local_setup.sh
[0.137s] -- Up-to-date: /home/leon/robotica/scorbotLabo/teleop_packages/universal_teleop/install/universal_teleop/share/universal_teleop/local_setup.zsh
[0.137s] -- Up-to-date: /home/leon/robotica/scorbotLabo/teleop_packages/universal_teleop/install/universal_teleop/share/universal_teleop/local_setup.dsv
[0.137s] -- Installing: /home/leon/robotica/scorbotLabo/teleop_packages/universal_teleop/install/universal_teleop/share/universal_teleop/package.dsv
[0.137s] -- Up-to-date: /home/leon/robotica/scorbotLabo/teleop_packages/universal_teleop/install/universal_teleop/share/ament_index/resource_index/packages/universal_teleop
[0.137s] -- Up-to-date: /home/leon/robotica/scorbotLabo/teleop_packages/universal_teleop/install/universal_teleop/share/universal_teleop/cmake/universal_teleopConfig.cmake
[0.137s] -- Up-to-date: /home/leon/robotica/scorbotLabo/teleop_packages/universal_teleop/install/universal_teleop/share/universal_teleop/cmake/universal_teleopConfig-version.cmake
[0.138s] -- Up-to-date: /home/leon/robotica/scorbotLabo/teleop_packages/universal_teleop/install/universal_teleop/share/universal_teleop/package.xml
[0.140s] Invoked command in '/home/leon/robotica/scorbotLabo/teleop_packages/universal_teleop/build/universal_teleop' returned '0': CMAKE_PREFIX_PATH=/home/leon/robotica/scorbotLabo/teleop_packages/universal_teleop/install/universal_teleop_msgs:/home/leon/robotica/scorbotLabo/teleop_packages/universal_teleop/install/universal_teleop:/home/leon/robotica/scorbotLabo/teleop_packages/ros_keyboard/install/keyboard:/home/leon/robotica/scorbotLabo/teleop_packages/ros_keyboard/install/keyboard_msgs:/opt/ros/humble /usr/bin/cmake --install /home/leon/robotica/scorbotLabo/teleop_packages/universal_teleop/build/universal_teleop
