[0.054s] Invoking command in '/home/leon/robotica/scorbotLabo/teleop_packages/universal_teleop/build/keyboard': CMAKE_PREFIX_PATH=/home/leon/robotica/scorbotLabo/teleop_packages/universal_teleop/install/keyboard_msgs:/home/leon/robotica/scorbotLabo/teleop_packages/universal_teleop/install/universal_teleop:/home/leon/robotica/scorbotLabo/teleop_packages/universal_teleop/install/universal_teleop_msgs:/home/leon/robotica/scorbotLabo/teleop_packages/universal_teleop/install/keyboard:/opt/ros/humble LD_LIBRARY_PATH=/home/leon/robotica/scorbotLabo/teleop_packages/universal_teleop/install/keyboard_msgs/lib:/home/leon/robotica/scorbotLabo/teleop_packages/universal_teleop/install/universal_teleop_msgs/lib:/opt/ros/humble/opt/rviz_ogre_vendor/lib:/opt/ros/humble/lib/x86_64-linux-gnu:/opt/ros/humble/lib /usr/bin/cmake --build /home/leon/robotica/scorbotLabo/teleop_packages/universal_teleop/build/keyboard -- -j4 -l4
[0.146s] [100%] Built target keyboard
[0.167s] Invoked command in '/home/leon/robotica/scorbotLabo/teleop_packages/universal_teleop/build/keyboard' returned '0': CMAKE_PREFIX_PATH=/home/leon/robotica/scorbotLabo/teleop_packages/universal_teleop/install/keyboard_msgs:/home/leon/robotica/scorbotLabo/teleop_packages/universal_teleop/install/universal_teleop:/home/leon/robotica/scorbotLabo/teleop_packages/universal_teleop/install/universal_teleop_msgs:/home/leon/robotica/scorbotLabo/teleop_packages/universal_teleop/install/keyboard:/opt/ros/humble LD_LIBRARY_PATH=/home/leon/robotica/scorbotLabo/teleop_packages/universal_teleop/install/keyboard_msgs/lib:/home/leon/robotica/scorbotLabo/teleop_packages/universal_teleop/install/universal_teleop_msgs/lib:/opt/ros/humble/opt/rviz_ogre_vendor/lib:/opt/ros/humble/lib/x86_64-linux-gnu:/opt/ros/humble/lib /usr/bin/cmake --build /home/leon/robotica/scorbotLabo/teleop_packages/universal_teleop/build/keyboard -- -j4 -l4
[0.170s] Invoking command in '/home/leon/robotica/scorbotLabo/teleop_packages/universal_teleop/build/keyboard': CMAKE_PREFIX_PATH=/home/leon/robotica/scorbotLabo/teleop_packages/universal_teleop/install/keyboard_msgs:/home/leon/robotica/scorbotLabo/teleop_packages/universal_teleop/install/universal_teleop:/home/leon/robotica/scorbotLabo/teleop_packages/universal_teleop/install/universal_teleop_msgs:/home/leon/robotica/scorbotLabo/teleop_packages/universal_teleop/install/keyboard:/opt/ros/humble LD_LIBRARY_PATH=/home/leon/robotica/scorbotLabo/teleop_packages/universal_teleop/install/keyboard_msgs/lib:/home/leon/robotica/scorbotLabo/teleop_packages/universal_teleop/install/universal_teleop_msgs/lib:/opt/ros/humble/opt/rviz_ogre_vendor/lib:/opt/ros/humble/lib/x86_64-linux-gnu:/opt/ros/humble/lib /usr/bin/cmake --install /home/leon/robotica/scorbotLabo/teleop_packages/universal_teleop/build/keyboard
[0.180s] -- Install configuration: ""
[0.180s] -- Up-to-date: /home/leon/robotica/scorbotLabo/teleop_packages/universal_teleop/install/keyboard/lib/keyboard/keyboard
[0.180s] -- Up-to-date: /home/leon/robotica/scorbotLabo/teleop_packages/universal_teleop/install/keyboard/share/ament_index/resource_index/package_run_dependencies/keyboard
[0.181s] -- Up-to-date: /home/leon/robotica/scorbotLabo/teleop_packages/universal_teleop/install/keyboard/share/ament_index/resource_index/parent_prefix_path/keyboard
[0.181s] -- Up-to-date: /home/leon/robotica/scorbotLabo/teleop_packages/universal_teleop/install/keyboard/share/keyboard/environment/ament_prefix_path.sh
[0.181s] -- Up-to-date: /home/leon/robotica/scorbotLabo/teleop_packages/universal_teleop/install/keyboard/share/keyboard/environment/ament_prefix_path.dsv
[0.181s] -- Up-to-date: /home/leon/robotica/scorbotLabo/teleop_packages/universal_teleop/install/keyboard/share/keyboard/environment/path.sh
[0.182s] -- Up-to-date: /home/leon/robotica/scorbotLabo/teleop_packages/universal_teleop/install/keyboard/share/keyboard/environment/path.dsv
[0.182s] -- Up-to-date: /home/leon/robotica/scorbotLabo/teleop_packages/universal_teleop/install/keyboard/share/keyboard/local_setup.bash
[0.182s] -- Up-to-date: /home/leon/robotica/scorbotLabo/teleop_packages/universal_teleop/install/keyboard/share/keyboard/local_setup.sh
[0.182s] -- Up-to-date: /home/leon/robotica/scorbotLabo/teleop_packages/universal_teleop/install/keyboard/share/keyboard/local_setup.zsh
[0.182s] -- Up-to-date: /home/leon/robotica/scorbotLabo/teleop_packages/universal_teleop/install/keyboard/share/keyboard/local_setup.dsv
[0.182s] -- Installing: /home/leon/robotica/scorbotLabo/teleop_packages/universal_teleop/install/keyboard/share/keyboard/package.dsv
[0.182s] -- Up-to-date: /home/leon/robotica/scorbotLabo/teleop_packages/universal_teleop/install/keyboard/share/ament_index/resource_index/packages/keyboard
[0.183s] -- Up-to-date: /home/leon/robotica/scorbotLabo/teleop_packages/universal_teleop/install/keyboard/share/keyboard/cmake/keyboardConfig.cmake
[0.183s] -- Up-to-date: /home/leon/robotica/scorbotLabo/teleop_packages/universal_teleop/install/keyboard/share/keyboard/cmake/keyboardConfig-version.cmake
[0.183s] -- Up-to-date: /home/leon/robotica/scorbotLabo/teleop_packages/universal_teleop/install/keyboard/share/keyboard/package.xml
[0.185s] Invoked command in '/home/leon/robotica/scorbotLabo/teleop_packages/universal_teleop/build/keyboard' returned '0': CMAKE_PREFIX_PATH=/home/leon/robotica/scorbotLabo/teleop_packages/universal_teleop/install/keyboard_msgs:/home/leon/robotica/scorbotLabo/teleop_packages/universal_teleop/install/universal_teleop:/home/leon/robotica/scorbotLabo/teleop_packages/universal_teleop/install/universal_teleop_msgs:/home/leon/robotica/scorbotLabo/teleop_packages/universal_teleop/install/keyboard:/opt/ros/humble LD_LIBRARY_PATH=/home/leon/robotica/scorbotLabo/teleop_packages/universal_teleop/install/keyboard_msgs/lib:/home/leon/robotica/scorbotLabo/teleop_packages/universal_teleop/install/universal_teleop_msgs/lib:/opt/ros/humble/opt/rviz_ogre_vendor/lib:/opt/ros/humble/lib/x86_64-linux-gnu:/opt/ros/humble/lib /usr/bin/cmake --install /home/leon/robotica/scorbotLabo/teleop_packages/universal_teleop/build/keyboard
