[0.018s] Invoking command in '/home/leon/robotica/scorbotLabo/teleop_packages/universal_teleop/build/universal_teleop_msgs': CMAKE_PREFIX_PATH=${CMAKE_PREFIX_PATH}:/opt/ros/humble /usr/bin/cmake --build /home/leon/robotica/scorbotLabo/teleop_packages/universal_teleop/build/universal_teleop_msgs -- -j4 -l4
[0.100s] [  2%] Built target universal_teleop_msgs__rs
[0.101s] [ 12%] Built target universal_teleop_msgs__rosidl_generator_c
[0.103s] [ 15%] Built target universal_teleop_msgs__cpp
[0.119s] [ 15%] Built target ament_cmake_python_copy_universal_teleop_msgs
[0.142s] [ 25%] Built target universal_teleop_msgs__rosidl_typesupport_introspection_c
[0.142s] [ 35%] Built target universal_teleop_msgs__rosidl_typesupport_fastrtps_c
[0.144s] [ 45%] Built target universal_teleop_msgs__rosidl_typesupport_c
[0.165s] [ 55%] Built target universal_teleop_msgs__rosidl_typesupport_introspection_cpp
[0.180s] [ 65%] Built target universal_teleop_msgs__rosidl_typesupport_cpp
[0.181s] [ 75%] Built target universal_teleop_msgs__rosidl_typesupport_fastrtps_cpp
[0.209s] [ 75%] Built target universal_teleop_msgs
[0.239s] [ 77%] Built target universal_teleop_msgs__py
[0.270s] [ 85%] Built target universal_teleop_msgs__rosidl_generator_py
[0.304s] [ 90%] Built target universal_teleop_msgs__rosidl_typesupport_fastrtps_c__pyext
[0.308s] [ 95%] Built target universal_teleop_msgs__rosidl_typesupport_introspection_c__pyext
[0.310s] [100%] Built target universal_teleop_msgs__rosidl_typesupport_c__pyext
[0.512s] running egg_info
[0.513s] writing universal_teleop_msgs.egg-info/PKG-INFO
[0.513s] writing dependency_links to universal_teleop_msgs.egg-info/dependency_links.txt
[0.514s] writing top-level names to universal_teleop_msgs.egg-info/top_level.txt
[0.517s] reading manifest file 'universal_teleop_msgs.egg-info/SOURCES.txt'
[0.518s] writing manifest file 'universal_teleop_msgs.egg-info/SOURCES.txt'
[0.570s] [100%] Built target ament_cmake_python_build_universal_teleop_msgs_egg
[0.589s] Invoked command in '/home/leon/robotica/scorbotLabo/teleop_packages/universal_teleop/build/universal_teleop_msgs' returned '0': CMAKE_PREFIX_PATH=${CMAKE_PREFIX_PATH}:/opt/ros/humble /usr/bin/cmake --build /home/leon/robotica/scorbotLabo/teleop_packages/universal_teleop/build/universal_teleop_msgs -- -j4 -l4
[0.603s] Invoking command in '/home/leon/robotica/scorbotLabo/teleop_packages/universal_teleop/build/universal_teleop_msgs': CMAKE_PREFIX_PATH=${CMAKE_PREFIX_PATH}:/opt/ros/humble /usr/bin/cmake --install /home/leon/robotica/scorbotLabo/teleop_packages/universal_teleop/build/universal_teleop_msgs
[0.614s] -- Install configuration: ""
[0.614s] -- Up-to-date: /home/leon/robotica/scorbotLabo/teleop_packages/universal_teleop/install/universal_teleop_msgs/share/ament_index/resource_index/rosidl_interfaces/universal_teleop_msgs
[0.615s] -- Up-to-date: /home/leon/robotica/scorbotLabo/teleop_packages/universal_teleop/install/universal_teleop_msgs/include/universal_teleop_msgs/universal_teleop_msgs
[0.615s] -- Up-to-date: /home/leon/robotica/scorbotLabo/teleop_packages/universal_teleop/install/universal_teleop_msgs/include/universal_teleop_msgs/universal_teleop_msgs/msg
[0.615s] -- Up-to-date: /home/leon/robotica/scorbotLabo/teleop_packages/universal_teleop/install/universal_teleop_msgs/include/universal_teleop_msgs/universal_teleop_msgs/msg/control.h
[0.615s] -- Up-to-date: /home/leon/robotica/scorbotLabo/teleop_packages/universal_teleop/install/universal_teleop_msgs/include/universal_teleop_msgs/universal_teleop_msgs/msg/detail
[0.615s] -- Up-to-date: /home/leon/robotica/scorbotLabo/teleop_packages/universal_teleop/install/universal_teleop_msgs/include/universal_teleop_msgs/universal_teleop_msgs/msg/detail/control__functions.h
[0.615s] -- Up-to-date: /home/leon/robotica/scorbotLabo/teleop_packages/universal_teleop/install/universal_teleop_msgs/include/universal_teleop_msgs/universal_teleop_msgs/msg/detail/control__type_support.h
[0.615s] -- Up-to-date: /home/leon/robotica/scorbotLabo/teleop_packages/universal_teleop/install/universal_teleop_msgs/include/universal_teleop_msgs/universal_teleop_msgs/msg/detail/event__functions.c
[0.616s] -- Up-to-date: /home/leon/robotica/scorbotLabo/teleop_packages/universal_teleop/install/universal_teleop_msgs/include/universal_teleop_msgs/universal_teleop_msgs/msg/detail/event__struct.h
[0.616s] -- Up-to-date: /home/leon/robotica/scorbotLabo/teleop_packages/universal_teleop/install/universal_teleop_msgs/include/universal_teleop_msgs/universal_teleop_msgs/msg/detail/control__functions.c
[0.616s] -- Up-to-date: /home/leon/robotica/scorbotLabo/teleop_packages/universal_teleop/install/universal_teleop_msgs/include/universal_teleop_msgs/universal_teleop_msgs/msg/detail/control__struct.h
[0.616s] -- Up-to-date: /home/leon/robotica/scorbotLabo/teleop_packages/universal_teleop/install/universal_teleop_msgs/include/universal_teleop_msgs/universal_teleop_msgs/msg/detail/event__type_support.h
[0.616s] -- Up-to-date: /home/leon/robotica/scorbotLabo/teleop_packages/universal_teleop/install/universal_teleop_msgs/include/universal_teleop_msgs/universal_teleop_msgs/msg/detail/event__functions.h
[0.617s] -- Up-to-date: /home/leon/robotica/scorbotLabo/teleop_packages/universal_teleop/install/universal_teleop_msgs/include/universal_teleop_msgs/universal_teleop_msgs/msg/event.h
[0.617s] -- Up-to-date: /home/leon/robotica/scorbotLabo/teleop_packages/universal_teleop/install/universal_teleop_msgs/include/universal_teleop_msgs/universal_teleop_msgs/msg/rosidl_generator_c__visibility_control.h
[0.617s] -- Up-to-date: /home/leon/robotica/scorbotLabo/teleop_packages/universal_teleop/install/universal_teleop_msgs/share/universal_teleop_msgs/environment/library_path.sh
[0.617s] -- Up-to-date: /home/leon/robotica/scorbotLabo/teleop_packages/universal_teleop/install/universal_teleop_msgs/share/universal_teleop_msgs/environment/library_path.dsv
[0.617s] -- Up-to-date: /home/leon/robotica/scorbotLabo/teleop_packages/universal_teleop/install/universal_teleop_msgs/lib/libuniversal_teleop_msgs__rosidl_generator_c.so
[0.617s] -- Up-to-date: /home/leon/robotica/scorbotLabo/teleop_packages/universal_teleop/install/universal_teleop_msgs/include/universal_teleop_msgs/universal_teleop_msgs
[0.617s] -- Up-to-date: /home/leon/robotica/scorbotLabo/teleop_packages/universal_teleop/install/universal_teleop_msgs/include/universal_teleop_msgs/universal_teleop_msgs/msg
[0.618s] -- Up-to-date: /home/leon/robotica/scorbotLabo/teleop_packages/universal_teleop/install/universal_teleop_msgs/include/universal_teleop_msgs/universal_teleop_msgs/msg/rosidl_typesupport_fastrtps_c__visibility_control.h
[0.618s] -- Up-to-date: /home/leon/robotica/scorbotLabo/teleop_packages/universal_teleop/install/universal_teleop_msgs/include/universal_teleop_msgs/universal_teleop_msgs/msg/detail
[0.618s] -- Up-to-date: /home/leon/robotica/scorbotLabo/teleop_packages/universal_teleop/install/universal_teleop_msgs/include/universal_teleop_msgs/universal_teleop_msgs/msg/detail/control__rosidl_typesupport_fastrtps_c.h
[0.618s] -- Up-to-date: /home/leon/robotica/scorbotLabo/teleop_packages/universal_teleop/install/universal_teleop_msgs/include/universal_teleop_msgs/universal_teleop_msgs/msg/detail/event__rosidl_typesupport_fastrtps_c.h
[0.618s] -- Up-to-date: /home/leon/robotica/scorbotLabo/teleop_packages/universal_teleop/install/universal_teleop_msgs/lib/libuniversal_teleop_msgs__rosidl_typesupport_fastrtps_c.so
[0.618s] -- Up-to-date: /home/leon/robotica/scorbotLabo/teleop_packages/universal_teleop/install/universal_teleop_msgs/include/universal_teleop_msgs/universal_teleop_msgs
[0.618s] -- Up-to-date: /home/leon/robotica/scorbotLabo/teleop_packages/universal_teleop/install/universal_teleop_msgs/include/universal_teleop_msgs/universal_teleop_msgs/msg
[0.618s] -- Up-to-date: /home/leon/robotica/scorbotLabo/teleop_packages/universal_teleop/install/universal_teleop_msgs/include/universal_teleop_msgs/universal_teleop_msgs/msg/control.hpp
[0.619s] -- Up-to-date: /home/leon/robotica/scorbotLabo/teleop_packages/universal_teleop/install/universal_teleop_msgs/include/universal_teleop_msgs/universal_teleop_msgs/msg/rosidl_generator_cpp__visibility_control.hpp
[0.619s] -- Up-to-date: /home/leon/robotica/scorbotLabo/teleop_packages/universal_teleop/install/universal_teleop_msgs/include/universal_teleop_msgs/universal_teleop_msgs/msg/detail
[0.619s] -- Up-to-date: /home/leon/robotica/scorbotLabo/teleop_packages/universal_teleop/install/universal_teleop_msgs/include/universal_teleop_msgs/universal_teleop_msgs/msg/detail/control__traits.hpp
[0.619s] -- Up-to-date: /home/leon/robotica/scorbotLabo/teleop_packages/universal_teleop/install/universal_teleop_msgs/include/universal_teleop_msgs/universal_teleop_msgs/msg/detail/event__traits.hpp
[0.619s] -- Up-to-date: /home/leon/robotica/scorbotLabo/teleop_packages/universal_teleop/install/universal_teleop_msgs/include/universal_teleop_msgs/universal_teleop_msgs/msg/detail/event__type_support.hpp
[0.619s] -- Up-to-date: /home/leon/robotica/scorbotLabo/teleop_packages/universal_teleop/install/universal_teleop_msgs/include/universal_teleop_msgs/universal_teleop_msgs/msg/detail/control__type_support.hpp
[0.619s] -- Up-to-date: /home/leon/robotica/scorbotLabo/teleop_packages/universal_teleop/install/universal_teleop_msgs/include/universal_teleop_msgs/universal_teleop_msgs/msg/detail/control__builder.hpp
[0.619s] -- Up-to-date: /home/leon/robotica/scorbotLabo/teleop_packages/universal_teleop/install/universal_teleop_msgs/include/universal_teleop_msgs/universal_teleop_msgs/msg/detail/control__struct.hpp
[0.620s] -- Up-to-date: /home/leon/robotica/scorbotLabo/teleop_packages/universal_teleop/install/universal_teleop_msgs/include/universal_teleop_msgs/universal_teleop_msgs/msg/detail/event__builder.hpp
[0.620s] -- Up-to-date: /home/leon/robotica/scorbotLabo/teleop_packages/universal_teleop/install/universal_teleop_msgs/include/universal_teleop_msgs/universal_teleop_msgs/msg/detail/event__struct.hpp
[0.620s] -- Up-to-date: /home/leon/robotica/scorbotLabo/teleop_packages/universal_teleop/install/universal_teleop_msgs/include/universal_teleop_msgs/universal_teleop_msgs/msg/event.hpp
[0.620s] -- Up-to-date: /home/leon/robotica/scorbotLabo/teleop_packages/universal_teleop/install/universal_teleop_msgs/include/universal_teleop_msgs/universal_teleop_msgs
[0.620s] -- Up-to-date: /home/leon/robotica/scorbotLabo/teleop_packages/universal_teleop/install/universal_teleop_msgs/include/universal_teleop_msgs/universal_teleop_msgs/msg
[0.620s] -- Up-to-date: /home/leon/robotica/scorbotLabo/teleop_packages/universal_teleop/install/universal_teleop_msgs/include/universal_teleop_msgs/universal_teleop_msgs/msg/rosidl_typesupport_fastrtps_cpp__visibility_control.h
[0.621s] -- Up-to-date: /home/leon/robotica/scorbotLabo/teleop_packages/universal_teleop/install/universal_teleop_msgs/include/universal_teleop_msgs/universal_teleop_msgs/msg/detail
[0.621s] -- Up-to-date: /home/leon/robotica/scorbotLabo/teleop_packages/universal_teleop/install/universal_teleop_msgs/include/universal_teleop_msgs/universal_teleop_msgs/msg/detail/event__rosidl_typesupport_fastrtps_cpp.hpp
[0.621s] -- Up-to-date: /home/leon/robotica/scorbotLabo/teleop_packages/universal_teleop/install/universal_teleop_msgs/include/universal_teleop_msgs/universal_teleop_msgs/msg/detail/control__rosidl_typesupport_fastrtps_cpp.hpp
[0.621s] -- Up-to-date: /home/leon/robotica/scorbotLabo/teleop_packages/universal_teleop/install/universal_teleop_msgs/include/universal_teleop_msgs/universal_teleop_msgs/msg/detail/dds_fastrtps
[0.621s] -- Up-to-date: /home/leon/robotica/scorbotLabo/teleop_packages/universal_teleop/install/universal_teleop_msgs/lib/libuniversal_teleop_msgs__rosidl_typesupport_fastrtps_cpp.so
[0.621s] -- Up-to-date: /home/leon/robotica/scorbotLabo/teleop_packages/universal_teleop/install/universal_teleop_msgs/include/universal_teleop_msgs/universal_teleop_msgs
[0.621s] -- Up-to-date: /home/leon/robotica/scorbotLabo/teleop_packages/universal_teleop/install/universal_teleop_msgs/include/universal_teleop_msgs/universal_teleop_msgs/msg
[0.621s] -- Up-to-date: /home/leon/robotica/scorbotLabo/teleop_packages/universal_teleop/install/universal_teleop_msgs/include/universal_teleop_msgs/universal_teleop_msgs/msg/rosidl_typesupport_introspection_c__visibility_control.h
[0.622s] -- Up-to-date: /home/leon/robotica/scorbotLabo/teleop_packages/universal_teleop/install/universal_teleop_msgs/include/universal_teleop_msgs/universal_teleop_msgs/msg/detail
[0.622s] -- Up-to-date: /home/leon/robotica/scorbotLabo/teleop_packages/universal_teleop/install/universal_teleop_msgs/include/universal_teleop_msgs/universal_teleop_msgs/msg/detail/event__type_support.c
[0.622s] -- Up-to-date: /home/leon/robotica/scorbotLabo/teleop_packages/universal_teleop/install/universal_teleop_msgs/include/universal_teleop_msgs/universal_teleop_msgs/msg/detail/event__rosidl_typesupport_introspection_c.h
[0.622s] -- Up-to-date: /home/leon/robotica/scorbotLabo/teleop_packages/universal_teleop/install/universal_teleop_msgs/include/universal_teleop_msgs/universal_teleop_msgs/msg/detail/control__type_support.c
[0.622s] -- Up-to-date: /home/leon/robotica/scorbotLabo/teleop_packages/universal_teleop/install/universal_teleop_msgs/include/universal_teleop_msgs/universal_teleop_msgs/msg/detail/control__rosidl_typesupport_introspection_c.h
[0.622s] -- Up-to-date: /home/leon/robotica/scorbotLabo/teleop_packages/universal_teleop/install/universal_teleop_msgs/lib/libuniversal_teleop_msgs__rosidl_typesupport_introspection_c.so
[0.622s] -- Up-to-date: /home/leon/robotica/scorbotLabo/teleop_packages/universal_teleop/install/universal_teleop_msgs/lib/libuniversal_teleop_msgs__rosidl_typesupport_c.so
[0.622s] -- Up-to-date: /home/leon/robotica/scorbotLabo/teleop_packages/universal_teleop/install/universal_teleop_msgs/include/universal_teleop_msgs/universal_teleop_msgs
[0.623s] -- Up-to-date: /home/leon/robotica/scorbotLabo/teleop_packages/universal_teleop/install/universal_teleop_msgs/include/universal_teleop_msgs/universal_teleop_msgs/msg
[0.623s] -- Up-to-date: /home/leon/robotica/scorbotLabo/teleop_packages/universal_teleop/install/universal_teleop_msgs/include/universal_teleop_msgs/universal_teleop_msgs/msg/detail
[0.623s] -- Up-to-date: /home/leon/robotica/scorbotLabo/teleop_packages/universal_teleop/install/universal_teleop_msgs/include/universal_teleop_msgs/universal_teleop_msgs/msg/detail/event__type_support.cpp
[0.623s] -- Up-to-date: /home/leon/robotica/scorbotLabo/teleop_packages/universal_teleop/install/universal_teleop_msgs/include/universal_teleop_msgs/universal_teleop_msgs/msg/detail/control__rosidl_typesupport_introspection_cpp.hpp
[0.623s] -- Up-to-date: /home/leon/robotica/scorbotLabo/teleop_packages/universal_teleop/install/universal_teleop_msgs/include/universal_teleop_msgs/universal_teleop_msgs/msg/detail/event__rosidl_typesupport_introspection_cpp.hpp
[0.623s] -- Up-to-date: /home/leon/robotica/scorbotLabo/teleop_packages/universal_teleop/install/universal_teleop_msgs/include/universal_teleop_msgs/universal_teleop_msgs/msg/detail/control__type_support.cpp
[0.624s] -- Up-to-date: /home/leon/robotica/scorbotLabo/teleop_packages/universal_teleop/install/universal_teleop_msgs/lib/libuniversal_teleop_msgs__rosidl_typesupport_introspection_cpp.so
[0.624s] -- Up-to-date: /home/leon/robotica/scorbotLabo/teleop_packages/universal_teleop/install/universal_teleop_msgs/lib/libuniversal_teleop_msgs__rosidl_typesupport_cpp.so
[0.624s] -- Up-to-date: /home/leon/robotica/scorbotLabo/teleop_packages/universal_teleop/install/universal_teleop_msgs/share/universal_teleop_msgs/environment/pythonpath.sh
[0.624s] -- Up-to-date: /home/leon/robotica/scorbotLabo/teleop_packages/universal_teleop/install/universal_teleop_msgs/share/universal_teleop_msgs/environment/pythonpath.dsv
[0.624s] -- Up-to-date: /home/leon/robotica/scorbotLabo/teleop_packages/universal_teleop/install/universal_teleop_msgs/local/lib/python3.10/dist-packages/universal_teleop_msgs-2.0.0-py3.10.egg-info
[0.624s] -- Installing: /home/leon/robotica/scorbotLabo/teleop_packages/universal_teleop/install/universal_teleop_msgs/local/lib/python3.10/dist-packages/universal_teleop_msgs-2.0.0-py3.10.egg-info/dependency_links.txt
[0.625s] -- Installing: /home/leon/robotica/scorbotLabo/teleop_packages/universal_teleop/install/universal_teleop_msgs/local/lib/python3.10/dist-packages/universal_teleop_msgs-2.0.0-py3.10.egg-info/top_level.txt
[0.625s] -- Installing: /home/leon/robotica/scorbotLabo/teleop_packages/universal_teleop/install/universal_teleop_msgs/local/lib/python3.10/dist-packages/universal_teleop_msgs-2.0.0-py3.10.egg-info/PKG-INFO
[0.625s] -- Installing: /home/leon/robotica/scorbotLabo/teleop_packages/universal_teleop/install/universal_teleop_msgs/local/lib/python3.10/dist-packages/universal_teleop_msgs-2.0.0-py3.10.egg-info/SOURCES.txt
[0.625s] -- Up-to-date: /home/leon/robotica/scorbotLabo/teleop_packages/universal_teleop/install/universal_teleop_msgs/local/lib/python3.10/dist-packages/universal_teleop_msgs
[0.625s] -- Up-to-date: /home/leon/robotica/scorbotLabo/teleop_packages/universal_teleop/install/universal_teleop_msgs/local/lib/python3.10/dist-packages/universal_teleop_msgs/universal_teleop_msgs_s__rosidl_typesupport_introspection_c.cpython-310-x86_64-linux-gnu.so
[0.625s] -- Up-to-date: /home/leon/robotica/scorbotLabo/teleop_packages/universal_teleop/install/universal_teleop_msgs/local/lib/python3.10/dist-packages/universal_teleop_msgs/libuniversal_teleop_msgs__rosidl_generator_py.so
[0.625s] -- Up-to-date: /home/leon/robotica/scorbotLabo/teleop_packages/universal_teleop/install/universal_teleop_msgs/local/lib/python3.10/dist-packages/universal_teleop_msgs/_universal_teleop_msgs_s.ep.rosidl_typesupport_c.c
[0.626s] -- Up-to-date: /home/leon/robotica/scorbotLabo/teleop_packages/universal_teleop/install/universal_teleop_msgs/local/lib/python3.10/dist-packages/universal_teleop_msgs/_universal_teleop_msgs_s.ep.rosidl_typesupport_introspection_c.c
[0.626s] -- Up-to-date: /home/leon/robotica/scorbotLabo/teleop_packages/universal_teleop/install/universal_teleop_msgs/local/lib/python3.10/dist-packages/universal_teleop_msgs/_universal_teleop_msgs_s.ep.rosidl_typesupport_fastrtps_c.c
[0.626s] -- Up-to-date: /home/leon/robotica/scorbotLabo/teleop_packages/universal_teleop/install/universal_teleop_msgs/local/lib/python3.10/dist-packages/universal_teleop_msgs/__init__.py
[0.626s] -- Up-to-date: /home/leon/robotica/scorbotLabo/teleop_packages/universal_teleop/install/universal_teleop_msgs/local/lib/python3.10/dist-packages/universal_teleop_msgs/universal_teleop_msgs_s__rosidl_typesupport_fastrtps_c.cpython-310-x86_64-linux-gnu.so
[0.626s] -- Up-to-date: /home/leon/robotica/scorbotLabo/teleop_packages/universal_teleop/install/universal_teleop_msgs/local/lib/python3.10/dist-packages/universal_teleop_msgs/universal_teleop_msgs_s__rosidl_typesupport_c.cpython-310-x86_64-linux-gnu.so
[0.626s] -- Up-to-date: /home/leon/robotica/scorbotLabo/teleop_packages/universal_teleop/install/universal_teleop_msgs/local/lib/python3.10/dist-packages/universal_teleop_msgs/msg
[0.627s] -- Up-to-date: /home/leon/robotica/scorbotLabo/teleop_packages/universal_teleop/install/universal_teleop_msgs/local/lib/python3.10/dist-packages/universal_teleop_msgs/msg/_event.py
[0.627s] -- Up-to-date: /home/leon/robotica/scorbotLabo/teleop_packages/universal_teleop/install/universal_teleop_msgs/local/lib/python3.10/dist-packages/universal_teleop_msgs/msg/_control.py
[0.628s] -- Up-to-date: /home/leon/robotica/scorbotLabo/teleop_packages/universal_teleop/install/universal_teleop_msgs/local/lib/python3.10/dist-packages/universal_teleop_msgs/msg/_event_s.c
[0.628s] -- Up-to-date: /home/leon/robotica/scorbotLabo/teleop_packages/universal_teleop/install/universal_teleop_msgs/local/lib/python3.10/dist-packages/universal_teleop_msgs/msg/__init__.py
[0.628s] -- Up-to-date: /home/leon/robotica/scorbotLabo/teleop_packages/universal_teleop/install/universal_teleop_msgs/local/lib/python3.10/dist-packages/universal_teleop_msgs/msg/_control_s.c
[0.670s] Listing '/home/leon/robotica/scorbotLabo/teleop_packages/universal_teleop/install/universal_teleop_msgs/local/lib/python3.10/dist-packages/universal_teleop_msgs'...
[0.670s] Listing '/home/leon/robotica/scorbotLabo/teleop_packages/universal_teleop/install/universal_teleop_msgs/local/lib/python3.10/dist-packages/universal_teleop_msgs/msg'...
[0.679s] -- Up-to-date: /home/leon/robotica/scorbotLabo/teleop_packages/universal_teleop/install/universal_teleop_msgs/local/lib/python3.10/dist-packages/universal_teleop_msgs/universal_teleop_msgs_s__rosidl_typesupport_fastrtps_c.cpython-310-x86_64-linux-gnu.so
[0.679s] -- Up-to-date: /home/leon/robotica/scorbotLabo/teleop_packages/universal_teleop/install/universal_teleop_msgs/local/lib/python3.10/dist-packages/universal_teleop_msgs/universal_teleop_msgs_s__rosidl_typesupport_introspection_c.cpython-310-x86_64-linux-gnu.so
[0.679s] -- Up-to-date: /home/leon/robotica/scorbotLabo/teleop_packages/universal_teleop/install/universal_teleop_msgs/local/lib/python3.10/dist-packages/universal_teleop_msgs/universal_teleop_msgs_s__rosidl_typesupport_c.cpython-310-x86_64-linux-gnu.so
[0.680s] -- Up-to-date: /home/leon/robotica/scorbotLabo/teleop_packages/universal_teleop/install/universal_teleop_msgs/lib/libuniversal_teleop_msgs__rosidl_generator_py.so
[0.680s] -- Up-to-date: /home/leon/robotica/scorbotLabo/teleop_packages/universal_teleop/install/universal_teleop_msgs/share/ament_index/resource_index/rust_packages/universal_teleop_msgs
[0.680s] -- Up-to-date: /home/leon/robotica/scorbotLabo/teleop_packages/universal_teleop/install/universal_teleop_msgs/share/universal_teleop_msgs/rust
[0.681s] -- Up-to-date: /home/leon/robotica/scorbotLabo/teleop_packages/universal_teleop/install/universal_teleop_msgs/share/universal_teleop_msgs/rust/Cargo.toml
[0.681s] -- Up-to-date: /home/leon/robotica/scorbotLabo/teleop_packages/universal_teleop/install/universal_teleop_msgs/share/universal_teleop_msgs/rust/src
[0.681s] -- Up-to-date: /home/leon/robotica/scorbotLabo/teleop_packages/universal_teleop/install/universal_teleop_msgs/share/universal_teleop_msgs/rust/src/lib.rs
[0.681s] -- Up-to-date: /home/leon/robotica/scorbotLabo/teleop_packages/universal_teleop/install/universal_teleop_msgs/share/universal_teleop_msgs/rust/src/msg
[0.681s] -- Up-to-date: /home/leon/robotica/scorbotLabo/teleop_packages/universal_teleop/install/universal_teleop_msgs/share/universal_teleop_msgs/rust/src/msg/rmw.rs
[0.681s] -- Up-to-date: /home/leon/robotica/scorbotLabo/teleop_packages/universal_teleop/install/universal_teleop_msgs/share/universal_teleop_msgs/rust/src/msg.rs
[0.681s] -- Up-to-date: /home/leon/robotica/scorbotLabo/teleop_packages/universal_teleop/install/universal_teleop_msgs/share/universal_teleop_msgs/rust/build.rs
[0.682s] -- Up-to-date: /home/leon/robotica/scorbotLabo/teleop_packages/universal_teleop/install/universal_teleop_msgs/share/universal_teleop_msgs/msg/Control.idl
[0.682s] -- Up-to-date: /home/leon/robotica/scorbotLabo/teleop_packages/universal_teleop/install/universal_teleop_msgs/share/universal_teleop_msgs/msg/Event.idl
[0.683s] -- Up-to-date: /home/leon/robotica/scorbotLabo/teleop_packages/universal_teleop/install/universal_teleop_msgs/share/universal_teleop_msgs/msg/Control.msg
[0.683s] -- Up-to-date: /home/leon/robotica/scorbotLabo/teleop_packages/universal_teleop/install/universal_teleop_msgs/share/universal_teleop_msgs/msg/Event.msg
[0.683s] -- Up-to-date: /home/leon/robotica/scorbotLabo/teleop_packages/universal_teleop/install/universal_teleop_msgs/share/ament_index/resource_index/package_run_dependencies/universal_teleop_msgs
[0.683s] -- Up-to-date: /home/leon/robotica/scorbotLabo/teleop_packages/universal_teleop/install/universal_teleop_msgs/share/ament_index/resource_index/parent_prefix_path/universal_teleop_msgs
[0.684s] -- Up-to-date: /home/leon/robotica/scorbotLabo/teleop_packages/universal_teleop/install/universal_teleop_msgs/share/universal_teleop_msgs/environment/ament_prefix_path.sh
[0.684s] -- Up-to-date: /home/leon/robotica/scorbotLabo/teleop_packages/universal_teleop/install/universal_teleop_msgs/share/universal_teleop_msgs/environment/ament_prefix_path.dsv
[0.684s] -- Up-to-date: /home/leon/robotica/scorbotLabo/teleop_packages/universal_teleop/install/universal_teleop_msgs/share/universal_teleop_msgs/environment/path.sh
[0.684s] -- Up-to-date: /home/leon/robotica/scorbotLabo/teleop_packages/universal_teleop/install/universal_teleop_msgs/share/universal_teleop_msgs/environment/path.dsv
[0.684s] -- Up-to-date: /home/leon/robotica/scorbotLabo/teleop_packages/universal_teleop/install/universal_teleop_msgs/share/universal_teleop_msgs/local_setup.bash
[0.684s] -- Up-to-date: /home/leon/robotica/scorbotLabo/teleop_packages/universal_teleop/install/universal_teleop_msgs/share/universal_teleop_msgs/local_setup.sh
[0.684s] -- Up-to-date: /home/leon/robotica/scorbotLabo/teleop_packages/universal_teleop/install/universal_teleop_msgs/share/universal_teleop_msgs/local_setup.zsh
[0.684s] -- Up-to-date: /home/leon/robotica/scorbotLabo/teleop_packages/universal_teleop/install/universal_teleop_msgs/share/universal_teleop_msgs/local_setup.dsv
[0.685s] -- Installing: /home/leon/robotica/scorbotLabo/teleop_packages/universal_teleop/install/universal_teleop_msgs/share/universal_teleop_msgs/package.dsv
[0.685s] -- Up-to-date: /home/leon/robotica/scorbotLabo/teleop_packages/universal_teleop/install/universal_teleop_msgs/share/ament_index/resource_index/packages/universal_teleop_msgs
[0.685s] -- Up-to-date: /home/leon/robotica/scorbotLabo/teleop_packages/universal_teleop/install/universal_teleop_msgs/share/universal_teleop_msgs/cmake/export_universal_teleop_msgs__rosidl_generator_cExport.cmake
[0.685s] -- Up-to-date: /home/leon/robotica/scorbotLabo/teleop_packages/universal_teleop/install/universal_teleop_msgs/share/universal_teleop_msgs/cmake/export_universal_teleop_msgs__rosidl_generator_cExport-noconfig.cmake
[0.685s] -- Up-to-date: /home/leon/robotica/scorbotLabo/teleop_packages/universal_teleop/install/universal_teleop_msgs/share/universal_teleop_msgs/cmake/export_universal_teleop_msgs__rosidl_typesupport_fastrtps_cExport.cmake
[0.685s] -- Up-to-date: /home/leon/robotica/scorbotLabo/teleop_packages/universal_teleop/install/universal_teleop_msgs/share/universal_teleop_msgs/cmake/export_universal_teleop_msgs__rosidl_typesupport_fastrtps_cExport-noconfig.cmake
[0.685s] -- Up-to-date: /home/leon/robotica/scorbotLabo/teleop_packages/universal_teleop/install/universal_teleop_msgs/share/universal_teleop_msgs/cmake/export_universal_teleop_msgs__rosidl_generator_cppExport.cmake
[0.685s] -- Up-to-date: /home/leon/robotica/scorbotLabo/teleop_packages/universal_teleop/install/universal_teleop_msgs/share/universal_teleop_msgs/cmake/export_universal_teleop_msgs__rosidl_typesupport_fastrtps_cppExport.cmake
[0.686s] -- Up-to-date: /home/leon/robotica/scorbotLabo/teleop_packages/universal_teleop/install/universal_teleop_msgs/share/universal_teleop_msgs/cmake/export_universal_teleop_msgs__rosidl_typesupport_fastrtps_cppExport-noconfig.cmake
[0.686s] -- Up-to-date: /home/leon/robotica/scorbotLabo/teleop_packages/universal_teleop/install/universal_teleop_msgs/share/universal_teleop_msgs/cmake/universal_teleop_msgs__rosidl_typesupport_introspection_cExport.cmake
[0.686s] -- Up-to-date: /home/leon/robotica/scorbotLabo/teleop_packages/universal_teleop/install/universal_teleop_msgs/share/universal_teleop_msgs/cmake/universal_teleop_msgs__rosidl_typesupport_introspection_cExport-noconfig.cmake
[0.686s] -- Up-to-date: /home/leon/robotica/scorbotLabo/teleop_packages/universal_teleop/install/universal_teleop_msgs/share/universal_teleop_msgs/cmake/universal_teleop_msgs__rosidl_typesupport_cExport.cmake
[0.686s] -- Up-to-date: /home/leon/robotica/scorbotLabo/teleop_packages/universal_teleop/install/universal_teleop_msgs/share/universal_teleop_msgs/cmake/universal_teleop_msgs__rosidl_typesupport_cExport-noconfig.cmake
[0.687s] -- Up-to-date: /home/leon/robotica/scorbotLabo/teleop_packages/universal_teleop/install/universal_teleop_msgs/share/universal_teleop_msgs/cmake/universal_teleop_msgs__rosidl_typesupport_introspection_cppExport.cmake
[0.687s] -- Up-to-date: /home/leon/robotica/scorbotLabo/teleop_packages/universal_teleop/install/universal_teleop_msgs/share/universal_teleop_msgs/cmake/universal_teleop_msgs__rosidl_typesupport_introspection_cppExport-noconfig.cmake
[0.687s] -- Up-to-date: /home/leon/robotica/scorbotLabo/teleop_packages/universal_teleop/install/universal_teleop_msgs/share/universal_teleop_msgs/cmake/universal_teleop_msgs__rosidl_typesupport_cppExport.cmake
[0.688s] -- Up-to-date: /home/leon/robotica/scorbotLabo/teleop_packages/universal_teleop/install/universal_teleop_msgs/share/universal_teleop_msgs/cmake/universal_teleop_msgs__rosidl_typesupport_cppExport-noconfig.cmake
[0.689s] -- Up-to-date: /home/leon/robotica/scorbotLabo/teleop_packages/universal_teleop/install/universal_teleop_msgs/share/universal_teleop_msgs/cmake/export_universal_teleop_msgs__rosidl_generator_pyExport.cmake
[0.689s] -- Up-to-date: /home/leon/robotica/scorbotLabo/teleop_packages/universal_teleop/install/universal_teleop_msgs/share/universal_teleop_msgs/cmake/export_universal_teleop_msgs__rosidl_generator_pyExport-noconfig.cmake
[0.689s] -- Up-to-date: /home/leon/robotica/scorbotLabo/teleop_packages/universal_teleop/install/universal_teleop_msgs/share/universal_teleop_msgs/cmake/rosidl_cmake-extras.cmake
[0.689s] -- Up-to-date: /home/leon/robotica/scorbotLabo/teleop_packages/universal_teleop/install/universal_teleop_msgs/share/universal_teleop_msgs/cmake/ament_cmake_export_dependencies-extras.cmake
[0.689s] -- Up-to-date: /home/leon/robotica/scorbotLabo/teleop_packages/universal_teleop/install/universal_teleop_msgs/share/universal_teleop_msgs/cmake/ament_cmake_export_include_directories-extras.cmake
[0.689s] -- Up-to-date: /home/leon/robotica/scorbotLabo/teleop_packages/universal_teleop/install/universal_teleop_msgs/share/universal_teleop_msgs/cmake/ament_cmake_export_libraries-extras.cmake
[0.690s] -- Up-to-date: /home/leon/robotica/scorbotLabo/teleop_packages/universal_teleop/install/universal_teleop_msgs/share/universal_teleop_msgs/cmake/ament_cmake_export_targets-extras.cmake
[0.690s] -- Up-to-date: /home/leon/robotica/scorbotLabo/teleop_packages/universal_teleop/install/universal_teleop_msgs/share/universal_teleop_msgs/cmake/rosidl_cmake_export_typesupport_targets-extras.cmake
[0.690s] -- Up-to-date: /home/leon/robotica/scorbotLabo/teleop_packages/universal_teleop/install/universal_teleop_msgs/share/universal_teleop_msgs/cmake/rosidl_cmake_export_typesupport_libraries-extras.cmake
[0.690s] -- Up-to-date: /home/leon/robotica/scorbotLabo/teleop_packages/universal_teleop/install/universal_teleop_msgs/share/universal_teleop_msgs/cmake/universal_teleop_msgsConfig.cmake
[0.690s] -- Up-to-date: /home/leon/robotica/scorbotLabo/teleop_packages/universal_teleop/install/universal_teleop_msgs/share/universal_teleop_msgs/cmake/universal_teleop_msgsConfig-version.cmake
[0.691s] -- Up-to-date: /home/leon/robotica/scorbotLabo/teleop_packages/universal_teleop/install/universal_teleop_msgs/share/universal_teleop_msgs/package.xml
[0.691s] Invoked command in '/home/leon/robotica/scorbotLabo/teleop_packages/universal_teleop/build/universal_teleop_msgs' returned '0': CMAKE_PREFIX_PATH=${CMAKE_PREFIX_PATH}:/opt/ros/humble /usr/bin/cmake --install /home/leon/robotica/scorbotLabo/teleop_packages/universal_teleop/build/universal_teleop_msgs
