-- The C compiler identification is GNU 11.4.0
-- The CXX compiler identification is GNU 11.4.0
-- Detecting C compiler ABI info
-- Detecting C compiler ABI info - done
-- Check for working C compiler: /usr/bin/cc - skipped
-- Detecting C compile features
-- Detecting C compile features - done
-- Detecting CXX compiler ABI info
-- Detecting CXX compiler ABI info - done
-- Check for working CXX compiler: /usr/bin/c++ - skipped
-- Detecting CXX compile features
-- Detecting CXX compile features - done
-- Found rosidl_default_generators: 1.2.1 (/opt/ros/humble/share/rosidl_default_generators/cmake)
-- Found ament_cmake_core: 1.3.14 (/opt/ros/humble/share/ament_cmake_core/cmake)
-- Found Python3: /usr/bin/python3 (found version "3.10.12") found components: Interpreter 
-- Using all available rosidl_typesupport_c: rosidl_typesupport_fastrtps_c;rosidl_typesupport_introspection_c
-- Found rosidl_adapter: 3.1.8 (/opt/ros/humble/share/rosidl_adapter/cmake)
-- Using all available rosidl_typesupport_cpp: rosidl_typesupport_fastrtps_cpp;rosidl_typesupport_introspection_cpp
-- Found rclcpp: 16.0.19 (/opt/ros/humble/share/rclcpp/cmake)
-- Found rmw_implementation_cmake: 6.1.2 (/opt/ros/humble/share/rmw_implementation_cmake/cmake)
-- Found rmw_fastrtps_cpp: 6.2.10 (/opt/ros/humble/share/rmw_fastrtps_cpp/cmake)
-- Found OpenSSL: /usr/lib/x86_64-linux-gnu/libcrypto.so (found version "3.0.2")  
-- Found FastRTPS: /opt/ros/humble/include  
-- Using RMW implementation 'rmw_fastrtps_cpp' as default
-- Looking for pthread.h
-- Looking for pthread.h - found
-- Performing Test CMAKE_HAVE_LIBC_PTHREAD
-- Performing Test CMAKE_HAVE_LIBC_PTHREAD - Success
-- Found Threads: TRUE  
-- Found sdl2_vendor: 3.3.0 (/opt/ros/humble/share/sdl2_vendor/cmake)
-- Found keyboard_msgs: 0.0.0 (/home/leon/robotica/scorbotLabo/teleop_packages/ros_keyboard/install/keyboard_msgs/share/keyboard_msgs/cmake)
-- Configuring done
-- Generating done
-- Build files have been written to: /home/leon/robotica/scorbotLabo/teleop_packages/ros_keyboard/build/keyboard
[ 66%] [32mBuilding CXX object CMakeFiles/keyboard.dir/src/keyboard.cpp.o[0m
[ 66%] [32mBuilding CXX object CMakeFiles/keyboard.dir/src/main.cpp.o[0m
In file included from [01m[K/home/leon/robotica/scorbotLabo/teleop_packages/ros_keyboard/src/ros-keyboard/src/keyboard.cpp:1[m[K:
[01m[K/home/leon/robotica/scorbotLabo/teleop_packages/ros_keyboard/src/ros-keyboard/src/keyboard.h:4:10:[m[K [01;31m[Kfatal error: [m[Kkeyboard_msgs/msg/Key.hpp: No such file or directory
    4 | #include [01;31m[K"keyboard_msgs/msg/Key.hpp"[m[K
      |          [01;31m[K^~~~~~~~~~~~~~~~~~~~~~~~~~~[m[K
compilation terminated.
gmake[2]: *** [CMakeFiles/keyboard.dir/build.make:90: CMakeFiles/keyboard.dir/src/keyboard.cpp.o] Error 1
gmake[2]: *** Waiting for unfinished jobs....
In file included from [01m[K/home/leon/robotica/scorbotLabo/teleop_packages/ros_keyboard/src/ros-keyboard/src/main.cpp:3[m[K:
[01m[K/home/leon/robotica/scorbotLabo/teleop_packages/ros_keyboard/src/ros-keyboard/src/keyboard.h:4:10:[m[K [01;31m[Kfatal error: [m[Kkeyboard_msgs/msg/Key.hpp: No such file or directory
    4 | #include [01;31m[K"keyboard_msgs/msg/Key.hpp"[m[K
      |          [01;31m[K^~~~~~~~~~~~~~~~~~~~~~~~~~~[m[K
compilation terminated.
gmake[2]: *** [CMakeFiles/keyboard.dir/build.make:76: CMakeFiles/keyboard.dir/src/main.cpp.o] Error 1
gmake[1]: *** [CMakeFiles/Makefile2:137: CMakeFiles/keyboard.dir/all] Error 2
gmake: *** [Makefile:146: all] Error 2
