[0.266s] DEBUG:colcon:Command line arguments: ['/usr/bin/colcon', 'build']
[0.266s] DEBUG:colcon:Parsed command line arguments: Namespace(log_base=None, log_level=None, verb_name='build', build_base='build', install_base='install', merge_install=False, symlink_install=False, test_result_base=None, continue_on_error=False, executor='parallel', parallel_workers=4, event_handlers=None, ignore_user_meta=False, metas=['./colcon.meta'], base_paths=['.'], packages_ignore=None, packages_ignore_regex=None, paths=None, packages_up_to=None, packages_up_to_regex=None, packages_above=None, packages_above_and_dependencies=None, packages_above_depth=None, packages_select_by_dep=None, packages_skip_by_dep=None, packages_skip_up_to=None, packages_select_build_failed=False, packages_skip_build_finished=False, packages_select_test_failures=False, packages_skip_test_passed=False, packages_select=None, packages_skip=None, packages_select_regex=None, packages_skip_regex=None, packages_start=None, packages_end=None, allow_overriding=[], cmake_args=None, cmake_target=None, cmake_target_skip_unavailable=False, cmake_clean_cache=False, cmake_clean_first=False, cmake_force_configure=False, ament_cmake_args=None, catkin_cmake_args=None, catkin_skip_building_tests=False, verb_parser=<colcon_defaults.argument_parser.defaults.DefaultArgumentsDecorator object at 0x7a2fd490f220>, verb_extension=<colcon_core.verb.build.BuildVerb object at 0x7a2fd490ecb0>, main=<bound method BuildVerb.main of <colcon_core.verb.build.BuildVerb object at 0x7a2fd490ecb0>>)
[1.067s] Level 1:colcon.colcon_core.package_discovery:discover_packages(colcon_meta) check parameters
[1.068s] Level 1:colcon.colcon_core.package_discovery:discover_packages(recursive) check parameters
[1.068s] Level 1:colcon.colcon_core.package_discovery:discover_packages(ignore) check parameters
[1.068s] Level 1:colcon.colcon_core.package_discovery:discover_packages(path) check parameters
[1.068s] Level 1:colcon.colcon_core.package_discovery:discover_packages(colcon_meta) discover
[1.068s] Level 1:colcon.colcon_core.package_discovery:discover_packages(recursive) discover
[1.068s] INFO:colcon.colcon_core.package_discovery:Crawling recursively for packages in '/home/leon/robotica/scorbotLabo/teleop_packages/universal_teleop'
[1.068s] Level 1:colcon.colcon_core.package_identification:_identify(.) by extensions ['ignore', 'ignore_ament_install']
[1.068s] Level 1:colcon.colcon_core.package_identification:_identify(.) by extension 'ignore'
[1.068s] Level 1:colcon.colcon_core.package_identification:_identify(.) by extension 'ignore_ament_install'
[1.068s] Level 1:colcon.colcon_core.package_identification:_identify(.) by extensions ['colcon_pkg']
[1.069s] Level 1:colcon.colcon_core.package_identification:_identify(.) by extension 'colcon_pkg'
[1.069s] Level 1:colcon.colcon_core.package_identification:_identify(.) by extensions ['colcon_meta']
[1.069s] Level 1:colcon.colcon_core.package_identification:_identify(.) by extension 'colcon_meta'
[1.069s] Level 1:colcon.colcon_core.package_identification:_identify(.) by extensions ['ros']
[1.069s] Level 1:colcon.colcon_core.package_identification:_identify(.) by extension 'ros'
[1.091s] Level 1:colcon.colcon_core.package_identification:_identify(.) by extensions ['cmake', 'python']
[1.091s] Level 1:colcon.colcon_core.package_identification:_identify(.) by extension 'cmake'
[1.092s] Level 1:colcon.colcon_core.package_identification:_identify(.) by extension 'python'
[1.092s] Level 1:colcon.colcon_core.package_identification:_identify(.) by extensions ['python_setup_py']
[1.092s] Level 1:colcon.colcon_core.package_identification:_identify(.) by extension 'python_setup_py'
[1.092s] Level 1:colcon.colcon_core.package_identification:_identify(build) by extensions ['ignore', 'ignore_ament_install']
[1.092s] Level 1:colcon.colcon_core.package_identification:_identify(build) by extension 'ignore'
[1.092s] Level 1:colcon.colcon_core.package_identification:_identify(build) ignored
[1.092s] Level 1:colcon.colcon_core.package_identification:_identify(install) by extensions ['ignore', 'ignore_ament_install']
[1.093s] Level 1:colcon.colcon_core.package_identification:_identify(install) by extension 'ignore'
[1.093s] Level 1:colcon.colcon_core.package_identification:_identify(install) ignored
[1.093s] Level 1:colcon.colcon_core.package_identification:_identify(log) by extensions ['ignore', 'ignore_ament_install']
[1.093s] Level 1:colcon.colcon_core.package_identification:_identify(log) by extension 'ignore'
[1.093s] Level 1:colcon.colcon_core.package_identification:_identify(log) ignored
[1.093s] Level 1:colcon.colcon_core.package_identification:_identify(src) by extensions ['ignore', 'ignore_ament_install']
[1.093s] Level 1:colcon.colcon_core.package_identification:_identify(src) by extension 'ignore'
[1.093s] Level 1:colcon.colcon_core.package_identification:_identify(src) by extension 'ignore_ament_install'
[1.093s] Level 1:colcon.colcon_core.package_identification:_identify(src) by extensions ['colcon_pkg']
[1.094s] Level 1:colcon.colcon_core.package_identification:_identify(src) by extension 'colcon_pkg'
[1.094s] Level 1:colcon.colcon_core.package_identification:_identify(src) by extensions ['colcon_meta']
[1.094s] Level 1:colcon.colcon_core.package_identification:_identify(src) by extension 'colcon_meta'
[1.094s] Level 1:colcon.colcon_core.package_identification:_identify(src) by extensions ['ros']
[1.094s] Level 1:colcon.colcon_core.package_identification:_identify(src) by extension 'ros'
[1.094s] Level 1:colcon.colcon_core.package_identification:_identify(src) by extensions ['cmake', 'python']
[1.094s] Level 1:colcon.colcon_core.package_identification:_identify(src) by extension 'cmake'
[1.094s] Level 1:colcon.colcon_core.package_identification:_identify(src) by extension 'python'
[1.094s] Level 1:colcon.colcon_core.package_identification:_identify(src) by extensions ['python_setup_py']
[1.094s] Level 1:colcon.colcon_core.package_identification:_identify(src) by extension 'python_setup_py'
[1.094s] Level 1:colcon.colcon_core.package_identification:_identify(src/ros-universal-teleop) by extensions ['ignore', 'ignore_ament_install']
[1.095s] Level 1:colcon.colcon_core.package_identification:_identify(src/ros-universal-teleop) by extension 'ignore'
[1.095s] Level 1:colcon.colcon_core.package_identification:_identify(src/ros-universal-teleop) by extension 'ignore_ament_install'
[1.095s] Level 1:colcon.colcon_core.package_identification:_identify(src/ros-universal-teleop) by extensions ['colcon_pkg']
[1.095s] Level 1:colcon.colcon_core.package_identification:_identify(src/ros-universal-teleop) by extension 'colcon_pkg'
[1.095s] Level 1:colcon.colcon_core.package_identification:_identify(src/ros-universal-teleop) by extensions ['colcon_meta']
[1.095s] Level 1:colcon.colcon_core.package_identification:_identify(src/ros-universal-teleop) by extension 'colcon_meta'
[1.095s] Level 1:colcon.colcon_core.package_identification:_identify(src/ros-universal-teleop) by extensions ['ros']
[1.095s] Level 1:colcon.colcon_core.package_identification:_identify(src/ros-universal-teleop) by extension 'ros'
[1.101s] DEBUG:colcon.colcon_core.package_identification:Package 'src/ros-universal-teleop' with type 'ros.ament_cmake' and name 'universal_teleop'
[1.101s] Level 1:colcon.colcon_core.package_identification:_identify(src/ros-universal-teleop-msgs) by extensions ['ignore', 'ignore_ament_install']
[1.101s] Level 1:colcon.colcon_core.package_identification:_identify(src/ros-universal-teleop-msgs) by extension 'ignore'
[1.101s] Level 1:colcon.colcon_core.package_identification:_identify(src/ros-universal-teleop-msgs) by extension 'ignore_ament_install'
[1.102s] Level 1:colcon.colcon_core.package_identification:_identify(src/ros-universal-teleop-msgs) by extensions ['colcon_pkg']
[1.102s] Level 1:colcon.colcon_core.package_identification:_identify(src/ros-universal-teleop-msgs) by extension 'colcon_pkg'
[1.102s] Level 1:colcon.colcon_core.package_identification:_identify(src/ros-universal-teleop-msgs) by extensions ['colcon_meta']
[1.102s] Level 1:colcon.colcon_core.package_identification:_identify(src/ros-universal-teleop-msgs) by extension 'colcon_meta'
[1.102s] Level 1:colcon.colcon_core.package_identification:_identify(src/ros-universal-teleop-msgs) by extensions ['ros']
[1.102s] Level 1:colcon.colcon_core.package_identification:_identify(src/ros-universal-teleop-msgs) by extension 'ros'
[1.103s] DEBUG:colcon.colcon_core.package_identification:Package 'src/ros-universal-teleop-msgs' with type 'ros.ament_cmake' and name 'universal_teleop_msgs'
[1.104s] Level 1:colcon.colcon_core.package_discovery:discover_packages(recursive) using defaults
[1.104s] Level 1:colcon.colcon_core.package_discovery:discover_packages(ignore) discover
[1.104s] Level 1:colcon.colcon_core.package_discovery:discover_packages(ignore) using defaults
[1.104s] Level 1:colcon.colcon_core.package_discovery:discover_packages(path) discover
[1.104s] Level 1:colcon.colcon_core.package_discovery:discover_packages(path) using defaults
[1.443s] Level 1:colcon.colcon_core.package_discovery:discover_packages(prefix_path) check parameters
[1.443s] Level 1:colcon.colcon_core.package_discovery:discover_packages(prefix_path) discover
[1.494s] DEBUG:colcon.colcon_installed_package_information.package_discovery:Found 2 installed packages in /home/leon/robotica/scorbotLabo/teleop_packages/ros_keyboard/install
[1.508s] DEBUG:colcon.colcon_installed_package_information.package_discovery:Found 273 installed packages in /opt/ros/humble
[1.517s] Level 1:colcon.colcon_core.package_discovery:discover_packages(prefix_path) using defaults
[1.623s] Level 5:colcon.colcon_core.verb:set package 'universal_teleop_msgs' build argument 'cmake_args' from command line to 'None'
[1.623s] Level 5:colcon.colcon_core.verb:set package 'universal_teleop_msgs' build argument 'cmake_target' from command line to 'None'
[1.624s] Level 5:colcon.colcon_core.verb:set package 'universal_teleop_msgs' build argument 'cmake_target_skip_unavailable' from command line to 'False'
[1.624s] Level 5:colcon.colcon_core.verb:set package 'universal_teleop_msgs' build argument 'cmake_clean_cache' from command line to 'False'
[1.624s] Level 5:colcon.colcon_core.verb:set package 'universal_teleop_msgs' build argument 'cmake_clean_first' from command line to 'False'
[1.624s] Level 5:colcon.colcon_core.verb:set package 'universal_teleop_msgs' build argument 'cmake_force_configure' from command line to 'False'
[1.624s] Level 5:colcon.colcon_core.verb:set package 'universal_teleop_msgs' build argument 'ament_cmake_args' from command line to 'None'
[1.624s] Level 5:colcon.colcon_core.verb:set package 'universal_teleop_msgs' build argument 'catkin_cmake_args' from command line to 'None'
[1.624s] Level 5:colcon.colcon_core.verb:set package 'universal_teleop_msgs' build argument 'catkin_skip_building_tests' from command line to 'False'
[1.624s] DEBUG:colcon.colcon_core.verb:Building package 'universal_teleop_msgs' with the following arguments: {'ament_cmake_args': None, 'build_base': '/home/leon/robotica/scorbotLabo/teleop_packages/universal_teleop/build/universal_teleop_msgs', 'catkin_cmake_args': None, 'catkin_skip_building_tests': False, 'cmake_args': None, 'cmake_clean_cache': False, 'cmake_clean_first': False, 'cmake_force_configure': False, 'cmake_target': None, 'cmake_target_skip_unavailable': False, 'install_base': '/home/leon/robotica/scorbotLabo/teleop_packages/universal_teleop/install/universal_teleop_msgs', 'merge_install': False, 'path': '/home/leon/robotica/scorbotLabo/teleop_packages/universal_teleop/src/ros-universal-teleop-msgs', 'symlink_install': False, 'test_result_base': None}
[1.625s] Level 5:colcon.colcon_core.verb:set package 'universal_teleop' build argument 'cmake_args' from command line to 'None'
[1.625s] Level 5:colcon.colcon_core.verb:set package 'universal_teleop' build argument 'cmake_target' from command line to 'None'
[1.625s] Level 5:colcon.colcon_core.verb:set package 'universal_teleop' build argument 'cmake_target_skip_unavailable' from command line to 'False'
[1.625s] Level 5:colcon.colcon_core.verb:set package 'universal_teleop' build argument 'cmake_clean_cache' from command line to 'False'
[1.625s] Level 5:colcon.colcon_core.verb:set package 'universal_teleop' build argument 'cmake_clean_first' from command line to 'False'
[1.625s] Level 5:colcon.colcon_core.verb:set package 'universal_teleop' build argument 'cmake_force_configure' from command line to 'False'
[1.625s] Level 5:colcon.colcon_core.verb:set package 'universal_teleop' build argument 'ament_cmake_args' from command line to 'None'
[1.625s] Level 5:colcon.colcon_core.verb:set package 'universal_teleop' build argument 'catkin_cmake_args' from command line to 'None'
[1.625s] Level 5:colcon.colcon_core.verb:set package 'universal_teleop' build argument 'catkin_skip_building_tests' from command line to 'False'
[1.625s] DEBUG:colcon.colcon_core.verb:Building package 'universal_teleop' with the following arguments: {'ament_cmake_args': None, 'build_base': '/home/leon/robotica/scorbotLabo/teleop_packages/universal_teleop/build/universal_teleop', 'catkin_cmake_args': None, 'catkin_skip_building_tests': False, 'cmake_args': None, 'cmake_clean_cache': False, 'cmake_clean_first': False, 'cmake_force_configure': False, 'cmake_target': None, 'cmake_target_skip_unavailable': False, 'install_base': '/home/leon/robotica/scorbotLabo/teleop_packages/universal_teleop/install/universal_teleop', 'merge_install': False, 'path': '/home/leon/robotica/scorbotLabo/teleop_packages/universal_teleop/src/ros-universal-teleop', 'symlink_install': False, 'test_result_base': None}
[1.625s] INFO:colcon.colcon_core.executor:Executing jobs using 'parallel' executor
[1.627s] DEBUG:colcon.colcon_parallel_executor.executor.parallel:run_until_complete
[1.628s] INFO:colcon.colcon_ros.task.ament_cmake.build:Building ROS package in '/home/leon/robotica/scorbotLabo/teleop_packages/universal_teleop/src/ros-universal-teleop-msgs' with build type 'ament_cmake'
[1.628s] INFO:colcon.colcon_cmake.task.cmake.build:Building CMake package in '/home/leon/robotica/scorbotLabo/teleop_packages/universal_teleop/src/ros-universal-teleop-msgs'
[1.632s] INFO:colcon.colcon_core.plugin_system:Skipping extension 'colcon_core.shell.bat': Not used on non-Windows systems
[1.632s] INFO:colcon.colcon_core.shell:Skip shell extension 'powershell' for command environment: Not usable outside of PowerShell
[1.632s] DEBUG:colcon.colcon_core.shell:Skip shell extension 'dsv' for command environment
[1.648s] DEBUG:colcon.colcon_core.event_handler.log_command:Invoking command in '/home/leon/robotica/scorbotLabo/teleop_packages/universal_teleop/build/universal_teleop_msgs': CMAKE_PREFIX_PATH=${CMAKE_PREFIX_PATH}:/opt/ros/humble /usr/bin/cmake --build /home/leon/robotica/scorbotLabo/teleop_packages/universal_teleop/build/universal_teleop_msgs -- -j4 -l4
[2.278s] DEBUG:colcon.colcon_core.event_handler.log_command:Invoked command in '/home/leon/robotica/scorbotLabo/teleop_packages/universal_teleop/build/universal_teleop_msgs' returned '0': CMAKE_PREFIX_PATH=${CMAKE_PREFIX_PATH}:/opt/ros/humble /usr/bin/cmake --build /home/leon/robotica/scorbotLabo/teleop_packages/universal_teleop/build/universal_teleop_msgs -- -j4 -l4
[2.294s] DEBUG:colcon.colcon_core.event_handler.log_command:Invoking command in '/home/leon/robotica/scorbotLabo/teleop_packages/universal_teleop/build/universal_teleop_msgs': CMAKE_PREFIX_PATH=${CMAKE_PREFIX_PATH}:/opt/ros/humble /usr/bin/cmake --install /home/leon/robotica/scorbotLabo/teleop_packages/universal_teleop/build/universal_teleop_msgs
[2.388s] Level 1:colcon.colcon_core.environment:create_environment_scripts_only(universal_teleop_msgs)
[2.393s] DEBUG:colcon.colcon_core.event_handler.log_command:Invoked command in '/home/leon/robotica/scorbotLabo/teleop_packages/universal_teleop/build/universal_teleop_msgs' returned '0': CMAKE_PREFIX_PATH=${CMAKE_PREFIX_PATH}:/opt/ros/humble /usr/bin/cmake --install /home/leon/robotica/scorbotLabo/teleop_packages/universal_teleop/build/universal_teleop_msgs
[2.426s] Level 1:colcon.colcon_core.environment:checking '/home/leon/robotica/scorbotLabo/teleop_packages/universal_teleop/install/universal_teleop_msgs' for CMake module files
[2.429s] Level 1:colcon.colcon_core.environment:checking '/home/leon/robotica/scorbotLabo/teleop_packages/universal_teleop/install/universal_teleop_msgs' for CMake config files
[2.430s] Level 1:colcon.colcon_core.shell:create_environment_hook('universal_teleop_msgs', 'cmake_prefix_path')
[2.431s] INFO:colcon.colcon_core.shell:Creating environment hook '/home/leon/robotica/scorbotLabo/teleop_packages/universal_teleop/install/universal_teleop_msgs/share/universal_teleop_msgs/hook/cmake_prefix_path.ps1'
[2.433s] INFO:colcon.colcon_core.shell:Creating environment descriptor '/home/leon/robotica/scorbotLabo/teleop_packages/universal_teleop/install/universal_teleop_msgs/share/universal_teleop_msgs/hook/cmake_prefix_path.dsv'
[2.435s] INFO:colcon.colcon_core.shell:Creating environment hook '/home/leon/robotica/scorbotLabo/teleop_packages/universal_teleop/install/universal_teleop_msgs/share/universal_teleop_msgs/hook/cmake_prefix_path.sh'
[2.438s] Level 1:colcon.colcon_core.environment:checking '/home/leon/robotica/scorbotLabo/teleop_packages/universal_teleop/install/universal_teleop_msgs/lib'
[2.439s] Level 1:colcon.colcon_core.shell:create_environment_hook('universal_teleop_msgs', 'ld_library_path_lib')
[2.440s] INFO:colcon.colcon_core.shell:Creating environment hook '/home/leon/robotica/scorbotLabo/teleop_packages/universal_teleop/install/universal_teleop_msgs/share/universal_teleop_msgs/hook/ld_library_path_lib.ps1'
[2.441s] INFO:colcon.colcon_core.shell:Creating environment descriptor '/home/leon/robotica/scorbotLabo/teleop_packages/universal_teleop/install/universal_teleop_msgs/share/universal_teleop_msgs/hook/ld_library_path_lib.dsv'
[2.442s] INFO:colcon.colcon_core.shell:Creating environment hook '/home/leon/robotica/scorbotLabo/teleop_packages/universal_teleop/install/universal_teleop_msgs/share/universal_teleop_msgs/hook/ld_library_path_lib.sh'
[2.443s] Level 1:colcon.colcon_core.environment:checking '/home/leon/robotica/scorbotLabo/teleop_packages/universal_teleop/install/universal_teleop_msgs/bin'
[2.444s] Level 1:colcon.colcon_core.environment:checking '/home/leon/robotica/scorbotLabo/teleop_packages/universal_teleop/install/universal_teleop_msgs/lib/pkgconfig/universal_teleop_msgs.pc'
[2.444s] Level 1:colcon.colcon_core.environment:checking '/home/leon/robotica/scorbotLabo/teleop_packages/universal_teleop/install/universal_teleop_msgs/lib/python3.10/site-packages'
[2.446s] Level 1:colcon.colcon_core.environment:checking '/home/leon/robotica/scorbotLabo/teleop_packages/universal_teleop/install/universal_teleop_msgs/bin'
[2.447s] INFO:colcon.colcon_core.shell:Creating package script '/home/leon/robotica/scorbotLabo/teleop_packages/universal_teleop/install/universal_teleop_msgs/share/universal_teleop_msgs/package.ps1'
[2.451s] INFO:colcon.colcon_core.shell:Creating package descriptor '/home/leon/robotica/scorbotLabo/teleop_packages/universal_teleop/install/universal_teleop_msgs/share/universal_teleop_msgs/package.dsv'
[2.453s] INFO:colcon.colcon_core.shell:Creating package script '/home/leon/robotica/scorbotLabo/teleop_packages/universal_teleop/install/universal_teleop_msgs/share/universal_teleop_msgs/package.sh'
[2.456s] INFO:colcon.colcon_core.shell:Creating package script '/home/leon/robotica/scorbotLabo/teleop_packages/universal_teleop/install/universal_teleop_msgs/share/universal_teleop_msgs/package.bash'
[2.460s] INFO:colcon.colcon_core.shell:Creating package script '/home/leon/robotica/scorbotLabo/teleop_packages/universal_teleop/install/universal_teleop_msgs/share/universal_teleop_msgs/package.zsh'
[2.463s] Level 1:colcon.colcon_core.environment:create_file_with_runtime_dependencies(/home/leon/robotica/scorbotLabo/teleop_packages/universal_teleop/install/universal_teleop_msgs/share/colcon-core/packages/universal_teleop_msgs)
[2.464s] Level 1:colcon.colcon_core.environment:create_environment_scripts_only(universal_teleop_msgs)
[2.465s] Level 1:colcon.colcon_core.environment:checking '/home/leon/robotica/scorbotLabo/teleop_packages/universal_teleop/install/universal_teleop_msgs' for CMake module files
[2.466s] Level 1:colcon.colcon_core.environment:checking '/home/leon/robotica/scorbotLabo/teleop_packages/universal_teleop/install/universal_teleop_msgs' for CMake config files
[2.467s] Level 1:colcon.colcon_core.shell:create_environment_hook('universal_teleop_msgs', 'cmake_prefix_path')
[2.468s] INFO:colcon.colcon_core.shell:Creating environment hook '/home/leon/robotica/scorbotLabo/teleop_packages/universal_teleop/install/universal_teleop_msgs/share/universal_teleop_msgs/hook/cmake_prefix_path.ps1'
[2.468s] INFO:colcon.colcon_core.shell:Creating environment descriptor '/home/leon/robotica/scorbotLabo/teleop_packages/universal_teleop/install/universal_teleop_msgs/share/universal_teleop_msgs/hook/cmake_prefix_path.dsv'
[2.469s] INFO:colcon.colcon_core.shell:Creating environment hook '/home/leon/robotica/scorbotLabo/teleop_packages/universal_teleop/install/universal_teleop_msgs/share/universal_teleop_msgs/hook/cmake_prefix_path.sh'
[2.470s] Level 1:colcon.colcon_core.environment:checking '/home/leon/robotica/scorbotLabo/teleop_packages/universal_teleop/install/universal_teleop_msgs/lib'
[2.470s] Level 1:colcon.colcon_core.shell:create_environment_hook('universal_teleop_msgs', 'ld_library_path_lib')
[2.471s] INFO:colcon.colcon_core.shell:Creating environment hook '/home/leon/robotica/scorbotLabo/teleop_packages/universal_teleop/install/universal_teleop_msgs/share/universal_teleop_msgs/hook/ld_library_path_lib.ps1'
[2.471s] INFO:colcon.colcon_core.shell:Creating environment descriptor '/home/leon/robotica/scorbotLabo/teleop_packages/universal_teleop/install/universal_teleop_msgs/share/universal_teleop_msgs/hook/ld_library_path_lib.dsv'
[2.472s] INFO:colcon.colcon_core.shell:Creating environment hook '/home/leon/robotica/scorbotLabo/teleop_packages/universal_teleop/install/universal_teleop_msgs/share/universal_teleop_msgs/hook/ld_library_path_lib.sh'
[2.472s] Level 1:colcon.colcon_core.environment:checking '/home/leon/robotica/scorbotLabo/teleop_packages/universal_teleop/install/universal_teleop_msgs/bin'
[2.472s] Level 1:colcon.colcon_core.environment:checking '/home/leon/robotica/scorbotLabo/teleop_packages/universal_teleop/install/universal_teleop_msgs/lib/pkgconfig/universal_teleop_msgs.pc'
[2.473s] Level 1:colcon.colcon_core.environment:checking '/home/leon/robotica/scorbotLabo/teleop_packages/universal_teleop/install/universal_teleop_msgs/lib/python3.10/site-packages'
[2.473s] Level 1:colcon.colcon_core.environment:checking '/home/leon/robotica/scorbotLabo/teleop_packages/universal_teleop/install/universal_teleop_msgs/bin'
[2.474s] INFO:colcon.colcon_core.shell:Creating package script '/home/leon/robotica/scorbotLabo/teleop_packages/universal_teleop/install/universal_teleop_msgs/share/universal_teleop_msgs/package.ps1'
[2.475s] INFO:colcon.colcon_core.shell:Creating package descriptor '/home/leon/robotica/scorbotLabo/teleop_packages/universal_teleop/install/universal_teleop_msgs/share/universal_teleop_msgs/package.dsv'
[2.476s] INFO:colcon.colcon_core.shell:Creating package script '/home/leon/robotica/scorbotLabo/teleop_packages/universal_teleop/install/universal_teleop_msgs/share/universal_teleop_msgs/package.sh'
[2.477s] INFO:colcon.colcon_core.shell:Creating package script '/home/leon/robotica/scorbotLabo/teleop_packages/universal_teleop/install/universal_teleop_msgs/share/universal_teleop_msgs/package.bash'
[2.478s] INFO:colcon.colcon_core.shell:Creating package script '/home/leon/robotica/scorbotLabo/teleop_packages/universal_teleop/install/universal_teleop_msgs/share/universal_teleop_msgs/package.zsh'
[2.478s] Level 1:colcon.colcon_core.environment:create_file_with_runtime_dependencies(/home/leon/robotica/scorbotLabo/teleop_packages/universal_teleop/install/universal_teleop_msgs/share/colcon-core/packages/universal_teleop_msgs)
[2.479s] INFO:colcon.colcon_ros.task.ament_cmake.build:Building ROS package in '/home/leon/robotica/scorbotLabo/teleop_packages/universal_teleop/src/ros-universal-teleop' with build type 'ament_cmake'
[2.479s] INFO:colcon.colcon_cmake.task.cmake.build:Building CMake package in '/home/leon/robotica/scorbotLabo/teleop_packages/universal_teleop/src/ros-universal-teleop'
[2.480s] INFO:colcon.colcon_core.shell:Skip shell extension 'powershell' for command environment: Not usable outside of PowerShell
[2.480s] DEBUG:colcon.colcon_core.shell:Skip shell extension 'dsv' for command environment
[2.500s] DEBUG:colcon.colcon_core.event_handler.log_command:Invoking command in '/home/leon/robotica/scorbotLabo/teleop_packages/universal_teleop/build/universal_teleop': AMENT_PREFIX_PATH=/home/leon/robotica/scorbotLabo/teleop_packages/universal_teleop/install/universal_teleop_msgs:${AMENT_PREFIX_PATH} CMAKE_PREFIX_PATH=/home/leon/robotica/scorbotLabo/teleop_packages/universal_teleop/install/universal_teleop_msgs:/home/leon/robotica/scorbotLabo/teleop_packages/ros_keyboard/install/keyboard:/home/leon/robotica/scorbotLabo/teleop_packages/ros_keyboard/install/keyboard_msgs:/opt/ros/humble LD_LIBRARY_PATH=/home/leon/robotica/scorbotLabo/teleop_packages/universal_teleop/install/universal_teleop_msgs/lib:${LD_LIBRARY_PATH} PYTHONPATH=/home/leon/robotica/scorbotLabo/teleop_packages/universal_teleop/install/universal_teleop_msgs/local/lib/python3.10/dist-packages:${PYTHONPATH} /usr/bin/cmake --build /home/leon/robotica/scorbotLabo/teleop_packages/universal_teleop/build/universal_teleop -- -j4 -l4
[11.674s] DEBUG:colcon.colcon_core.event_handler.log_command:Invoked command in '/home/leon/robotica/scorbotLabo/teleop_packages/universal_teleop/build/universal_teleop' returned '2': AMENT_PREFIX_PATH=/home/leon/robotica/scorbotLabo/teleop_packages/universal_teleop/install/universal_teleop_msgs:${AMENT_PREFIX_PATH} CMAKE_PREFIX_PATH=/home/leon/robotica/scorbotLabo/teleop_packages/universal_teleop/install/universal_teleop_msgs:/home/leon/robotica/scorbotLabo/teleop_packages/ros_keyboard/install/keyboard:/home/leon/robotica/scorbotLabo/teleop_packages/ros_keyboard/install/keyboard_msgs:/opt/ros/humble LD_LIBRARY_PATH=/home/leon/robotica/scorbotLabo/teleop_packages/universal_teleop/install/universal_teleop_msgs/lib:${LD_LIBRARY_PATH} PYTHONPATH=/home/leon/robotica/scorbotLabo/teleop_packages/universal_teleop/install/universal_teleop_msgs/local/lib/python3.10/dist-packages:${PYTHONPATH} /usr/bin/cmake --build /home/leon/robotica/scorbotLabo/teleop_packages/universal_teleop/build/universal_teleop -- -j4 -l4
[11.674s] Level 1:colcon.colcon_core.environment:create_environment_scripts_only(universal_teleop)
[11.675s] Level 1:colcon.colcon_core.environment:checking '/home/leon/robotica/scorbotLabo/teleop_packages/universal_teleop/install/universal_teleop' for CMake module files
[11.675s] Level 1:colcon.colcon_core.environment:checking '/home/leon/robotica/scorbotLabo/teleop_packages/universal_teleop/install/universal_teleop' for CMake config files
[11.676s] Level 1:colcon.colcon_core.environment:checking '/home/leon/robotica/scorbotLabo/teleop_packages/universal_teleop/install/universal_teleop/bin'
[11.676s] Level 1:colcon.colcon_core.environment:checking '/home/leon/robotica/scorbotLabo/teleop_packages/universal_teleop/install/universal_teleop/lib/pkgconfig/universal_teleop.pc'
[11.676s] Level 1:colcon.colcon_core.environment:checking '/home/leon/robotica/scorbotLabo/teleop_packages/universal_teleop/install/universal_teleop/lib/python3.10/site-packages'
[11.677s] Level 1:colcon.colcon_core.environment:checking '/home/leon/robotica/scorbotLabo/teleop_packages/universal_teleop/install/universal_teleop/bin'
[11.677s] INFO:colcon.colcon_core.shell:Creating package script '/home/leon/robotica/scorbotLabo/teleop_packages/universal_teleop/install/universal_teleop/share/universal_teleop/package.ps1'
[11.678s] INFO:colcon.colcon_core.shell:Creating package descriptor '/home/leon/robotica/scorbotLabo/teleop_packages/universal_teleop/install/universal_teleop/share/universal_teleop/package.dsv'
[11.679s] INFO:colcon.colcon_core.shell:Creating package script '/home/leon/robotica/scorbotLabo/teleop_packages/universal_teleop/install/universal_teleop/share/universal_teleop/package.sh'
[11.680s] INFO:colcon.colcon_core.shell:Creating package script '/home/leon/robotica/scorbotLabo/teleop_packages/universal_teleop/install/universal_teleop/share/universal_teleop/package.bash'
[11.680s] INFO:colcon.colcon_core.shell:Creating package script '/home/leon/robotica/scorbotLabo/teleop_packages/universal_teleop/install/universal_teleop/share/universal_teleop/package.zsh'
[11.681s] Level 1:colcon.colcon_core.environment:create_file_with_runtime_dependencies(/home/leon/robotica/scorbotLabo/teleop_packages/universal_teleop/install/universal_teleop/share/colcon-core/packages/universal_teleop)
[11.691s] DEBUG:colcon.colcon_parallel_executor.executor.parallel:closing loop
[11.692s] DEBUG:colcon.colcon_parallel_executor.executor.parallel:loop closed
[11.692s] DEBUG:colcon.colcon_parallel_executor.executor.parallel:run_until_complete finished with '2'
[11.692s] DEBUG:colcon.colcon_core.event_reactor:joining thread
[11.744s] INFO:colcon.colcon_core.plugin_system:Skipping extension 'colcon_notification.desktop_notification.terminal_notifier': Not used on non-Darwin systems
[11.744s] INFO:colcon.colcon_core.plugin_system:Skipping extension 'colcon_notification.desktop_notification.win32': Not used on non-Windows systems
[11.745s] INFO:colcon.colcon_notification.desktop_notification:Sending desktop notification using 'notify2'
[11.774s] DEBUG:colcon.colcon_core.event_reactor:joined thread
[11.775s] INFO:colcon.colcon_core.shell:Creating prefix script '/home/leon/robotica/scorbotLabo/teleop_packages/universal_teleop/install/local_setup.ps1'
[11.778s] INFO:colcon.colcon_core.shell:Creating prefix util module '/home/leon/robotica/scorbotLabo/teleop_packages/universal_teleop/install/_local_setup_util_ps1.py'
[11.782s] INFO:colcon.colcon_core.shell:Creating prefix chain script '/home/leon/robotica/scorbotLabo/teleop_packages/universal_teleop/install/setup.ps1'
[11.785s] INFO:colcon.colcon_core.shell:Creating prefix script '/home/leon/robotica/scorbotLabo/teleop_packages/universal_teleop/install/local_setup.sh'
[11.786s] INFO:colcon.colcon_core.shell:Creating prefix util module '/home/leon/robotica/scorbotLabo/teleop_packages/universal_teleop/install/_local_setup_util_sh.py'
[11.787s] INFO:colcon.colcon_core.shell:Creating prefix chain script '/home/leon/robotica/scorbotLabo/teleop_packages/universal_teleop/install/setup.sh'
[11.789s] INFO:colcon.colcon_core.shell:Creating prefix script '/home/leon/robotica/scorbotLabo/teleop_packages/universal_teleop/install/local_setup.bash'
[11.790s] INFO:colcon.colcon_core.shell:Creating prefix chain script '/home/leon/robotica/scorbotLabo/teleop_packages/universal_teleop/install/setup.bash'
[11.792s] INFO:colcon.colcon_core.shell:Creating prefix script '/home/leon/robotica/scorbotLabo/teleop_packages/universal_teleop/install/local_setup.zsh'
[11.793s] INFO:colcon.colcon_core.shell:Creating prefix chain script '/home/leon/robotica/scorbotLabo/teleop_packages/universal_teleop/install/setup.zsh'
