[ 66%] [32mBuilding CXX object CMakeFiles/keyboard.dir/src/keyboard.cpp.o[0m
[ 66%] [32mBuilding CXX object CMakeFiles/keyboard.dir/src/main.cpp.o[0m
[01m[K/home/leon/robotica/scorbotLabo/teleop_packages/ros_keyboard/src/ros-keyboard/src/main.cpp:[m[K In function ‘[01m[Kint main(int, char**)[m[K’:
[01m[K/home/leon/robotica/scorbotLabo/teleop_packages/ros_keyboard/src/ros-keyboard/src/main.cpp:8:3:[m[K [01;31m[Kerror: [m[K‘[01m[Kros[m[K’ has not been declared
    8 |   [01;31m[Kros[m[K::init(argc, argv, "keyboard");
      |   [01;31m[K^~~[m[K
[01m[K/home/leon/robotica/scorbotLabo/teleop_packages/ros_keyboard/src/ros-keyboard/src/main.cpp:9:3:[m[K [01;31m[Kerror: [m[K‘[01m[Kros[m[K’ has not been declared
    9 |   [01;31m[Kros[m[K::NodeHandle n("~");
      |   [01;31m[K^~~[m[K
[01m[K/home/leon/robotica/scorbotLabo/teleop_packages/ros_keyboard/src/ros-keyboard/src/main.cpp:11:3:[m[K [01;31m[Kerror: [m[K‘[01m[Kros[m[K’ has not been declared
   11 |   [01;31m[Kros[m[K::Publisher pub_down = n.advertise<keyboard::msg::Key>("keydown", 10);
      |   [01;31m[K^~~[m[K
[01m[K/home/leon/robotica/scorbotLabo/teleop_packages/ros_keyboard/src/ros-keyboard/src/main.cpp:12:3:[m[K [01;31m[Kerror: [m[K‘[01m[Kros[m[K’ has not been declared
   12 |   [01;31m[Kros[m[K::Publisher pub_up = n.advertise<keyboard::msg::Key>("keyup", 10);
      |   [01;31m[K^~~[m[K
[01m[K/home/leon/robotica/scorbotLabo/teleop_packages/ros_keyboard/src/ros-keyboard/src/main.cpp:17:3:[m[K [01;31m[Kerror: [m[K‘[01m[Kn[m[K’ was not declared in this scope; did you mean ‘[01m[Kyn[m[K’?
   17 |   [01;31m[Kn[m[K.param<bool>("allow_repeat", allow_repeat, false); // disable by default
      |   [01;31m[K^[m[K
      |   [32m[Kyn[m[K
[01m[K/home/leon/robotica/scorbotLabo/teleop_packages/ros_keyboard/src/ros-keyboard/src/main.cpp:17:11:[m[K [01;31m[Kerror: [m[Kexpected primary-expression before ‘[01m[Kbool[m[K’
   17 |   n.param<[01;31m[Kbool[m[K>("allow_repeat", allow_repeat, false); // disable by default
      |           [01;31m[K^~~~[m[K
[01m[K/home/leon/robotica/scorbotLabo/teleop_packages/ros_keyboard/src/ros-keyboard/src/main.cpp:18:11:[m[K [01;31m[Kerror: [m[Kexpected primary-expression before ‘[01m[Kint[m[K’
   18 |   n.param<[01;31m[Kint[m[K>("repeat_delay", repeat_delay, SDL_DEFAULT_REPEAT_DELAY);
      |           [01;31m[K^~~[m[K
[01m[K/home/leon/robotica/scorbotLabo/teleop_packages/ros_keyboard/src/ros-keyboard/src/main.cpp:19:11:[m[K [01;31m[Kerror: [m[Kexpected primary-expression before ‘[01m[Kint[m[K’
   19 |   n.param<[01;31m[Kint[m[K>("repeat_interval", repeat_interval, SDL_DEFAULT_REPEAT_INTERVAL);
      |           [01;31m[K^~~[m[K
[01m[K/home/leon/robotica/scorbotLabo/teleop_packages/ros_keyboard/src/ros-keyboard/src/main.cpp:25:3:[m[K [01;31m[Kerror: [m[K‘[01m[Krclcpp[m[K’ has not been declared
   25 |   [01;31m[Krclcpp[m[K::Rate r(50);
      |   [01;31m[K^~~~~~[m[K
[01m[K/home/leon/robotica/scorbotLabo/teleop_packages/ros_keyboard/src/ros-keyboard/src/main.cpp:27:13:[m[K [01;31m[Kerror: [m[K‘[01m[Kkeyboard::msg[m[K’ has not been declared
   27 |   keyboard::[01;31m[Kmsg[m[K::Key k;
      |             [01;31m[K^~~[m[K
[01m[K/home/leon/robotica/scorbotLabo/teleop_packages/ros_keyboard/src/ros-keyboard/src/main.cpp:29:10:[m[K [01;31m[Kerror: [m[K‘[01m[Kros[m[K’ has not been declared
   29 |   while ([01;31m[Kros[m[K::ok() && kbd.get_key(new_event, pressed, k.code, k.modifiers))
      |          [01;31m[K^~~[m[K
[01m[K/home/leon/robotica/scorbotLabo/teleop_packages/ros_keyboard/src/ros-keyboard/src/main.cpp:29:55:[m[K [01;31m[Kerror: [m[K‘[01m[Kk[m[K’ was not declared in this scope
   29 |   while (ros::ok() && kbd.get_key(new_event, pressed, [01;31m[Kk[m[K.code, k.modifiers))
      |                                                       [01;31m[K^[m[K
[01m[K/home/leon/robotica/scorbotLabo/teleop_packages/ros_keyboard/src/ros-keyboard/src/main.cpp:33:24:[m[K [01;31m[Kerror: [m[K‘[01m[Krclcpp[m[K’ has not been declared
   33 |       k.header.stamp = [01;31m[Krclcpp[m[K::Time::now();
      |                        [01;31m[K^~~~~~[m[K
[01m[K/home/leon/robotica/scorbotLabo/teleop_packages/ros_keyboard/src/ros-keyboard/src/main.cpp:35:9:[m[K [01;31m[Kerror: [m[K‘[01m[Kpub_down[m[K’ was not declared in this scope
   35 |         [01;31m[Kpub_down[m[K.publish(k);
      |         [01;31m[K^~~~~~~~[m[K
[01m[K/home/leon/robotica/scorbotLabo/teleop_packages/ros_keyboard/src/ros-keyboard/src/main.cpp:37:9:[m[K [01;31m[Kerror: [m[K‘[01m[Kpub_up[m[K’ was not declared in this scope
   37 |         [01;31m[Kpub_up[m[K.publish(k);
      |         [01;31m[K^~~~~~[m[K
[01m[K/home/leon/robotica/scorbotLabo/teleop_packages/ros_keyboard/src/ros-keyboard/src/main.cpp:40:5:[m[K [01;31m[Kerror: [m[K‘[01m[Kros[m[K’ has not been declared
   40 |     [01;31m[Kros[m[K::spinOnce();
      |     [01;31m[K^~~[m[K
[01m[K/home/leon/robotica/scorbotLabo/teleop_packages/ros_keyboard/src/ros-keyboard/src/main.cpp:41:5:[m[K [01;31m[Kerror: [m[K‘[01m[Kr[m[K’ was not declared in this scope
   41 |     [01;31m[Kr[m[K.sleep();
      |     [01;31m[K^[m[K
[01m[K/home/leon/robotica/scorbotLabo/teleop_packages/ros_keyboard/src/ros-keyboard/src/main.cpp:44:3:[m[K [01;31m[Kerror: [m[K‘[01m[Kros[m[K’ has not been declared
   44 |   [01;31m[Kros[m[K::waitForShutdown();
      |   [01;31m[K^~~[m[K
[01m[K/home/leon/robotica/scorbotLabo/teleop_packages/ros_keyboard/src/ros-keyboard/src/keyboard.cpp:[m[K In constructor ‘[01m[Kkeyboard::Keyboard::Keyboard(int, int)[m[K’:
[01m[K/home/leon/robotica/scorbotLabo/teleop_packages/ros_keyboard/src/ros-keyboard/src/keyboard.cpp:6:3:[m[K [01;31m[Kerror: [m[K‘[01m[KSDL_EnableKeyRepeat[m[K’ was not declared in this scope
    6 |   [01;31m[KSDL_EnableKeyRepeat[m[K( repeat_delay, repeat_interval );
      |   [01;31m[K^~~~~~~~~~~~~~~~~~~[m[K
[01m[K/home/leon/robotica/scorbotLabo/teleop_packages/ros_keyboard/src/ros-keyboard/src/keyboard.cpp:7:3:[m[K [01;31m[Kerror: [m[K‘[01m[KSDL_WM_SetCaption[m[K’ was not declared in this scope
    7 |   [01;31m[KSDL_WM_SetCaption[m[K("ROS keyboard input", NULL);
      |   [01;31m[K^~~~~~~~~~~~~~~~~[m[K
[01m[K/home/leon/robotica/scorbotLabo/teleop_packages/ros_keyboard/src/ros-keyboard/src/keyboard.cpp:8:12:[m[K [01;31m[Kerror: [m[K‘[01m[KSDL_SetVideoMode[m[K’ was not declared in this scope; did you mean ‘[01m[KSDL_ScaleMode[m[K’?
    8 |   window = [01;31m[KSDL_SetVideoMode[m[K(100, 100, 0, 0);
      |            [01;31m[K^~~~~~~~~~~~~~~~[m[K
      |            [32m[KSDL_ScaleMode[m[K
[01m[K/home/leon/robotica/scorbotLabo/teleop_packages/ros_keyboard/src/ros-keyboard/src/keyboard.cpp:[m[K In member function ‘[01m[Kbool keyboard::Keyboard::get_key(bool&, bool&, uint16_t&, uint16_t&)[m[K’:
[01m[K/home/leon/robotica/scorbotLabo/teleop_packages/ros_keyboard/src/ros-keyboard/src/keyboard.cpp:32:9:[m[K [01;31m[Kerror: [m[K‘[01m[KSDL_Flip[m[K’ was not declared in this scope; did you mean ‘[01m[KSDL_blit[m[K’?
   32 |         [01;31m[KSDL_Flip[m[K(window);
      |         [01;31m[K^~~~~~~~[m[K
      |         [32m[KSDL_blit[m[K
gmake[2]: *** [CMakeFiles/keyboard.dir/build.make:76: CMakeFiles/keyboard.dir/src/main.cpp.o] Error 1
gmake[2]: *** Waiting for unfinished jobs....
gmake[2]: *** [CMakeFiles/keyboard.dir/build.make:90: CMakeFiles/keyboard.dir/src/keyboard.cpp.o] Error 1
gmake[1]: *** [CMakeFiles/Makefile2:137: CMakeFiles/keyboard.dir/all] Error 2
gmake: *** [Makefile:146: all] Error 2
