[0.013s] Invoking command in '/home/leon/robotica/scorbotLabo/teleop_packages/ros_keyboard/build/keyboard': CMAKE_PREFIX_PATH=${CMAKE_PREFIX_PATH}:/opt/ros/humble /usr/bin/cmake --build /home/leon/robotica/scorbotLabo/teleop_packages/ros_keyboard/build/keyboard -- -j8 -l8
[0.073s] [ 66%] [32mBuilding CXX object CMakeFiles/keyboard.dir/src/keyboard.cpp.o[0m
[0.073s] [ 66%] [32mBuilding CXX object CMakeFiles/keyboard.dir/src/main.cpp.o[0m
[1.145s] [01m[K/home/leon/robotica/scorbotLabo/teleop_packages/ros_keyboard/src/ros-keyboard/src/main.cpp:[m[K In function ‘[01m[Kint main(int, char**)[m[K’:
[1.145s] [01m[K/home/leon/robotica/scorbotLabo/teleop_packages/ros_keyboard/src/ros-keyboard/src/main.cpp:8:3:[m[K [01;31m[Kerror: [m[K‘[01m[Kros[m[K’ has not been declared
[1.145s]     8 |   [01;31m[Kros[m[K::init(argc, argv, "keyboard");
[1.145s]       |   [01;31m[K^~~[m[K
[1.146s] [01m[K/home/leon/robotica/scorbotLabo/teleop_packages/ros_keyboard/src/ros-keyboard/src/main.cpp:9:3:[m[K [01;31m[Kerror: [m[K‘[01m[Kros[m[K’ has not been declared
[1.146s]     9 |   [01;31m[Kros[m[K::NodeHandle n("~");
[1.146s]       |   [01;31m[K^~~[m[K
[1.146s] [01m[K/home/leon/robotica/scorbotLabo/teleop_packages/ros_keyboard/src/ros-keyboard/src/main.cpp:11:3:[m[K [01;31m[Kerror: [m[K‘[01m[Kros[m[K’ has not been declared
[1.146s]    11 |   [01;31m[Kros[m[K::Publisher pub_down = n.advertise<keyboard::msg::Key>("keydown", 10);
[1.146s]       |   [01;31m[K^~~[m[K
[1.146s] [01m[K/home/leon/robotica/scorbotLabo/teleop_packages/ros_keyboard/src/ros-keyboard/src/main.cpp:12:3:[m[K [01;31m[Kerror: [m[K‘[01m[Kros[m[K’ has not been declared
[1.146s]    12 |   [01;31m[Kros[m[K::Publisher pub_up = n.advertise<keyboard::msg::Key>("keyup", 10);
[1.147s]       |   [01;31m[K^~~[m[K
[1.153s] [01m[K/home/leon/robotica/scorbotLabo/teleop_packages/ros_keyboard/src/ros-keyboard/src/main.cpp:17:3:[m[K [01;31m[Kerror: [m[K‘[01m[Kn[m[K’ was not declared in this scope; did you mean ‘[01m[Kyn[m[K’?
[1.153s]    17 |   [01;31m[Kn[m[K.param<bool>("allow_repeat", allow_repeat, false); // disable by default
[1.153s]       |   [01;31m[K^[m[K
[1.153s]       |   [32m[Kyn[m[K
[1.153s] [01m[K/home/leon/robotica/scorbotLabo/teleop_packages/ros_keyboard/src/ros-keyboard/src/main.cpp:17:11:[m[K [01;31m[Kerror: [m[Kexpected primary-expression before ‘[01m[Kbool[m[K’
[1.153s]    17 |   n.param<[01;31m[Kbool[m[K>("allow_repeat", allow_repeat, false); // disable by default
[1.154s]       |           [01;31m[K^~~~[m[K
[1.154s] [01m[K/home/leon/robotica/scorbotLabo/teleop_packages/ros_keyboard/src/ros-keyboard/src/main.cpp:18:11:[m[K [01;31m[Kerror: [m[Kexpected primary-expression before ‘[01m[Kint[m[K’
[1.154s]    18 |   n.param<[01;31m[Kint[m[K>("repeat_delay", repeat_delay, SDL_DEFAULT_REPEAT_DELAY);
[1.154s]       |           [01;31m[K^~~[m[K
[1.154s] [01m[K/home/leon/robotica/scorbotLabo/teleop_packages/ros_keyboard/src/ros-keyboard/src/main.cpp:19:11:[m[K [01;31m[Kerror: [m[Kexpected primary-expression before ‘[01m[Kint[m[K’
[1.154s]    19 |   n.param<[01;31m[Kint[m[K>("repeat_interval", repeat_interval, SDL_DEFAULT_REPEAT_INTERVAL);
[1.154s]       |           [01;31m[K^~~[m[K
[1.154s] [01m[K/home/leon/robotica/scorbotLabo/teleop_packages/ros_keyboard/src/ros-keyboard/src/main.cpp:25:3:[m[K [01;31m[Kerror: [m[K‘[01m[Krclcpp[m[K’ has not been declared
[1.155s]    25 |   [01;31m[Krclcpp[m[K::Rate r(50);
[1.155s]       |   [01;31m[K^~~~~~[m[K
[1.155s] [01m[K/home/leon/robotica/scorbotLabo/teleop_packages/ros_keyboard/src/ros-keyboard/src/main.cpp:27:13:[m[K [01;31m[Kerror: [m[K‘[01m[Kkeyboard::msg[m[K’ has not been declared
[1.155s]    27 |   keyboard::[01;31m[Kmsg[m[K::Key k;
[1.155s]       |             [01;31m[K^~~[m[K
[1.155s] [01m[K/home/leon/robotica/scorbotLabo/teleop_packages/ros_keyboard/src/ros-keyboard/src/main.cpp:29:10:[m[K [01;31m[Kerror: [m[K‘[01m[Kros[m[K’ has not been declared
[1.155s]    29 |   while ([01;31m[Kros[m[K::ok() && kbd.get_key(new_event, pressed, k.code, k.modifiers))
[1.155s]       |          [01;31m[K^~~[m[K
[1.159s] [01m[K/home/leon/robotica/scorbotLabo/teleop_packages/ros_keyboard/src/ros-keyboard/src/main.cpp:29:55:[m[K [01;31m[Kerror: [m[K‘[01m[Kk[m[K’ was not declared in this scope
[1.159s]    29 |   while (ros::ok() && kbd.get_key(new_event, pressed, [01;31m[Kk[m[K.code, k.modifiers))
[1.159s]       |                                                       [01;31m[K^[m[K
[1.160s] [01m[K/home/leon/robotica/scorbotLabo/teleop_packages/ros_keyboard/src/ros-keyboard/src/main.cpp:33:24:[m[K [01;31m[Kerror: [m[K‘[01m[Krclcpp[m[K’ has not been declared
[1.160s]    33 |       k.header.stamp = [01;31m[Krclcpp[m[K::Time::now();
[1.160s]       |                        [01;31m[K^~~~~~[m[K
[1.169s] [01m[K/home/leon/robotica/scorbotLabo/teleop_packages/ros_keyboard/src/ros-keyboard/src/main.cpp:35:9:[m[K [01;31m[Kerror: [m[K‘[01m[Kpub_down[m[K’ was not declared in this scope
[1.169s]    35 |         [01;31m[Kpub_down[m[K.publish(k);
[1.169s]       |         [01;31m[K^~~~~~~~[m[K
[1.176s] [01m[K/home/leon/robotica/scorbotLabo/teleop_packages/ros_keyboard/src/ros-keyboard/src/main.cpp:37:9:[m[K [01;31m[Kerror: [m[K‘[01m[Kpub_up[m[K’ was not declared in this scope
[1.176s]    37 |         [01;31m[Kpub_up[m[K.publish(k);
[1.176s]       |         [01;31m[K^~~~~~[m[K
[1.176s] [01m[K/home/leon/robotica/scorbotLabo/teleop_packages/ros_keyboard/src/ros-keyboard/src/main.cpp:40:5:[m[K [01;31m[Kerror: [m[K‘[01m[Kros[m[K’ has not been declared
[1.176s]    40 |     [01;31m[Kros[m[K::spinOnce();
[1.177s]       |     [01;31m[K^~~[m[K
[1.183s] [01m[K/home/leon/robotica/scorbotLabo/teleop_packages/ros_keyboard/src/ros-keyboard/src/main.cpp:41:5:[m[K [01;31m[Kerror: [m[K‘[01m[Kr[m[K’ was not declared in this scope
[1.183s]    41 |     [01;31m[Kr[m[K.sleep();
[1.183s]       |     [01;31m[K^[m[K
[1.183s] [01m[K/home/leon/robotica/scorbotLabo/teleop_packages/ros_keyboard/src/ros-keyboard/src/main.cpp:44:3:[m[K [01;31m[Kerror: [m[K‘[01m[Kros[m[K’ has not been declared
[1.184s]    44 |   [01;31m[Kros[m[K::waitForShutdown();
[1.184s]       |   [01;31m[K^~~[m[K
[1.185s] [01m[K/home/leon/robotica/scorbotLabo/teleop_packages/ros_keyboard/src/ros-keyboard/src/keyboard.cpp:[m[K In constructor ‘[01m[Kkeyboard::Keyboard::Keyboard(int, int)[m[K’:
[1.185s] [01m[K/home/leon/robotica/scorbotLabo/teleop_packages/ros_keyboard/src/ros-keyboard/src/keyboard.cpp:6:3:[m[K [01;31m[Kerror: [m[K‘[01m[KSDL_EnableKeyRepeat[m[K’ was not declared in this scope
[1.185s]     6 |   [01;31m[KSDL_EnableKeyRepeat[m[K( repeat_delay, repeat_interval );
[1.185s]       |   [01;31m[K^~~~~~~~~~~~~~~~~~~[m[K
[1.218s] [01m[K/home/leon/robotica/scorbotLabo/teleop_packages/ros_keyboard/src/ros-keyboard/src/keyboard.cpp:7:3:[m[K [01;31m[Kerror: [m[K‘[01m[KSDL_WM_SetCaption[m[K’ was not declared in this scope
[1.218s]     7 |   [01;31m[KSDL_WM_SetCaption[m[K("ROS keyboard input", NULL);
[1.218s]       |   [01;31m[K^~~~~~~~~~~~~~~~~[m[K
[1.248s] [01m[K/home/leon/robotica/scorbotLabo/teleop_packages/ros_keyboard/src/ros-keyboard/src/keyboard.cpp:8:12:[m[K [01;31m[Kerror: [m[K‘[01m[KSDL_SetVideoMode[m[K’ was not declared in this scope; did you mean ‘[01m[KSDL_ScaleMode[m[K’?
[1.248s]     8 |   window = [01;31m[KSDL_SetVideoMode[m[K(100, 100, 0, 0);
[1.248s]       |            [01;31m[K^~~~~~~~~~~~~~~~[m[K
[1.248s]       |            [32m[KSDL_ScaleMode[m[K
[1.264s] [01m[K/home/leon/robotica/scorbotLabo/teleop_packages/ros_keyboard/src/ros-keyboard/src/keyboard.cpp:[m[K In member function ‘[01m[Kbool keyboard::Keyboard::get_key(bool&, bool&, uint16_t&, uint16_t&)[m[K’:
[1.264s] [01m[K/home/leon/robotica/scorbotLabo/teleop_packages/ros_keyboard/src/ros-keyboard/src/keyboard.cpp:32:9:[m[K [01;31m[Kerror: [m[K‘[01m[KSDL_Flip[m[K’ was not declared in this scope; did you mean ‘[01m[KSDL_blit[m[K’?
[1.264s]    32 |         [01;31m[KSDL_Flip[m[K(window);
[1.264s]       |         [01;31m[K^~~~~~~~[m[K
[1.264s]       |         [32m[KSDL_blit[m[K
[1.283s] gmake[2]: *** [CMakeFiles/keyboard.dir/build.make:76: CMakeFiles/keyboard.dir/src/main.cpp.o] Error 1
[1.283s] gmake[2]: *** Waiting for unfinished jobs....
[1.364s] gmake[2]: *** [CMakeFiles/keyboard.dir/build.make:90: CMakeFiles/keyboard.dir/src/keyboard.cpp.o] Error 1
[1.364s] gmake[1]: *** [CMakeFiles/Makefile2:137: CMakeFiles/keyboard.dir/all] Error 2
[1.364s] gmake: *** [Makefile:146: all] Error 2
[1.367s] Invoked command in '/home/leon/robotica/scorbotLabo/teleop_packages/ros_keyboard/build/keyboard' returned '2': CMAKE_PREFIX_PATH=${CMAKE_PREFIX_PATH}:/opt/ros/humble /usr/bin/cmake --build /home/leon/robotica/scorbotLabo/teleop_packages/ros_keyboard/build/keyboard -- -j8 -l8
