-- Found ament_cmake: 1.3.14 (/opt/ros/humble/share/ament_cmake/cmake)
-- Found scorbot_msgs: 0.0.0 (/home/leon/robotica/scorbotLabo/software_scorbot/scorbot_ws/install/scorbot_msgs/share/scorbot_msgs/cmake)
-- Found rosidl_generator_c: 3.1.8 (/opt/ros/humble/share/rosidl_generator_c/cmake)
-- Found rosidl_adapter: 3.1.8 (/opt/ros/humble/share/rosidl_adapter/cmake)
-- Found rosidl_generator_cpp: 3.1.8 (/opt/ros/humble/share/rosidl_generator_cpp/cmake)
-- Using all available rosidl_typesupport_c: rosidl_typesupport_fastrtps_c;rosidl_typesupport_introspection_c
-- Using all available rosidl_typesupport_cpp: rosidl_typesupport_fastrtps_cpp;rosidl_typesupport_introspection_cpp
-- Found universal_teleop_msgs: 2.0.0 (/home/leon/robotica/scorbotLabo/universal_teleop/install/universal_teleop_msgs/share/universal_teleop_msgs/cmake)
-- Found geometry_msgs: 4.9.1 (/opt/ros/humble/share/geometry_msgs/cmake)
-- Found trajectory_msgs: 4.9.1 (/opt/ros/humble/share/trajectory_msgs/cmake)
[31mCMake Error at CMakeLists.txt:17 (find_package):
  By not providing "Findcontrol_msgs.cmake" in CMAKE_MODULE_PATH this project
  has asked CMake to find a package configuration file provided by
  "control_msgs", but CMake did not find one.

  Could not find a package configuration file provided by "control_msgs" with
  any of the following names:

    control_msgsConfig.cmake
    control_msgs-config.cmake

  Add the installation prefix of "control_msgs" to CMAKE_PREFIX_PATH or set
  "control_msgs_DIR" to a directory containing one of the above files.  If
  "control_msgs" provides a separate development package or SDK, be sure it
  has been installed.

[0m
-- Configuring incomplete, errors occurred!
See also "/home/leon/robotica/scorbotLabo/software_scorbot/scorbot_ws/build/scorbot/CMakeFiles/CMakeOutput.log".
gmake: *** [Makefile:267: cmake_check_build_system] Error 1
