[0.018s] Invoking command in '/home/leon/robotica/scorbotLabo/software_scorbot/scorbot_ws/build/scorbot': CMAKE_PREFIX_PATH=${CMAKE_PREFIX_PATH}:/opt/ros/humble /usr/bin/cmake --build /home/leon/robotica/scorbotLabo/software_scorbot/scorbot_ws/build/scorbot -- -j4 -l4
[0.050s] -- Found ament_cmake: 1.3.14 (/opt/ros/humble/share/ament_cmake/cmake)
[0.269s] -- Found scorbot_msgs: 0.0.0 (/home/leon/robotica/scorbotLabo/software_scorbot/scorbot_ws/install/scorbot_msgs/share/scorbot_msgs/cmake)
[0.332s] -- Found rosidl_generator_c: 3.1.8 (/opt/ros/humble/share/rosidl_generator_c/cmake)
[0.340s] -- Found rosidl_adapter: 3.1.8 (/opt/ros/humble/share/rosidl_adapter/cmake)
[0.353s] -- Found rosidl_generator_cpp: 3.1.8 (/opt/ros/humble/share/rosidl_generator_cpp/cmake)
[0.372s] -- Using all available rosidl_typesupport_c: rosidl_typesupport_fastrtps_c;rosidl_typesupport_introspection_c
[0.397s] -- Using all available rosidl_typesupport_cpp: rosidl_typesupport_fastrtps_cpp;rosidl_typesupport_introspection_cpp
[0.459s] -- Found universal_teleop_msgs: 2.0.0 (/home/leon/robotica/scorbotLabo/universal_teleop/install/universal_teleop_msgs/share/universal_teleop_msgs/cmake)
[0.516s] -- Found geometry_msgs: 4.9.1 (/opt/ros/humble/share/geometry_msgs/cmake)
[0.559s] -- Found trajectory_msgs: 4.9.1 (/opt/ros/humble/share/trajectory_msgs/cmake)
[0.680s] [31mCMake Error at CMakeLists.txt:17 (find_package):
[0.681s]   By not providing "Findcontrol_msgs.cmake" in CMAKE_MODULE_PATH this project
[0.681s]   has asked CMake to find a package configuration file provided by
[0.681s]   "control_msgs", but CMake did not find one.
[0.681s] 
[0.682s]   Could not find a package configuration file provided by "control_msgs" with
[0.682s]   any of the following names:
[0.682s] 
[0.682s]     control_msgsConfig.cmake
[0.683s]     control_msgs-config.cmake
[0.683s] 
[0.683s]   Add the installation prefix of "control_msgs" to CMAKE_PREFIX_PATH or set
[0.683s]   "control_msgs_DIR" to a directory containing one of the above files.  If
[0.684s]   "control_msgs" provides a separate development package or SDK, be sure it
[0.684s]   has been installed.
[0.684s] 
[0.684s] [0m
[0.685s] -- Configuring incomplete, errors occurred!
[0.685s] See also "/home/leon/robotica/scorbotLabo/software_scorbot/scorbot_ws/build/scorbot/CMakeFiles/CMakeOutput.log".
[0.692s] gmake: *** [Makefile:267: cmake_check_build_system] Error 1
[0.696s] Invoked command in '/home/leon/robotica/scorbotLabo/software_scorbot/scorbot_ws/build/scorbot' returned '2': CMAKE_PREFIX_PATH=${CMAKE_PREFIX_PATH}:/opt/ros/humble /usr/bin/cmake --build /home/leon/robotica/scorbotLabo/software_scorbot/scorbot_ws/build/scorbot -- -j4 -l4
