[0.187s] DEBUG:colcon:Command line arguments: ['/usr/bin/colcon', 'build']
[0.187s] DEBUG:colcon:Parsed command line arguments: Namespace(log_base=None, log_level=None, verb_name='build', build_base='build', install_base='install', merge_install=False, symlink_install=False, test_result_base=None, continue_on_error=False, executor='parallel', parallel_workers=4, event_handlers=None, ignore_user_meta=False, metas=['./colcon.meta'], base_paths=['.'], packages_ignore=None, packages_ignore_regex=None, paths=None, packages_up_to=None, packages_up_to_regex=None, packages_above=None, packages_above_and_dependencies=None, packages_above_depth=None, packages_select_by_dep=None, packages_skip_by_dep=None, packages_skip_up_to=None, packages_select_build_failed=False, packages_skip_build_finished=False, packages_select_test_failures=False, packages_skip_test_passed=False, packages_select=None, packages_skip=None, packages_select_regex=None, packages_skip_regex=None, packages_start=None, packages_end=None, allow_overriding=[], cmake_args=None, cmake_target=None, cmake_target_skip_unavailable=False, cmake_clean_cache=False, cmake_clean_first=False, cmake_force_configure=False, ament_cmake_args=None, catkin_cmake_args=None, catkin_skip_building_tests=False, verb_parser=<colcon_defaults.argument_parser.defaults.DefaultArgumentsDecorator object at 0x797ff330b460>, verb_extension=<colcon_core.verb.build.BuildVerb object at 0x797ff330aef0>, main=<bound method BuildVerb.main of <colcon_core.verb.build.BuildVerb object at 0x797ff330aef0>>)
[0.479s] Level 1:colcon.colcon_core.package_discovery:discover_packages(colcon_meta) check parameters
[0.479s] Level 1:colcon.colcon_core.package_discovery:discover_packages(recursive) check parameters
[0.479s] Level 1:colcon.colcon_core.package_discovery:discover_packages(ignore) check parameters
[0.479s] Level 1:colcon.colcon_core.package_discovery:discover_packages(path) check parameters
[0.479s] Level 1:colcon.colcon_core.package_discovery:discover_packages(colcon_meta) discover
[0.479s] Level 1:colcon.colcon_core.package_discovery:discover_packages(recursive) discover
[0.479s] INFO:colcon.colcon_core.package_discovery:Crawling recursively for packages in '/home/leon/robotica/scorbotLabo/teleop_packages/universal_teleop'
[0.479s] Level 1:colcon.colcon_core.package_identification:_identify(.) by extensions ['ignore', 'ignore_ament_install']
[0.479s] Level 1:colcon.colcon_core.package_identification:_identify(.) by extension 'ignore'
[0.480s] Level 1:colcon.colcon_core.package_identification:_identify(.) by extension 'ignore_ament_install'
[0.480s] Level 1:colcon.colcon_core.package_identification:_identify(.) by extensions ['colcon_pkg']
[0.480s] Level 1:colcon.colcon_core.package_identification:_identify(.) by extension 'colcon_pkg'
[0.480s] Level 1:colcon.colcon_core.package_identification:_identify(.) by extensions ['colcon_meta']
[0.480s] Level 1:colcon.colcon_core.package_identification:_identify(.) by extension 'colcon_meta'
[0.480s] Level 1:colcon.colcon_core.package_identification:_identify(.) by extensions ['ros']
[0.480s] Level 1:colcon.colcon_core.package_identification:_identify(.) by extension 'ros'
[0.499s] Level 1:colcon.colcon_core.package_identification:_identify(.) by extensions ['cmake', 'python']
[0.499s] Level 1:colcon.colcon_core.package_identification:_identify(.) by extension 'cmake'
[0.499s] Level 1:colcon.colcon_core.package_identification:_identify(.) by extension 'python'
[0.499s] Level 1:colcon.colcon_core.package_identification:_identify(.) by extensions ['python_setup_py']
[0.499s] Level 1:colcon.colcon_core.package_identification:_identify(.) by extension 'python_setup_py'
[0.499s] Level 1:colcon.colcon_core.package_identification:_identify(build) by extensions ['ignore', 'ignore_ament_install']
[0.499s] Level 1:colcon.colcon_core.package_identification:_identify(build) by extension 'ignore'
[0.499s] Level 1:colcon.colcon_core.package_identification:_identify(build) ignored
[0.500s] Level 1:colcon.colcon_core.package_identification:_identify(install) by extensions ['ignore', 'ignore_ament_install']
[0.500s] Level 1:colcon.colcon_core.package_identification:_identify(install) by extension 'ignore'
[0.500s] Level 1:colcon.colcon_core.package_identification:_identify(install) ignored
[0.500s] Level 1:colcon.colcon_core.package_identification:_identify(log) by extensions ['ignore', 'ignore_ament_install']
[0.500s] Level 1:colcon.colcon_core.package_identification:_identify(log) by extension 'ignore'
[0.500s] Level 1:colcon.colcon_core.package_identification:_identify(log) ignored
[0.500s] Level 1:colcon.colcon_core.package_identification:_identify(src) by extensions ['ignore', 'ignore_ament_install']
[0.500s] Level 1:colcon.colcon_core.package_identification:_identify(src) by extension 'ignore'
[0.501s] Level 1:colcon.colcon_core.package_identification:_identify(src) by extension 'ignore_ament_install'
[0.501s] Level 1:colcon.colcon_core.package_identification:_identify(src) by extensions ['colcon_pkg']
[0.501s] Level 1:colcon.colcon_core.package_identification:_identify(src) by extension 'colcon_pkg'
[0.501s] Level 1:colcon.colcon_core.package_identification:_identify(src) by extensions ['colcon_meta']
[0.501s] Level 1:colcon.colcon_core.package_identification:_identify(src) by extension 'colcon_meta'
[0.501s] Level 1:colcon.colcon_core.package_identification:_identify(src) by extensions ['ros']
[0.501s] Level 1:colcon.colcon_core.package_identification:_identify(src) by extension 'ros'
[0.501s] Level 1:colcon.colcon_core.package_identification:_identify(src) by extensions ['cmake', 'python']
[0.501s] Level 1:colcon.colcon_core.package_identification:_identify(src) by extension 'cmake'
[0.501s] Level 1:colcon.colcon_core.package_identification:_identify(src) by extension 'python'
[0.501s] Level 1:colcon.colcon_core.package_identification:_identify(src) by extensions ['python_setup_py']
[0.501s] Level 1:colcon.colcon_core.package_identification:_identify(src) by extension 'python_setup_py'
[0.501s] Level 1:colcon.colcon_core.package_identification:_identify(src/ros-keyboard) by extensions ['ignore', 'ignore_ament_install']
[0.501s] Level 1:colcon.colcon_core.package_identification:_identify(src/ros-keyboard) by extension 'ignore'
[0.502s] Level 1:colcon.colcon_core.package_identification:_identify(src/ros-keyboard) by extension 'ignore_ament_install'
[0.502s] Level 1:colcon.colcon_core.package_identification:_identify(src/ros-keyboard) by extensions ['colcon_pkg']
[0.502s] Level 1:colcon.colcon_core.package_identification:_identify(src/ros-keyboard) by extension 'colcon_pkg'
[0.502s] Level 1:colcon.colcon_core.package_identification:_identify(src/ros-keyboard) by extensions ['colcon_meta']
[0.502s] Level 1:colcon.colcon_core.package_identification:_identify(src/ros-keyboard) by extension 'colcon_meta'
[0.502s] Level 1:colcon.colcon_core.package_identification:_identify(src/ros-keyboard) by extensions ['ros']
[0.502s] Level 1:colcon.colcon_core.package_identification:_identify(src/ros-keyboard) by extension 'ros'
[0.506s] DEBUG:colcon.colcon_core.package_identification:Package 'src/ros-keyboard' with type 'ros.ament_cmake' and name 'keyboard'
[0.506s] Level 1:colcon.colcon_core.package_identification:_identify(src/ros-universal-teleop) by extensions ['ignore', 'ignore_ament_install']
[0.506s] Level 1:colcon.colcon_core.package_identification:_identify(src/ros-universal-teleop) by extension 'ignore'
[0.506s] Level 1:colcon.colcon_core.package_identification:_identify(src/ros-universal-teleop) by extension 'ignore_ament_install'
[0.507s] Level 1:colcon.colcon_core.package_identification:_identify(src/ros-universal-teleop) by extensions ['colcon_pkg']
[0.507s] Level 1:colcon.colcon_core.package_identification:_identify(src/ros-universal-teleop) by extension 'colcon_pkg'
[0.507s] Level 1:colcon.colcon_core.package_identification:_identify(src/ros-universal-teleop) by extensions ['colcon_meta']
[0.507s] Level 1:colcon.colcon_core.package_identification:_identify(src/ros-universal-teleop) by extension 'colcon_meta'
[0.507s] Level 1:colcon.colcon_core.package_identification:_identify(src/ros-universal-teleop) by extensions ['ros']
[0.507s] Level 1:colcon.colcon_core.package_identification:_identify(src/ros-universal-teleop) by extension 'ros'
[0.509s] DEBUG:colcon.colcon_core.package_identification:Package 'src/ros-universal-teleop' with type 'ros.ament_cmake' and name 'universal_teleop'
[0.509s] Level 1:colcon.colcon_core.package_identification:_identify(src/ros-universal-teleop-msgs) by extensions ['ignore', 'ignore_ament_install']
[0.509s] Level 1:colcon.colcon_core.package_identification:_identify(src/ros-universal-teleop-msgs) by extension 'ignore'
[0.509s] Level 1:colcon.colcon_core.package_identification:_identify(src/ros-universal-teleop-msgs) by extension 'ignore_ament_install'
[0.509s] Level 1:colcon.colcon_core.package_identification:_identify(src/ros-universal-teleop-msgs) by extensions ['colcon_pkg']
[0.509s] Level 1:colcon.colcon_core.package_identification:_identify(src/ros-universal-teleop-msgs) by extension 'colcon_pkg'
[0.509s] Level 1:colcon.colcon_core.package_identification:_identify(src/ros-universal-teleop-msgs) by extensions ['colcon_meta']
[0.510s] Level 1:colcon.colcon_core.package_identification:_identify(src/ros-universal-teleop-msgs) by extension 'colcon_meta'
[0.510s] Level 1:colcon.colcon_core.package_identification:_identify(src/ros-universal-teleop-msgs) by extensions ['ros']
[0.510s] Level 1:colcon.colcon_core.package_identification:_identify(src/ros-universal-teleop-msgs) by extension 'ros'
[0.511s] DEBUG:colcon.colcon_core.package_identification:Package 'src/ros-universal-teleop-msgs' with type 'ros.ament_cmake' and name 'universal_teleop_msgs'
[0.511s] Level 1:colcon.colcon_core.package_identification:_identify(src/ros_keyboard_msgs) by extensions ['ignore', 'ignore_ament_install']
[0.511s] Level 1:colcon.colcon_core.package_identification:_identify(src/ros_keyboard_msgs) by extension 'ignore'
[0.511s] Level 1:colcon.colcon_core.package_identification:_identify(src/ros_keyboard_msgs) by extension 'ignore_ament_install'
[0.511s] Level 1:colcon.colcon_core.package_identification:_identify(src/ros_keyboard_msgs) by extensions ['colcon_pkg']
[0.511s] Level 1:colcon.colcon_core.package_identification:_identify(src/ros_keyboard_msgs) by extension 'colcon_pkg'
[0.511s] Level 1:colcon.colcon_core.package_identification:_identify(src/ros_keyboard_msgs) by extensions ['colcon_meta']
[0.511s] Level 1:colcon.colcon_core.package_identification:_identify(src/ros_keyboard_msgs) by extension 'colcon_meta'
[0.511s] Level 1:colcon.colcon_core.package_identification:_identify(src/ros_keyboard_msgs) by extensions ['ros']
[0.511s] Level 1:colcon.colcon_core.package_identification:_identify(src/ros_keyboard_msgs) by extension 'ros'
[0.512s] DEBUG:colcon.colcon_core.package_identification:Package 'src/ros_keyboard_msgs' with type 'ros.ament_cmake' and name 'keyboard_msgs'
[0.512s] Level 1:colcon.colcon_core.package_discovery:discover_packages(recursive) using defaults
[0.512s] Level 1:colcon.colcon_core.package_discovery:discover_packages(ignore) discover
[0.512s] Level 1:colcon.colcon_core.package_discovery:discover_packages(ignore) using defaults
[0.512s] Level 1:colcon.colcon_core.package_discovery:discover_packages(path) discover
[0.513s] Level 1:colcon.colcon_core.package_discovery:discover_packages(path) using defaults
[0.542s] Level 1:colcon.colcon_core.package_discovery:discover_packages(prefix_path) check parameters
[0.543s] Level 1:colcon.colcon_core.package_discovery:discover_packages(prefix_path) discover
[0.545s] DEBUG:colcon.colcon_installed_package_information.package_discovery:Found 4 installed packages in /home/leon/robotica/scorbotLabo/teleop_packages/universal_teleop/install
[0.547s] DEBUG:colcon.colcon_installed_package_information.package_discovery:Found 273 installed packages in /opt/ros/humble
[0.570s] Level 1:colcon.colcon_core.package_discovery:discover_packages(prefix_path) using defaults
[0.633s] Level 5:colcon.colcon_core.verb:set package 'keyboard_msgs' build argument 'cmake_args' from command line to 'None'
[0.633s] Level 5:colcon.colcon_core.verb:set package 'keyboard_msgs' build argument 'cmake_target' from command line to 'None'
[0.633s] Level 5:colcon.colcon_core.verb:set package 'keyboard_msgs' build argument 'cmake_target_skip_unavailable' from command line to 'False'
[0.633s] Level 5:colcon.colcon_core.verb:set package 'keyboard_msgs' build argument 'cmake_clean_cache' from command line to 'False'
[0.633s] Level 5:colcon.colcon_core.verb:set package 'keyboard_msgs' build argument 'cmake_clean_first' from command line to 'False'
[0.633s] Level 5:colcon.colcon_core.verb:set package 'keyboard_msgs' build argument 'cmake_force_configure' from command line to 'False'
[0.633s] Level 5:colcon.colcon_core.verb:set package 'keyboard_msgs' build argument 'ament_cmake_args' from command line to 'None'
[0.633s] Level 5:colcon.colcon_core.verb:set package 'keyboard_msgs' build argument 'catkin_cmake_args' from command line to 'None'
[0.633s] Level 5:colcon.colcon_core.verb:set package 'keyboard_msgs' build argument 'catkin_skip_building_tests' from command line to 'False'
[0.633s] DEBUG:colcon.colcon_core.verb:Building package 'keyboard_msgs' with the following arguments: {'ament_cmake_args': None, 'build_base': '/home/leon/robotica/scorbotLabo/teleop_packages/universal_teleop/build/keyboard_msgs', 'catkin_cmake_args': None, 'catkin_skip_building_tests': False, 'cmake_args': None, 'cmake_clean_cache': False, 'cmake_clean_first': False, 'cmake_force_configure': False, 'cmake_target': None, 'cmake_target_skip_unavailable': False, 'install_base': '/home/leon/robotica/scorbotLabo/teleop_packages/universal_teleop/install/keyboard_msgs', 'merge_install': False, 'path': '/home/leon/robotica/scorbotLabo/teleop_packages/universal_teleop/src/ros_keyboard_msgs', 'symlink_install': False, 'test_result_base': None}
[0.634s] Level 5:colcon.colcon_core.verb:set package 'universal_teleop_msgs' build argument 'cmake_args' from command line to 'None'
[0.634s] Level 5:colcon.colcon_core.verb:set package 'universal_teleop_msgs' build argument 'cmake_target' from command line to 'None'
[0.634s] Level 5:colcon.colcon_core.verb:set package 'universal_teleop_msgs' build argument 'cmake_target_skip_unavailable' from command line to 'False'
[0.634s] Level 5:colcon.colcon_core.verb:set package 'universal_teleop_msgs' build argument 'cmake_clean_cache' from command line to 'False'
[0.634s] Level 5:colcon.colcon_core.verb:set package 'universal_teleop_msgs' build argument 'cmake_clean_first' from command line to 'False'
[0.634s] Level 5:colcon.colcon_core.verb:set package 'universal_teleop_msgs' build argument 'cmake_force_configure' from command line to 'False'
[0.634s] Level 5:colcon.colcon_core.verb:set package 'universal_teleop_msgs' build argument 'ament_cmake_args' from command line to 'None'
[0.634s] Level 5:colcon.colcon_core.verb:set package 'universal_teleop_msgs' build argument 'catkin_cmake_args' from command line to 'None'
[0.634s] Level 5:colcon.colcon_core.verb:set package 'universal_teleop_msgs' build argument 'catkin_skip_building_tests' from command line to 'False'
[0.634s] DEBUG:colcon.colcon_core.verb:Building package 'universal_teleop_msgs' with the following arguments: {'ament_cmake_args': None, 'build_base': '/home/leon/robotica/scorbotLabo/teleop_packages/universal_teleop/build/universal_teleop_msgs', 'catkin_cmake_args': None, 'catkin_skip_building_tests': False, 'cmake_args': None, 'cmake_clean_cache': False, 'cmake_clean_first': False, 'cmake_force_configure': False, 'cmake_target': None, 'cmake_target_skip_unavailable': False, 'install_base': '/home/leon/robotica/scorbotLabo/teleop_packages/universal_teleop/install/universal_teleop_msgs', 'merge_install': False, 'path': '/home/leon/robotica/scorbotLabo/teleop_packages/universal_teleop/src/ros-universal-teleop-msgs', 'symlink_install': False, 'test_result_base': None}
[0.635s] Level 5:colcon.colcon_core.verb:set package 'keyboard' build argument 'cmake_args' from command line to 'None'
[0.635s] Level 5:colcon.colcon_core.verb:set package 'keyboard' build argument 'cmake_target' from command line to 'None'
[0.635s] Level 5:colcon.colcon_core.verb:set package 'keyboard' build argument 'cmake_target_skip_unavailable' from command line to 'False'
[0.635s] Level 5:colcon.colcon_core.verb:set package 'keyboard' build argument 'cmake_clean_cache' from command line to 'False'
[0.635s] Level 5:colcon.colcon_core.verb:set package 'keyboard' build argument 'cmake_clean_first' from command line to 'False'
[0.635s] Level 5:colcon.colcon_core.verb:set package 'keyboard' build argument 'cmake_force_configure' from command line to 'False'
[0.635s] Level 5:colcon.colcon_core.verb:set package 'keyboard' build argument 'ament_cmake_args' from command line to 'None'
[0.635s] Level 5:colcon.colcon_core.verb:set package 'keyboard' build argument 'catkin_cmake_args' from command line to 'None'
[0.635s] Level 5:colcon.colcon_core.verb:set package 'keyboard' build argument 'catkin_skip_building_tests' from command line to 'False'
[0.635s] DEBUG:colcon.colcon_core.verb:Building package 'keyboard' with the following arguments: {'ament_cmake_args': None, 'build_base': '/home/leon/robotica/scorbotLabo/teleop_packages/universal_teleop/build/keyboard', 'catkin_cmake_args': None, 'catkin_skip_building_tests': False, 'cmake_args': None, 'cmake_clean_cache': False, 'cmake_clean_first': False, 'cmake_force_configure': False, 'cmake_target': None, 'cmake_target_skip_unavailable': False, 'install_base': '/home/leon/robotica/scorbotLabo/teleop_packages/universal_teleop/install/keyboard', 'merge_install': False, 'path': '/home/leon/robotica/scorbotLabo/teleop_packages/universal_teleop/src/ros-keyboard', 'symlink_install': False, 'test_result_base': None}
[0.636s] Level 5:colcon.colcon_core.verb:set package 'universal_teleop' build argument 'cmake_args' from command line to 'None'
[0.636s] Level 5:colcon.colcon_core.verb:set package 'universal_teleop' build argument 'cmake_target' from command line to 'None'
[0.636s] Level 5:colcon.colcon_core.verb:set package 'universal_teleop' build argument 'cmake_target_skip_unavailable' from command line to 'False'
[0.636s] Level 5:colcon.colcon_core.verb:set package 'universal_teleop' build argument 'cmake_clean_cache' from command line to 'False'
[0.636s] Level 5:colcon.colcon_core.verb:set package 'universal_teleop' build argument 'cmake_clean_first' from command line to 'False'
[0.636s] Level 5:colcon.colcon_core.verb:set package 'universal_teleop' build argument 'cmake_force_configure' from command line to 'False'
[0.636s] Level 5:colcon.colcon_core.verb:set package 'universal_teleop' build argument 'ament_cmake_args' from command line to 'None'
[0.636s] Level 5:colcon.colcon_core.verb:set package 'universal_teleop' build argument 'catkin_cmake_args' from command line to 'None'
[0.636s] Level 5:colcon.colcon_core.verb:set package 'universal_teleop' build argument 'catkin_skip_building_tests' from command line to 'False'
[0.636s] DEBUG:colcon.colcon_core.verb:Building package 'universal_teleop' with the following arguments: {'ament_cmake_args': None, 'build_base': '/home/leon/robotica/scorbotLabo/teleop_packages/universal_teleop/build/universal_teleop', 'catkin_cmake_args': None, 'catkin_skip_building_tests': False, 'cmake_args': None, 'cmake_clean_cache': False, 'cmake_clean_first': False, 'cmake_force_configure': False, 'cmake_target': None, 'cmake_target_skip_unavailable': False, 'install_base': '/home/leon/robotica/scorbotLabo/teleop_packages/universal_teleop/install/universal_teleop', 'merge_install': False, 'path': '/home/leon/robotica/scorbotLabo/teleop_packages/universal_teleop/src/ros-universal-teleop', 'symlink_install': False, 'test_result_base': None}
[0.636s] INFO:colcon.colcon_core.executor:Executing jobs using 'parallel' executor
[0.638s] DEBUG:colcon.colcon_parallel_executor.executor.parallel:run_until_complete
[0.638s] INFO:colcon.colcon_ros.task.ament_cmake.build:Building ROS package in '/home/leon/robotica/scorbotLabo/teleop_packages/universal_teleop/src/ros_keyboard_msgs' with build type 'ament_cmake'
[0.638s] INFO:colcon.colcon_cmake.task.cmake.build:Building CMake package in '/home/leon/robotica/scorbotLabo/teleop_packages/universal_teleop/src/ros_keyboard_msgs'
[0.642s] INFO:colcon.colcon_core.plugin_system:Skipping extension 'colcon_core.shell.bat': Not used on non-Windows systems
[0.642s] INFO:colcon.colcon_core.shell:Skip shell extension 'powershell' for command environment: Not usable outside of PowerShell
[0.642s] DEBUG:colcon.colcon_core.shell:Skip shell extension 'dsv' for command environment
[0.649s] INFO:colcon.colcon_ros.task.ament_cmake.build:Building ROS package in '/home/leon/robotica/scorbotLabo/teleop_packages/universal_teleop/src/ros-universal-teleop-msgs' with build type 'ament_cmake'
[0.649s] INFO:colcon.colcon_cmake.task.cmake.build:Building CMake package in '/home/leon/robotica/scorbotLabo/teleop_packages/universal_teleop/src/ros-universal-teleop-msgs'
[0.650s] INFO:colcon.colcon_core.shell:Skip shell extension 'powershell' for command environment: Not usable outside of PowerShell
[0.650s] DEBUG:colcon.colcon_core.shell:Skip shell extension 'dsv' for command environment
[0.665s] DEBUG:colcon.colcon_core.event_handler.log_command:Invoking command in '/home/leon/robotica/scorbotLabo/teleop_packages/universal_teleop/build/keyboard_msgs': CMAKE_PREFIX_PATH=${CMAKE_PREFIX_PATH}:/opt/ros/humble /usr/bin/cmake --build /home/leon/robotica/scorbotLabo/teleop_packages/universal_teleop/build/keyboard_msgs -- -j4 -l4
[0.671s] DEBUG:colcon.colcon_core.event_handler.log_command:Invoking command in '/home/leon/robotica/scorbotLabo/teleop_packages/universal_teleop/build/universal_teleop_msgs': CMAKE_PREFIX_PATH=${CMAKE_PREFIX_PATH}:/opt/ros/humble /usr/bin/cmake --build /home/leon/robotica/scorbotLabo/teleop_packages/universal_teleop/build/universal_teleop_msgs -- -j4 -l4
[1.574s] DEBUG:colcon.colcon_core.event_handler.log_command:Invoked command in '/home/leon/robotica/scorbotLabo/teleop_packages/universal_teleop/build/universal_teleop_msgs' returned '0': CMAKE_PREFIX_PATH=${CMAKE_PREFIX_PATH}:/opt/ros/humble /usr/bin/cmake --build /home/leon/robotica/scorbotLabo/teleop_packages/universal_teleop/build/universal_teleop_msgs -- -j4 -l4
[1.591s] DEBUG:colcon.colcon_core.event_handler.log_command:Invoking command in '/home/leon/robotica/scorbotLabo/teleop_packages/universal_teleop/build/universal_teleop_msgs': CMAKE_PREFIX_PATH=${CMAKE_PREFIX_PATH}:/opt/ros/humble /usr/bin/cmake --install /home/leon/robotica/scorbotLabo/teleop_packages/universal_teleop/build/universal_teleop_msgs
[1.595s] DEBUG:colcon.colcon_core.event_handler.log_command:Invoked command in '/home/leon/robotica/scorbotLabo/teleop_packages/universal_teleop/build/keyboard_msgs' returned '0': CMAKE_PREFIX_PATH=${CMAKE_PREFIX_PATH}:/opt/ros/humble /usr/bin/cmake --build /home/leon/robotica/scorbotLabo/teleop_packages/universal_teleop/build/keyboard_msgs -- -j4 -l4
[1.598s] DEBUG:colcon.colcon_core.event_handler.log_command:Invoking command in '/home/leon/robotica/scorbotLabo/teleop_packages/universal_teleop/build/keyboard_msgs': CMAKE_PREFIX_PATH=${CMAKE_PREFIX_PATH}:/opt/ros/humble /usr/bin/cmake --install /home/leon/robotica/scorbotLabo/teleop_packages/universal_teleop/build/keyboard_msgs
[1.697s] Level 1:colcon.colcon_core.environment:create_environment_scripts_only(keyboard_msgs)
[1.705s] DEBUG:colcon.colcon_core.event_handler.log_command:Invoked command in '/home/leon/robotica/scorbotLabo/teleop_packages/universal_teleop/build/keyboard_msgs' returned '0': CMAKE_PREFIX_PATH=${CMAKE_PREFIX_PATH}:/opt/ros/humble /usr/bin/cmake --install /home/leon/robotica/scorbotLabo/teleop_packages/universal_teleop/build/keyboard_msgs
[1.706s] Level 1:colcon.colcon_core.environment:checking '/home/leon/robotica/scorbotLabo/teleop_packages/universal_teleop/install/keyboard_msgs' for CMake module files
[1.709s] Level 1:colcon.colcon_core.environment:checking '/home/leon/robotica/scorbotLabo/teleop_packages/universal_teleop/install/keyboard_msgs' for CMake config files
[1.714s] Level 1:colcon.colcon_core.shell:create_environment_hook('keyboard_msgs', 'cmake_prefix_path')
[1.715s] INFO:colcon.colcon_core.shell:Creating environment hook '/home/leon/robotica/scorbotLabo/teleop_packages/universal_teleop/install/keyboard_msgs/share/keyboard_msgs/hook/cmake_prefix_path.ps1'
[1.716s] INFO:colcon.colcon_core.shell:Creating environment descriptor '/home/leon/robotica/scorbotLabo/teleop_packages/universal_teleop/install/keyboard_msgs/share/keyboard_msgs/hook/cmake_prefix_path.dsv'
[1.717s] INFO:colcon.colcon_core.shell:Creating environment hook '/home/leon/robotica/scorbotLabo/teleop_packages/universal_teleop/install/keyboard_msgs/share/keyboard_msgs/hook/cmake_prefix_path.sh'
[1.718s] Level 1:colcon.colcon_core.environment:checking '/home/leon/robotica/scorbotLabo/teleop_packages/universal_teleop/install/keyboard_msgs/lib'
[1.719s] Level 1:colcon.colcon_core.shell:create_environment_hook('keyboard_msgs', 'ld_library_path_lib')
[1.719s] INFO:colcon.colcon_core.shell:Creating environment hook '/home/leon/robotica/scorbotLabo/teleop_packages/universal_teleop/install/keyboard_msgs/share/keyboard_msgs/hook/ld_library_path_lib.ps1'
[1.720s] INFO:colcon.colcon_core.shell:Creating environment descriptor '/home/leon/robotica/scorbotLabo/teleop_packages/universal_teleop/install/keyboard_msgs/share/keyboard_msgs/hook/ld_library_path_lib.dsv'
[1.721s] INFO:colcon.colcon_core.shell:Creating environment hook '/home/leon/robotica/scorbotLabo/teleop_packages/universal_teleop/install/keyboard_msgs/share/keyboard_msgs/hook/ld_library_path_lib.sh'
[1.722s] Level 1:colcon.colcon_core.environment:checking '/home/leon/robotica/scorbotLabo/teleop_packages/universal_teleop/install/keyboard_msgs/bin'
[1.722s] Level 1:colcon.colcon_core.environment:checking '/home/leon/robotica/scorbotLabo/teleop_packages/universal_teleop/install/keyboard_msgs/lib/pkgconfig/keyboard_msgs.pc'
[1.722s] Level 1:colcon.colcon_core.environment:checking '/home/leon/robotica/scorbotLabo/teleop_packages/universal_teleop/install/keyboard_msgs/lib/python3.10/site-packages'
[1.723s] Level 1:colcon.colcon_core.environment:checking '/home/leon/robotica/scorbotLabo/teleop_packages/universal_teleop/install/keyboard_msgs/bin'
[1.724s] INFO:colcon.colcon_core.shell:Creating package script '/home/leon/robotica/scorbotLabo/teleop_packages/universal_teleop/install/keyboard_msgs/share/keyboard_msgs/package.ps1'
[1.726s] INFO:colcon.colcon_core.shell:Creating package descriptor '/home/leon/robotica/scorbotLabo/teleop_packages/universal_teleop/install/keyboard_msgs/share/keyboard_msgs/package.dsv'
[1.728s] INFO:colcon.colcon_core.shell:Creating package script '/home/leon/robotica/scorbotLabo/teleop_packages/universal_teleop/install/keyboard_msgs/share/keyboard_msgs/package.sh'
[1.729s] INFO:colcon.colcon_core.shell:Creating package script '/home/leon/robotica/scorbotLabo/teleop_packages/universal_teleop/install/keyboard_msgs/share/keyboard_msgs/package.bash'
[1.731s] INFO:colcon.colcon_core.shell:Creating package script '/home/leon/robotica/scorbotLabo/teleop_packages/universal_teleop/install/keyboard_msgs/share/keyboard_msgs/package.zsh'
[1.732s] Level 1:colcon.colcon_core.environment:create_file_with_runtime_dependencies(/home/leon/robotica/scorbotLabo/teleop_packages/universal_teleop/install/keyboard_msgs/share/colcon-core/packages/keyboard_msgs)
[1.734s] Level 1:colcon.colcon_core.environment:create_environment_scripts_only(keyboard_msgs)
[1.734s] Level 1:colcon.colcon_core.environment:checking '/home/leon/robotica/scorbotLabo/teleop_packages/universal_teleop/install/keyboard_msgs' for CMake module files
[1.736s] Level 1:colcon.colcon_core.environment:checking '/home/leon/robotica/scorbotLabo/teleop_packages/universal_teleop/install/keyboard_msgs' for CMake config files
[1.736s] Level 1:colcon.colcon_core.shell:create_environment_hook('keyboard_msgs', 'cmake_prefix_path')
[1.737s] INFO:colcon.colcon_core.shell:Creating environment hook '/home/leon/robotica/scorbotLabo/teleop_packages/universal_teleop/install/keyboard_msgs/share/keyboard_msgs/hook/cmake_prefix_path.ps1'
[1.738s] INFO:colcon.colcon_core.shell:Creating environment descriptor '/home/leon/robotica/scorbotLabo/teleop_packages/universal_teleop/install/keyboard_msgs/share/keyboard_msgs/hook/cmake_prefix_path.dsv'
[1.738s] INFO:colcon.colcon_core.shell:Creating environment hook '/home/leon/robotica/scorbotLabo/teleop_packages/universal_teleop/install/keyboard_msgs/share/keyboard_msgs/hook/cmake_prefix_path.sh'
[1.740s] Level 1:colcon.colcon_core.environment:checking '/home/leon/robotica/scorbotLabo/teleop_packages/universal_teleop/install/keyboard_msgs/lib'
[1.740s] Level 1:colcon.colcon_core.shell:create_environment_hook('keyboard_msgs', 'ld_library_path_lib')
[1.740s] INFO:colcon.colcon_core.shell:Creating environment hook '/home/leon/robotica/scorbotLabo/teleop_packages/universal_teleop/install/keyboard_msgs/share/keyboard_msgs/hook/ld_library_path_lib.ps1'
[1.741s] INFO:colcon.colcon_core.shell:Creating environment descriptor '/home/leon/robotica/scorbotLabo/teleop_packages/universal_teleop/install/keyboard_msgs/share/keyboard_msgs/hook/ld_library_path_lib.dsv'
[1.742s] INFO:colcon.colcon_core.shell:Creating environment hook '/home/leon/robotica/scorbotLabo/teleop_packages/universal_teleop/install/keyboard_msgs/share/keyboard_msgs/hook/ld_library_path_lib.sh'
[1.743s] Level 1:colcon.colcon_core.environment:checking '/home/leon/robotica/scorbotLabo/teleop_packages/universal_teleop/install/keyboard_msgs/bin'
[1.743s] Level 1:colcon.colcon_core.environment:checking '/home/leon/robotica/scorbotLabo/teleop_packages/universal_teleop/install/keyboard_msgs/lib/pkgconfig/keyboard_msgs.pc'
[1.743s] Level 1:colcon.colcon_core.environment:checking '/home/leon/robotica/scorbotLabo/teleop_packages/universal_teleop/install/keyboard_msgs/lib/python3.10/site-packages'
[1.744s] Level 1:colcon.colcon_core.environment:checking '/home/leon/robotica/scorbotLabo/teleop_packages/universal_teleop/install/keyboard_msgs/bin'
[1.745s] INFO:colcon.colcon_core.shell:Creating package script '/home/leon/robotica/scorbotLabo/teleop_packages/universal_teleop/install/keyboard_msgs/share/keyboard_msgs/package.ps1'
[1.746s] INFO:colcon.colcon_core.shell:Creating package descriptor '/home/leon/robotica/scorbotLabo/teleop_packages/universal_teleop/install/keyboard_msgs/share/keyboard_msgs/package.dsv'
[1.747s] INFO:colcon.colcon_core.shell:Creating package script '/home/leon/robotica/scorbotLabo/teleop_packages/universal_teleop/install/keyboard_msgs/share/keyboard_msgs/package.sh'
[1.748s] INFO:colcon.colcon_core.shell:Creating package script '/home/leon/robotica/scorbotLabo/teleop_packages/universal_teleop/install/keyboard_msgs/share/keyboard_msgs/package.bash'
[1.749s] INFO:colcon.colcon_core.shell:Creating package script '/home/leon/robotica/scorbotLabo/teleop_packages/universal_teleop/install/keyboard_msgs/share/keyboard_msgs/package.zsh'
[1.750s] Level 1:colcon.colcon_core.environment:create_file_with_runtime_dependencies(/home/leon/robotica/scorbotLabo/teleop_packages/universal_teleop/install/keyboard_msgs/share/colcon-core/packages/keyboard_msgs)
[1.751s] INFO:colcon.colcon_ros.task.ament_cmake.build:Building ROS package in '/home/leon/robotica/scorbotLabo/teleop_packages/universal_teleop/src/ros-keyboard' with build type 'ament_cmake'
[1.752s] INFO:colcon.colcon_cmake.task.cmake.build:Building CMake package in '/home/leon/robotica/scorbotLabo/teleop_packages/universal_teleop/src/ros-keyboard'
[1.752s] INFO:colcon.colcon_core.shell:Skip shell extension 'powershell' for command environment: Not usable outside of PowerShell
[1.752s] DEBUG:colcon.colcon_core.shell:Skip shell extension 'dsv' for command environment
[1.759s] Level 1:colcon.colcon_core.environment:create_environment_scripts_only(universal_teleop_msgs)
[1.760s] Level 1:colcon.colcon_core.environment:checking '/home/leon/robotica/scorbotLabo/teleop_packages/universal_teleop/install/universal_teleop_msgs' for CMake module files
[1.761s] DEBUG:colcon.colcon_core.event_handler.log_command:Invoked command in '/home/leon/robotica/scorbotLabo/teleop_packages/universal_teleop/build/universal_teleop_msgs' returned '0': CMAKE_PREFIX_PATH=${CMAKE_PREFIX_PATH}:/opt/ros/humble /usr/bin/cmake --install /home/leon/robotica/scorbotLabo/teleop_packages/universal_teleop/build/universal_teleop_msgs
[1.763s] Level 1:colcon.colcon_core.environment:checking '/home/leon/robotica/scorbotLabo/teleop_packages/universal_teleop/install/universal_teleop_msgs' for CMake config files
[1.764s] Level 1:colcon.colcon_core.shell:create_environment_hook('universal_teleop_msgs', 'cmake_prefix_path')
[1.764s] INFO:colcon.colcon_core.shell:Creating environment hook '/home/leon/robotica/scorbotLabo/teleop_packages/universal_teleop/install/universal_teleop_msgs/share/universal_teleop_msgs/hook/cmake_prefix_path.ps1'
[1.766s] INFO:colcon.colcon_core.shell:Creating environment descriptor '/home/leon/robotica/scorbotLabo/teleop_packages/universal_teleop/install/universal_teleop_msgs/share/universal_teleop_msgs/hook/cmake_prefix_path.dsv'
[1.766s] INFO:colcon.colcon_core.shell:Creating environment hook '/home/leon/robotica/scorbotLabo/teleop_packages/universal_teleop/install/universal_teleop_msgs/share/universal_teleop_msgs/hook/cmake_prefix_path.sh'
[1.767s] Level 1:colcon.colcon_core.environment:checking '/home/leon/robotica/scorbotLabo/teleop_packages/universal_teleop/install/universal_teleop_msgs/lib'
[1.767s] Level 1:colcon.colcon_core.shell:create_environment_hook('universal_teleop_msgs', 'ld_library_path_lib')
[1.768s] INFO:colcon.colcon_core.shell:Creating environment hook '/home/leon/robotica/scorbotLabo/teleop_packages/universal_teleop/install/universal_teleop_msgs/share/universal_teleop_msgs/hook/ld_library_path_lib.ps1'
[1.769s] INFO:colcon.colcon_core.shell:Creating environment descriptor '/home/leon/robotica/scorbotLabo/teleop_packages/universal_teleop/install/universal_teleop_msgs/share/universal_teleop_msgs/hook/ld_library_path_lib.dsv'
[1.769s] INFO:colcon.colcon_core.shell:Creating environment hook '/home/leon/robotica/scorbotLabo/teleop_packages/universal_teleop/install/universal_teleop_msgs/share/universal_teleop_msgs/hook/ld_library_path_lib.sh'
[1.770s] Level 1:colcon.colcon_core.environment:checking '/home/leon/robotica/scorbotLabo/teleop_packages/universal_teleop/install/universal_teleop_msgs/bin'
[1.770s] Level 1:colcon.colcon_core.environment:checking '/home/leon/robotica/scorbotLabo/teleop_packages/universal_teleop/install/universal_teleop_msgs/lib/pkgconfig/universal_teleop_msgs.pc'
[1.771s] Level 1:colcon.colcon_core.environment:checking '/home/leon/robotica/scorbotLabo/teleop_packages/universal_teleop/install/universal_teleop_msgs/lib/python3.10/site-packages'
[1.771s] Level 1:colcon.colcon_core.environment:checking '/home/leon/robotica/scorbotLabo/teleop_packages/universal_teleop/install/universal_teleop_msgs/bin'
[1.772s] INFO:colcon.colcon_core.shell:Creating package script '/home/leon/robotica/scorbotLabo/teleop_packages/universal_teleop/install/universal_teleop_msgs/share/universal_teleop_msgs/package.ps1'
[1.773s] INFO:colcon.colcon_core.shell:Creating package descriptor '/home/leon/robotica/scorbotLabo/teleop_packages/universal_teleop/install/universal_teleop_msgs/share/universal_teleop_msgs/package.dsv'
[1.773s] INFO:colcon.colcon_core.shell:Creating package script '/home/leon/robotica/scorbotLabo/teleop_packages/universal_teleop/install/universal_teleop_msgs/share/universal_teleop_msgs/package.sh'
[1.774s] INFO:colcon.colcon_core.shell:Creating package script '/home/leon/robotica/scorbotLabo/teleop_packages/universal_teleop/install/universal_teleop_msgs/share/universal_teleop_msgs/package.bash'
[1.775s] INFO:colcon.colcon_core.shell:Creating package script '/home/leon/robotica/scorbotLabo/teleop_packages/universal_teleop/install/universal_teleop_msgs/share/universal_teleop_msgs/package.zsh'
[1.776s] Level 1:colcon.colcon_core.environment:create_file_with_runtime_dependencies(/home/leon/robotica/scorbotLabo/teleop_packages/universal_teleop/install/universal_teleop_msgs/share/colcon-core/packages/universal_teleop_msgs)
[1.777s] Level 1:colcon.colcon_core.environment:create_environment_scripts_only(universal_teleop_msgs)
[1.777s] Level 1:colcon.colcon_core.environment:checking '/home/leon/robotica/scorbotLabo/teleop_packages/universal_teleop/install/universal_teleop_msgs' for CMake module files
[1.778s] Level 1:colcon.colcon_core.environment:checking '/home/leon/robotica/scorbotLabo/teleop_packages/universal_teleop/install/universal_teleop_msgs' for CMake config files
[1.779s] Level 1:colcon.colcon_core.shell:create_environment_hook('universal_teleop_msgs', 'cmake_prefix_path')
[1.779s] INFO:colcon.colcon_core.shell:Creating environment hook '/home/leon/robotica/scorbotLabo/teleop_packages/universal_teleop/install/universal_teleop_msgs/share/universal_teleop_msgs/hook/cmake_prefix_path.ps1'
[1.780s] INFO:colcon.colcon_core.shell:Creating environment descriptor '/home/leon/robotica/scorbotLabo/teleop_packages/universal_teleop/install/universal_teleop_msgs/share/universal_teleop_msgs/hook/cmake_prefix_path.dsv'
[1.780s] INFO:colcon.colcon_core.shell:Creating environment hook '/home/leon/robotica/scorbotLabo/teleop_packages/universal_teleop/install/universal_teleop_msgs/share/universal_teleop_msgs/hook/cmake_prefix_path.sh'
[1.781s] Level 1:colcon.colcon_core.environment:checking '/home/leon/robotica/scorbotLabo/teleop_packages/universal_teleop/install/universal_teleop_msgs/lib'
[1.781s] Level 1:colcon.colcon_core.shell:create_environment_hook('universal_teleop_msgs', 'ld_library_path_lib')
[1.781s] INFO:colcon.colcon_core.shell:Creating environment hook '/home/leon/robotica/scorbotLabo/teleop_packages/universal_teleop/install/universal_teleop_msgs/share/universal_teleop_msgs/hook/ld_library_path_lib.ps1'
[1.782s] INFO:colcon.colcon_core.shell:Creating environment descriptor '/home/leon/robotica/scorbotLabo/teleop_packages/universal_teleop/install/universal_teleop_msgs/share/universal_teleop_msgs/hook/ld_library_path_lib.dsv'
[1.783s] INFO:colcon.colcon_core.shell:Creating environment hook '/home/leon/robotica/scorbotLabo/teleop_packages/universal_teleop/install/universal_teleop_msgs/share/universal_teleop_msgs/hook/ld_library_path_lib.sh'
[1.783s] Level 1:colcon.colcon_core.environment:checking '/home/leon/robotica/scorbotLabo/teleop_packages/universal_teleop/install/universal_teleop_msgs/bin'
[1.783s] Level 1:colcon.colcon_core.environment:checking '/home/leon/robotica/scorbotLabo/teleop_packages/universal_teleop/install/universal_teleop_msgs/lib/pkgconfig/universal_teleop_msgs.pc'
[1.783s] Level 1:colcon.colcon_core.environment:checking '/home/leon/robotica/scorbotLabo/teleop_packages/universal_teleop/install/universal_teleop_msgs/lib/python3.10/site-packages'
[1.784s] Level 1:colcon.colcon_core.environment:checking '/home/leon/robotica/scorbotLabo/teleop_packages/universal_teleop/install/universal_teleop_msgs/bin'
[1.785s] INFO:colcon.colcon_core.shell:Creating package script '/home/leon/robotica/scorbotLabo/teleop_packages/universal_teleop/install/universal_teleop_msgs/share/universal_teleop_msgs/package.ps1'
[1.786s] INFO:colcon.colcon_core.shell:Creating package descriptor '/home/leon/robotica/scorbotLabo/teleop_packages/universal_teleop/install/universal_teleop_msgs/share/universal_teleop_msgs/package.dsv'
[1.787s] INFO:colcon.colcon_core.shell:Creating package script '/home/leon/robotica/scorbotLabo/teleop_packages/universal_teleop/install/universal_teleop_msgs/share/universal_teleop_msgs/package.sh'
[1.788s] INFO:colcon.colcon_core.shell:Creating package script '/home/leon/robotica/scorbotLabo/teleop_packages/universal_teleop/install/universal_teleop_msgs/share/universal_teleop_msgs/package.bash'
[1.789s] INFO:colcon.colcon_core.shell:Creating package script '/home/leon/robotica/scorbotLabo/teleop_packages/universal_teleop/install/universal_teleop_msgs/share/universal_teleop_msgs/package.zsh'
[1.790s] Level 1:colcon.colcon_core.environment:create_file_with_runtime_dependencies(/home/leon/robotica/scorbotLabo/teleop_packages/universal_teleop/install/universal_teleop_msgs/share/colcon-core/packages/universal_teleop_msgs)
[1.791s] INFO:colcon.colcon_ros.task.ament_cmake.build:Building ROS package in '/home/leon/robotica/scorbotLabo/teleop_packages/universal_teleop/src/ros-universal-teleop' with build type 'ament_cmake'
[1.791s] INFO:colcon.colcon_cmake.task.cmake.build:Building CMake package in '/home/leon/robotica/scorbotLabo/teleop_packages/universal_teleop/src/ros-universal-teleop'
[1.791s] INFO:colcon.colcon_core.shell:Skip shell extension 'powershell' for command environment: Not usable outside of PowerShell
[1.791s] DEBUG:colcon.colcon_core.shell:Skip shell extension 'dsv' for command environment
[1.807s] DEBUG:colcon.colcon_core.event_handler.log_command:Invoking command in '/home/leon/robotica/scorbotLabo/teleop_packages/universal_teleop/build/keyboard': CMAKE_PREFIX_PATH=/home/leon/robotica/scorbotLabo/teleop_packages/universal_teleop/install/keyboard_msgs:/home/leon/robotica/scorbotLabo/teleop_packages/universal_teleop/install/universal_teleop:/home/leon/robotica/scorbotLabo/teleop_packages/universal_teleop/install/universal_teleop_msgs:/home/leon/robotica/scorbotLabo/teleop_packages/universal_teleop/install/keyboard:/opt/ros/humble LD_LIBRARY_PATH=/home/leon/robotica/scorbotLabo/teleop_packages/universal_teleop/install/keyboard_msgs/lib:/home/leon/robotica/scorbotLabo/teleop_packages/universal_teleop/install/universal_teleop_msgs/lib:/opt/ros/humble/opt/rviz_ogre_vendor/lib:/opt/ros/humble/lib/x86_64-linux-gnu:/opt/ros/humble/lib /usr/bin/cmake --build /home/leon/robotica/scorbotLabo/teleop_packages/universal_teleop/build/keyboard -- -j4 -l4
[1.824s] DEBUG:colcon.colcon_core.event_handler.log_command:Invoking command in '/home/leon/robotica/scorbotLabo/teleop_packages/universal_teleop/build/universal_teleop': CMAKE_PREFIX_PATH=/home/leon/robotica/scorbotLabo/teleop_packages/universal_teleop/install/universal_teleop_msgs:/home/leon/robotica/scorbotLabo/teleop_packages/universal_teleop/install/keyboard_msgs:/home/leon/robotica/scorbotLabo/teleop_packages/universal_teleop/install/universal_teleop:/home/leon/robotica/scorbotLabo/teleop_packages/universal_teleop/install/keyboard:/opt/ros/humble /usr/bin/cmake --build /home/leon/robotica/scorbotLabo/teleop_packages/universal_teleop/build/universal_teleop -- -j4 -l4
[1.921s] DEBUG:colcon.colcon_core.event_handler.log_command:Invoked command in '/home/leon/robotica/scorbotLabo/teleop_packages/universal_teleop/build/keyboard' returned '0': CMAKE_PREFIX_PATH=/home/leon/robotica/scorbotLabo/teleop_packages/universal_teleop/install/keyboard_msgs:/home/leon/robotica/scorbotLabo/teleop_packages/universal_teleop/install/universal_teleop:/home/leon/robotica/scorbotLabo/teleop_packages/universal_teleop/install/universal_teleop_msgs:/home/leon/robotica/scorbotLabo/teleop_packages/universal_teleop/install/keyboard:/opt/ros/humble LD_LIBRARY_PATH=/home/leon/robotica/scorbotLabo/teleop_packages/universal_teleop/install/keyboard_msgs/lib:/home/leon/robotica/scorbotLabo/teleop_packages/universal_teleop/install/universal_teleop_msgs/lib:/opt/ros/humble/opt/rviz_ogre_vendor/lib:/opt/ros/humble/lib/x86_64-linux-gnu:/opt/ros/humble/lib /usr/bin/cmake --build /home/leon/robotica/scorbotLabo/teleop_packages/universal_teleop/build/keyboard -- -j4 -l4
[1.923s] DEBUG:colcon.colcon_core.event_handler.log_command:Invoking command in '/home/leon/robotica/scorbotLabo/teleop_packages/universal_teleop/build/keyboard': CMAKE_PREFIX_PATH=/home/leon/robotica/scorbotLabo/teleop_packages/universal_teleop/install/keyboard_msgs:/home/leon/robotica/scorbotLabo/teleop_packages/universal_teleop/install/universal_teleop:/home/leon/robotica/scorbotLabo/teleop_packages/universal_teleop/install/universal_teleop_msgs:/home/leon/robotica/scorbotLabo/teleop_packages/universal_teleop/install/keyboard:/opt/ros/humble LD_LIBRARY_PATH=/home/leon/robotica/scorbotLabo/teleop_packages/universal_teleop/install/keyboard_msgs/lib:/home/leon/robotica/scorbotLabo/teleop_packages/universal_teleop/install/universal_teleop_msgs/lib:/opt/ros/humble/opt/rviz_ogre_vendor/lib:/opt/ros/humble/lib/x86_64-linux-gnu:/opt/ros/humble/lib /usr/bin/cmake --install /home/leon/robotica/scorbotLabo/teleop_packages/universal_teleop/build/keyboard
[1.937s] Level 1:colcon.colcon_core.environment:create_environment_scripts_only(keyboard)
[1.937s] Level 1:colcon.colcon_core.environment:checking '/home/leon/robotica/scorbotLabo/teleop_packages/universal_teleop/install/keyboard' for CMake module files
[1.938s] Level 1:colcon.colcon_core.environment:checking '/home/leon/robotica/scorbotLabo/teleop_packages/universal_teleop/install/keyboard' for CMake config files
[1.939s] DEBUG:colcon.colcon_core.event_handler.log_command:Invoked command in '/home/leon/robotica/scorbotLabo/teleop_packages/universal_teleop/build/keyboard' returned '0': CMAKE_PREFIX_PATH=/home/leon/robotica/scorbotLabo/teleop_packages/universal_teleop/install/keyboard_msgs:/home/leon/robotica/scorbotLabo/teleop_packages/universal_teleop/install/universal_teleop:/home/leon/robotica/scorbotLabo/teleop_packages/universal_teleop/install/universal_teleop_msgs:/home/leon/robotica/scorbotLabo/teleop_packages/universal_teleop/install/keyboard:/opt/ros/humble LD_LIBRARY_PATH=/home/leon/robotica/scorbotLabo/teleop_packages/universal_teleop/install/keyboard_msgs/lib:/home/leon/robotica/scorbotLabo/teleop_packages/universal_teleop/install/universal_teleop_msgs/lib:/opt/ros/humble/opt/rviz_ogre_vendor/lib:/opt/ros/humble/lib/x86_64-linux-gnu:/opt/ros/humble/lib /usr/bin/cmake --install /home/leon/robotica/scorbotLabo/teleop_packages/universal_teleop/build/keyboard
[1.939s] Level 1:colcon.colcon_core.shell:create_environment_hook('keyboard', 'cmake_prefix_path')
[1.939s] INFO:colcon.colcon_core.shell:Creating environment hook '/home/leon/robotica/scorbotLabo/teleop_packages/universal_teleop/install/keyboard/share/keyboard/hook/cmake_prefix_path.ps1'
[1.940s] INFO:colcon.colcon_core.shell:Creating environment descriptor '/home/leon/robotica/scorbotLabo/teleop_packages/universal_teleop/install/keyboard/share/keyboard/hook/cmake_prefix_path.dsv'
[1.941s] INFO:colcon.colcon_core.shell:Creating environment hook '/home/leon/robotica/scorbotLabo/teleop_packages/universal_teleop/install/keyboard/share/keyboard/hook/cmake_prefix_path.sh'
[1.941s] Level 1:colcon.colcon_core.environment:checking '/home/leon/robotica/scorbotLabo/teleop_packages/universal_teleop/install/keyboard/lib'
[1.941s] Level 1:colcon.colcon_core.environment:checking '/home/leon/robotica/scorbotLabo/teleop_packages/universal_teleop/install/keyboard/bin'
[1.942s] Level 1:colcon.colcon_core.environment:checking '/home/leon/robotica/scorbotLabo/teleop_packages/universal_teleop/install/keyboard/lib/pkgconfig/keyboard.pc'
[1.942s] Level 1:colcon.colcon_core.environment:checking '/home/leon/robotica/scorbotLabo/teleop_packages/universal_teleop/install/keyboard/lib/python3.10/site-packages'
[1.942s] Level 1:colcon.colcon_core.environment:checking '/home/leon/robotica/scorbotLabo/teleop_packages/universal_teleop/install/keyboard/bin'
[1.943s] INFO:colcon.colcon_core.shell:Creating package script '/home/leon/robotica/scorbotLabo/teleop_packages/universal_teleop/install/keyboard/share/keyboard/package.ps1'
[1.944s] INFO:colcon.colcon_core.shell:Creating package descriptor '/home/leon/robotica/scorbotLabo/teleop_packages/universal_teleop/install/keyboard/share/keyboard/package.dsv'
[1.944s] INFO:colcon.colcon_core.shell:Creating package script '/home/leon/robotica/scorbotLabo/teleop_packages/universal_teleop/install/keyboard/share/keyboard/package.sh'
[1.945s] INFO:colcon.colcon_core.shell:Creating package script '/home/leon/robotica/scorbotLabo/teleop_packages/universal_teleop/install/keyboard/share/keyboard/package.bash'
[1.946s] INFO:colcon.colcon_core.shell:Creating package script '/home/leon/robotica/scorbotLabo/teleop_packages/universal_teleop/install/keyboard/share/keyboard/package.zsh'
[1.946s] Level 1:colcon.colcon_core.environment:create_file_with_runtime_dependencies(/home/leon/robotica/scorbotLabo/teleop_packages/universal_teleop/install/keyboard/share/colcon-core/packages/keyboard)
[1.947s] Level 1:colcon.colcon_core.environment:create_environment_scripts_only(keyboard)
[1.947s] Level 1:colcon.colcon_core.environment:checking '/home/leon/robotica/scorbotLabo/teleop_packages/universal_teleop/install/keyboard' for CMake module files
[1.948s] Level 1:colcon.colcon_core.environment:checking '/home/leon/robotica/scorbotLabo/teleop_packages/universal_teleop/install/keyboard' for CMake config files
[1.948s] Level 1:colcon.colcon_core.shell:create_environment_hook('keyboard', 'cmake_prefix_path')
[1.949s] INFO:colcon.colcon_core.shell:Creating environment hook '/home/leon/robotica/scorbotLabo/teleop_packages/universal_teleop/install/keyboard/share/keyboard/hook/cmake_prefix_path.ps1'
[1.949s] INFO:colcon.colcon_core.shell:Creating environment descriptor '/home/leon/robotica/scorbotLabo/teleop_packages/universal_teleop/install/keyboard/share/keyboard/hook/cmake_prefix_path.dsv'
[1.950s] INFO:colcon.colcon_core.shell:Creating environment hook '/home/leon/robotica/scorbotLabo/teleop_packages/universal_teleop/install/keyboard/share/keyboard/hook/cmake_prefix_path.sh'
[1.950s] Level 1:colcon.colcon_core.environment:checking '/home/leon/robotica/scorbotLabo/teleop_packages/universal_teleop/install/keyboard/lib'
[1.951s] Level 1:colcon.colcon_core.environment:checking '/home/leon/robotica/scorbotLabo/teleop_packages/universal_teleop/install/keyboard/bin'
[1.951s] Level 1:colcon.colcon_core.environment:checking '/home/leon/robotica/scorbotLabo/teleop_packages/universal_teleop/install/keyboard/lib/pkgconfig/keyboard.pc'
[1.951s] Level 1:colcon.colcon_core.environment:checking '/home/leon/robotica/scorbotLabo/teleop_packages/universal_teleop/install/keyboard/lib/python3.10/site-packages'
[1.952s] Level 1:colcon.colcon_core.environment:checking '/home/leon/robotica/scorbotLabo/teleop_packages/universal_teleop/install/keyboard/bin'
[1.952s] INFO:colcon.colcon_core.shell:Creating package script '/home/leon/robotica/scorbotLabo/teleop_packages/universal_teleop/install/keyboard/share/keyboard/package.ps1'
[1.953s] INFO:colcon.colcon_core.shell:Creating package descriptor '/home/leon/robotica/scorbotLabo/teleop_packages/universal_teleop/install/keyboard/share/keyboard/package.dsv'
[1.954s] INFO:colcon.colcon_core.shell:Creating package script '/home/leon/robotica/scorbotLabo/teleop_packages/universal_teleop/install/keyboard/share/keyboard/package.sh'
[1.954s] INFO:colcon.colcon_core.shell:Creating package script '/home/leon/robotica/scorbotLabo/teleop_packages/universal_teleop/install/keyboard/share/keyboard/package.bash'
[1.955s] INFO:colcon.colcon_core.shell:Creating package script '/home/leon/robotica/scorbotLabo/teleop_packages/universal_teleop/install/keyboard/share/keyboard/package.zsh'
[1.956s] Level 1:colcon.colcon_core.environment:create_file_with_runtime_dependencies(/home/leon/robotica/scorbotLabo/teleop_packages/universal_teleop/install/keyboard/share/colcon-core/packages/keyboard)
[21.636s] DEBUG:colcon.colcon_core.event_handler.log_command:Invoked command in '/home/leon/robotica/scorbotLabo/teleop_packages/universal_teleop/build/universal_teleop' returned '0': CMAKE_PREFIX_PATH=/home/leon/robotica/scorbotLabo/teleop_packages/universal_teleop/install/universal_teleop_msgs:/home/leon/robotica/scorbotLabo/teleop_packages/universal_teleop/install/keyboard_msgs:/home/leon/robotica/scorbotLabo/teleop_packages/universal_teleop/install/universal_teleop:/home/leon/robotica/scorbotLabo/teleop_packages/universal_teleop/install/keyboard:/opt/ros/humble /usr/bin/cmake --build /home/leon/robotica/scorbotLabo/teleop_packages/universal_teleop/build/universal_teleop -- -j4 -l4
[21.638s] DEBUG:colcon.colcon_core.event_handler.log_command:Invoking command in '/home/leon/robotica/scorbotLabo/teleop_packages/universal_teleop/build/universal_teleop': CMAKE_PREFIX_PATH=/home/leon/robotica/scorbotLabo/teleop_packages/universal_teleop/install/universal_teleop_msgs:/home/leon/robotica/scorbotLabo/teleop_packages/universal_teleop/install/keyboard_msgs:/home/leon/robotica/scorbotLabo/teleop_packages/universal_teleop/install/universal_teleop:/home/leon/robotica/scorbotLabo/teleop_packages/universal_teleop/install/keyboard:/opt/ros/humble /usr/bin/cmake --install /home/leon/robotica/scorbotLabo/teleop_packages/universal_teleop/build/universal_teleop
[21.668s] Level 1:colcon.colcon_core.environment:create_environment_scripts_only(universal_teleop)
[21.668s] Level 1:colcon.colcon_core.environment:checking '/home/leon/robotica/scorbotLabo/teleop_packages/universal_teleop/install/universal_teleop' for CMake module files
[21.671s] Level 1:colcon.colcon_core.environment:checking '/home/leon/robotica/scorbotLabo/teleop_packages/universal_teleop/install/universal_teleop' for CMake config files
[21.671s] DEBUG:colcon.colcon_core.event_handler.log_command:Invoked command in '/home/leon/robotica/scorbotLabo/teleop_packages/universal_teleop/build/universal_teleop' returned '0': CMAKE_PREFIX_PATH=/home/leon/robotica/scorbotLabo/teleop_packages/universal_teleop/install/universal_teleop_msgs:/home/leon/robotica/scorbotLabo/teleop_packages/universal_teleop/install/keyboard_msgs:/home/leon/robotica/scorbotLabo/teleop_packages/universal_teleop/install/universal_teleop:/home/leon/robotica/scorbotLabo/teleop_packages/universal_teleop/install/keyboard:/opt/ros/humble /usr/bin/cmake --install /home/leon/robotica/scorbotLabo/teleop_packages/universal_teleop/build/universal_teleop
[21.672s] Level 1:colcon.colcon_core.shell:create_environment_hook('universal_teleop', 'cmake_prefix_path')
[21.672s] INFO:colcon.colcon_core.shell:Creating environment hook '/home/leon/robotica/scorbotLabo/teleop_packages/universal_teleop/install/universal_teleop/share/universal_teleop/hook/cmake_prefix_path.ps1'
[21.673s] INFO:colcon.colcon_core.shell:Creating environment descriptor '/home/leon/robotica/scorbotLabo/teleop_packages/universal_teleop/install/universal_teleop/share/universal_teleop/hook/cmake_prefix_path.dsv'
[21.673s] INFO:colcon.colcon_core.shell:Creating environment hook '/home/leon/robotica/scorbotLabo/teleop_packages/universal_teleop/install/universal_teleop/share/universal_teleop/hook/cmake_prefix_path.sh'
[21.675s] Level 1:colcon.colcon_core.environment:checking '/home/leon/robotica/scorbotLabo/teleop_packages/universal_teleop/install/universal_teleop/lib'
[21.676s] Level 1:colcon.colcon_core.environment:checking '/home/leon/robotica/scorbotLabo/teleop_packages/universal_teleop/install/universal_teleop/bin'
[21.676s] Level 1:colcon.colcon_core.environment:checking '/home/leon/robotica/scorbotLabo/teleop_packages/universal_teleop/install/universal_teleop/lib/pkgconfig/universal_teleop.pc'
[21.676s] Level 1:colcon.colcon_core.environment:checking '/home/leon/robotica/scorbotLabo/teleop_packages/universal_teleop/install/universal_teleop/lib/python3.10/site-packages'
[21.678s] Level 1:colcon.colcon_core.environment:checking '/home/leon/robotica/scorbotLabo/teleop_packages/universal_teleop/install/universal_teleop/bin'
[21.679s] INFO:colcon.colcon_core.shell:Creating package script '/home/leon/robotica/scorbotLabo/teleop_packages/universal_teleop/install/universal_teleop/share/universal_teleop/package.ps1'
[21.680s] INFO:colcon.colcon_core.shell:Creating package descriptor '/home/leon/robotica/scorbotLabo/teleop_packages/universal_teleop/install/universal_teleop/share/universal_teleop/package.dsv'
[21.682s] INFO:colcon.colcon_core.shell:Creating package script '/home/leon/robotica/scorbotLabo/teleop_packages/universal_teleop/install/universal_teleop/share/universal_teleop/package.sh'
[21.683s] INFO:colcon.colcon_core.shell:Creating package script '/home/leon/robotica/scorbotLabo/teleop_packages/universal_teleop/install/universal_teleop/share/universal_teleop/package.bash'
[21.684s] INFO:colcon.colcon_core.shell:Creating package script '/home/leon/robotica/scorbotLabo/teleop_packages/universal_teleop/install/universal_teleop/share/universal_teleop/package.zsh'
[21.685s] Level 1:colcon.colcon_core.environment:create_file_with_runtime_dependencies(/home/leon/robotica/scorbotLabo/teleop_packages/universal_teleop/install/universal_teleop/share/colcon-core/packages/universal_teleop)
[21.686s] Level 1:colcon.colcon_core.environment:create_environment_scripts_only(universal_teleop)
[21.687s] Level 1:colcon.colcon_core.environment:checking '/home/leon/robotica/scorbotLabo/teleop_packages/universal_teleop/install/universal_teleop' for CMake module files
[21.689s] Level 1:colcon.colcon_core.environment:checking '/home/leon/robotica/scorbotLabo/teleop_packages/universal_teleop/install/universal_teleop' for CMake config files
[21.690s] Level 1:colcon.colcon_core.shell:create_environment_hook('universal_teleop', 'cmake_prefix_path')
[21.690s] INFO:colcon.colcon_core.shell:Creating environment hook '/home/leon/robotica/scorbotLabo/teleop_packages/universal_teleop/install/universal_teleop/share/universal_teleop/hook/cmake_prefix_path.ps1'
[21.691s] INFO:colcon.colcon_core.shell:Creating environment descriptor '/home/leon/robotica/scorbotLabo/teleop_packages/universal_teleop/install/universal_teleop/share/universal_teleop/hook/cmake_prefix_path.dsv'
[21.692s] INFO:colcon.colcon_core.shell:Creating environment hook '/home/leon/robotica/scorbotLabo/teleop_packages/universal_teleop/install/universal_teleop/share/universal_teleop/hook/cmake_prefix_path.sh'
[21.694s] Level 1:colcon.colcon_core.environment:checking '/home/leon/robotica/scorbotLabo/teleop_packages/universal_teleop/install/universal_teleop/lib'
[21.694s] Level 1:colcon.colcon_core.environment:checking '/home/leon/robotica/scorbotLabo/teleop_packages/universal_teleop/install/universal_teleop/bin'
[21.694s] Level 1:colcon.colcon_core.environment:checking '/home/leon/robotica/scorbotLabo/teleop_packages/universal_teleop/install/universal_teleop/lib/pkgconfig/universal_teleop.pc'
[21.695s] Level 1:colcon.colcon_core.environment:checking '/home/leon/robotica/scorbotLabo/teleop_packages/universal_teleop/install/universal_teleop/lib/python3.10/site-packages'
[21.696s] Level 1:colcon.colcon_core.environment:checking '/home/leon/robotica/scorbotLabo/teleop_packages/universal_teleop/install/universal_teleop/bin'
[21.697s] INFO:colcon.colcon_core.shell:Creating package script '/home/leon/robotica/scorbotLabo/teleop_packages/universal_teleop/install/universal_teleop/share/universal_teleop/package.ps1'
[21.700s] INFO:colcon.colcon_core.shell:Creating package descriptor '/home/leon/robotica/scorbotLabo/teleop_packages/universal_teleop/install/universal_teleop/share/universal_teleop/package.dsv'
[21.701s] INFO:colcon.colcon_core.shell:Creating package script '/home/leon/robotica/scorbotLabo/teleop_packages/universal_teleop/install/universal_teleop/share/universal_teleop/package.sh'
[21.703s] INFO:colcon.colcon_core.shell:Creating package script '/home/leon/robotica/scorbotLabo/teleop_packages/universal_teleop/install/universal_teleop/share/universal_teleop/package.bash'
[21.704s] INFO:colcon.colcon_core.shell:Creating package script '/home/leon/robotica/scorbotLabo/teleop_packages/universal_teleop/install/universal_teleop/share/universal_teleop/package.zsh'
[21.706s] Level 1:colcon.colcon_core.environment:create_file_with_runtime_dependencies(/home/leon/robotica/scorbotLabo/teleop_packages/universal_teleop/install/universal_teleop/share/colcon-core/packages/universal_teleop)
[21.706s] DEBUG:colcon.colcon_parallel_executor.executor.parallel:closing loop
[21.707s] DEBUG:colcon.colcon_parallel_executor.executor.parallel:loop closed
[21.707s] DEBUG:colcon.colcon_parallel_executor.executor.parallel:run_until_complete finished with '0'
[21.707s] DEBUG:colcon.colcon_core.event_reactor:joining thread
[21.718s] INFO:colcon.colcon_core.plugin_system:Skipping extension 'colcon_notification.desktop_notification.terminal_notifier': Not used on non-Darwin systems
[21.718s] INFO:colcon.colcon_core.plugin_system:Skipping extension 'colcon_notification.desktop_notification.win32': Not used on non-Windows systems
[21.718s] INFO:colcon.colcon_notification.desktop_notification:Sending desktop notification using 'notify2'
[21.743s] DEBUG:colcon.colcon_core.event_reactor:joined thread
[21.744s] INFO:colcon.colcon_core.shell:Creating prefix script '/home/leon/robotica/scorbotLabo/teleop_packages/universal_teleop/install/local_setup.ps1'
[21.746s] INFO:colcon.colcon_core.shell:Creating prefix util module '/home/leon/robotica/scorbotLabo/teleop_packages/universal_teleop/install/_local_setup_util_ps1.py'
[21.749s] INFO:colcon.colcon_core.shell:Creating prefix chain script '/home/leon/robotica/scorbotLabo/teleop_packages/universal_teleop/install/setup.ps1'
[21.752s] INFO:colcon.colcon_core.shell:Creating prefix script '/home/leon/robotica/scorbotLabo/teleop_packages/universal_teleop/install/local_setup.sh'
[21.753s] INFO:colcon.colcon_core.shell:Creating prefix util module '/home/leon/robotica/scorbotLabo/teleop_packages/universal_teleop/install/_local_setup_util_sh.py'
[21.754s] INFO:colcon.colcon_core.shell:Creating prefix chain script '/home/leon/robotica/scorbotLabo/teleop_packages/universal_teleop/install/setup.sh'
[21.757s] INFO:colcon.colcon_core.shell:Creating prefix script '/home/leon/robotica/scorbotLabo/teleop_packages/universal_teleop/install/local_setup.bash'
[21.758s] INFO:colcon.colcon_core.shell:Creating prefix chain script '/home/leon/robotica/scorbotLabo/teleop_packages/universal_teleop/install/setup.bash'
[21.761s] INFO:colcon.colcon_core.shell:Creating prefix script '/home/leon/robotica/scorbotLabo/teleop_packages/universal_teleop/install/local_setup.zsh'
[21.762s] INFO:colcon.colcon_core.shell:Creating prefix chain script '/home/leon/robotica/scorbotLabo/teleop_packages/universal_teleop/install/setup.zsh'
