[  3%] Built target keyboard_msgs__rs
[  6%] Built target keyboard_msgs__cpp
[ 15%] Built target keyboard_msgs__rosidl_generator_c
[ 15%] Built target ament_cmake_python_copy_keyboard_msgs
[ 25%] Built target keyboard_msgs__rosidl_typesupport_introspection_cpp
[ 34%] Built target keyboard_msgs__rosidl_typesupport_fastrtps_cpp
[ 43%] Built target keyboard_msgs__rosidl_typesupport_cpp
[ 53%] Built target keyboard_msgs__rosidl_typesupport_introspection_c
[ 62%] Built target keyboard_msgs__rosidl_typesupport_c
[ 71%] Built target keyboard_msgs__rosidl_typesupport_fastrtps_c
[ 71%] Built target keyboard_msgs
[ 75%] Built target keyboard_msgs__py
[ 81%] Built target keyboard_msgs__rosidl_generator_py
[100%] Built target keyboard_msgs__rosidl_typesupport_c__pyext
[100%] Built target keyboard_msgs__rosidl_typesupport_fastrtps_c__pyext
[100%] Built target keyboard_msgs__rosidl_typesupport_introspection_c__pyext
running egg_info
writing keyboard_msgs.egg-info/PKG-INFO
writing dependency_links to keyboard_msgs.egg-info/dependency_links.txt
writing top-level names to keyboard_msgs.egg-info/top_level.txt
reading manifest file 'keyboard_msgs.egg-info/SOURCES.txt'
writing manifest file 'keyboard_msgs.egg-info/SOURCES.txt'
[100%] Built target ament_cmake_python_build_keyboard_msgs_egg
-- Install configuration: ""
-- Up-to-date: /home/leon/robotica/scorbotLabo/teleop_packages/ros_keyboard/install/keyboard_msgs/share/ament_index/resource_index/rosidl_interfaces/keyboard_msgs
-- Up-to-date: /home/leon/robotica/scorbotLabo/teleop_packages/ros_keyboard/install/keyboard_msgs/include/keyboard_msgs/keyboard_msgs
-- Up-to-date: /home/leon/robotica/scorbotLabo/teleop_packages/ros_keyboard/install/keyboard_msgs/include/keyboard_msgs/keyboard_msgs/msg
-- Up-to-date: /home/leon/robotica/scorbotLabo/teleop_packages/ros_keyboard/install/keyboard_msgs/include/keyboard_msgs/keyboard_msgs/msg/key.h
-- Up-to-date: /home/leon/robotica/scorbotLabo/teleop_packages/ros_keyboard/install/keyboard_msgs/include/keyboard_msgs/keyboard_msgs/msg/rosidl_generator_c__visibility_control.h
-- Up-to-date: /home/leon/robotica/scorbotLabo/teleop_packages/ros_keyboard/install/keyboard_msgs/include/keyboard_msgs/keyboard_msgs/msg/detail
-- Up-to-date: /home/leon/robotica/scorbotLabo/teleop_packages/ros_keyboard/install/keyboard_msgs/include/keyboard_msgs/keyboard_msgs/msg/detail/key__type_support.h
-- Up-to-date: /home/leon/robotica/scorbotLabo/teleop_packages/ros_keyboard/install/keyboard_msgs/include/keyboard_msgs/keyboard_msgs/msg/detail/key__struct.h
-- Up-to-date: /home/leon/robotica/scorbotLabo/teleop_packages/ros_keyboard/install/keyboard_msgs/include/keyboard_msgs/keyboard_msgs/msg/detail/key__functions.c
-- Up-to-date: /home/leon/robotica/scorbotLabo/teleop_packages/ros_keyboard/install/keyboard_msgs/include/keyboard_msgs/keyboard_msgs/msg/detail/key__functions.h
-- Up-to-date: /home/leon/robotica/scorbotLabo/teleop_packages/ros_keyboard/install/keyboard_msgs/share/keyboard_msgs/environment/library_path.sh
-- Up-to-date: /home/leon/robotica/scorbotLabo/teleop_packages/ros_keyboard/install/keyboard_msgs/share/keyboard_msgs/environment/library_path.dsv
-- Up-to-date: /home/leon/robotica/scorbotLabo/teleop_packages/ros_keyboard/install/keyboard_msgs/lib/libkeyboard_msgs__rosidl_generator_c.so
-- Up-to-date: /home/leon/robotica/scorbotLabo/teleop_packages/ros_keyboard/install/keyboard_msgs/include/keyboard_msgs/keyboard_msgs
-- Up-to-date: /home/leon/robotica/scorbotLabo/teleop_packages/ros_keyboard/install/keyboard_msgs/include/keyboard_msgs/keyboard_msgs/msg
-- Up-to-date: /home/leon/robotica/scorbotLabo/teleop_packages/ros_keyboard/install/keyboard_msgs/include/keyboard_msgs/keyboard_msgs/msg/detail
-- Up-to-date: /home/leon/robotica/scorbotLabo/teleop_packages/ros_keyboard/install/keyboard_msgs/include/keyboard_msgs/keyboard_msgs/msg/detail/key__rosidl_typesupport_fastrtps_c.h
-- Up-to-date: /home/leon/robotica/scorbotLabo/teleop_packages/ros_keyboard/install/keyboard_msgs/include/keyboard_msgs/keyboard_msgs/msg/rosidl_typesupport_fastrtps_c__visibility_control.h
-- Up-to-date: /home/leon/robotica/scorbotLabo/teleop_packages/ros_keyboard/install/keyboard_msgs/lib/libkeyboard_msgs__rosidl_typesupport_fastrtps_c.so
-- Up-to-date: /home/leon/robotica/scorbotLabo/teleop_packages/ros_keyboard/install/keyboard_msgs/include/keyboard_msgs/keyboard_msgs
-- Up-to-date: /home/leon/robotica/scorbotLabo/teleop_packages/ros_keyboard/install/keyboard_msgs/include/keyboard_msgs/keyboard_msgs/msg
-- Up-to-date: /home/leon/robotica/scorbotLabo/teleop_packages/ros_keyboard/install/keyboard_msgs/include/keyboard_msgs/keyboard_msgs/msg/rosidl_generator_cpp__visibility_control.hpp
-- Up-to-date: /home/leon/robotica/scorbotLabo/teleop_packages/ros_keyboard/install/keyboard_msgs/include/keyboard_msgs/keyboard_msgs/msg/key.hpp
-- Up-to-date: /home/leon/robotica/scorbotLabo/teleop_packages/ros_keyboard/install/keyboard_msgs/include/keyboard_msgs/keyboard_msgs/msg/detail
-- Up-to-date: /home/leon/robotica/scorbotLabo/teleop_packages/ros_keyboard/install/keyboard_msgs/include/keyboard_msgs/keyboard_msgs/msg/detail/key__type_support.hpp
-- Up-to-date: /home/leon/robotica/scorbotLabo/teleop_packages/ros_keyboard/install/keyboard_msgs/include/keyboard_msgs/keyboard_msgs/msg/detail/key__builder.hpp
-- Up-to-date: /home/leon/robotica/scorbotLabo/teleop_packages/ros_keyboard/install/keyboard_msgs/include/keyboard_msgs/keyboard_msgs/msg/detail/key__traits.hpp
-- Up-to-date: /home/leon/robotica/scorbotLabo/teleop_packages/ros_keyboard/install/keyboard_msgs/include/keyboard_msgs/keyboard_msgs/msg/detail/key__struct.hpp
-- Up-to-date: /home/leon/robotica/scorbotLabo/teleop_packages/ros_keyboard/install/keyboard_msgs/include/keyboard_msgs/keyboard_msgs
-- Up-to-date: /home/leon/robotica/scorbotLabo/teleop_packages/ros_keyboard/install/keyboard_msgs/include/keyboard_msgs/keyboard_msgs/msg
-- Up-to-date: /home/leon/robotica/scorbotLabo/teleop_packages/ros_keyboard/install/keyboard_msgs/include/keyboard_msgs/keyboard_msgs/msg/rosidl_typesupport_fastrtps_cpp__visibility_control.h
-- Up-to-date: /home/leon/robotica/scorbotLabo/teleop_packages/ros_keyboard/install/keyboard_msgs/include/keyboard_msgs/keyboard_msgs/msg/detail
-- Up-to-date: /home/leon/robotica/scorbotLabo/teleop_packages/ros_keyboard/install/keyboard_msgs/include/keyboard_msgs/keyboard_msgs/msg/detail/key__rosidl_typesupport_fastrtps_cpp.hpp
-- Up-to-date: /home/leon/robotica/scorbotLabo/teleop_packages/ros_keyboard/install/keyboard_msgs/include/keyboard_msgs/keyboard_msgs/msg/detail/dds_fastrtps
-- Up-to-date: /home/leon/robotica/scorbotLabo/teleop_packages/ros_keyboard/install/keyboard_msgs/lib/libkeyboard_msgs__rosidl_typesupport_fastrtps_cpp.so
-- Up-to-date: /home/leon/robotica/scorbotLabo/teleop_packages/ros_keyboard/install/keyboard_msgs/include/keyboard_msgs/keyboard_msgs
-- Up-to-date: /home/leon/robotica/scorbotLabo/teleop_packages/ros_keyboard/install/keyboard_msgs/include/keyboard_msgs/keyboard_msgs/msg
-- Up-to-date: /home/leon/robotica/scorbotLabo/teleop_packages/ros_keyboard/install/keyboard_msgs/include/keyboard_msgs/keyboard_msgs/msg/rosidl_typesupport_introspection_c__visibility_control.h
-- Up-to-date: /home/leon/robotica/scorbotLabo/teleop_packages/ros_keyboard/install/keyboard_msgs/include/keyboard_msgs/keyboard_msgs/msg/detail
-- Up-to-date: /home/leon/robotica/scorbotLabo/teleop_packages/ros_keyboard/install/keyboard_msgs/include/keyboard_msgs/keyboard_msgs/msg/detail/key__type_support.c
-- Up-to-date: /home/leon/robotica/scorbotLabo/teleop_packages/ros_keyboard/install/keyboard_msgs/include/keyboard_msgs/keyboard_msgs/msg/detail/key__rosidl_typesupport_introspection_c.h
-- Up-to-date: /home/leon/robotica/scorbotLabo/teleop_packages/ros_keyboard/install/keyboard_msgs/lib/libkeyboard_msgs__rosidl_typesupport_introspection_c.so
-- Up-to-date: /home/leon/robotica/scorbotLabo/teleop_packages/ros_keyboard/install/keyboard_msgs/lib/libkeyboard_msgs__rosidl_typesupport_c.so
-- Up-to-date: /home/leon/robotica/scorbotLabo/teleop_packages/ros_keyboard/install/keyboard_msgs/include/keyboard_msgs/keyboard_msgs
-- Up-to-date: /home/leon/robotica/scorbotLabo/teleop_packages/ros_keyboard/install/keyboard_msgs/include/keyboard_msgs/keyboard_msgs/msg
-- Up-to-date: /home/leon/robotica/scorbotLabo/teleop_packages/ros_keyboard/install/keyboard_msgs/include/keyboard_msgs/keyboard_msgs/msg/detail
-- Up-to-date: /home/leon/robotica/scorbotLabo/teleop_packages/ros_keyboard/install/keyboard_msgs/include/keyboard_msgs/keyboard_msgs/msg/detail/key__type_support.cpp
-- Up-to-date: /home/leon/robotica/scorbotLabo/teleop_packages/ros_keyboard/install/keyboard_msgs/include/keyboard_msgs/keyboard_msgs/msg/detail/key__rosidl_typesupport_introspection_cpp.hpp
-- Up-to-date: /home/leon/robotica/scorbotLabo/teleop_packages/ros_keyboard/install/keyboard_msgs/lib/libkeyboard_msgs__rosidl_typesupport_introspection_cpp.so
-- Up-to-date: /home/leon/robotica/scorbotLabo/teleop_packages/ros_keyboard/install/keyboard_msgs/lib/libkeyboard_msgs__rosidl_typesupport_cpp.so
-- Up-to-date: /home/leon/robotica/scorbotLabo/teleop_packages/ros_keyboard/install/keyboard_msgs/share/keyboard_msgs/environment/pythonpath.sh
-- Up-to-date: /home/leon/robotica/scorbotLabo/teleop_packages/ros_keyboard/install/keyboard_msgs/share/keyboard_msgs/environment/pythonpath.dsv
-- Up-to-date: /home/leon/robotica/scorbotLabo/teleop_packages/ros_keyboard/install/keyboard_msgs/local/lib/python3.10/dist-packages/keyboard_msgs-0.0.0-py3.10.egg-info
-- Installing: /home/leon/robotica/scorbotLabo/teleop_packages/ros_keyboard/install/keyboard_msgs/local/lib/python3.10/dist-packages/keyboard_msgs-0.0.0-py3.10.egg-info/top_level.txt
-- Installing: /home/leon/robotica/scorbotLabo/teleop_packages/ros_keyboard/install/keyboard_msgs/local/lib/python3.10/dist-packages/keyboard_msgs-0.0.0-py3.10.egg-info/dependency_links.txt
-- Installing: /home/leon/robotica/scorbotLabo/teleop_packages/ros_keyboard/install/keyboard_msgs/local/lib/python3.10/dist-packages/keyboard_msgs-0.0.0-py3.10.egg-info/PKG-INFO
-- Installing: /home/leon/robotica/scorbotLabo/teleop_packages/ros_keyboard/install/keyboard_msgs/local/lib/python3.10/dist-packages/keyboard_msgs-0.0.0-py3.10.egg-info/SOURCES.txt
-- Up-to-date: /home/leon/robotica/scorbotLabo/teleop_packages/ros_keyboard/install/keyboard_msgs/local/lib/python3.10/dist-packages/keyboard_msgs
-- Up-to-date: /home/leon/robotica/scorbotLabo/teleop_packages/ros_keyboard/install/keyboard_msgs/local/lib/python3.10/dist-packages/keyboard_msgs/keyboard_msgs_s__rosidl_typesupport_introspection_c.cpython-310-x86_64-linux-gnu.so
-- Up-to-date: /home/leon/robotica/scorbotLabo/teleop_packages/ros_keyboard/install/keyboard_msgs/local/lib/python3.10/dist-packages/keyboard_msgs/_keyboard_msgs_s.ep.rosidl_typesupport_introspection_c.c
-- Up-to-date: /home/leon/robotica/scorbotLabo/teleop_packages/ros_keyboard/install/keyboard_msgs/local/lib/python3.10/dist-packages/keyboard_msgs/_keyboard_msgs_s.ep.rosidl_typesupport_c.c
-- Up-to-date: /home/leon/robotica/scorbotLabo/teleop_packages/ros_keyboard/install/keyboard_msgs/local/lib/python3.10/dist-packages/keyboard_msgs/msg
-- Up-to-date: /home/leon/robotica/scorbotLabo/teleop_packages/ros_keyboard/install/keyboard_msgs/local/lib/python3.10/dist-packages/keyboard_msgs/msg/_key.py
-- Up-to-date: /home/leon/robotica/scorbotLabo/teleop_packages/ros_keyboard/install/keyboard_msgs/local/lib/python3.10/dist-packages/keyboard_msgs/msg/__init__.py
-- Up-to-date: /home/leon/robotica/scorbotLabo/teleop_packages/ros_keyboard/install/keyboard_msgs/local/lib/python3.10/dist-packages/keyboard_msgs/msg/_key_s.c
-- Up-to-date: /home/leon/robotica/scorbotLabo/teleop_packages/ros_keyboard/install/keyboard_msgs/local/lib/python3.10/dist-packages/keyboard_msgs/keyboard_msgs_s__rosidl_typesupport_c.cpython-310-x86_64-linux-gnu.so
-- Up-to-date: /home/leon/robotica/scorbotLabo/teleop_packages/ros_keyboard/install/keyboard_msgs/local/lib/python3.10/dist-packages/keyboard_msgs/keyboard_msgs_s__rosidl_typesupport_fastrtps_c.cpython-310-x86_64-linux-gnu.so
-- Up-to-date: /home/leon/robotica/scorbotLabo/teleop_packages/ros_keyboard/install/keyboard_msgs/local/lib/python3.10/dist-packages/keyboard_msgs/__init__.py
-- Up-to-date: /home/leon/robotica/scorbotLabo/teleop_packages/ros_keyboard/install/keyboard_msgs/local/lib/python3.10/dist-packages/keyboard_msgs/_keyboard_msgs_s.ep.rosidl_typesupport_fastrtps_c.c
-- Up-to-date: /home/leon/robotica/scorbotLabo/teleop_packages/ros_keyboard/install/keyboard_msgs/local/lib/python3.10/dist-packages/keyboard_msgs/libkeyboard_msgs__rosidl_generator_py.so
Listing '/home/leon/robotica/scorbotLabo/teleop_packages/ros_keyboard/install/keyboard_msgs/local/lib/python3.10/dist-packages/keyboard_msgs'...
Listing '/home/leon/robotica/scorbotLabo/teleop_packages/ros_keyboard/install/keyboard_msgs/local/lib/python3.10/dist-packages/keyboard_msgs/msg'...
-- Up-to-date: /home/leon/robotica/scorbotLabo/teleop_packages/ros_keyboard/install/keyboard_msgs/local/lib/python3.10/dist-packages/keyboard_msgs/keyboard_msgs_s__rosidl_typesupport_fastrtps_c.cpython-310-x86_64-linux-gnu.so
-- Up-to-date: /home/leon/robotica/scorbotLabo/teleop_packages/ros_keyboard/install/keyboard_msgs/local/lib/python3.10/dist-packages/keyboard_msgs/keyboard_msgs_s__rosidl_typesupport_introspection_c.cpython-310-x86_64-linux-gnu.so
-- Up-to-date: /home/leon/robotica/scorbotLabo/teleop_packages/ros_keyboard/install/keyboard_msgs/local/lib/python3.10/dist-packages/keyboard_msgs/keyboard_msgs_s__rosidl_typesupport_c.cpython-310-x86_64-linux-gnu.so
-- Up-to-date: /home/leon/robotica/scorbotLabo/teleop_packages/ros_keyboard/install/keyboard_msgs/lib/libkeyboard_msgs__rosidl_generator_py.so
-- Up-to-date: /home/leon/robotica/scorbotLabo/teleop_packages/ros_keyboard/install/keyboard_msgs/share/ament_index/resource_index/rust_packages/keyboard_msgs
-- Up-to-date: /home/leon/robotica/scorbotLabo/teleop_packages/ros_keyboard/install/keyboard_msgs/share/keyboard_msgs/rust
-- Up-to-date: /home/leon/robotica/scorbotLabo/teleop_packages/ros_keyboard/install/keyboard_msgs/share/keyboard_msgs/rust/Cargo.toml
-- Up-to-date: /home/leon/robotica/scorbotLabo/teleop_packages/ros_keyboard/install/keyboard_msgs/share/keyboard_msgs/rust/src
-- Up-to-date: /home/leon/robotica/scorbotLabo/teleop_packages/ros_keyboard/install/keyboard_msgs/share/keyboard_msgs/rust/src/msg.rs
-- Up-to-date: /home/leon/robotica/scorbotLabo/teleop_packages/ros_keyboard/install/keyboard_msgs/share/keyboard_msgs/rust/src/lib.rs
-- Up-to-date: /home/leon/robotica/scorbotLabo/teleop_packages/ros_keyboard/install/keyboard_msgs/share/keyboard_msgs/rust/src/msg
-- Up-to-date: /home/leon/robotica/scorbotLabo/teleop_packages/ros_keyboard/install/keyboard_msgs/share/keyboard_msgs/rust/src/msg/rmw.rs
-- Up-to-date: /home/leon/robotica/scorbotLabo/teleop_packages/ros_keyboard/install/keyboard_msgs/share/keyboard_msgs/rust/build.rs
-- Up-to-date: /home/leon/robotica/scorbotLabo/teleop_packages/ros_keyboard/install/keyboard_msgs/share/keyboard_msgs/msg/Key.idl
-- Up-to-date: /home/leon/robotica/scorbotLabo/teleop_packages/ros_keyboard/install/keyboard_msgs/share/keyboard_msgs/msg/Key.msg
-- Up-to-date: /home/leon/robotica/scorbotLabo/teleop_packages/ros_keyboard/install/keyboard_msgs/share/ament_index/resource_index/package_run_dependencies/keyboard_msgs
-- Up-to-date: /home/leon/robotica/scorbotLabo/teleop_packages/ros_keyboard/install/keyboard_msgs/share/ament_index/resource_index/parent_prefix_path/keyboard_msgs
-- Up-to-date: /home/leon/robotica/scorbotLabo/teleop_packages/ros_keyboard/install/keyboard_msgs/share/keyboard_msgs/environment/ament_prefix_path.sh
-- Up-to-date: /home/leon/robotica/scorbotLabo/teleop_packages/ros_keyboard/install/keyboard_msgs/share/keyboard_msgs/environment/ament_prefix_path.dsv
-- Up-to-date: /home/leon/robotica/scorbotLabo/teleop_packages/ros_keyboard/install/keyboard_msgs/share/keyboard_msgs/environment/path.sh
-- Up-to-date: /home/leon/robotica/scorbotLabo/teleop_packages/ros_keyboard/install/keyboard_msgs/share/keyboard_msgs/environment/path.dsv
-- Up-to-date: /home/leon/robotica/scorbotLabo/teleop_packages/ros_keyboard/install/keyboard_msgs/share/keyboard_msgs/local_setup.bash
-- Up-to-date: /home/leon/robotica/scorbotLabo/teleop_packages/ros_keyboard/install/keyboard_msgs/share/keyboard_msgs/local_setup.sh
-- Up-to-date: /home/leon/robotica/scorbotLabo/teleop_packages/ros_keyboard/install/keyboard_msgs/share/keyboard_msgs/local_setup.zsh
-- Up-to-date: /home/leon/robotica/scorbotLabo/teleop_packages/ros_keyboard/install/keyboard_msgs/share/keyboard_msgs/local_setup.dsv
-- Installing: /home/leon/robotica/scorbotLabo/teleop_packages/ros_keyboard/install/keyboard_msgs/share/keyboard_msgs/package.dsv
-- Up-to-date: /home/leon/robotica/scorbotLabo/teleop_packages/ros_keyboard/install/keyboard_msgs/share/ament_index/resource_index/packages/keyboard_msgs
-- Up-to-date: /home/leon/robotica/scorbotLabo/teleop_packages/ros_keyboard/install/keyboard_msgs/share/keyboard_msgs/cmake/export_keyboard_msgs__rosidl_generator_cExport.cmake
-- Up-to-date: /home/leon/robotica/scorbotLabo/teleop_packages/ros_keyboard/install/keyboard_msgs/share/keyboard_msgs/cmake/export_keyboard_msgs__rosidl_generator_cExport-noconfig.cmake
-- Up-to-date: /home/leon/robotica/scorbotLabo/teleop_packages/ros_keyboard/install/keyboard_msgs/share/keyboard_msgs/cmake/export_keyboard_msgs__rosidl_typesupport_fastrtps_cExport.cmake
-- Up-to-date: /home/leon/robotica/scorbotLabo/teleop_packages/ros_keyboard/install/keyboard_msgs/share/keyboard_msgs/cmake/export_keyboard_msgs__rosidl_typesupport_fastrtps_cExport-noconfig.cmake
-- Up-to-date: /home/leon/robotica/scorbotLabo/teleop_packages/ros_keyboard/install/keyboard_msgs/share/keyboard_msgs/cmake/export_keyboard_msgs__rosidl_generator_cppExport.cmake
-- Up-to-date: /home/leon/robotica/scorbotLabo/teleop_packages/ros_keyboard/install/keyboard_msgs/share/keyboard_msgs/cmake/export_keyboard_msgs__rosidl_typesupport_fastrtps_cppExport.cmake
-- Up-to-date: /home/leon/robotica/scorbotLabo/teleop_packages/ros_keyboard/install/keyboard_msgs/share/keyboard_msgs/cmake/export_keyboard_msgs__rosidl_typesupport_fastrtps_cppExport-noconfig.cmake
-- Up-to-date: /home/leon/robotica/scorbotLabo/teleop_packages/ros_keyboard/install/keyboard_msgs/share/keyboard_msgs/cmake/keyboard_msgs__rosidl_typesupport_introspection_cExport.cmake
-- Up-to-date: /home/leon/robotica/scorbotLabo/teleop_packages/ros_keyboard/install/keyboard_msgs/share/keyboard_msgs/cmake/keyboard_msgs__rosidl_typesupport_introspection_cExport-noconfig.cmake
-- Up-to-date: /home/leon/robotica/scorbotLabo/teleop_packages/ros_keyboard/install/keyboard_msgs/share/keyboard_msgs/cmake/keyboard_msgs__rosidl_typesupport_cExport.cmake
-- Up-to-date: /home/leon/robotica/scorbotLabo/teleop_packages/ros_keyboard/install/keyboard_msgs/share/keyboard_msgs/cmake/keyboard_msgs__rosidl_typesupport_cExport-noconfig.cmake
-- Up-to-date: /home/leon/robotica/scorbotLabo/teleop_packages/ros_keyboard/install/keyboard_msgs/share/keyboard_msgs/cmake/keyboard_msgs__rosidl_typesupport_introspection_cppExport.cmake
-- Up-to-date: /home/leon/robotica/scorbotLabo/teleop_packages/ros_keyboard/install/keyboard_msgs/share/keyboard_msgs/cmake/keyboard_msgs__rosidl_typesupport_introspection_cppExport-noconfig.cmake
-- Up-to-date: /home/leon/robotica/scorbotLabo/teleop_packages/ros_keyboard/install/keyboard_msgs/share/keyboard_msgs/cmake/keyboard_msgs__rosidl_typesupport_cppExport.cmake
-- Up-to-date: /home/leon/robotica/scorbotLabo/teleop_packages/ros_keyboard/install/keyboard_msgs/share/keyboard_msgs/cmake/keyboard_msgs__rosidl_typesupport_cppExport-noconfig.cmake
-- Up-to-date: /home/leon/robotica/scorbotLabo/teleop_packages/ros_keyboard/install/keyboard_msgs/share/keyboard_msgs/cmake/export_keyboard_msgs__rosidl_generator_pyExport.cmake
-- Up-to-date: /home/leon/robotica/scorbotLabo/teleop_packages/ros_keyboard/install/keyboard_msgs/share/keyboard_msgs/cmake/export_keyboard_msgs__rosidl_generator_pyExport-noconfig.cmake
-- Up-to-date: /home/leon/robotica/scorbotLabo/teleop_packages/ros_keyboard/install/keyboard_msgs/share/keyboard_msgs/cmake/rosidl_cmake-extras.cmake
-- Up-to-date: /home/leon/robotica/scorbotLabo/teleop_packages/ros_keyboard/install/keyboard_msgs/share/keyboard_msgs/cmake/ament_cmake_export_dependencies-extras.cmake
-- Up-to-date: /home/leon/robotica/scorbotLabo/teleop_packages/ros_keyboard/install/keyboard_msgs/share/keyboard_msgs/cmake/ament_cmake_export_include_directories-extras.cmake
-- Up-to-date: /home/leon/robotica/scorbotLabo/teleop_packages/ros_keyboard/install/keyboard_msgs/share/keyboard_msgs/cmake/ament_cmake_export_libraries-extras.cmake
-- Up-to-date: /home/leon/robotica/scorbotLabo/teleop_packages/ros_keyboard/install/keyboard_msgs/share/keyboard_msgs/cmake/ament_cmake_export_targets-extras.cmake
-- Up-to-date: /home/leon/robotica/scorbotLabo/teleop_packages/ros_keyboard/install/keyboard_msgs/share/keyboard_msgs/cmake/rosidl_cmake_export_typesupport_targets-extras.cmake
-- Up-to-date: /home/leon/robotica/scorbotLabo/teleop_packages/ros_keyboard/install/keyboard_msgs/share/keyboard_msgs/cmake/rosidl_cmake_export_typesupport_libraries-extras.cmake
-- Up-to-date: /home/leon/robotica/scorbotLabo/teleop_packages/ros_keyboard/install/keyboard_msgs/share/keyboard_msgs/cmake/keyboard_msgsConfig.cmake
-- Up-to-date: /home/leon/robotica/scorbotLabo/teleop_packages/ros_keyboard/install/keyboard_msgs/share/keyboard_msgs/cmake/keyboard_msgsConfig-version.cmake
-- Up-to-date: /home/leon/robotica/scorbotLabo/teleop_packages/ros_keyboard/install/keyboard_msgs/share/keyboard_msgs/package.xml
