[0.015s] Invoking command in '/home/leon/robotica/scorbotLabo/teleop_packages/ros_keyboard/build/keyboard': CMAKE_PREFIX_PATH=${CMAKE_PREFIX_PATH}:/opt/ros/humble /usr/bin/cmake --build /home/leon/robotica/scorbotLabo/teleop_packages/ros_keyboard/build/keyboard -- -j8 -l8
[0.063s] [35m[1mConsolidate compiler generated dependencies of target keyboard[0m
[0.082s] [ 33%] [32mBuilding CXX object CMakeFiles/keyboard.dir/src/main.cpp.o[0m
[0.082s] [ 66%] [32mBuilding CXX object CMakeFiles/keyboard.dir/src/keyboard.cpp.o[0m
[1.217s] [01m[K/home/leon/robotica/scorbotLabo/teleop_packages/ros_keyboard/src/ros-keyboard/src/keyboard.cpp:[m[K In constructor ‘[01m[Kkeyboard::Keyboard::Keyboard(int, int)[m[K’:
[1.217s] [01m[K/home/leon/robotica/scorbotLabo/teleop_packages/ros_keyboard/src/ros-keyboard/src/keyboard.cpp:6:3:[m[K [01;31m[Kerror: [m[K‘[01m[KSDL_EnableKeyRepeat[m[K’ was not declared in this scope
[1.217s]     6 |   [01;31m[KSDL_EnableKeyRepeat[m[K( repeat_delay, repeat_interval );
[1.217s]       |   [01;31m[K^~~~~~~~~~~~~~~~~~~[m[K
[1.251s] [01m[K/home/leon/robotica/scorbotLabo/teleop_packages/ros_keyboard/src/ros-keyboard/src/keyboard.cpp:7:3:[m[K [01;31m[Kerror: [m[K‘[01m[KSDL_WM_SetCaption[m[K’ was not declared in this scope
[1.252s]     7 |   [01;31m[KSDL_WM_SetCaption[m[K("ROS keyboard input", NULL);
[1.252s]       |   [01;31m[K^~~~~~~~~~~~~~~~~[m[K
[1.283s] [01m[K/home/leon/robotica/scorbotLabo/teleop_packages/ros_keyboard/src/ros-keyboard/src/keyboard.cpp:8:12:[m[K [01;31m[Kerror: [m[K‘[01m[KSDL_SetVideoMode[m[K’ was not declared in this scope; did you mean ‘[01m[KSDL_ScaleMode[m[K’?
[1.283s]     8 |   window = [01;31m[KSDL_SetVideoMode[m[K(100, 100, 0, 0);
[1.283s]       |            [01;31m[K^~~~~~~~~~~~~~~~[m[K
[1.283s]       |            [32m[KSDL_ScaleMode[m[K
[1.298s] [01m[K/home/leon/robotica/scorbotLabo/teleop_packages/ros_keyboard/src/ros-keyboard/src/keyboard.cpp:[m[K In member function ‘[01m[Kbool keyboard::Keyboard::get_key(bool&, bool&, uint16_t&, uint16_t&)[m[K’:
[1.298s] [01m[K/home/leon/robotica/scorbotLabo/teleop_packages/ros_keyboard/src/ros-keyboard/src/keyboard.cpp:32:9:[m[K [01;31m[Kerror: [m[K‘[01m[KSDL_Flip[m[K’ was not declared in this scope; did you mean ‘[01m[KSDL_blit[m[K’?
[1.298s]    32 |         [01;31m[KSDL_Flip[m[K(window);
[1.298s]       |         [01;31m[K^~~~~~~~[m[K
[1.298s]       |         [32m[KSDL_blit[m[K
[1.401s] gmake[2]: *** [CMakeFiles/keyboard.dir/build.make:90: CMakeFiles/keyboard.dir/src/keyboard.cpp.o] Error 1
[1.401s] gmake[2]: *** Waiting for unfinished jobs....
[3.302s] [01m[K/home/leon/robotica/scorbotLabo/teleop_packages/ros_keyboard/src/ros-keyboard/src/main.cpp:[m[K In function ‘[01m[Kint main(int, char**)[m[K’:
[3.302s] [01m[K/home/leon/robotica/scorbotLabo/teleop_packages/ros_keyboard/src/ros-keyboard/src/main.cpp:11:19:[m[K [01;31m[Kerror: [m[K‘[01m[Knode[m[K’ was not declared in this scope
[3.302s]    11 |   auto pub_dowm = [01;31m[Knode[m[K->create_publisher<keyboard::msg::Key>("keydown", 10);
[3.302s]       |                   [01;31m[K^~~~[m[K
[3.302s] [01m[K/home/leon/robotica/scorbotLabo/teleop_packages/ros_keyboard/src/ros-keyboard/src/main.cpp:11:52:[m[K [01;31m[Kerror: [m[K‘[01m[Kkeyboard::msg[m[K’ has not been declared
[3.302s]    11 |   auto pub_dowm = node->create_publisher<keyboard::[01;31m[Kmsg[m[K::Key>("keydown", 10);
[3.302s]       |                                                    [01;31m[K^~~[m[K
[3.302s] [01m[K/home/leon/robotica/scorbotLabo/teleop_packages/ros_keyboard/src/ros-keyboard/src/main.cpp:12:50:[m[K [01;31m[Kerror: [m[K‘[01m[Kkeyboard::msg[m[K’ has not been declared
[3.302s]    12 |   auto pub_up = node->create_publisher<keyboard::[01;31m[Kmsg[m[K::Key>("keyup", 10);
[3.302s]       |                                                  [01;31m[K^~~[m[K
[3.303s] [01m[K/home/leon/robotica/scorbotLabo/teleop_packages/ros_keyboard/src/ros-keyboard/src/main.cpp:17:5:[m[K [01;31m[Kerror: [m[K‘[01m[Kclass std::shared_ptr<rclcpp::Node>[m[K’ has no member named ‘[01m[Kparam[m[K’
[3.303s]    17 |   n.[01;31m[Kparam[m[K<bool>("allow_repeat", allow_repeat, false); // disable by default
[3.303s]       |     [01;31m[K^~~~~[m[K
[3.303s] [01m[K/home/leon/robotica/scorbotLabo/teleop_packages/ros_keyboard/src/ros-keyboard/src/main.cpp:17:11:[m[K [01;31m[Kerror: [m[Kexpected primary-expression before ‘[01m[Kbool[m[K’
[3.303s]    17 |   n.param<[01;31m[Kbool[m[K>("allow_repeat", allow_repeat, false); // disable by default
[3.303s]       |           [01;31m[K^~~~[m[K
[3.303s] [01m[K/home/leon/robotica/scorbotLabo/teleop_packages/ros_keyboard/src/ros-keyboard/src/main.cpp:18:5:[m[K [01;31m[Kerror: [m[K‘[01m[Kclass std::shared_ptr<rclcpp::Node>[m[K’ has no member named ‘[01m[Kparam[m[K’
[3.303s]    18 |   n.[01;31m[Kparam[m[K<int>("repeat_delay", repeat_delay, SDL_DEFAULT_REPEAT_DELAY);
[3.303s]       |     [01;31m[K^~~~~[m[K
[3.303s] [01m[K/home/leon/robotica/scorbotLabo/teleop_packages/ros_keyboard/src/ros-keyboard/src/main.cpp:18:11:[m[K [01;31m[Kerror: [m[Kexpected primary-expression before ‘[01m[Kint[m[K’
[3.303s]    18 |   n.param<[01;31m[Kint[m[K>("repeat_delay", repeat_delay, SDL_DEFAULT_REPEAT_DELAY);
[3.303s]       |           [01;31m[K^~~[m[K
[3.304s] [01m[K/home/leon/robotica/scorbotLabo/teleop_packages/ros_keyboard/src/ros-keyboard/src/main.cpp:19:5:[m[K [01;31m[Kerror: [m[K‘[01m[Kclass std::shared_ptr<rclcpp::Node>[m[K’ has no member named ‘[01m[Kparam[m[K’
[3.304s]    19 |   n.[01;31m[Kparam[m[K<int>("repeat_interval", repeat_interval, SDL_DEFAULT_REPEAT_INTERVAL);
[3.304s]       |     [01;31m[K^~~~~[m[K
[3.304s] [01m[K/home/leon/robotica/scorbotLabo/teleop_packages/ros_keyboard/src/ros-keyboard/src/main.cpp:19:11:[m[K [01;31m[Kerror: [m[Kexpected primary-expression before ‘[01m[Kint[m[K’
[3.304s]    19 |   n.param<[01;31m[Kint[m[K>("repeat_interval", repeat_interval, SDL_DEFAULT_REPEAT_INTERVAL);
[3.304s]       |           [01;31m[K^~~[m[K
[3.304s] [01m[K/home/leon/robotica/scorbotLabo/teleop_packages/ros_keyboard/src/ros-keyboard/src/main.cpp:27:13:[m[K [01;31m[Kerror: [m[K‘[01m[Kkeyboard::msg[m[K’ has not been declared
[3.304s]    27 |   keyboard::[01;31m[Kmsg[m[K::Key k;
[3.305s]       |             [01;31m[K^~~[m[K
[3.311s] [01m[K/home/leon/robotica/scorbotLabo/teleop_packages/ros_keyboard/src/ros-keyboard/src/main.cpp:29:58:[m[K [01;31m[Kerror: [m[K‘[01m[Kk[m[K’ was not declared in this scope
[3.311s]    29 |   while (rclcpp::ok() && kbd.get_key(new_event, pressed, [01;31m[Kk[m[K.code, k.modifiers))
[3.311s]       |                                                          [01;31m[K^[m[K
[3.311s] [01m[K/home/leon/robotica/scorbotLabo/teleop_packages/ros_keyboard/src/ros-keyboard/src/main.cpp:33:38:[m[K [01;31m[Kerror: [m[K‘[01m[Know[m[K’ is not a member of ‘[01m[Krclcpp::Time[m[K’
[3.311s]    33 |       k.header.stamp = rclcpp::Time::[01;31m[Know[m[K();
[3.311s]       |                                      [01;31m[K^~~[m[K
[3.319s] [01m[K/home/leon/robotica/scorbotLabo/teleop_packages/ros_keyboard/src/ros-keyboard/src/main.cpp:35:9:[m[K [01;31m[Kerror: [m[K‘[01m[Kpub_down[m[K’ was not declared in this scope
[3.319s]    35 |         [01;31m[Kpub_down[m[K->publish(k);
[3.319s]       |         [01;31m[K^~~~~~~~[m[K
[3.320s] [01m[K/home/leon/robotica/scorbotLabo/teleop_packages/ros_keyboard/src/ros-keyboard/src/main.cpp:40:13:[m[K [01;31m[Kerror: [m[K‘[01m[KspinAll[m[K’ is not a member of ‘[01m[Krclcpp[m[K’; did you mean ‘[01m[Kspin[m[K’?
[3.320s]    40 |     rclcpp::[01;31m[KspinAll[m[K(n, 0s);
[3.320s]       |             [01;31m[K^~~~~~~[m[K
[3.320s]       |             [32m[Kspin[m[K
[3.320s] [01m[K/home/leon/robotica/scorbotLabo/teleop_packages/ros_keyboard/src/ros-keyboard/src/main.cpp:44:3:[m[K [01;31m[Kerror: [m[K‘[01m[Kros[m[K’ has not been declared
[3.320s]    44 |   [01;31m[Kros[m[K::waitForShutdown();
[3.320s]       |   [01;31m[K^~~[m[K
[3.828s] gmake[2]: *** [CMakeFiles/keyboard.dir/build.make:76: CMakeFiles/keyboard.dir/src/main.cpp.o] Error 1
[3.828s] gmake[1]: *** [CMakeFiles/Makefile2:137: CMakeFiles/keyboard.dir/all] Error 2
[3.829s] gmake: *** [Makefile:146: all] Error 2
[3.832s] Invoked command in '/home/leon/robotica/scorbotLabo/teleop_packages/ros_keyboard/build/keyboard' returned '2': CMAKE_PREFIX_PATH=${CMAKE_PREFIX_PATH}:/opt/ros/humble /usr/bin/cmake --build /home/leon/robotica/scorbotLabo/teleop_packages/ros_keyboard/build/keyboard -- -j8 -l8
