[0.016s] Invoking command in '/home/leon/robotica/scorbotLabo/teleop_packages/ros_keyboard/build/keyboard_msgs': CMAKE_PREFIX_PATH=/opt/ros/humble /usr/bin/cmake --build /home/leon/robotica/scorbotLabo/teleop_packages/ros_keyboard/build/keyboard_msgs -- -j4 -l4
[0.395s] -- Found ament_cmake: 1.3.14 (/opt/ros/humble/share/ament_cmake/cmake)
[0.936s] -- Found std_msgs: 4.9.1 (/opt/ros/humble/share/std_msgs/cmake)
[1.107s] -- Found rosidl_generator_c: 3.1.8 (/opt/ros/humble/share/rosidl_generator_c/cmake)
[1.131s] -- Found rosidl_adapter: 3.1.8 (/opt/ros/humble/share/rosidl_adapter/cmake)
[1.250s] -- Found rosidl_generator_cpp: 3.1.8 (/opt/ros/humble/share/rosidl_generator_cpp/cmake)
[1.320s] -- Using all available rosidl_typesupport_c: rosidl_typesupport_fastrtps_c;rosidl_typesupport_introspection_c
[1.383s] -- Using all available rosidl_typesupport_cpp: rosidl_typesupport_fastrtps_cpp;rosidl_typesupport_introspection_cpp
[1.466s] -- Found rosidl_default_generators: 1.2.1 (/opt/ros/humble/share/rosidl_default_generators/cmake)
[1.867s] [31mCMake Error at /opt/ros/humble/share/rosidl_adapter/cmake/rosidl_adapt_interfaces.cmake:59 (message):
[1.867s]   execute_process(/usr/bin/python3 -m rosidl_adapter --package-name
[1.868s]   keyboard_msgs --arguments-file
[1.868s]   /home/leon/robotica/scorbotLabo/teleop_packages/ros_keyboard/build/keyboard_msgs/rosidl_adapter__arguments__keyboard_msgs.json
[1.868s]   --output-dir
[1.869s]   /home/leon/robotica/scorbotLabo/teleop_packages/ros_keyboard/build/keyboard_msgs/rosidl_adapter/keyboard_msgs
[1.869s]   --output-file
[1.869s]   /home/leon/robotica/scorbotLabo/teleop_packages/ros_keyboard/build/keyboard_msgs/rosidl_adapter/keyboard_msgs.idls)
[1.869s]   returned error code 1:
[1.870s] 
[1.870s]   Traceback (most recent call last):
[1.870s] 
[1.871s]     File "/usr/lib/python3.10/runpy.py", line 196, in _run_module_as_main
[1.871s]       return _run_code(code, main_globals, None,
[1.871s]     File "/usr/lib/python3.10/runpy.py", line 86, in _run_code
[1.871s]       exec(code, run_globals)
[1.872s]     File "/opt/ros/humble/local/lib/python3.10/dist-packages/rosidl_adapter/__main__.py", line 19, in <module>
[1.872s]       sys.exit(main())
[1.872s]     File "/opt/ros/humble/local/lib/python3.10/dist-packages/rosidl_adapter/main.py", line 53, in main
[1.873s]       abs_idl_file = convert_to_idl(
[1.873s]     File "/opt/ros/humble/local/lib/python3.10/dist-packages/rosidl_adapter/__init__.py", line 19, in convert_to_idl
[1.873s]       return convert_msg_to_idl(
[1.873s]     File "/opt/ros/humble/local/lib/python3.10/dist-packages/rosidl_adapter/msg/__init__.py", line 28, in convert_msg_to_idl
[1.874s]       msg = parse_message_string(package_name, input_file.stem, content)
[1.874s]     File "/opt/ros/humble/local/lib/python3.10/dist-packages/rosidl_adapter/parser.py", line 535, in parse_message_string
[1.874s]       constants.append(Constant(type_string, name, value))
[1.875s]     File "/opt/ros/humble/local/lib/python3.10/dist-packages/rosidl_adapter/parser.py", line 316, in __init__
[1.875s]       raise TypeError("the constant type '%s' must be a primitive type" %
[1.875s] 
[1.875s]   TypeError: the constant type 'int' must be a primitive type
[1.876s] 
[1.876s] Call Stack (most recent call first):
[1.876s]   /opt/ros/humble/share/rosidl_cmake/cmake/rosidl_generate_interfaces.cmake:130 (rosidl_adapt_interfaces)
[1.877s]   CMakeLists.txt:19 (rosidl_generate_interfaces)
[1.877s] 
[1.877s] [0m
[1.877s] -- Configuring incomplete, errors occurred!
[1.878s] See also "/home/leon/robotica/scorbotLabo/teleop_packages/ros_keyboard/build/keyboard_msgs/CMakeFiles/CMakeOutput.log".
[1.878s] gmake: *** [Makefile:761: cmake_check_build_system] Error 1
[1.884s] Invoked command in '/home/leon/robotica/scorbotLabo/teleop_packages/ros_keyboard/build/keyboard_msgs' returned '2': CMAKE_PREFIX_PATH=/opt/ros/humble /usr/bin/cmake --build /home/leon/robotica/scorbotLabo/teleop_packages/ros_keyboard/build/keyboard_msgs -- -j4 -l4
