[0.186s] DEBUG:colcon:Command line arguments: ['/usr/bin/colcon', 'build']
[0.186s] DEBUG:colcon:Parsed command line arguments: Namespace(log_base=None, log_level=None, verb_name='build', build_base='build', install_base='install', merge_install=False, symlink_install=False, test_result_base=None, continue_on_error=False, executor='parallel', parallel_workers=4, event_handlers=None, ignore_user_meta=False, metas=['./colcon.meta'], base_paths=['.'], packages_ignore=None, packages_ignore_regex=None, paths=None, packages_up_to=None, packages_up_to_regex=None, packages_above=None, packages_above_and_dependencies=None, packages_above_depth=None, packages_select_by_dep=None, packages_skip_by_dep=None, packages_skip_up_to=None, packages_select_build_failed=False, packages_skip_build_finished=False, packages_select_test_failures=False, packages_skip_test_passed=False, packages_select=None, packages_skip=None, packages_select_regex=None, packages_skip_regex=None, packages_start=None, packages_end=None, allow_overriding=[], cmake_args=None, cmake_target=None, cmake_target_skip_unavailable=False, cmake_clean_cache=False, cmake_clean_first=False, cmake_force_configure=False, ament_cmake_args=None, catkin_cmake_args=None, catkin_skip_building_tests=False, verb_parser=<colcon_defaults.argument_parser.defaults.DefaultArgumentsDecorator object at 0x7a3d66f9f490>, verb_extension=<colcon_core.verb.build.BuildVerb object at 0x7a3d66f9ef20>, main=<bound method BuildVerb.main of <colcon_core.verb.build.BuildVerb object at 0x7a3d66f9ef20>>)
[0.468s] Level 1:colcon.colcon_core.package_discovery:discover_packages(colcon_meta) check parameters
[0.468s] Level 1:colcon.colcon_core.package_discovery:discover_packages(recursive) check parameters
[0.469s] Level 1:colcon.colcon_core.package_discovery:discover_packages(ignore) check parameters
[0.469s] Level 1:colcon.colcon_core.package_discovery:discover_packages(path) check parameters
[0.469s] Level 1:colcon.colcon_core.package_discovery:discover_packages(colcon_meta) discover
[0.469s] Level 1:colcon.colcon_core.package_discovery:discover_packages(recursive) discover
[0.469s] INFO:colcon.colcon_core.package_discovery:Crawling recursively for packages in '/home/leon/robotica/scorbotLabo/software_scorbot/scorbot_ws'
[0.469s] Level 1:colcon.colcon_core.package_identification:_identify(.) by extensions ['ignore', 'ignore_ament_install']
[0.469s] Level 1:colcon.colcon_core.package_identification:_identify(.) by extension 'ignore'
[0.469s] Level 1:colcon.colcon_core.package_identification:_identify(.) by extension 'ignore_ament_install'
[0.469s] Level 1:colcon.colcon_core.package_identification:_identify(.) by extensions ['colcon_pkg']
[0.469s] Level 1:colcon.colcon_core.package_identification:_identify(.) by extension 'colcon_pkg'
[0.469s] Level 1:colcon.colcon_core.package_identification:_identify(.) by extensions ['colcon_meta']
[0.469s] Level 1:colcon.colcon_core.package_identification:_identify(.) by extension 'colcon_meta'
[0.469s] Level 1:colcon.colcon_core.package_identification:_identify(.) by extensions ['ros']
[0.469s] Level 1:colcon.colcon_core.package_identification:_identify(.) by extension 'ros'
[0.488s] Level 1:colcon.colcon_core.package_identification:_identify(.) by extensions ['cmake', 'python']
[0.488s] Level 1:colcon.colcon_core.package_identification:_identify(.) by extension 'cmake'
[0.488s] Level 1:colcon.colcon_core.package_identification:_identify(.) by extension 'python'
[0.488s] Level 1:colcon.colcon_core.package_identification:_identify(.) by extensions ['python_setup_py']
[0.488s] Level 1:colcon.colcon_core.package_identification:_identify(.) by extension 'python_setup_py'
[0.488s] Level 1:colcon.colcon_core.package_identification:_identify(build) by extensions ['ignore', 'ignore_ament_install']
[0.488s] Level 1:colcon.colcon_core.package_identification:_identify(build) by extension 'ignore'
[0.488s] Level 1:colcon.colcon_core.package_identification:_identify(build) ignored
[0.489s] Level 1:colcon.colcon_core.package_identification:_identify(install) by extensions ['ignore', 'ignore_ament_install']
[0.489s] Level 1:colcon.colcon_core.package_identification:_identify(install) by extension 'ignore'
[0.489s] Level 1:colcon.colcon_core.package_identification:_identify(install) ignored
[0.489s] Level 1:colcon.colcon_core.package_identification:_identify(log) by extensions ['ignore', 'ignore_ament_install']
[0.489s] Level 1:colcon.colcon_core.package_identification:_identify(log) by extension 'ignore'
[0.489s] Level 1:colcon.colcon_core.package_identification:_identify(log) ignored
[0.489s] Level 1:colcon.colcon_core.package_identification:_identify(scorbot) by extensions ['ignore', 'ignore_ament_install']
[0.489s] Level 1:colcon.colcon_core.package_identification:_identify(scorbot) by extension 'ignore'
[0.489s] Level 1:colcon.colcon_core.package_identification:_identify(scorbot) by extension 'ignore_ament_install'
[0.489s] Level 1:colcon.colcon_core.package_identification:_identify(scorbot) by extensions ['colcon_pkg']
[0.489s] Level 1:colcon.colcon_core.package_identification:_identify(scorbot) by extension 'colcon_pkg'
[0.490s] Level 1:colcon.colcon_core.package_identification:_identify(scorbot) by extensions ['colcon_meta']
[0.490s] Level 1:colcon.colcon_core.package_identification:_identify(scorbot) by extension 'colcon_meta'
[0.490s] Level 1:colcon.colcon_core.package_identification:_identify(scorbot) by extensions ['ros']
[0.490s] Level 1:colcon.colcon_core.package_identification:_identify(scorbot) by extension 'ros'
[0.494s] DEBUG:colcon.colcon_core.package_identification:Package 'scorbot' with type 'ros.ament_cmake' and name 'scorbot'
[0.494s] Level 1:colcon.colcon_core.package_identification:_identify(scorbot_msgs) by extensions ['ignore', 'ignore_ament_install']
[0.494s] Level 1:colcon.colcon_core.package_identification:_identify(scorbot_msgs) by extension 'ignore'
[0.494s] Level 1:colcon.colcon_core.package_identification:_identify(scorbot_msgs) by extension 'ignore_ament_install'
[0.494s] Level 1:colcon.colcon_core.package_identification:_identify(scorbot_msgs) by extensions ['colcon_pkg']
[0.494s] Level 1:colcon.colcon_core.package_identification:_identify(scorbot_msgs) by extension 'colcon_pkg'
[0.495s] Level 1:colcon.colcon_core.package_identification:_identify(scorbot_msgs) by extensions ['colcon_meta']
[0.495s] Level 1:colcon.colcon_core.package_identification:_identify(scorbot_msgs) by extension 'colcon_meta'
[0.495s] Level 1:colcon.colcon_core.package_identification:_identify(scorbot_msgs) by extensions ['ros']
[0.495s] Level 1:colcon.colcon_core.package_identification:_identify(scorbot_msgs) by extension 'ros'
[0.496s] DEBUG:colcon.colcon_core.package_identification:Package 'scorbot_msgs' with type 'ros.ament_cmake' and name 'scorbot_msgs'
[0.496s] Level 1:colcon.colcon_core.package_discovery:discover_packages(recursive) using defaults
[0.496s] Level 1:colcon.colcon_core.package_discovery:discover_packages(ignore) discover
[0.496s] Level 1:colcon.colcon_core.package_discovery:discover_packages(ignore) using defaults
[0.496s] Level 1:colcon.colcon_core.package_discovery:discover_packages(path) discover
[0.496s] Level 1:colcon.colcon_core.package_discovery:discover_packages(path) using defaults
[0.526s] Level 1:colcon.colcon_core.package_discovery:discover_packages(prefix_path) check parameters
[0.526s] Level 1:colcon.colcon_core.package_discovery:discover_packages(prefix_path) discover
[0.528s] DEBUG:colcon.colcon_installed_package_information.package_discovery:Found 4 installed packages in /home/leon/robotica/scorbotLabo/universal_teleop/install
[0.530s] DEBUG:colcon.colcon_installed_package_information.package_discovery:Found 273 installed packages in /opt/ros/humble
[0.534s] Level 1:colcon.colcon_core.package_discovery:discover_packages(prefix_path) using defaults
[0.616s] Level 5:colcon.colcon_core.verb:set package 'scorbot_msgs' build argument 'cmake_args' from command line to 'None'
[0.616s] Level 5:colcon.colcon_core.verb:set package 'scorbot_msgs' build argument 'cmake_target' from command line to 'None'
[0.616s] Level 5:colcon.colcon_core.verb:set package 'scorbot_msgs' build argument 'cmake_target_skip_unavailable' from command line to 'False'
[0.616s] Level 5:colcon.colcon_core.verb:set package 'scorbot_msgs' build argument 'cmake_clean_cache' from command line to 'False'
[0.616s] Level 5:colcon.colcon_core.verb:set package 'scorbot_msgs' build argument 'cmake_clean_first' from command line to 'False'
[0.616s] Level 5:colcon.colcon_core.verb:set package 'scorbot_msgs' build argument 'cmake_force_configure' from command line to 'False'
[0.616s] Level 5:colcon.colcon_core.verb:set package 'scorbot_msgs' build argument 'ament_cmake_args' from command line to 'None'
[0.616s] Level 5:colcon.colcon_core.verb:set package 'scorbot_msgs' build argument 'catkin_cmake_args' from command line to 'None'
[0.616s] Level 5:colcon.colcon_core.verb:set package 'scorbot_msgs' build argument 'catkin_skip_building_tests' from command line to 'False'
[0.616s] DEBUG:colcon.colcon_core.verb:Building package 'scorbot_msgs' with the following arguments: {'ament_cmake_args': None, 'build_base': '/home/leon/robotica/scorbotLabo/software_scorbot/scorbot_ws/build/scorbot_msgs', 'catkin_cmake_args': None, 'catkin_skip_building_tests': False, 'cmake_args': None, 'cmake_clean_cache': False, 'cmake_clean_first': False, 'cmake_force_configure': False, 'cmake_target': None, 'cmake_target_skip_unavailable': False, 'install_base': '/home/leon/robotica/scorbotLabo/software_scorbot/scorbot_ws/install/scorbot_msgs', 'merge_install': False, 'path': '/home/leon/robotica/scorbotLabo/software_scorbot/scorbot_ws/scorbot_msgs', 'symlink_install': False, 'test_result_base': None}
[0.617s] Level 5:colcon.colcon_core.verb:set package 'scorbot' build argument 'cmake_args' from command line to 'None'
[0.617s] Level 5:colcon.colcon_core.verb:set package 'scorbot' build argument 'cmake_target' from command line to 'None'
[0.617s] Level 5:colcon.colcon_core.verb:set package 'scorbot' build argument 'cmake_target_skip_unavailable' from command line to 'False'
[0.617s] Level 5:colcon.colcon_core.verb:set package 'scorbot' build argument 'cmake_clean_cache' from command line to 'False'
[0.617s] Level 5:colcon.colcon_core.verb:set package 'scorbot' build argument 'cmake_clean_first' from command line to 'False'
[0.617s] Level 5:colcon.colcon_core.verb:set package 'scorbot' build argument 'cmake_force_configure' from command line to 'False'
[0.617s] Level 5:colcon.colcon_core.verb:set package 'scorbot' build argument 'ament_cmake_args' from command line to 'None'
[0.617s] Level 5:colcon.colcon_core.verb:set package 'scorbot' build argument 'catkin_cmake_args' from command line to 'None'
[0.617s] Level 5:colcon.colcon_core.verb:set package 'scorbot' build argument 'catkin_skip_building_tests' from command line to 'False'
[0.617s] DEBUG:colcon.colcon_core.verb:Building package 'scorbot' with the following arguments: {'ament_cmake_args': None, 'build_base': '/home/leon/robotica/scorbotLabo/software_scorbot/scorbot_ws/build/scorbot', 'catkin_cmake_args': None, 'catkin_skip_building_tests': False, 'cmake_args': None, 'cmake_clean_cache': False, 'cmake_clean_first': False, 'cmake_force_configure': False, 'cmake_target': None, 'cmake_target_skip_unavailable': False, 'install_base': '/home/leon/robotica/scorbotLabo/software_scorbot/scorbot_ws/install/scorbot', 'merge_install': False, 'path': '/home/leon/robotica/scorbotLabo/software_scorbot/scorbot_ws/scorbot', 'symlink_install': False, 'test_result_base': None}
[0.617s] INFO:colcon.colcon_core.executor:Executing jobs using 'parallel' executor
[0.619s] DEBUG:colcon.colcon_parallel_executor.executor.parallel:run_until_complete
[0.620s] INFO:colcon.colcon_ros.task.ament_cmake.build:Building ROS package in '/home/leon/robotica/scorbotLabo/software_scorbot/scorbot_ws/scorbot_msgs' with build type 'ament_cmake'
[0.620s] INFO:colcon.colcon_cmake.task.cmake.build:Building CMake package in '/home/leon/robotica/scorbotLabo/software_scorbot/scorbot_ws/scorbot_msgs'
[0.623s] INFO:colcon.colcon_core.plugin_system:Skipping extension 'colcon_core.shell.bat': Not used on non-Windows systems
[0.623s] INFO:colcon.colcon_core.shell:Skip shell extension 'powershell' for command environment: Not usable outside of PowerShell
[0.623s] DEBUG:colcon.colcon_core.shell:Skip shell extension 'dsv' for command environment
[0.638s] DEBUG:colcon.colcon_core.event_handler.log_command:Invoking command in '/home/leon/robotica/scorbotLabo/software_scorbot/scorbot_ws/build/scorbot_msgs': CMAKE_PREFIX_PATH=${CMAKE_PREFIX_PATH}:/opt/ros/humble /usr/bin/cmake --build /home/leon/robotica/scorbotLabo/software_scorbot/scorbot_ws/build/scorbot_msgs -- -j4 -l4
[1.268s] DEBUG:colcon.colcon_core.event_handler.log_command:Invoked command in '/home/leon/robotica/scorbotLabo/software_scorbot/scorbot_ws/build/scorbot_msgs' returned '0': CMAKE_PREFIX_PATH=${CMAKE_PREFIX_PATH}:/opt/ros/humble /usr/bin/cmake --build /home/leon/robotica/scorbotLabo/software_scorbot/scorbot_ws/build/scorbot_msgs -- -j4 -l4
[1.283s] DEBUG:colcon.colcon_core.event_handler.log_command:Invoking command in '/home/leon/robotica/scorbotLabo/software_scorbot/scorbot_ws/build/scorbot_msgs': CMAKE_PREFIX_PATH=${CMAKE_PREFIX_PATH}:/opt/ros/humble /usr/bin/cmake --install /home/leon/robotica/scorbotLabo/software_scorbot/scorbot_ws/build/scorbot_msgs
[1.368s] Level 1:colcon.colcon_core.environment:create_environment_scripts_only(scorbot_msgs)
[1.368s] DEBUG:colcon.colcon_core.event_handler.log_command:Invoked command in '/home/leon/robotica/scorbotLabo/software_scorbot/scorbot_ws/build/scorbot_msgs' returned '0': CMAKE_PREFIX_PATH=${CMAKE_PREFIX_PATH}:/opt/ros/humble /usr/bin/cmake --install /home/leon/robotica/scorbotLabo/software_scorbot/scorbot_ws/build/scorbot_msgs
[1.372s] Level 1:colcon.colcon_core.environment:checking '/home/leon/robotica/scorbotLabo/software_scorbot/scorbot_ws/install/scorbot_msgs' for CMake module files
[1.373s] Level 1:colcon.colcon_core.environment:checking '/home/leon/robotica/scorbotLabo/software_scorbot/scorbot_ws/install/scorbot_msgs' for CMake config files
[1.374s] Level 1:colcon.colcon_core.shell:create_environment_hook('scorbot_msgs', 'cmake_prefix_path')
[1.375s] INFO:colcon.colcon_core.shell:Creating environment hook '/home/leon/robotica/scorbotLabo/software_scorbot/scorbot_ws/install/scorbot_msgs/share/scorbot_msgs/hook/cmake_prefix_path.ps1'
[1.376s] INFO:colcon.colcon_core.shell:Creating environment descriptor '/home/leon/robotica/scorbotLabo/software_scorbot/scorbot_ws/install/scorbot_msgs/share/scorbot_msgs/hook/cmake_prefix_path.dsv'
[1.377s] INFO:colcon.colcon_core.shell:Creating environment hook '/home/leon/robotica/scorbotLabo/software_scorbot/scorbot_ws/install/scorbot_msgs/share/scorbot_msgs/hook/cmake_prefix_path.sh'
[1.379s] Level 1:colcon.colcon_core.environment:checking '/home/leon/robotica/scorbotLabo/software_scorbot/scorbot_ws/install/scorbot_msgs/lib'
[1.379s] Level 1:colcon.colcon_core.shell:create_environment_hook('scorbot_msgs', 'ld_library_path_lib')
[1.379s] INFO:colcon.colcon_core.shell:Creating environment hook '/home/leon/robotica/scorbotLabo/software_scorbot/scorbot_ws/install/scorbot_msgs/share/scorbot_msgs/hook/ld_library_path_lib.ps1'
[1.380s] INFO:colcon.colcon_core.shell:Creating environment descriptor '/home/leon/robotica/scorbotLabo/software_scorbot/scorbot_ws/install/scorbot_msgs/share/scorbot_msgs/hook/ld_library_path_lib.dsv'
[1.381s] INFO:colcon.colcon_core.shell:Creating environment hook '/home/leon/robotica/scorbotLabo/software_scorbot/scorbot_ws/install/scorbot_msgs/share/scorbot_msgs/hook/ld_library_path_lib.sh'
[1.382s] Level 1:colcon.colcon_core.environment:checking '/home/leon/robotica/scorbotLabo/software_scorbot/scorbot_ws/install/scorbot_msgs/bin'
[1.382s] Level 1:colcon.colcon_core.environment:checking '/home/leon/robotica/scorbotLabo/software_scorbot/scorbot_ws/install/scorbot_msgs/lib/pkgconfig/scorbot_msgs.pc'
[1.382s] Level 1:colcon.colcon_core.environment:checking '/home/leon/robotica/scorbotLabo/software_scorbot/scorbot_ws/install/scorbot_msgs/lib/python3.10/site-packages'
[1.383s] Level 1:colcon.colcon_core.environment:checking '/home/leon/robotica/scorbotLabo/software_scorbot/scorbot_ws/install/scorbot_msgs/bin'
[1.384s] INFO:colcon.colcon_core.shell:Creating package script '/home/leon/robotica/scorbotLabo/software_scorbot/scorbot_ws/install/scorbot_msgs/share/scorbot_msgs/package.ps1'
[1.386s] INFO:colcon.colcon_core.shell:Creating package descriptor '/home/leon/robotica/scorbotLabo/software_scorbot/scorbot_ws/install/scorbot_msgs/share/scorbot_msgs/package.dsv'
[1.387s] INFO:colcon.colcon_core.shell:Creating package script '/home/leon/robotica/scorbotLabo/software_scorbot/scorbot_ws/install/scorbot_msgs/share/scorbot_msgs/package.sh'
[1.389s] INFO:colcon.colcon_core.shell:Creating package script '/home/leon/robotica/scorbotLabo/software_scorbot/scorbot_ws/install/scorbot_msgs/share/scorbot_msgs/package.bash'
[1.391s] INFO:colcon.colcon_core.shell:Creating package script '/home/leon/robotica/scorbotLabo/software_scorbot/scorbot_ws/install/scorbot_msgs/share/scorbot_msgs/package.zsh'
[1.392s] Level 1:colcon.colcon_core.environment:create_file_with_runtime_dependencies(/home/leon/robotica/scorbotLabo/software_scorbot/scorbot_ws/install/scorbot_msgs/share/colcon-core/packages/scorbot_msgs)
[1.394s] Level 1:colcon.colcon_core.environment:create_environment_scripts_only(scorbot_msgs)
[1.394s] Level 1:colcon.colcon_core.environment:checking '/home/leon/robotica/scorbotLabo/software_scorbot/scorbot_ws/install/scorbot_msgs' for CMake module files
[1.395s] Level 1:colcon.colcon_core.environment:checking '/home/leon/robotica/scorbotLabo/software_scorbot/scorbot_ws/install/scorbot_msgs' for CMake config files
[1.396s] Level 1:colcon.colcon_core.shell:create_environment_hook('scorbot_msgs', 'cmake_prefix_path')
[1.397s] INFO:colcon.colcon_core.shell:Creating environment hook '/home/leon/robotica/scorbotLabo/software_scorbot/scorbot_ws/install/scorbot_msgs/share/scorbot_msgs/hook/cmake_prefix_path.ps1'
[1.397s] INFO:colcon.colcon_core.shell:Creating environment descriptor '/home/leon/robotica/scorbotLabo/software_scorbot/scorbot_ws/install/scorbot_msgs/share/scorbot_msgs/hook/cmake_prefix_path.dsv'
[1.398s] INFO:colcon.colcon_core.shell:Creating environment hook '/home/leon/robotica/scorbotLabo/software_scorbot/scorbot_ws/install/scorbot_msgs/share/scorbot_msgs/hook/cmake_prefix_path.sh'
[1.399s] Level 1:colcon.colcon_core.environment:checking '/home/leon/robotica/scorbotLabo/software_scorbot/scorbot_ws/install/scorbot_msgs/lib'
[1.399s] Level 1:colcon.colcon_core.shell:create_environment_hook('scorbot_msgs', 'ld_library_path_lib')
[1.400s] INFO:colcon.colcon_core.shell:Creating environment hook '/home/leon/robotica/scorbotLabo/software_scorbot/scorbot_ws/install/scorbot_msgs/share/scorbot_msgs/hook/ld_library_path_lib.ps1'
[1.401s] INFO:colcon.colcon_core.shell:Creating environment descriptor '/home/leon/robotica/scorbotLabo/software_scorbot/scorbot_ws/install/scorbot_msgs/share/scorbot_msgs/hook/ld_library_path_lib.dsv'
[1.402s] INFO:colcon.colcon_core.shell:Creating environment hook '/home/leon/robotica/scorbotLabo/software_scorbot/scorbot_ws/install/scorbot_msgs/share/scorbot_msgs/hook/ld_library_path_lib.sh'
[1.403s] Level 1:colcon.colcon_core.environment:checking '/home/leon/robotica/scorbotLabo/software_scorbot/scorbot_ws/install/scorbot_msgs/bin'
[1.403s] Level 1:colcon.colcon_core.environment:checking '/home/leon/robotica/scorbotLabo/software_scorbot/scorbot_ws/install/scorbot_msgs/lib/pkgconfig/scorbot_msgs.pc'
[1.404s] Level 1:colcon.colcon_core.environment:checking '/home/leon/robotica/scorbotLabo/software_scorbot/scorbot_ws/install/scorbot_msgs/lib/python3.10/site-packages'
[1.404s] Level 1:colcon.colcon_core.environment:checking '/home/leon/robotica/scorbotLabo/software_scorbot/scorbot_ws/install/scorbot_msgs/bin'
[1.405s] INFO:colcon.colcon_core.shell:Creating package script '/home/leon/robotica/scorbotLabo/software_scorbot/scorbot_ws/install/scorbot_msgs/share/scorbot_msgs/package.ps1'
[1.407s] INFO:colcon.colcon_core.shell:Creating package descriptor '/home/leon/robotica/scorbotLabo/software_scorbot/scorbot_ws/install/scorbot_msgs/share/scorbot_msgs/package.dsv'
[1.408s] INFO:colcon.colcon_core.shell:Creating package script '/home/leon/robotica/scorbotLabo/software_scorbot/scorbot_ws/install/scorbot_msgs/share/scorbot_msgs/package.sh'
[1.409s] INFO:colcon.colcon_core.shell:Creating package script '/home/leon/robotica/scorbotLabo/software_scorbot/scorbot_ws/install/scorbot_msgs/share/scorbot_msgs/package.bash'
[1.409s] INFO:colcon.colcon_core.shell:Creating package script '/home/leon/robotica/scorbotLabo/software_scorbot/scorbot_ws/install/scorbot_msgs/share/scorbot_msgs/package.zsh'
[1.410s] Level 1:colcon.colcon_core.environment:create_file_with_runtime_dependencies(/home/leon/robotica/scorbotLabo/software_scorbot/scorbot_ws/install/scorbot_msgs/share/colcon-core/packages/scorbot_msgs)
[1.411s] INFO:colcon.colcon_ros.task.ament_cmake.build:Building ROS package in '/home/leon/robotica/scorbotLabo/software_scorbot/scorbot_ws/scorbot' with build type 'ament_cmake'
[1.411s] INFO:colcon.colcon_cmake.task.cmake.build:Building CMake package in '/home/leon/robotica/scorbotLabo/software_scorbot/scorbot_ws/scorbot'
[1.411s] INFO:colcon.colcon_core.shell:Skip shell extension 'powershell' for command environment: Not usable outside of PowerShell
[1.411s] DEBUG:colcon.colcon_core.shell:Skip shell extension 'dsv' for command environment
[1.426s] DEBUG:colcon.colcon_core.event_handler.log_command:Invoking command in '/home/leon/robotica/scorbotLabo/software_scorbot/scorbot_ws/build/scorbot': AMENT_PREFIX_PATH=/home/leon/robotica/scorbotLabo/software_scorbot/scorbot_ws/install/scorbot_msgs:${AMENT_PREFIX_PATH} CMAKE_PREFIX_PATH=/home/leon/robotica/scorbotLabo/software_scorbot/scorbot_ws/install/scorbot_msgs:/home/leon/robotica/scorbotLabo/universal_teleop/install/universal_teleop:/home/leon/robotica/scorbotLabo/universal_teleop/install/universal_teleop_msgs:/home/leon/robotica/scorbotLabo/universal_teleop/install/keyboard:/home/leon/robotica/scorbotLabo/universal_teleop/install/keyboard_msgs:/opt/ros/humble LD_LIBRARY_PATH=/home/leon/robotica/scorbotLabo/software_scorbot/scorbot_ws/install/scorbot_msgs/lib:${LD_LIBRARY_PATH} PYTHONPATH=/home/leon/robotica/scorbotLabo/software_scorbot/scorbot_ws/install/scorbot_msgs/local/lib/python3.10/dist-packages:${PYTHONPATH} /usr/bin/cmake --build /home/leon/robotica/scorbotLabo/software_scorbot/scorbot_ws/build/scorbot -- -j4 -l4
[6.626s] DEBUG:colcon.colcon_core.event_handler.log_command:Invoked command in '/home/leon/robotica/scorbotLabo/software_scorbot/scorbot_ws/build/scorbot' returned '2': AMENT_PREFIX_PATH=/home/leon/robotica/scorbotLabo/software_scorbot/scorbot_ws/install/scorbot_msgs:${AMENT_PREFIX_PATH} CMAKE_PREFIX_PATH=/home/leon/robotica/scorbotLabo/software_scorbot/scorbot_ws/install/scorbot_msgs:/home/leon/robotica/scorbotLabo/universal_teleop/install/universal_teleop:/home/leon/robotica/scorbotLabo/universal_teleop/install/universal_teleop_msgs:/home/leon/robotica/scorbotLabo/universal_teleop/install/keyboard:/home/leon/robotica/scorbotLabo/universal_teleop/install/keyboard_msgs:/opt/ros/humble LD_LIBRARY_PATH=/home/leon/robotica/scorbotLabo/software_scorbot/scorbot_ws/install/scorbot_msgs/lib:${LD_LIBRARY_PATH} PYTHONPATH=/home/leon/robotica/scorbotLabo/software_scorbot/scorbot_ws/install/scorbot_msgs/local/lib/python3.10/dist-packages:${PYTHONPATH} /usr/bin/cmake --build /home/leon/robotica/scorbotLabo/software_scorbot/scorbot_ws/build/scorbot -- -j4 -l4
[6.627s] Level 1:colcon.colcon_core.environment:create_environment_scripts_only(scorbot)
[6.628s] Level 1:colcon.colcon_core.environment:checking '/home/leon/robotica/scorbotLabo/software_scorbot/scorbot_ws/install/scorbot' for CMake module files
[6.629s] Level 1:colcon.colcon_core.environment:checking '/home/leon/robotica/scorbotLabo/software_scorbot/scorbot_ws/install/scorbot' for CMake config files
[6.630s] Level 1:colcon.colcon_core.shell:create_environment_hook('scorbot', 'cmake_prefix_path')
[6.631s] INFO:colcon.colcon_core.shell:Creating environment hook '/home/leon/robotica/scorbotLabo/software_scorbot/scorbot_ws/install/scorbot/share/scorbot/hook/cmake_prefix_path.ps1'
[6.632s] INFO:colcon.colcon_core.shell:Creating environment descriptor '/home/leon/robotica/scorbotLabo/software_scorbot/scorbot_ws/install/scorbot/share/scorbot/hook/cmake_prefix_path.dsv'
[6.633s] INFO:colcon.colcon_core.shell:Creating environment hook '/home/leon/robotica/scorbotLabo/software_scorbot/scorbot_ws/install/scorbot/share/scorbot/hook/cmake_prefix_path.sh'
[6.635s] Level 1:colcon.colcon_core.environment:checking '/home/leon/robotica/scorbotLabo/software_scorbot/scorbot_ws/install/scorbot/lib'
[6.635s] Level 1:colcon.colcon_core.environment:checking '/home/leon/robotica/scorbotLabo/software_scorbot/scorbot_ws/install/scorbot/bin'
[6.635s] Level 1:colcon.colcon_core.environment:checking '/home/leon/robotica/scorbotLabo/software_scorbot/scorbot_ws/install/scorbot/lib/pkgconfig/scorbot.pc'
[6.636s] Level 1:colcon.colcon_core.environment:checking '/home/leon/robotica/scorbotLabo/software_scorbot/scorbot_ws/install/scorbot/lib/python3.10/site-packages'
[6.637s] Level 1:colcon.colcon_core.environment:checking '/home/leon/robotica/scorbotLabo/software_scorbot/scorbot_ws/install/scorbot/bin'
[6.638s] INFO:colcon.colcon_core.shell:Creating package script '/home/leon/robotica/scorbotLabo/software_scorbot/scorbot_ws/install/scorbot/share/scorbot/package.ps1'
[6.640s] INFO:colcon.colcon_core.shell:Creating package descriptor '/home/leon/robotica/scorbotLabo/software_scorbot/scorbot_ws/install/scorbot/share/scorbot/package.dsv'
[6.641s] INFO:colcon.colcon_core.shell:Creating package script '/home/leon/robotica/scorbotLabo/software_scorbot/scorbot_ws/install/scorbot/share/scorbot/package.sh'
[6.642s] INFO:colcon.colcon_core.shell:Creating package script '/home/leon/robotica/scorbotLabo/software_scorbot/scorbot_ws/install/scorbot/share/scorbot/package.bash'
[6.644s] INFO:colcon.colcon_core.shell:Creating package script '/home/leon/robotica/scorbotLabo/software_scorbot/scorbot_ws/install/scorbot/share/scorbot/package.zsh'
[6.645s] Level 1:colcon.colcon_core.environment:create_file_with_runtime_dependencies(/home/leon/robotica/scorbotLabo/software_scorbot/scorbot_ws/install/scorbot/share/colcon-core/packages/scorbot)
[6.656s] DEBUG:colcon.colcon_parallel_executor.executor.parallel:closing loop
[6.656s] DEBUG:colcon.colcon_parallel_executor.executor.parallel:loop closed
[6.657s] DEBUG:colcon.colcon_parallel_executor.executor.parallel:run_until_complete finished with '2'
[6.657s] DEBUG:colcon.colcon_core.event_reactor:joining thread
[6.671s] INFO:colcon.colcon_core.plugin_system:Skipping extension 'colcon_notification.desktop_notification.terminal_notifier': Not used on non-Darwin systems
[6.671s] INFO:colcon.colcon_core.plugin_system:Skipping extension 'colcon_notification.desktop_notification.win32': Not used on non-Windows systems
[6.671s] INFO:colcon.colcon_notification.desktop_notification:Sending desktop notification using 'notify2'
[6.702s] DEBUG:colcon.colcon_core.event_reactor:joined thread
[6.703s] INFO:colcon.colcon_core.shell:Creating prefix script '/home/leon/robotica/scorbotLabo/software_scorbot/scorbot_ws/install/local_setup.ps1'
[6.706s] INFO:colcon.colcon_core.shell:Creating prefix util module '/home/leon/robotica/scorbotLabo/software_scorbot/scorbot_ws/install/_local_setup_util_ps1.py'
[6.710s] INFO:colcon.colcon_core.shell:Creating prefix chain script '/home/leon/robotica/scorbotLabo/software_scorbot/scorbot_ws/install/setup.ps1'
[6.714s] INFO:colcon.colcon_core.shell:Creating prefix script '/home/leon/robotica/scorbotLabo/software_scorbot/scorbot_ws/install/local_setup.sh'
[6.716s] INFO:colcon.colcon_core.shell:Creating prefix util module '/home/leon/robotica/scorbotLabo/software_scorbot/scorbot_ws/install/_local_setup_util_sh.py'
[6.718s] INFO:colcon.colcon_core.shell:Creating prefix chain script '/home/leon/robotica/scorbotLabo/software_scorbot/scorbot_ws/install/setup.sh'
[6.721s] INFO:colcon.colcon_core.shell:Creating prefix script '/home/leon/robotica/scorbotLabo/software_scorbot/scorbot_ws/install/local_setup.bash'
[6.722s] INFO:colcon.colcon_core.shell:Creating prefix chain script '/home/leon/robotica/scorbotLabo/software_scorbot/scorbot_ws/install/setup.bash'
[6.725s] INFO:colcon.colcon_core.shell:Creating prefix script '/home/leon/robotica/scorbotLabo/software_scorbot/scorbot_ws/install/local_setup.zsh'
[6.726s] INFO:colcon.colcon_core.shell:Creating prefix chain script '/home/leon/robotica/scorbotLabo/software_scorbot/scorbot_ws/install/setup.zsh'
