[01m[K/home/leon/robotica/scorbotLabo/teleop_packages/universal_teleop/src/ros-universal-teleop/src/teleop.cpp:8:1:[m[K [01;31m[Kerror: [m[Kno declaration matches ‘[01m[Kuniversal_teleop::Teleop::Teleop(std::shared_ptr<rclcpp::Node>)[m[K’
    8 | [01;31m[Kteleop[m[K::Teleop::Teleop(std::shared_ptr<rclcpp::Node> node)
      | [01;31m[K^~~~~~[m[K
In file included from [01m[K/home/leon/robotica/scorbotLabo/teleop_packages/universal_teleop/src/ros-universal-teleop/src/teleop.cpp:3[m[K:
[01m[K/home/leon/robotica/scorbotLabo/teleop_packages/universal_teleop/src/ros-universal-teleop/src/teleop.h:12:9:[m[K [01;36m[Knote: [m[Kcandidates are: ‘[01m[Kuniversal_teleop::Teleop::Teleop(universal_teleop::Teleop&&)[m[K’
   12 |   class [01;36m[KTeleop[m[K {
      |         [01;36m[K^~~~~~[m[K
[01m[K/home/leon/robotica/scorbotLabo/teleop_packages/universal_teleop/src/ros-universal-teleop/src/teleop.h:12:9:[m[K [01;36m[Knote: [m[K                ‘[01m[Kuniversal_teleop::Teleop::Teleop(const universal_teleop::Teleop&)[m[K’
[01m[K/home/leon/robotica/scorbotLabo/teleop_packages/universal_teleop/src/ros-universal-teleop/src/teleop.h:14:7:[m[K [01;36m[Knote: [m[K                ‘[01m[Kuniversal_teleop::Teleop::Teleop(rclcpp::Node)[m[K’
   14 |       [01;36m[KTeleop[m[K(rclcpp::Node node);
      |       [01;36m[K^~~~~~[m[K
[01m[K/home/leon/robotica/scorbotLabo/teleop_packages/universal_teleop/src/ros-universal-teleop/src/teleop.h:12:9:[m[K [01;36m[Knote: [m[K‘[01m[Kclass universal_teleop::Teleop[m[K’ defined here
   12 |   class [01;36m[KTeleop[m[K {
      |         [01;36m[K^~~~~~[m[K
[01m[K/home/leon/robotica/scorbotLabo/teleop_packages/universal_teleop/src/ros-universal-teleop/src/teleop.cpp:58:50:[m[K [01;31m[Kerror: [m[K‘[01m[KEvent[m[K’ in namespace ‘[01m[Kteleop[m[K’ does not name a type
   58 | void teleop::Teleop::process_event(const teleop::[01;31m[KEvent[m[K& e)
      |                                                  [01;31m[K^~~~~[m[K
[01m[K/home/leon/robotica/scorbotLabo/teleop_packages/universal_teleop/src/ros-universal-teleop/src/teleop.cpp:58:6:[m[K [01;31m[Kerror: [m[Kno declaration matches ‘[01m[Kvoid universal_teleop::Teleop::process_event(const int&)[m[K’
   58 | void [01;31m[Kteleop[m[K::Teleop::process_event(const teleop::Event& e)
      |      [01;31m[K^~~~~~[m[K
In file included from [01m[K/home/leon/robotica/scorbotLabo/teleop_packages/universal_teleop/src/ros-universal-teleop/src/teleop.cpp:3[m[K:
[01m[K/home/leon/robotica/scorbotLabo/teleop_packages/universal_teleop/src/ros-universal-teleop/src/teleop.h:22:12:[m[K [01;36m[Knote: [m[Kcandidate is: ‘[01m[Kvoid universal_teleop::Teleop::process_event(const Event&)[m[K’
   22 |       void [01;36m[Kprocess_event[m[K(const universal_teleop_msgs::msg::Event& e);
      |            [01;36m[K^~~~~~~~~~~~~[m[K
[01m[K/home/leon/robotica/scorbotLabo/teleop_packages/universal_teleop/src/ros-universal-teleop/src/teleop.h:12:9:[m[K [01;36m[Knote: [m[K‘[01m[Kclass universal_teleop::Teleop[m[K’ defined here
   12 |   class [01;36m[KTeleop[m[K {
      |         [01;36m[K^~~~~~[m[K
[01m[K/home/leon/robotica/scorbotLabo/teleop_packages/universal_teleop/src/ros-universal-teleop/src/teleop.cpp:81:56:[m[K [01;31m[Kerror: [m[K‘[01m[KJoy[m[K’ in namespace ‘[01m[Ksensor_msgs[m[K’ does not name a type
   81 | void teleop::Teleop::joystick_event(const sensor_msgs::[01;31m[KJoy[m[K& joy)
      |                                                        [01;31m[K^~~[m[K
[01m[K/home/leon/robotica/scorbotLabo/teleop_packages/universal_teleop/src/ros-universal-teleop/src/teleop.cpp:81:6:[m[K [01;31m[Kerror: [m[Kno declaration matches ‘[01m[Kvoid universal_teleop::Teleop::joystick_event(const int&)[m[K’
   81 | void [01;31m[Kteleop[m[K::Teleop::joystick_event(const sensor_msgs::Joy& joy)
      |      [01;31m[K^~~~~~[m[K
In file included from [01m[K/home/leon/robotica/scorbotLabo/teleop_packages/universal_teleop/src/ros-universal-teleop/src/teleop.cpp:3[m[K:
[01m[K/home/leon/robotica/scorbotLabo/teleop_packages/universal_teleop/src/ros-universal-teleop/src/teleop.h:18:12:[m[K [01;36m[Knote: [m[Kcandidate is: ‘[01m[Kvoid universal_teleop::Teleop::joystick_event(const Joy&)[m[K’
   18 |       void [01;36m[Kjoystick_event[m[K(const sensor_msgs::msg::Joy& joy);
      |            [01;36m[K^~~~~~~~~~~~~~[m[K
[01m[K/home/leon/robotica/scorbotLabo/teleop_packages/universal_teleop/src/ros-universal-teleop/src/teleop.h:12:9:[m[K [01;36m[Knote: [m[K‘[01m[Kclass universal_teleop::Teleop[m[K’ defined here
   12 |   class [01;36m[KTeleop[m[K {
      |         [01;36m[K^~~~~~[m[K
[01m[K/home/leon/robotica/scorbotLabo/teleop_packages/universal_teleop/src/ros-universal-teleop/src/teleop.cpp:124:46:[m[K [01;31m[Kerror: [m[K‘[01m[Kkeyboard[m[K’ does not name a type
  124 | void teleop::Teleop::keyboard_up_event(const [01;31m[Kkeyboard[m[K::Key& key)
      |                                              [01;31m[K^~~~~~~~[m[K
[01m[K/home/leon/robotica/scorbotLabo/teleop_packages/universal_teleop/src/ros-universal-teleop/src/teleop.cpp:124:59:[m[K [01;31m[Kerror: [m[Kexpected unqualified-id before ‘[01m[K&[m[K’ token
  124 | void teleop::Teleop::keyboard_up_event(const keyboard::Key[01;31m[K&[m[K key)
      |                                                           [01;31m[K^[m[K
[01m[K/home/leon/robotica/scorbotLabo/teleop_packages/universal_teleop/src/ros-universal-teleop/src/teleop.cpp:124:59:[m[K [01;31m[Kerror: [m[Kexpected ‘[01m[K)[m[K’ before ‘[01m[K&[m[K’ token
  124 | void teleop::Teleop::keyboard_up_event[34m[K([m[Kconst keyboard::Key[01;31m[K&[m[K key)
      |                                       [34m[K~[m[K                   [01;31m[K^[m[K
      |                                                           [32m[K)[m[K
[01m[K/home/leon/robotica/scorbotLabo/teleop_packages/universal_teleop/src/ros-universal-teleop/src/teleop.cpp:124:61:[m[K [01;31m[Kerror: [m[Kexpected initializer before ‘[01m[Kkey[m[K’
  124 | void teleop::Teleop::keyboard_up_event(const keyboard::Key& [01;31m[Kkey[m[K)
      |                                                             [01;31m[K^~~[m[K
[01m[K/home/leon/robotica/scorbotLabo/teleop_packages/universal_teleop/src/ros-universal-teleop/src/teleop.cpp:142:48:[m[K [01;31m[Kerror: [m[K‘[01m[Kkeyboard[m[K’ does not name a type
  142 | void teleop::Teleop::keyboard_down_event(const [01;31m[Kkeyboard[m[K::Key& key)
      |                                                [01;31m[K^~~~~~~~[m[K
[01m[K/home/leon/robotica/scorbotLabo/teleop_packages/universal_teleop/src/ros-universal-teleop/src/teleop.cpp:142:61:[m[K [01;31m[Kerror: [m[Kexpected unqualified-id before ‘[01m[K&[m[K’ token
  142 | void teleop::Teleop::keyboard_down_event(const keyboard::Key[01;31m[K&[m[K key)
      |                                                             [01;31m[K^[m[K
[01m[K/home/leon/robotica/scorbotLabo/teleop_packages/universal_teleop/src/ros-universal-teleop/src/teleop.cpp:142:61:[m[K [01;31m[Kerror: [m[Kexpected ‘[01m[K)[m[K’ before ‘[01m[K&[m[K’ token
  142 | void teleop::Teleop::keyboard_down_event[34m[K([m[Kconst keyboard::Key[01;31m[K&[m[K key)
      |                                         [34m[K~[m[K                   [01;31m[K^[m[K
      |                                                             [32m[K)[m[K
[01m[K/home/leon/robotica/scorbotLabo/teleop_packages/universal_teleop/src/ros-universal-teleop/src/teleop.cpp:142:63:[m[K [01;31m[Kerror: [m[Kexpected initializer before ‘[01m[Kkey[m[K’
  142 | void teleop::Teleop::keyboard_down_event(const keyboard::Key& [01;31m[Kkey[m[K)
      |                                                               [01;31m[K^~~[m[K
[01m[K/home/leon/robotica/scorbotLabo/teleop_packages/universal_teleop/src/ros-universal-teleop/src/teleop.cpp:[m[K In member function ‘[01m[Kvoid universal_teleop::Teleop::control()[m[K’:
[01m[K/home/leon/robotica/scorbotLabo/teleop_packages/universal_teleop/src/ros-universal-teleop/src/teleop.cpp:178:20:[m[K [01;31m[Kerror: [m[K‘[01m[KTwist[m[K’ is not a member of ‘[01m[Kgeometry_msgs[m[K’; did you mean ‘[01m[Kgeometry_msgs::msg::Twist[m[K’?
  178 |     geometry_msgs::[01;31m[KTwist[m[K vel;
      |                    [01;31m[K^~~~~[m[K
In file included from [01m[K/opt/ros/humble/include/geometry_msgs/geometry_msgs/msg/twist.hpp:7[m[K,
                 from [01m[K/home/leon/robotica/scorbotLabo/teleop_packages/universal_teleop/src/ros-universal-teleop/src/teleop.h:6[m[K,
                 from [01m[K/home/leon/robotica/scorbotLabo/teleop_packages/universal_teleop/src/ros-universal-teleop/src/teleop.cpp:3[m[K:
[01m[K/opt/ros/humble/include/geometry_msgs/geometry_msgs/msg/detail/twist__struct.hpp:135:7:[m[K [01;36m[Knote: [m[K‘[01m[Kgeometry_msgs::msg::Twist[m[K’ declared here
  135 | using [01;36m[KTwist[m[K =
      |       [01;36m[K^~~~~[m[K
[01m[K/home/leon/robotica/scorbotLabo/teleop_packages/universal_teleop/src/ros-universal-teleop/src/teleop.cpp:179:5:[m[K [01;31m[Kerror: [m[K‘[01m[Kvel[m[K’ was not declared in this scope
  179 |     [01;31m[Kvel[m[K.linear.x = pitch * axis_scales["pitch"];
      |     [01;31m[K^~~[m[K
[01m[K/home/leon/robotica/scorbotLabo/teleop_packages/universal_teleop/src/ros-universal-teleop/src/teleop.cpp:187:20:[m[K [01;31m[Kerror: [m[K‘[01m[KTwist[m[K’ is not a member of ‘[01m[Kgeometry_msgs[m[K’; did you mean ‘[01m[Kgeometry_msgs::msg::Twist[m[K’?
  187 |     geometry_msgs::[01;31m[KTwist[m[K vel;
      |                    [01;31m[K^~~~~[m[K
In file included from [01m[K/opt/ros/humble/include/geometry_msgs/geometry_msgs/msg/twist.hpp:7[m[K,
                 from [01m[K/home/leon/robotica/scorbotLabo/teleop_packages/universal_teleop/src/ros-universal-teleop/src/teleop.h:6[m[K,
                 from [01m[K/home/leon/robotica/scorbotLabo/teleop_packages/universal_teleop/src/ros-universal-teleop/src/teleop.cpp:3[m[K:
[01m[K/opt/ros/humble/include/geometry_msgs/geometry_msgs/msg/detail/twist__struct.hpp:135:7:[m[K [01;36m[Knote: [m[K‘[01m[Kgeometry_msgs::msg::Twist[m[K’ declared here
  135 | using [01;36m[KTwist[m[K =
      |       [01;36m[K^~~~~[m[K
[01m[K/home/leon/robotica/scorbotLabo/teleop_packages/universal_teleop/src/ros-universal-teleop/src/teleop.cpp:188:5:[m[K [01;31m[Kerror: [m[K‘[01m[Kvel[m[K’ was not declared in this scope
  188 |     [01;31m[Kvel[m[K.linear.x = key_axes_state["pitch"] * axis_scales["pitch"];
      |     [01;31m[K^~~[m[K
[01m[K/home/leon/robotica/scorbotLabo/teleop_packages/universal_teleop/src/ros-universal-teleop/src/main.cpp:[m[K In function ‘[01m[Kint main(int, char**)[m[K’:
[01m[K/home/leon/robotica/scorbotLabo/teleop_packages/universal_teleop/src/ros-universal-teleop/src/main.cpp:9:58:[m[K [01;31m[Kerror: [m[Kno matching function for call to ‘[01m[Kuniversal_teleop::Teleop::Teleop(std::shared_ptr<rclcpp::Node>&)[m[K’
    9 |   universal_teleop::Teleop t = universal_teleop::Teleop(n[01;31m[K)[m[K;
      |                                                          [01;31m[K^[m[K
In file included from [01m[K/home/leon/robotica/scorbotLabo/teleop_packages/universal_teleop/src/ros-universal-teleop/src/main.cpp:2[m[K:
[01m[K/home/leon/robotica/scorbotLabo/teleop_packages/universal_teleop/src/ros-universal-teleop/src/teleop.h:14:7:[m[K [01;36m[Knote: [m[Kcandidate: ‘[01m[Kuniversal_teleop::Teleop::Teleop(rclcpp::Node)[m[K’
   14 |       [01;36m[KTeleop[m[K(rclcpp::Node node);
      |       [01;36m[K^~~~~~[m[K
[01m[K/home/leon/robotica/scorbotLabo/teleop_packages/universal_teleop/src/ros-universal-teleop/src/teleop.h:14:27:[m[K [01;36m[Knote: [m[K  no known conversion for argument 1 from ‘[01m[Kstd::shared_ptr<rclcpp::Node>[m[K’ to ‘[01m[Krclcpp::Node[m[K’
   14 |       Teleop([01;36m[Krclcpp::Node node[m[K);
      |              [01;36m[K~~~~~~~~~~~~~^~~~[m[K
gmake[2]: *** [CMakeFiles/universal_teleop.dir/build.make:90: CMakeFiles/universal_teleop.dir/src/teleop.cpp.o] Error 1
gmake[2]: *** Waiting for unfinished jobs....
gmake[2]: *** [CMakeFiles/universal_teleop.dir/build.make:76: CMakeFiles/universal_teleop.dir/src/main.cpp.o] Error 1
gmake[1]: *** [CMakeFiles/Makefile2:137: CMakeFiles/universal_teleop.dir/all] Error 2
gmake: *** [Makefile:146: all] Error 2
