[0.014s] Invoking command in '/home/leon/robotica/scorbotLabo/teleop_packages/universal_teleop/build/universal_teleop': AMENT_PREFIX_PATH=/home/leon/robotica/scorbotLabo/teleop_packages/universal_teleop/install/universal_teleop_msgs:${AMENT_PREFIX_PATH} CMAKE_PREFIX_PATH=/home/leon/robotica/scorbotLabo/teleop_packages/universal_teleop/install/universal_teleop_msgs:/home/leon/robotica/scorbotLabo/teleop_packages/ros_keyboard/install/keyboard:/home/leon/robotica/scorbotLabo/teleop_packages/ros_keyboard/install/keyboard_msgs:/opt/ros/humble LD_LIBRARY_PATH=/home/leon/robotica/scorbotLabo/teleop_packages/universal_teleop/install/universal_teleop_msgs/lib:${LD_LIBRARY_PATH} PYTHONPATH=/home/leon/robotica/scorbotLabo/teleop_packages/universal_teleop/install/universal_teleop_msgs/local/lib/python3.10/dist-packages:${PYTHONPATH} /usr/bin/cmake --build /home/leon/robotica/scorbotLabo/teleop_packages/universal_teleop/build/universal_teleop -- -j4 -l4
[0.082s] [35m[1mConsolidate compiler generated dependencies of target universal_teleop[0m
[0.113s] [ 33%] [32mBuilding CXX object CMakeFiles/universal_teleop.dir/src/main.cpp.o[0m
[0.115s] [ 66%] [32mBuilding CXX object CMakeFiles/universal_teleop.dir/src/teleop.cpp.o[0m
[4.299s] [01m[K/home/leon/robotica/scorbotLabo/teleop_packages/universal_teleop/src/ros-universal-teleop/src/teleop.cpp:8:1:[m[K [01;31m[Kerror: [m[Kno declaration matches ‘[01m[Kuniversal_teleop::Teleop::Teleop(std::shared_ptr<rclcpp::Node>)[m[K’
[4.299s]     8 | [01;31m[Kteleop[m[K::Teleop::Teleop(std::shared_ptr<rclcpp::Node> node)
[4.299s]       | [01;31m[K^~~~~~[m[K
[4.299s] In file included from [01m[K/home/leon/robotica/scorbotLabo/teleop_packages/universal_teleop/src/ros-universal-teleop/src/teleop.cpp:3[m[K:
[4.299s] [01m[K/home/leon/robotica/scorbotLabo/teleop_packages/universal_teleop/src/ros-universal-teleop/src/teleop.h:12:9:[m[K [01;36m[Knote: [m[Kcandidates are: ‘[01m[Kuniversal_teleop::Teleop::Teleop(universal_teleop::Teleop&&)[m[K’
[4.299s]    12 |   class [01;36m[KTeleop[m[K {
[4.300s]       |         [01;36m[K^~~~~~[m[K
[4.300s] [01m[K/home/leon/robotica/scorbotLabo/teleop_packages/universal_teleop/src/ros-universal-teleop/src/teleop.h:12:9:[m[K [01;36m[Knote: [m[K                ‘[01m[Kuniversal_teleop::Teleop::Teleop(const universal_teleop::Teleop&)[m[K’
[4.300s] [01m[K/home/leon/robotica/scorbotLabo/teleop_packages/universal_teleop/src/ros-universal-teleop/src/teleop.h:14:7:[m[K [01;36m[Knote: [m[K                ‘[01m[Kuniversal_teleop::Teleop::Teleop(rclcpp::Node)[m[K’
[4.300s]    14 |       [01;36m[KTeleop[m[K(rclcpp::Node node);
[4.300s]       |       [01;36m[K^~~~~~[m[K
[4.300s] [01m[K/home/leon/robotica/scorbotLabo/teleop_packages/universal_teleop/src/ros-universal-teleop/src/teleop.h:12:9:[m[K [01;36m[Knote: [m[K‘[01m[Kclass universal_teleop::Teleop[m[K’ defined here
[4.300s]    12 |   class [01;36m[KTeleop[m[K {
[4.301s]       |         [01;36m[K^~~~~~[m[K
[4.301s] [01m[K/home/leon/robotica/scorbotLabo/teleop_packages/universal_teleop/src/ros-universal-teleop/src/teleop.cpp:58:50:[m[K [01;31m[Kerror: [m[K‘[01m[KEvent[m[K’ in namespace ‘[01m[Kteleop[m[K’ does not name a type
[4.301s]    58 | void teleop::Teleop::process_event(const teleop::[01;31m[KEvent[m[K& e)
[4.301s]       |                                                  [01;31m[K^~~~~[m[K
[4.301s] [01m[K/home/leon/robotica/scorbotLabo/teleop_packages/universal_teleop/src/ros-universal-teleop/src/teleop.cpp:58:6:[m[K [01;31m[Kerror: [m[Kno declaration matches ‘[01m[Kvoid universal_teleop::Teleop::process_event(const int&)[m[K’
[4.301s]    58 | void [01;31m[Kteleop[m[K::Teleop::process_event(const teleop::Event& e)
[4.302s]       |      [01;31m[K^~~~~~[m[K
[4.302s] In file included from [01m[K/home/leon/robotica/scorbotLabo/teleop_packages/universal_teleop/src/ros-universal-teleop/src/teleop.cpp:3[m[K:
[4.302s] [01m[K/home/leon/robotica/scorbotLabo/teleop_packages/universal_teleop/src/ros-universal-teleop/src/teleop.h:22:12:[m[K [01;36m[Knote: [m[Kcandidate is: ‘[01m[Kvoid universal_teleop::Teleop::process_event(const Event&)[m[K’
[4.302s]    22 |       void [01;36m[Kprocess_event[m[K(const universal_teleop_msgs::msg::Event& e);
[4.302s]       |            [01;36m[K^~~~~~~~~~~~~[m[K
[4.302s] [01m[K/home/leon/robotica/scorbotLabo/teleop_packages/universal_teleop/src/ros-universal-teleop/src/teleop.h:12:9:[m[K [01;36m[Knote: [m[K‘[01m[Kclass universal_teleop::Teleop[m[K’ defined here
[4.302s]    12 |   class [01;36m[KTeleop[m[K {
[4.303s]       |         [01;36m[K^~~~~~[m[K
[4.303s] [01m[K/home/leon/robotica/scorbotLabo/teleop_packages/universal_teleop/src/ros-universal-teleop/src/teleop.cpp:81:56:[m[K [01;31m[Kerror: [m[K‘[01m[KJoy[m[K’ in namespace ‘[01m[Ksensor_msgs[m[K’ does not name a type
[4.303s]    81 | void teleop::Teleop::joystick_event(const sensor_msgs::[01;31m[KJoy[m[K& joy)
[4.303s]       |                                                        [01;31m[K^~~[m[K
[4.303s] [01m[K/home/leon/robotica/scorbotLabo/teleop_packages/universal_teleop/src/ros-universal-teleop/src/teleop.cpp:81:6:[m[K [01;31m[Kerror: [m[Kno declaration matches ‘[01m[Kvoid universal_teleop::Teleop::joystick_event(const int&)[m[K’
[4.303s]    81 | void [01;31m[Kteleop[m[K::Teleop::joystick_event(const sensor_msgs::Joy& joy)
[4.303s]       |      [01;31m[K^~~~~~[m[K
[4.303s] In file included from [01m[K/home/leon/robotica/scorbotLabo/teleop_packages/universal_teleop/src/ros-universal-teleop/src/teleop.cpp:3[m[K:
[4.304s] [01m[K/home/leon/robotica/scorbotLabo/teleop_packages/universal_teleop/src/ros-universal-teleop/src/teleop.h:18:12:[m[K [01;36m[Knote: [m[Kcandidate is: ‘[01m[Kvoid universal_teleop::Teleop::joystick_event(const Joy&)[m[K’
[4.304s]    18 |       void [01;36m[Kjoystick_event[m[K(const sensor_msgs::msg::Joy& joy);
[4.304s]       |            [01;36m[K^~~~~~~~~~~~~~[m[K
[4.304s] [01m[K/home/leon/robotica/scorbotLabo/teleop_packages/universal_teleop/src/ros-universal-teleop/src/teleop.h:12:9:[m[K [01;36m[Knote: [m[K‘[01m[Kclass universal_teleop::Teleop[m[K’ defined here
[4.304s]    12 |   class [01;36m[KTeleop[m[K {
[4.304s]       |         [01;36m[K^~~~~~[m[K
[4.304s] [01m[K/home/leon/robotica/scorbotLabo/teleop_packages/universal_teleop/src/ros-universal-teleop/src/teleop.cpp:124:46:[m[K [01;31m[Kerror: [m[K‘[01m[Kkeyboard[m[K’ does not name a type
[4.305s]   124 | void teleop::Teleop::keyboard_up_event(const [01;31m[Kkeyboard[m[K::Key& key)
[4.305s]       |                                              [01;31m[K^~~~~~~~[m[K
[4.305s] [01m[K/home/leon/robotica/scorbotLabo/teleop_packages/universal_teleop/src/ros-universal-teleop/src/teleop.cpp:124:59:[m[K [01;31m[Kerror: [m[Kexpected unqualified-id before ‘[01m[K&[m[K’ token
[4.305s]   124 | void teleop::Teleop::keyboard_up_event(const keyboard::Key[01;31m[K&[m[K key)
[4.305s]       |                                                           [01;31m[K^[m[K
[4.306s] [01m[K/home/leon/robotica/scorbotLabo/teleop_packages/universal_teleop/src/ros-universal-teleop/src/teleop.cpp:124:59:[m[K [01;31m[Kerror: [m[Kexpected ‘[01m[K)[m[K’ before ‘[01m[K&[m[K’ token
[4.306s]   124 | void teleop::Teleop::keyboard_up_event[34m[K([m[Kconst keyboard::Key[01;31m[K&[m[K key)
[4.306s]       |                                       [34m[K~[m[K                   [01;31m[K^[m[K
[4.306s]       |                                                           [32m[K)[m[K
[4.306s] [01m[K/home/leon/robotica/scorbotLabo/teleop_packages/universal_teleop/src/ros-universal-teleop/src/teleop.cpp:124:61:[m[K [01;31m[Kerror: [m[Kexpected initializer before ‘[01m[Kkey[m[K’
[4.306s]   124 | void teleop::Teleop::keyboard_up_event(const keyboard::Key& [01;31m[Kkey[m[K)
[4.306s]       |                                                             [01;31m[K^~~[m[K
[4.307s] [01m[K/home/leon/robotica/scorbotLabo/teleop_packages/universal_teleop/src/ros-universal-teleop/src/teleop.cpp:142:48:[m[K [01;31m[Kerror: [m[K‘[01m[Kkeyboard[m[K’ does not name a type
[4.309s]   142 | void teleop::Teleop::keyboard_down_event(const [01;31m[Kkeyboard[m[K::Key& key)
[4.310s]       |                                                [01;31m[K^~~~~~~~[m[K
[4.310s] [01m[K/home/leon/robotica/scorbotLabo/teleop_packages/universal_teleop/src/ros-universal-teleop/src/teleop.cpp:142:61:[m[K [01;31m[Kerror: [m[Kexpected unqualified-id before ‘[01m[K&[m[K’ token
[4.310s]   142 | void teleop::Teleop::keyboard_down_event(const keyboard::Key[01;31m[K&[m[K key)
[4.310s]       |                                                             [01;31m[K^[m[K
[4.311s] [01m[K/home/leon/robotica/scorbotLabo/teleop_packages/universal_teleop/src/ros-universal-teleop/src/teleop.cpp:142:61:[m[K [01;31m[Kerror: [m[Kexpected ‘[01m[K)[m[K’ before ‘[01m[K&[m[K’ token
[4.311s]   142 | void teleop::Teleop::keyboard_down_event[34m[K([m[Kconst keyboard::Key[01;31m[K&[m[K key)
[4.312s]       |                                         [34m[K~[m[K                   [01;31m[K^[m[K
[4.312s]       |                                                             [32m[K)[m[K
[4.312s] [01m[K/home/leon/robotica/scorbotLabo/teleop_packages/universal_teleop/src/ros-universal-teleop/src/teleop.cpp:142:63:[m[K [01;31m[Kerror: [m[Kexpected initializer before ‘[01m[Kkey[m[K’
[4.312s]   142 | void teleop::Teleop::keyboard_down_event(const keyboard::Key& [01;31m[Kkey[m[K)
[4.313s]       |                                                               [01;31m[K^~~[m[K
[4.313s] [01m[K/home/leon/robotica/scorbotLabo/teleop_packages/universal_teleop/src/ros-universal-teleop/src/teleop.cpp:[m[K In member function ‘[01m[Kvoid universal_teleop::Teleop::control()[m[K’:
[4.313s] [01m[K/home/leon/robotica/scorbotLabo/teleop_packages/universal_teleop/src/ros-universal-teleop/src/teleop.cpp:178:20:[m[K [01;31m[Kerror: [m[K‘[01m[KTwist[m[K’ is not a member of ‘[01m[Kgeometry_msgs[m[K’; did you mean ‘[01m[Kgeometry_msgs::msg::Twist[m[K’?
[4.314s]   178 |     geometry_msgs::[01;31m[KTwist[m[K vel;
[4.314s]       |                    [01;31m[K^~~~~[m[K
[4.314s] In file included from [01m[K/opt/ros/humble/include/geometry_msgs/geometry_msgs/msg/twist.hpp:7[m[K,
[4.315s]                  from [01m[K/home/leon/robotica/scorbotLabo/teleop_packages/universal_teleop/src/ros-universal-teleop/src/teleop.h:6[m[K,
[4.315s]                  from [01m[K/home/leon/robotica/scorbotLabo/teleop_packages/universal_teleop/src/ros-universal-teleop/src/teleop.cpp:3[m[K:
[4.316s] [01m[K/opt/ros/humble/include/geometry_msgs/geometry_msgs/msg/detail/twist__struct.hpp:135:7:[m[K [01;36m[Knote: [m[K‘[01m[Kgeometry_msgs::msg::Twist[m[K’ declared here
[4.316s]   135 | using [01;36m[KTwist[m[K =
[4.316s]       |       [01;36m[K^~~~~[m[K
[4.317s] [01m[K/home/leon/robotica/scorbotLabo/teleop_packages/universal_teleop/src/ros-universal-teleop/src/teleop.cpp:179:5:[m[K [01;31m[Kerror: [m[K‘[01m[Kvel[m[K’ was not declared in this scope
[4.317s]   179 |     [01;31m[Kvel[m[K.linear.x = pitch * axis_scales["pitch"];
[4.317s]       |     [01;31m[K^~~[m[K
[4.318s] [01m[K/home/leon/robotica/scorbotLabo/teleop_packages/universal_teleop/src/ros-universal-teleop/src/teleop.cpp:187:20:[m[K [01;31m[Kerror: [m[K‘[01m[KTwist[m[K’ is not a member of ‘[01m[Kgeometry_msgs[m[K’; did you mean ‘[01m[Kgeometry_msgs::msg::Twist[m[K’?
[4.318s]   187 |     geometry_msgs::[01;31m[KTwist[m[K vel;
[4.318s]       |                    [01;31m[K^~~~~[m[K
[4.318s] In file included from [01m[K/opt/ros/humble/include/geometry_msgs/geometry_msgs/msg/twist.hpp:7[m[K,
[4.319s]                  from [01m[K/home/leon/robotica/scorbotLabo/teleop_packages/universal_teleop/src/ros-universal-teleop/src/teleop.h:6[m[K,
[4.319s]                  from [01m[K/home/leon/robotica/scorbotLabo/teleop_packages/universal_teleop/src/ros-universal-teleop/src/teleop.cpp:3[m[K:
[4.319s] [01m[K/opt/ros/humble/include/geometry_msgs/geometry_msgs/msg/detail/twist__struct.hpp:135:7:[m[K [01;36m[Knote: [m[K‘[01m[Kgeometry_msgs::msg::Twist[m[K’ declared here
[4.320s]   135 | using [01;36m[KTwist[m[K =
[4.320s]       |       [01;36m[K^~~~~[m[K
[4.323s] [01m[K/home/leon/robotica/scorbotLabo/teleop_packages/universal_teleop/src/ros-universal-teleop/src/teleop.cpp:188:5:[m[K [01;31m[Kerror: [m[K‘[01m[Kvel[m[K’ was not declared in this scope
[4.324s]   188 |     [01;31m[Kvel[m[K.linear.x = key_axes_state["pitch"] * axis_scales["pitch"];
[4.324s]       |     [01;31m[K^~~[m[K
[4.502s] [01m[K/home/leon/robotica/scorbotLabo/teleop_packages/universal_teleop/src/ros-universal-teleop/src/main.cpp:[m[K In function ‘[01m[Kint main(int, char**)[m[K’:
[4.502s] [01m[K/home/leon/robotica/scorbotLabo/teleop_packages/universal_teleop/src/ros-universal-teleop/src/main.cpp:9:58:[m[K [01;31m[Kerror: [m[Kno matching function for call to ‘[01m[Kuniversal_teleop::Teleop::Teleop(std::shared_ptr<rclcpp::Node>&)[m[K’
[4.503s]     9 |   universal_teleop::Teleop t = universal_teleop::Teleop(n[01;31m[K)[m[K;
[4.503s]       |                                                          [01;31m[K^[m[K
[4.503s] In file included from [01m[K/home/leon/robotica/scorbotLabo/teleop_packages/universal_teleop/src/ros-universal-teleop/src/main.cpp:2[m[K:
[4.503s] [01m[K/home/leon/robotica/scorbotLabo/teleop_packages/universal_teleop/src/ros-universal-teleop/src/teleop.h:14:7:[m[K [01;36m[Knote: [m[Kcandidate: ‘[01m[Kuniversal_teleop::Teleop::Teleop(rclcpp::Node)[m[K’
[4.504s]    14 |       [01;36m[KTeleop[m[K(rclcpp::Node node);
[4.504s]       |       [01;36m[K^~~~~~[m[K
[4.504s] [01m[K/home/leon/robotica/scorbotLabo/teleop_packages/universal_teleop/src/ros-universal-teleop/src/teleop.h:14:27:[m[K [01;36m[Knote: [m[K  no known conversion for argument 1 from ‘[01m[Kstd::shared_ptr<rclcpp::Node>[m[K’ to ‘[01m[Krclcpp::Node[m[K’
[4.504s]    14 |       Teleop([01;36m[Krclcpp::Node node[m[K);
[4.504s]       |              [01;36m[K~~~~~~~~~~~~~^~~~[m[K
[5.000s] gmake[2]: *** [CMakeFiles/universal_teleop.dir/build.make:90: CMakeFiles/universal_teleop.dir/src/teleop.cpp.o] Error 1
[5.000s] gmake[2]: *** Waiting for unfinished jobs....
[5.880s] gmake[2]: *** [CMakeFiles/universal_teleop.dir/build.make:76: CMakeFiles/universal_teleop.dir/src/main.cpp.o] Error 1
[5.880s] gmake[1]: *** [CMakeFiles/Makefile2:137: CMakeFiles/universal_teleop.dir/all] Error 2
[5.881s] gmake: *** [Makefile:146: all] Error 2
[5.884s] Invoked command in '/home/leon/robotica/scorbotLabo/teleop_packages/universal_teleop/build/universal_teleop' returned '2': AMENT_PREFIX_PATH=/home/leon/robotica/scorbotLabo/teleop_packages/universal_teleop/install/universal_teleop_msgs:${AMENT_PREFIX_PATH} CMAKE_PREFIX_PATH=/home/leon/robotica/scorbotLabo/teleop_packages/universal_teleop/install/universal_teleop_msgs:/home/leon/robotica/scorbotLabo/teleop_packages/ros_keyboard/install/keyboard:/home/leon/robotica/scorbotLabo/teleop_packages/ros_keyboard/install/keyboard_msgs:/opt/ros/humble LD_LIBRARY_PATH=/home/leon/robotica/scorbotLabo/teleop_packages/universal_teleop/install/universal_teleop_msgs/lib:${LD_LIBRARY_PATH} PYTHONPATH=/home/leon/robotica/scorbotLabo/teleop_packages/universal_teleop/install/universal_teleop_msgs/local/lib/python3.10/dist-packages:${PYTHONPATH} /usr/bin/cmake --build /home/leon/robotica/scorbotLabo/teleop_packages/universal_teleop/build/universal_teleop -- -j4 -l4
