[0.041s] Invoking command in '/home/leon/robotica/scorbotLabo/teleop_packages/universal_teleop/build/universal_teleop_msgs': CMAKE_PREFIX_PATH=${CMAKE_PREFIX_PATH}:/opt/ros/humble /usr/bin/cmake --build /home/leon/robotica/scorbotLabo/teleop_packages/universal_teleop/build/universal_teleop_msgs -- -j4 -l4
[0.421s] [  2%] Built target universal_teleop_msgs__rs
[0.421s] [  5%] Built target universal_teleop_msgs__cpp
[0.422s] [ 15%] Built target universal_teleop_msgs__rosidl_generator_c
[0.444s] [ 15%] Built target ament_cmake_python_copy_universal_teleop_msgs
[0.464s] [ 25%] Built target universal_teleop_msgs__rosidl_typesupport_introspection_cpp
[0.468s] [ 35%] Built target universal_teleop_msgs__rosidl_typesupport_cpp
[0.469s] [ 45%] Built target universal_teleop_msgs__rosidl_typesupport_fastrtps_cpp
[0.490s] [ 55%] Built target universal_teleop_msgs__rosidl_typesupport_fastrtps_c
[0.504s] [ 65%] Built target universal_teleop_msgs__rosidl_typesupport_introspection_c
[0.508s] [ 75%] Built target universal_teleop_msgs__rosidl_typesupport_c
[0.541s] [ 75%] Built target universal_teleop_msgs
[0.573s] [ 77%] Built target universal_teleop_msgs__py
[0.635s] [ 85%] Built target universal_teleop_msgs__rosidl_generator_py
[0.679s] [ 90%] Built target universal_teleop_msgs__rosidl_typesupport_c__pyext
[0.680s] [100%] Built target universal_teleop_msgs__rosidl_typesupport_introspection_c__pyext
[0.680s] [ 95%] Built target universal_teleop_msgs__rosidl_typesupport_fastrtps_c__pyext
[0.905s] running egg_info
[0.906s] writing universal_teleop_msgs.egg-info/PKG-INFO
[0.907s] writing dependency_links to universal_teleop_msgs.egg-info/dependency_links.txt
[0.907s] writing top-level names to universal_teleop_msgs.egg-info/top_level.txt
[0.910s] reading manifest file 'universal_teleop_msgs.egg-info/SOURCES.txt'
[0.911s] writing manifest file 'universal_teleop_msgs.egg-info/SOURCES.txt'
[0.965s] [100%] Built target ament_cmake_python_build_universal_teleop_msgs_egg
[0.982s] Invoked command in '/home/leon/robotica/scorbotLabo/teleop_packages/universal_teleop/build/universal_teleop_msgs' returned '0': CMAKE_PREFIX_PATH=${CMAKE_PREFIX_PATH}:/opt/ros/humble /usr/bin/cmake --build /home/leon/robotica/scorbotLabo/teleop_packages/universal_teleop/build/universal_teleop_msgs -- -j4 -l4
[1.000s] Invoking command in '/home/leon/robotica/scorbotLabo/teleop_packages/universal_teleop/build/universal_teleop_msgs': CMAKE_PREFIX_PATH=${CMAKE_PREFIX_PATH}:/opt/ros/humble /usr/bin/cmake --install /home/leon/robotica/scorbotLabo/teleop_packages/universal_teleop/build/universal_teleop_msgs
[1.011s] -- Install configuration: ""
[1.011s] -- Up-to-date: /home/leon/robotica/scorbotLabo/teleop_packages/universal_teleop/install/universal_teleop_msgs/share/ament_index/resource_index/rosidl_interfaces/universal_teleop_msgs
[1.012s] -- Up-to-date: /home/leon/robotica/scorbotLabo/teleop_packages/universal_teleop/install/universal_teleop_msgs/include/universal_teleop_msgs/universal_teleop_msgs
[1.013s] -- Up-to-date: /home/leon/robotica/scorbotLabo/teleop_packages/universal_teleop/install/universal_teleop_msgs/include/universal_teleop_msgs/universal_teleop_msgs/msg
[1.013s] -- Up-to-date: /home/leon/robotica/scorbotLabo/teleop_packages/universal_teleop/install/universal_teleop_msgs/include/universal_teleop_msgs/universal_teleop_msgs/msg/control.h
[1.013s] -- Up-to-date: /home/leon/robotica/scorbotLabo/teleop_packages/universal_teleop/install/universal_teleop_msgs/include/universal_teleop_msgs/universal_teleop_msgs/msg/detail
[1.013s] -- Up-to-date: /home/leon/robotica/scorbotLabo/teleop_packages/universal_teleop/install/universal_teleop_msgs/include/universal_teleop_msgs/universal_teleop_msgs/msg/detail/control__functions.h
[1.014s] -- Up-to-date: /home/leon/robotica/scorbotLabo/teleop_packages/universal_teleop/install/universal_teleop_msgs/include/universal_teleop_msgs/universal_teleop_msgs/msg/detail/control__type_support.h
[1.014s] -- Up-to-date: /home/leon/robotica/scorbotLabo/teleop_packages/universal_teleop/install/universal_teleop_msgs/include/universal_teleop_msgs/universal_teleop_msgs/msg/detail/event__functions.c
[1.014s] -- Up-to-date: /home/leon/robotica/scorbotLabo/teleop_packages/universal_teleop/install/universal_teleop_msgs/include/universal_teleop_msgs/universal_teleop_msgs/msg/detail/event__struct.h
[1.014s] -- Up-to-date: /home/leon/robotica/scorbotLabo/teleop_packages/universal_teleop/install/universal_teleop_msgs/include/universal_teleop_msgs/universal_teleop_msgs/msg/detail/control__functions.c
[1.014s] -- Up-to-date: /home/leon/robotica/scorbotLabo/teleop_packages/universal_teleop/install/universal_teleop_msgs/include/universal_teleop_msgs/universal_teleop_msgs/msg/detail/control__struct.h
[1.014s] -- Up-to-date: /home/leon/robotica/scorbotLabo/teleop_packages/universal_teleop/install/universal_teleop_msgs/include/universal_teleop_msgs/universal_teleop_msgs/msg/detail/event__type_support.h
[1.014s] -- Up-to-date: /home/leon/robotica/scorbotLabo/teleop_packages/universal_teleop/install/universal_teleop_msgs/include/universal_teleop_msgs/universal_teleop_msgs/msg/detail/event__functions.h
[1.014s] -- Up-to-date: /home/leon/robotica/scorbotLabo/teleop_packages/universal_teleop/install/universal_teleop_msgs/include/universal_teleop_msgs/universal_teleop_msgs/msg/event.h
[1.015s] -- Up-to-date: /home/leon/robotica/scorbotLabo/teleop_packages/universal_teleop/install/universal_teleop_msgs/include/universal_teleop_msgs/universal_teleop_msgs/msg/rosidl_generator_c__visibility_control.h
[1.015s] -- Up-to-date: /home/leon/robotica/scorbotLabo/teleop_packages/universal_teleop/install/universal_teleop_msgs/share/universal_teleop_msgs/environment/library_path.sh
[1.015s] -- Up-to-date: /home/leon/robotica/scorbotLabo/teleop_packages/universal_teleop/install/universal_teleop_msgs/share/universal_teleop_msgs/environment/library_path.dsv
[1.015s] -- Up-to-date: /home/leon/robotica/scorbotLabo/teleop_packages/universal_teleop/install/universal_teleop_msgs/lib/libuniversal_teleop_msgs__rosidl_generator_c.so
[1.015s] -- Up-to-date: /home/leon/robotica/scorbotLabo/teleop_packages/universal_teleop/install/universal_teleop_msgs/include/universal_teleop_msgs/universal_teleop_msgs
[1.015s] -- Up-to-date: /home/leon/robotica/scorbotLabo/teleop_packages/universal_teleop/install/universal_teleop_msgs/include/universal_teleop_msgs/universal_teleop_msgs/msg
[1.015s] -- Up-to-date: /home/leon/robotica/scorbotLabo/teleop_packages/universal_teleop/install/universal_teleop_msgs/include/universal_teleop_msgs/universal_teleop_msgs/msg/rosidl_typesupport_fastrtps_c__visibility_control.h
[1.016s] -- Up-to-date: /home/leon/robotica/scorbotLabo/teleop_packages/universal_teleop/install/universal_teleop_msgs/include/universal_teleop_msgs/universal_teleop_msgs/msg/detail
[1.016s] -- Up-to-date: /home/leon/robotica/scorbotLabo/teleop_packages/universal_teleop/install/universal_teleop_msgs/include/universal_teleop_msgs/universal_teleop_msgs/msg/detail/control__rosidl_typesupport_fastrtps_c.h
[1.016s] -- Up-to-date: /home/leon/robotica/scorbotLabo/teleop_packages/universal_teleop/install/universal_teleop_msgs/include/universal_teleop_msgs/universal_teleop_msgs/msg/detail/event__rosidl_typesupport_fastrtps_c.h
[1.016s] -- Up-to-date: /home/leon/robotica/scorbotLabo/teleop_packages/universal_teleop/install/universal_teleop_msgs/lib/libuniversal_teleop_msgs__rosidl_typesupport_fastrtps_c.so
[1.016s] -- Up-to-date: /home/leon/robotica/scorbotLabo/teleop_packages/universal_teleop/install/universal_teleop_msgs/include/universal_teleop_msgs/universal_teleop_msgs
[1.016s] -- Up-to-date: /home/leon/robotica/scorbotLabo/teleop_packages/universal_teleop/install/universal_teleop_msgs/include/universal_teleop_msgs/universal_teleop_msgs/msg
[1.017s] -- Up-to-date: /home/leon/robotica/scorbotLabo/teleop_packages/universal_teleop/install/universal_teleop_msgs/include/universal_teleop_msgs/universal_teleop_msgs/msg/control.hpp
[1.017s] -- Up-to-date: /home/leon/robotica/scorbotLabo/teleop_packages/universal_teleop/install/universal_teleop_msgs/include/universal_teleop_msgs/universal_teleop_msgs/msg/rosidl_generator_cpp__visibility_control.hpp
[1.017s] -- Up-to-date: /home/leon/robotica/scorbotLabo/teleop_packages/universal_teleop/install/universal_teleop_msgs/include/universal_teleop_msgs/universal_teleop_msgs/msg/detail
[1.017s] -- Up-to-date: /home/leon/robotica/scorbotLabo/teleop_packages/universal_teleop/install/universal_teleop_msgs/include/universal_teleop_msgs/universal_teleop_msgs/msg/detail/control__traits.hpp
[1.017s] -- Up-to-date: /home/leon/robotica/scorbotLabo/teleop_packages/universal_teleop/install/universal_teleop_msgs/include/universal_teleop_msgs/universal_teleop_msgs/msg/detail/event__traits.hpp
[1.018s] -- Up-to-date: /home/leon/robotica/scorbotLabo/teleop_packages/universal_teleop/install/universal_teleop_msgs/include/universal_teleop_msgs/universal_teleop_msgs/msg/detail/event__type_support.hpp
[1.018s] -- Up-to-date: /home/leon/robotica/scorbotLabo/teleop_packages/universal_teleop/install/universal_teleop_msgs/include/universal_teleop_msgs/universal_teleop_msgs/msg/detail/control__type_support.hpp
[1.018s] -- Up-to-date: /home/leon/robotica/scorbotLabo/teleop_packages/universal_teleop/install/universal_teleop_msgs/include/universal_teleop_msgs/universal_teleop_msgs/msg/detail/control__builder.hpp
[1.018s] -- Up-to-date: /home/leon/robotica/scorbotLabo/teleop_packages/universal_teleop/install/universal_teleop_msgs/include/universal_teleop_msgs/universal_teleop_msgs/msg/detail/control__struct.hpp
[1.018s] -- Up-to-date: /home/leon/robotica/scorbotLabo/teleop_packages/universal_teleop/install/universal_teleop_msgs/include/universal_teleop_msgs/universal_teleop_msgs/msg/detail/event__builder.hpp
[1.019s] -- Up-to-date: /home/leon/robotica/scorbotLabo/teleop_packages/universal_teleop/install/universal_teleop_msgs/include/universal_teleop_msgs/universal_teleop_msgs/msg/detail/event__struct.hpp
[1.019s] -- Up-to-date: /home/leon/robotica/scorbotLabo/teleop_packages/universal_teleop/install/universal_teleop_msgs/include/universal_teleop_msgs/universal_teleop_msgs/msg/event.hpp
[1.019s] -- Up-to-date: /home/leon/robotica/scorbotLabo/teleop_packages/universal_teleop/install/universal_teleop_msgs/include/universal_teleop_msgs/universal_teleop_msgs
[1.019s] -- Up-to-date: /home/leon/robotica/scorbotLabo/teleop_packages/universal_teleop/install/universal_teleop_msgs/include/universal_teleop_msgs/universal_teleop_msgs/msg
[1.019s] -- Up-to-date: /home/leon/robotica/scorbotLabo/teleop_packages/universal_teleop/install/universal_teleop_msgs/include/universal_teleop_msgs/universal_teleop_msgs/msg/rosidl_typesupport_fastrtps_cpp__visibility_control.h
[1.019s] -- Up-to-date: /home/leon/robotica/scorbotLabo/teleop_packages/universal_teleop/install/universal_teleop_msgs/include/universal_teleop_msgs/universal_teleop_msgs/msg/detail
[1.019s] -- Up-to-date: /home/leon/robotica/scorbotLabo/teleop_packages/universal_teleop/install/universal_teleop_msgs/include/universal_teleop_msgs/universal_teleop_msgs/msg/detail/event__rosidl_typesupport_fastrtps_cpp.hpp
[1.019s] -- Up-to-date: /home/leon/robotica/scorbotLabo/teleop_packages/universal_teleop/install/universal_teleop_msgs/include/universal_teleop_msgs/universal_teleop_msgs/msg/detail/control__rosidl_typesupport_fastrtps_cpp.hpp
[1.019s] -- Up-to-date: /home/leon/robotica/scorbotLabo/teleop_packages/universal_teleop/install/universal_teleop_msgs/include/universal_teleop_msgs/universal_teleop_msgs/msg/detail/dds_fastrtps
[1.020s] -- Up-to-date: /home/leon/robotica/scorbotLabo/teleop_packages/universal_teleop/install/universal_teleop_msgs/lib/libuniversal_teleop_msgs__rosidl_typesupport_fastrtps_cpp.so
[1.020s] -- Up-to-date: /home/leon/robotica/scorbotLabo/teleop_packages/universal_teleop/install/universal_teleop_msgs/include/universal_teleop_msgs/universal_teleop_msgs
[1.020s] -- Up-to-date: /home/leon/robotica/scorbotLabo/teleop_packages/universal_teleop/install/universal_teleop_msgs/include/universal_teleop_msgs/universal_teleop_msgs/msg
[1.020s] -- Up-to-date: /home/leon/robotica/scorbotLabo/teleop_packages/universal_teleop/install/universal_teleop_msgs/include/universal_teleop_msgs/universal_teleop_msgs/msg/rosidl_typesupport_introspection_c__visibility_control.h
[1.020s] -- Up-to-date: /home/leon/robotica/scorbotLabo/teleop_packages/universal_teleop/install/universal_teleop_msgs/include/universal_teleop_msgs/universal_teleop_msgs/msg/detail
[1.020s] -- Up-to-date: /home/leon/robotica/scorbotLabo/teleop_packages/universal_teleop/install/universal_teleop_msgs/include/universal_teleop_msgs/universal_teleop_msgs/msg/detail/event__type_support.c
[1.020s] -- Up-to-date: /home/leon/robotica/scorbotLabo/teleop_packages/universal_teleop/install/universal_teleop_msgs/include/universal_teleop_msgs/universal_teleop_msgs/msg/detail/event__rosidl_typesupport_introspection_c.h
[1.020s] -- Up-to-date: /home/leon/robotica/scorbotLabo/teleop_packages/universal_teleop/install/universal_teleop_msgs/include/universal_teleop_msgs/universal_teleop_msgs/msg/detail/control__type_support.c
[1.020s] -- Up-to-date: /home/leon/robotica/scorbotLabo/teleop_packages/universal_teleop/install/universal_teleop_msgs/include/universal_teleop_msgs/universal_teleop_msgs/msg/detail/control__rosidl_typesupport_introspection_c.h
[1.021s] -- Up-to-date: /home/leon/robotica/scorbotLabo/teleop_packages/universal_teleop/install/universal_teleop_msgs/lib/libuniversal_teleop_msgs__rosidl_typesupport_introspection_c.so
[1.021s] -- Up-to-date: /home/leon/robotica/scorbotLabo/teleop_packages/universal_teleop/install/universal_teleop_msgs/lib/libuniversal_teleop_msgs__rosidl_typesupport_c.so
[1.021s] -- Up-to-date: /home/leon/robotica/scorbotLabo/teleop_packages/universal_teleop/install/universal_teleop_msgs/include/universal_teleop_msgs/universal_teleop_msgs
[1.021s] -- Up-to-date: /home/leon/robotica/scorbotLabo/teleop_packages/universal_teleop/install/universal_teleop_msgs/include/universal_teleop_msgs/universal_teleop_msgs/msg
[1.021s] -- Up-to-date: /home/leon/robotica/scorbotLabo/teleop_packages/universal_teleop/install/universal_teleop_msgs/include/universal_teleop_msgs/universal_teleop_msgs/msg/detail
[1.021s] -- Up-to-date: /home/leon/robotica/scorbotLabo/teleop_packages/universal_teleop/install/universal_teleop_msgs/include/universal_teleop_msgs/universal_teleop_msgs/msg/detail/event__type_support.cpp
[1.021s] -- Up-to-date: /home/leon/robotica/scorbotLabo/teleop_packages/universal_teleop/install/universal_teleop_msgs/include/universal_teleop_msgs/universal_teleop_msgs/msg/detail/control__rosidl_typesupport_introspection_cpp.hpp
[1.021s] -- Up-to-date: /home/leon/robotica/scorbotLabo/teleop_packages/universal_teleop/install/universal_teleop_msgs/include/universal_teleop_msgs/universal_teleop_msgs/msg/detail/event__rosidl_typesupport_introspection_cpp.hpp
[1.021s] -- Up-to-date: /home/leon/robotica/scorbotLabo/teleop_packages/universal_teleop/install/universal_teleop_msgs/include/universal_teleop_msgs/universal_teleop_msgs/msg/detail/control__type_support.cpp
[1.022s] -- Up-to-date: /home/leon/robotica/scorbotLabo/teleop_packages/universal_teleop/install/universal_teleop_msgs/lib/libuniversal_teleop_msgs__rosidl_typesupport_introspection_cpp.so
[1.022s] -- Up-to-date: /home/leon/robotica/scorbotLabo/teleop_packages/universal_teleop/install/universal_teleop_msgs/lib/libuniversal_teleop_msgs__rosidl_typesupport_cpp.so
[1.022s] -- Up-to-date: /home/leon/robotica/scorbotLabo/teleop_packages/universal_teleop/install/universal_teleop_msgs/share/universal_teleop_msgs/environment/pythonpath.sh
[1.022s] -- Up-to-date: /home/leon/robotica/scorbotLabo/teleop_packages/universal_teleop/install/universal_teleop_msgs/share/universal_teleop_msgs/environment/pythonpath.dsv
[1.022s] -- Up-to-date: /home/leon/robotica/scorbotLabo/teleop_packages/universal_teleop/install/universal_teleop_msgs/local/lib/python3.10/dist-packages/universal_teleop_msgs-2.0.0-py3.10.egg-info
[1.022s] -- Installing: /home/leon/robotica/scorbotLabo/teleop_packages/universal_teleop/install/universal_teleop_msgs/local/lib/python3.10/dist-packages/universal_teleop_msgs-2.0.0-py3.10.egg-info/dependency_links.txt
[1.022s] -- Installing: /home/leon/robotica/scorbotLabo/teleop_packages/universal_teleop/install/universal_teleop_msgs/local/lib/python3.10/dist-packages/universal_teleop_msgs-2.0.0-py3.10.egg-info/top_level.txt
[1.022s] -- Installing: /home/leon/robotica/scorbotLabo/teleop_packages/universal_teleop/install/universal_teleop_msgs/local/lib/python3.10/dist-packages/universal_teleop_msgs-2.0.0-py3.10.egg-info/PKG-INFO
[1.022s] -- Installing: /home/leon/robotica/scorbotLabo/teleop_packages/universal_teleop/install/universal_teleop_msgs/local/lib/python3.10/dist-packages/universal_teleop_msgs-2.0.0-py3.10.egg-info/SOURCES.txt
[1.022s] -- Up-to-date: /home/leon/robotica/scorbotLabo/teleop_packages/universal_teleop/install/universal_teleop_msgs/local/lib/python3.10/dist-packages/universal_teleop_msgs
[1.023s] -- Up-to-date: /home/leon/robotica/scorbotLabo/teleop_packages/universal_teleop/install/universal_teleop_msgs/local/lib/python3.10/dist-packages/universal_teleop_msgs/universal_teleop_msgs_s__rosidl_typesupport_introspection_c.cpython-310-x86_64-linux-gnu.so
[1.023s] -- Up-to-date: /home/leon/robotica/scorbotLabo/teleop_packages/universal_teleop/install/universal_teleop_msgs/local/lib/python3.10/dist-packages/universal_teleop_msgs/libuniversal_teleop_msgs__rosidl_generator_py.so
[1.023s] -- Up-to-date: /home/leon/robotica/scorbotLabo/teleop_packages/universal_teleop/install/universal_teleop_msgs/local/lib/python3.10/dist-packages/universal_teleop_msgs/_universal_teleop_msgs_s.ep.rosidl_typesupport_c.c
[1.023s] -- Up-to-date: /home/leon/robotica/scorbotLabo/teleop_packages/universal_teleop/install/universal_teleop_msgs/local/lib/python3.10/dist-packages/universal_teleop_msgs/_universal_teleop_msgs_s.ep.rosidl_typesupport_introspection_c.c
[1.023s] -- Up-to-date: /home/leon/robotica/scorbotLabo/teleop_packages/universal_teleop/install/universal_teleop_msgs/local/lib/python3.10/dist-packages/universal_teleop_msgs/_universal_teleop_msgs_s.ep.rosidl_typesupport_fastrtps_c.c
[1.023s] -- Up-to-date: /home/leon/robotica/scorbotLabo/teleop_packages/universal_teleop/install/universal_teleop_msgs/local/lib/python3.10/dist-packages/universal_teleop_msgs/__init__.py
[1.023s] -- Up-to-date: /home/leon/robotica/scorbotLabo/teleop_packages/universal_teleop/install/universal_teleop_msgs/local/lib/python3.10/dist-packages/universal_teleop_msgs/universal_teleop_msgs_s__rosidl_typesupport_fastrtps_c.cpython-310-x86_64-linux-gnu.so
[1.023s] -- Up-to-date: /home/leon/robotica/scorbotLabo/teleop_packages/universal_teleop/install/universal_teleop_msgs/local/lib/python3.10/dist-packages/universal_teleop_msgs/universal_teleop_msgs_s__rosidl_typesupport_c.cpython-310-x86_64-linux-gnu.so
[1.023s] -- Up-to-date: /home/leon/robotica/scorbotLabo/teleop_packages/universal_teleop/install/universal_teleop_msgs/local/lib/python3.10/dist-packages/universal_teleop_msgs/msg
[1.023s] -- Up-to-date: /home/leon/robotica/scorbotLabo/teleop_packages/universal_teleop/install/universal_teleop_msgs/local/lib/python3.10/dist-packages/universal_teleop_msgs/msg/_event.py
[1.024s] -- Up-to-date: /home/leon/robotica/scorbotLabo/teleop_packages/universal_teleop/install/universal_teleop_msgs/local/lib/python3.10/dist-packages/universal_teleop_msgs/msg/_control.py
[1.024s] -- Up-to-date: /home/leon/robotica/scorbotLabo/teleop_packages/universal_teleop/install/universal_teleop_msgs/local/lib/python3.10/dist-packages/universal_teleop_msgs/msg/_event_s.c
[1.024s] -- Up-to-date: /home/leon/robotica/scorbotLabo/teleop_packages/universal_teleop/install/universal_teleop_msgs/local/lib/python3.10/dist-packages/universal_teleop_msgs/msg/__init__.py
[1.024s] -- Up-to-date: /home/leon/robotica/scorbotLabo/teleop_packages/universal_teleop/install/universal_teleop_msgs/local/lib/python3.10/dist-packages/universal_teleop_msgs/msg/_control_s.c
[1.072s] Listing '/home/leon/robotica/scorbotLabo/teleop_packages/universal_teleop/install/universal_teleop_msgs/local/lib/python3.10/dist-packages/universal_teleop_msgs'...
[1.073s] Listing '/home/leon/robotica/scorbotLabo/teleop_packages/universal_teleop/install/universal_teleop_msgs/local/lib/python3.10/dist-packages/universal_teleop_msgs/msg'...
[1.082s] -- Up-to-date: /home/leon/robotica/scorbotLabo/teleop_packages/universal_teleop/install/universal_teleop_msgs/local/lib/python3.10/dist-packages/universal_teleop_msgs/universal_teleop_msgs_s__rosidl_typesupport_fastrtps_c.cpython-310-x86_64-linux-gnu.so
[1.082s] -- Up-to-date: /home/leon/robotica/scorbotLabo/teleop_packages/universal_teleop/install/universal_teleop_msgs/local/lib/python3.10/dist-packages/universal_teleop_msgs/universal_teleop_msgs_s__rosidl_typesupport_introspection_c.cpython-310-x86_64-linux-gnu.so
[1.083s] -- Up-to-date: /home/leon/robotica/scorbotLabo/teleop_packages/universal_teleop/install/universal_teleop_msgs/local/lib/python3.10/dist-packages/universal_teleop_msgs/universal_teleop_msgs_s__rosidl_typesupport_c.cpython-310-x86_64-linux-gnu.so
[1.084s] -- Up-to-date: /home/leon/robotica/scorbotLabo/teleop_packages/universal_teleop/install/universal_teleop_msgs/lib/libuniversal_teleop_msgs__rosidl_generator_py.so
[1.085s] -- Up-to-date: /home/leon/robotica/scorbotLabo/teleop_packages/universal_teleop/install/universal_teleop_msgs/share/ament_index/resource_index/rust_packages/universal_teleop_msgs
[1.085s] -- Up-to-date: /home/leon/robotica/scorbotLabo/teleop_packages/universal_teleop/install/universal_teleop_msgs/share/universal_teleop_msgs/rust
[1.085s] -- Up-to-date: /home/leon/robotica/scorbotLabo/teleop_packages/universal_teleop/install/universal_teleop_msgs/share/universal_teleop_msgs/rust/Cargo.toml
[1.085s] -- Up-to-date: /home/leon/robotica/scorbotLabo/teleop_packages/universal_teleop/install/universal_teleop_msgs/share/universal_teleop_msgs/rust/src
[1.085s] -- Up-to-date: /home/leon/robotica/scorbotLabo/teleop_packages/universal_teleop/install/universal_teleop_msgs/share/universal_teleop_msgs/rust/src/lib.rs
[1.085s] -- Up-to-date: /home/leon/robotica/scorbotLabo/teleop_packages/universal_teleop/install/universal_teleop_msgs/share/universal_teleop_msgs/rust/src/msg
[1.086s] -- Up-to-date: /home/leon/robotica/scorbotLabo/teleop_packages/universal_teleop/install/universal_teleop_msgs/share/universal_teleop_msgs/rust/src/msg/rmw.rs
[1.086s] -- Up-to-date: /home/leon/robotica/scorbotLabo/teleop_packages/universal_teleop/install/universal_teleop_msgs/share/universal_teleop_msgs/rust/src/msg.rs
[1.086s] -- Up-to-date: /home/leon/robotica/scorbotLabo/teleop_packages/universal_teleop/install/universal_teleop_msgs/share/universal_teleop_msgs/rust/build.rs
[1.086s] -- Up-to-date: /home/leon/robotica/scorbotLabo/teleop_packages/universal_teleop/install/universal_teleop_msgs/share/universal_teleop_msgs/msg/Control.idl
[1.086s] -- Up-to-date: /home/leon/robotica/scorbotLabo/teleop_packages/universal_teleop/install/universal_teleop_msgs/share/universal_teleop_msgs/msg/Event.idl
[1.086s] -- Up-to-date: /home/leon/robotica/scorbotLabo/teleop_packages/universal_teleop/install/universal_teleop_msgs/share/universal_teleop_msgs/msg/Control.msg
[1.087s] -- Up-to-date: /home/leon/robotica/scorbotLabo/teleop_packages/universal_teleop/install/universal_teleop_msgs/share/universal_teleop_msgs/msg/Event.msg
[1.087s] -- Up-to-date: /home/leon/robotica/scorbotLabo/teleop_packages/universal_teleop/install/universal_teleop_msgs/share/ament_index/resource_index/package_run_dependencies/universal_teleop_msgs
[1.087s] -- Up-to-date: /home/leon/robotica/scorbotLabo/teleop_packages/universal_teleop/install/universal_teleop_msgs/share/ament_index/resource_index/parent_prefix_path/universal_teleop_msgs
[1.087s] -- Up-to-date: /home/leon/robotica/scorbotLabo/teleop_packages/universal_teleop/install/universal_teleop_msgs/share/universal_teleop_msgs/environment/ament_prefix_path.sh
[1.087s] -- Up-to-date: /home/leon/robotica/scorbotLabo/teleop_packages/universal_teleop/install/universal_teleop_msgs/share/universal_teleop_msgs/environment/ament_prefix_path.dsv
[1.087s] -- Up-to-date: /home/leon/robotica/scorbotLabo/teleop_packages/universal_teleop/install/universal_teleop_msgs/share/universal_teleop_msgs/environment/path.sh
[1.087s] -- Up-to-date: /home/leon/robotica/scorbotLabo/teleop_packages/universal_teleop/install/universal_teleop_msgs/share/universal_teleop_msgs/environment/path.dsv
[1.088s] -- Up-to-date: /home/leon/robotica/scorbotLabo/teleop_packages/universal_teleop/install/universal_teleop_msgs/share/universal_teleop_msgs/local_setup.bash
[1.088s] -- Up-to-date: /home/leon/robotica/scorbotLabo/teleop_packages/universal_teleop/install/universal_teleop_msgs/share/universal_teleop_msgs/local_setup.sh
[1.088s] -- Up-to-date: /home/leon/robotica/scorbotLabo/teleop_packages/universal_teleop/install/universal_teleop_msgs/share/universal_teleop_msgs/local_setup.zsh
[1.088s] -- Up-to-date: /home/leon/robotica/scorbotLabo/teleop_packages/universal_teleop/install/universal_teleop_msgs/share/universal_teleop_msgs/local_setup.dsv
[1.088s] -- Installing: /home/leon/robotica/scorbotLabo/teleop_packages/universal_teleop/install/universal_teleop_msgs/share/universal_teleop_msgs/package.dsv
[1.089s] -- Up-to-date: /home/leon/robotica/scorbotLabo/teleop_packages/universal_teleop/install/universal_teleop_msgs/share/ament_index/resource_index/packages/universal_teleop_msgs
[1.089s] -- Up-to-date: /home/leon/robotica/scorbotLabo/teleop_packages/universal_teleop/install/universal_teleop_msgs/share/universal_teleop_msgs/cmake/export_universal_teleop_msgs__rosidl_generator_cExport.cmake
[1.089s] -- Up-to-date: /home/leon/robotica/scorbotLabo/teleop_packages/universal_teleop/install/universal_teleop_msgs/share/universal_teleop_msgs/cmake/export_universal_teleop_msgs__rosidl_generator_cExport-noconfig.cmake
[1.090s] -- Up-to-date: /home/leon/robotica/scorbotLabo/teleop_packages/universal_teleop/install/universal_teleop_msgs/share/universal_teleop_msgs/cmake/export_universal_teleop_msgs__rosidl_typesupport_fastrtps_cExport.cmake
[1.090s] -- Up-to-date: /home/leon/robotica/scorbotLabo/teleop_packages/universal_teleop/install/universal_teleop_msgs/share/universal_teleop_msgs/cmake/export_universal_teleop_msgs__rosidl_typesupport_fastrtps_cExport-noconfig.cmake
[1.090s] -- Up-to-date: /home/leon/robotica/scorbotLabo/teleop_packages/universal_teleop/install/universal_teleop_msgs/share/universal_teleop_msgs/cmake/export_universal_teleop_msgs__rosidl_generator_cppExport.cmake
[1.090s] -- Up-to-date: /home/leon/robotica/scorbotLabo/teleop_packages/universal_teleop/install/universal_teleop_msgs/share/universal_teleop_msgs/cmake/export_universal_teleop_msgs__rosidl_typesupport_fastrtps_cppExport.cmake
[1.091s] -- Up-to-date: /home/leon/robotica/scorbotLabo/teleop_packages/universal_teleop/install/universal_teleop_msgs/share/universal_teleop_msgs/cmake/export_universal_teleop_msgs__rosidl_typesupport_fastrtps_cppExport-noconfig.cmake
[1.091s] -- Up-to-date: /home/leon/robotica/scorbotLabo/teleop_packages/universal_teleop/install/universal_teleop_msgs/share/universal_teleop_msgs/cmake/universal_teleop_msgs__rosidl_typesupport_introspection_cExport.cmake
[1.091s] -- Up-to-date: /home/leon/robotica/scorbotLabo/teleop_packages/universal_teleop/install/universal_teleop_msgs/share/universal_teleop_msgs/cmake/universal_teleop_msgs__rosidl_typesupport_introspection_cExport-noconfig.cmake
[1.092s] -- Up-to-date: /home/leon/robotica/scorbotLabo/teleop_packages/universal_teleop/install/universal_teleop_msgs/share/universal_teleop_msgs/cmake/universal_teleop_msgs__rosidl_typesupport_cExport.cmake
[1.092s] -- Up-to-date: /home/leon/robotica/scorbotLabo/teleop_packages/universal_teleop/install/universal_teleop_msgs/share/universal_teleop_msgs/cmake/universal_teleop_msgs__rosidl_typesupport_cExport-noconfig.cmake
[1.093s] -- Up-to-date: /home/leon/robotica/scorbotLabo/teleop_packages/universal_teleop/install/universal_teleop_msgs/share/universal_teleop_msgs/cmake/universal_teleop_msgs__rosidl_typesupport_introspection_cppExport.cmake
[1.093s] -- Up-to-date: /home/leon/robotica/scorbotLabo/teleop_packages/universal_teleop/install/universal_teleop_msgs/share/universal_teleop_msgs/cmake/universal_teleop_msgs__rosidl_typesupport_introspection_cppExport-noconfig.cmake
[1.093s] -- Up-to-date: /home/leon/robotica/scorbotLabo/teleop_packages/universal_teleop/install/universal_teleop_msgs/share/universal_teleop_msgs/cmake/universal_teleop_msgs__rosidl_typesupport_cppExport.cmake
[1.093s] -- Up-to-date: /home/leon/robotica/scorbotLabo/teleop_packages/universal_teleop/install/universal_teleop_msgs/share/universal_teleop_msgs/cmake/universal_teleop_msgs__rosidl_typesupport_cppExport-noconfig.cmake
[1.093s] -- Up-to-date: /home/leon/robotica/scorbotLabo/teleop_packages/universal_teleop/install/universal_teleop_msgs/share/universal_teleop_msgs/cmake/export_universal_teleop_msgs__rosidl_generator_pyExport.cmake
[1.094s] -- Up-to-date: /home/leon/robotica/scorbotLabo/teleop_packages/universal_teleop/install/universal_teleop_msgs/share/universal_teleop_msgs/cmake/export_universal_teleop_msgs__rosidl_generator_pyExport-noconfig.cmake
[1.094s] -- Up-to-date: /home/leon/robotica/scorbotLabo/teleop_packages/universal_teleop/install/universal_teleop_msgs/share/universal_teleop_msgs/cmake/rosidl_cmake-extras.cmake
[1.094s] -- Up-to-date: /home/leon/robotica/scorbotLabo/teleop_packages/universal_teleop/install/universal_teleop_msgs/share/universal_teleop_msgs/cmake/ament_cmake_export_dependencies-extras.cmake
[1.094s] -- Up-to-date: /home/leon/robotica/scorbotLabo/teleop_packages/universal_teleop/install/universal_teleop_msgs/share/universal_teleop_msgs/cmake/ament_cmake_export_include_directories-extras.cmake
[1.094s] -- Up-to-date: /home/leon/robotica/scorbotLabo/teleop_packages/universal_teleop/install/universal_teleop_msgs/share/universal_teleop_msgs/cmake/ament_cmake_export_libraries-extras.cmake
[1.095s] -- Up-to-date: /home/leon/robotica/scorbotLabo/teleop_packages/universal_teleop/install/universal_teleop_msgs/share/universal_teleop_msgs/cmake/ament_cmake_export_targets-extras.cmake
[1.095s] -- Up-to-date: /home/leon/robotica/scorbotLabo/teleop_packages/universal_teleop/install/universal_teleop_msgs/share/universal_teleop_msgs/cmake/rosidl_cmake_export_typesupport_targets-extras.cmake
[1.095s] -- Up-to-date: /home/leon/robotica/scorbotLabo/teleop_packages/universal_teleop/install/universal_teleop_msgs/share/universal_teleop_msgs/cmake/rosidl_cmake_export_typesupport_libraries-extras.cmake
[1.095s] -- Up-to-date: /home/leon/robotica/scorbotLabo/teleop_packages/universal_teleop/install/universal_teleop_msgs/share/universal_teleop_msgs/cmake/universal_teleop_msgsConfig.cmake
[1.095s] -- Up-to-date: /home/leon/robotica/scorbotLabo/teleop_packages/universal_teleop/install/universal_teleop_msgs/share/universal_teleop_msgs/cmake/universal_teleop_msgsConfig-version.cmake
[1.095s] -- Up-to-date: /home/leon/robotica/scorbotLabo/teleop_packages/universal_teleop/install/universal_teleop_msgs/share/universal_teleop_msgs/package.xml
[1.099s] Invoked command in '/home/leon/robotica/scorbotLabo/teleop_packages/universal_teleop/build/universal_teleop_msgs' returned '0': CMAKE_PREFIX_PATH=${CMAKE_PREFIX_PATH}:/opt/ros/humble /usr/bin/cmake --install /home/leon/robotica/scorbotLabo/teleop_packages/universal_teleop/build/universal_teleop_msgs
