[0.009s] Invoking command in '/home/leon/robotica/scorbotLabo/teleop_packages/ros_keyboard/build/keyboard': CMAKE_PREFIX_PATH=/home/leon/robotica/scorbotLabo/teleop_packages/ros_keyboard/install/keyboard_msgs:/home/leon/robotica/scorbotLabo/teleop_packages/ros_keyboard/install/keyboard:/opt/ros/humble /usr/bin/cmake --build /home/leon/robotica/scorbotLabo/teleop_packages/ros_keyboard/build/keyboard -- -j8 -l8
[0.036s] -- Found rosidl_default_generators: 1.2.1 (/opt/ros/humble/share/rosidl_default_generators/cmake)
[0.036s] -- Found ament_cmake_core: 1.3.14 (/opt/ros/humble/share/ament_cmake_core/cmake)
[0.155s] -- Using all available rosidl_typesupport_c: rosidl_typesupport_fastrtps_c;rosidl_typesupport_introspection_c
[0.158s] -- Found rosidl_adapter: 3.1.8 (/opt/ros/humble/share/rosidl_adapter/cmake)
[0.198s] -- Using all available rosidl_typesupport_cpp: rosidl_typesupport_fastrtps_cpp;rosidl_typesupport_introspection_cpp
[0.224s] -- Found rclcpp: 16.0.19 (/opt/ros/humble/share/rclcpp/cmake)
[0.260s] -- Found rmw_implementation_cmake: 6.1.2 (/opt/ros/humble/share/rmw_implementation_cmake/cmake)
[0.261s] -- Found rmw_fastrtps_cpp: 6.2.10 (/opt/ros/humble/share/rmw_fastrtps_cpp/cmake)
[0.358s] -- Using RMW implementation 'rmw_fastrtps_cpp' as default
[0.406s] -- Found keyboard_msgs: 0.0.0 (/home/leon/robotica/scorbotLabo/teleop_packages/ros_keyboard/install/keyboard_msgs/share/keyboard_msgs/cmake)
[0.480s] -- Configuring done
[0.492s] -- Generating done
[0.498s] -- Build files have been written to: /home/leon/robotica/scorbotLabo/teleop_packages/ros_keyboard/build/keyboard
[0.527s] [35m[1mConsolidate compiler generated dependencies of target keyboard[0m
[0.551s] [100%] Built target keyboard
[0.564s] Invoked command in '/home/leon/robotica/scorbotLabo/teleop_packages/ros_keyboard/build/keyboard' returned '0': CMAKE_PREFIX_PATH=/home/leon/robotica/scorbotLabo/teleop_packages/ros_keyboard/install/keyboard_msgs:/home/leon/robotica/scorbotLabo/teleop_packages/ros_keyboard/install/keyboard:/opt/ros/humble /usr/bin/cmake --build /home/leon/robotica/scorbotLabo/teleop_packages/ros_keyboard/build/keyboard -- -j8 -l8
[0.566s] Invoking command in '/home/leon/robotica/scorbotLabo/teleop_packages/ros_keyboard/build/keyboard': CMAKE_PREFIX_PATH=/home/leon/robotica/scorbotLabo/teleop_packages/ros_keyboard/install/keyboard_msgs:/home/leon/robotica/scorbotLabo/teleop_packages/ros_keyboard/install/keyboard:/opt/ros/humble /usr/bin/cmake --install /home/leon/robotica/scorbotLabo/teleop_packages/ros_keyboard/build/keyboard
[0.574s] -- Install configuration: ""
[0.574s] -- Installing: /home/leon/robotica/scorbotLabo/teleop_packages/ros_keyboard/install/keyboard/lib/keyboard/keyboard
[0.576s] -- Set runtime path of "/home/leon/robotica/scorbotLabo/teleop_packages/ros_keyboard/install/keyboard/lib/keyboard/keyboard" to ""
[0.576s] -- Up-to-date: /home/leon/robotica/scorbotLabo/teleop_packages/ros_keyboard/install/keyboard/share/ament_index/resource_index/package_run_dependencies/keyboard
[0.576s] -- Up-to-date: /home/leon/robotica/scorbotLabo/teleop_packages/ros_keyboard/install/keyboard/share/ament_index/resource_index/parent_prefix_path/keyboard
[0.576s] -- Up-to-date: /home/leon/robotica/scorbotLabo/teleop_packages/ros_keyboard/install/keyboard/share/keyboard/environment/ament_prefix_path.sh
[0.576s] -- Installing: /home/leon/robotica/scorbotLabo/teleop_packages/ros_keyboard/install/keyboard/share/keyboard/environment/ament_prefix_path.dsv
[0.576s] -- Up-to-date: /home/leon/robotica/scorbotLabo/teleop_packages/ros_keyboard/install/keyboard/share/keyboard/environment/path.sh
[0.577s] -- Installing: /home/leon/robotica/scorbotLabo/teleop_packages/ros_keyboard/install/keyboard/share/keyboard/environment/path.dsv
[0.577s] -- Up-to-date: /home/leon/robotica/scorbotLabo/teleop_packages/ros_keyboard/install/keyboard/share/keyboard/local_setup.bash
[0.577s] -- Up-to-date: /home/leon/robotica/scorbotLabo/teleop_packages/ros_keyboard/install/keyboard/share/keyboard/local_setup.sh
[0.577s] -- Up-to-date: /home/leon/robotica/scorbotLabo/teleop_packages/ros_keyboard/install/keyboard/share/keyboard/local_setup.zsh
[0.577s] -- Installing: /home/leon/robotica/scorbotLabo/teleop_packages/ros_keyboard/install/keyboard/share/keyboard/local_setup.dsv
[0.577s] -- Installing: /home/leon/robotica/scorbotLabo/teleop_packages/ros_keyboard/install/keyboard/share/keyboard/package.dsv
[0.577s] -- Up-to-date: /home/leon/robotica/scorbotLabo/teleop_packages/ros_keyboard/install/keyboard/share/ament_index/resource_index/packages/keyboard
[0.578s] -- Up-to-date: /home/leon/robotica/scorbotLabo/teleop_packages/ros_keyboard/install/keyboard/share/keyboard/cmake/keyboardConfig.cmake
[0.578s] -- Up-to-date: /home/leon/robotica/scorbotLabo/teleop_packages/ros_keyboard/install/keyboard/share/keyboard/cmake/keyboardConfig-version.cmake
[0.578s] -- Up-to-date: /home/leon/robotica/scorbotLabo/teleop_packages/ros_keyboard/install/keyboard/share/keyboard/package.xml
[0.580s] Invoked command in '/home/leon/robotica/scorbotLabo/teleop_packages/ros_keyboard/build/keyboard' returned '0': CMAKE_PREFIX_PATH=/home/leon/robotica/scorbotLabo/teleop_packages/ros_keyboard/install/keyboard_msgs:/home/leon/robotica/scorbotLabo/teleop_packages/ros_keyboard/install/keyboard:/opt/ros/humble /usr/bin/cmake --install /home/leon/robotica/scorbotLabo/teleop_packages/ros_keyboard/build/keyboard
