[0.010s] Invoking command in '/home/leon/robotica/scorbotLabo/teleop_packages/ros_keyboard/build/keyboard_msgs': CMAKE_PREFIX_PATH=${CMAKE_PREFIX_PATH}:/opt/ros/humble /usr/bin/cmake --build /home/leon/robotica/scorbotLabo/teleop_packages/ros_keyboard/build/keyboard_msgs -- -j8 -l8
[0.053s] [35m[1mConsolidate compiler generated dependencies of target keyboard_msgs__rosidl_generator_c[0m
[0.063s] [  3%] Built target keyboard_msgs__cpp
[0.064s] [  6%] Built target keyboard_msgs__rs
[0.065s] [ 15%] Built target keyboard_msgs__rosidl_generator_c
[0.076s] [35m[1mConsolidate compiler generated dependencies of target keyboard_msgs__rosidl_typesupport_fastrtps_cpp[0m
[0.078s] [ 15%] Built target ament_cmake_python_copy_keyboard_msgs
[0.080s] [35m[1mConsolidate compiler generated dependencies of target keyboard_msgs__rosidl_typesupport_introspection_cpp[0m
[0.080s] [35m[1mConsolidate compiler generated dependencies of target keyboard_msgs__rosidl_typesupport_cpp[0m
[0.080s] [35m[1mConsolidate compiler generated dependencies of target keyboard_msgs__rosidl_typesupport_fastrtps_c[0m
[0.081s] [35m[1mConsolidate compiler generated dependencies of target keyboard_msgs__rosidl_typesupport_c[0m
[0.082s] [35m[1mConsolidate compiler generated dependencies of target keyboard_msgs__rosidl_typesupport_introspection_c[0m
[0.099s] [ 46%] Built target keyboard_msgs__rosidl_typesupport_cpp
[0.099s] [ 50%] Built target keyboard_msgs__rosidl_typesupport_fastrtps_cpp
[0.099s] [ 59%] Built target keyboard_msgs__rosidl_typesupport_introspection_c
[0.099s] [ 62%] Built target keyboard_msgs__rosidl_typesupport_c
[0.100s] [ 46%] Built target keyboard_msgs__rosidl_typesupport_introspection_cpp
[0.102s] [ 71%] Built target keyboard_msgs__rosidl_typesupport_fastrtps_c
[0.123s] [ 71%] Built target keyboard_msgs
[0.147s] [ 75%] Built target keyboard_msgs__py
[0.158s] [35m[1mConsolidate compiler generated dependencies of target keyboard_msgs__rosidl_generator_py[0m
[0.173s] [ 81%] Built target keyboard_msgs__rosidl_generator_py
[0.185s] [35m[1mConsolidate compiler generated dependencies of target keyboard_msgs__rosidl_typesupport_c__pyext[0m
[0.185s] [35m[1mConsolidate compiler generated dependencies of target keyboard_msgs__rosidl_typesupport_introspection_c__pyext[0m
[0.185s] [35m[1mConsolidate compiler generated dependencies of target keyboard_msgs__rosidl_typesupport_fastrtps_c__pyext[0m
[0.200s] [ 87%] Built target keyboard_msgs__rosidl_typesupport_c__pyext
[0.201s] [ 93%] Built target keyboard_msgs__rosidl_typesupport_fastrtps_c__pyext
[0.203s] [100%] Built target keyboard_msgs__rosidl_typesupport_introspection_c__pyext
[0.384s] running egg_info
[0.385s] writing keyboard_msgs.egg-info/PKG-INFO
[0.385s] writing dependency_links to keyboard_msgs.egg-info/dependency_links.txt
[0.385s] writing top-level names to keyboard_msgs.egg-info/top_level.txt
[0.388s] reading manifest file 'keyboard_msgs.egg-info/SOURCES.txt'
[0.388s] writing manifest file 'keyboard_msgs.egg-info/SOURCES.txt'
[0.420s] [100%] Built target ament_cmake_python_build_keyboard_msgs_egg
[0.437s] Invoked command in '/home/leon/robotica/scorbotLabo/teleop_packages/ros_keyboard/build/keyboard_msgs' returned '0': CMAKE_PREFIX_PATH=${CMAKE_PREFIX_PATH}:/opt/ros/humble /usr/bin/cmake --build /home/leon/robotica/scorbotLabo/teleop_packages/ros_keyboard/build/keyboard_msgs -- -j8 -l8
[0.449s] Invoking command in '/home/leon/robotica/scorbotLabo/teleop_packages/ros_keyboard/build/keyboard_msgs': CMAKE_PREFIX_PATH=${CMAKE_PREFIX_PATH}:/opt/ros/humble /usr/bin/cmake --install /home/leon/robotica/scorbotLabo/teleop_packages/ros_keyboard/build/keyboard_msgs
[0.459s] -- Install configuration: ""
[0.459s] -- Up-to-date: /home/leon/robotica/scorbotLabo/teleop_packages/ros_keyboard/install/keyboard_msgs/share/ament_index/resource_index/rosidl_interfaces/keyboard_msgs
[0.459s] -- Up-to-date: /home/leon/robotica/scorbotLabo/teleop_packages/ros_keyboard/install/keyboard_msgs/include/keyboard_msgs/keyboard_msgs
[0.459s] -- Up-to-date: /home/leon/robotica/scorbotLabo/teleop_packages/ros_keyboard/install/keyboard_msgs/include/keyboard_msgs/keyboard_msgs/msg
[0.459s] -- Up-to-date: /home/leon/robotica/scorbotLabo/teleop_packages/ros_keyboard/install/keyboard_msgs/include/keyboard_msgs/keyboard_msgs/msg/key.h
[0.459s] -- Up-to-date: /home/leon/robotica/scorbotLabo/teleop_packages/ros_keyboard/install/keyboard_msgs/include/keyboard_msgs/keyboard_msgs/msg/rosidl_generator_c__visibility_control.h
[0.459s] -- Up-to-date: /home/leon/robotica/scorbotLabo/teleop_packages/ros_keyboard/install/keyboard_msgs/include/keyboard_msgs/keyboard_msgs/msg/detail
[0.459s] -- Up-to-date: /home/leon/robotica/scorbotLabo/teleop_packages/ros_keyboard/install/keyboard_msgs/include/keyboard_msgs/keyboard_msgs/msg/detail/key__type_support.h
[0.460s] -- Up-to-date: /home/leon/robotica/scorbotLabo/teleop_packages/ros_keyboard/install/keyboard_msgs/include/keyboard_msgs/keyboard_msgs/msg/detail/key__struct.h
[0.460s] -- Up-to-date: /home/leon/robotica/scorbotLabo/teleop_packages/ros_keyboard/install/keyboard_msgs/include/keyboard_msgs/keyboard_msgs/msg/detail/key__functions.c
[0.460s] -- Up-to-date: /home/leon/robotica/scorbotLabo/teleop_packages/ros_keyboard/install/keyboard_msgs/include/keyboard_msgs/keyboard_msgs/msg/detail/key__functions.h
[0.460s] -- Up-to-date: /home/leon/robotica/scorbotLabo/teleop_packages/ros_keyboard/install/keyboard_msgs/share/keyboard_msgs/environment/library_path.sh
[0.460s] -- Up-to-date: /home/leon/robotica/scorbotLabo/teleop_packages/ros_keyboard/install/keyboard_msgs/share/keyboard_msgs/environment/library_path.dsv
[0.460s] -- Up-to-date: /home/leon/robotica/scorbotLabo/teleop_packages/ros_keyboard/install/keyboard_msgs/lib/libkeyboard_msgs__rosidl_generator_c.so
[0.460s] -- Up-to-date: /home/leon/robotica/scorbotLabo/teleop_packages/ros_keyboard/install/keyboard_msgs/include/keyboard_msgs/keyboard_msgs
[0.460s] -- Up-to-date: /home/leon/robotica/scorbotLabo/teleop_packages/ros_keyboard/install/keyboard_msgs/include/keyboard_msgs/keyboard_msgs/msg
[0.460s] -- Up-to-date: /home/leon/robotica/scorbotLabo/teleop_packages/ros_keyboard/install/keyboard_msgs/include/keyboard_msgs/keyboard_msgs/msg/detail
[0.460s] -- Up-to-date: /home/leon/robotica/scorbotLabo/teleop_packages/ros_keyboard/install/keyboard_msgs/include/keyboard_msgs/keyboard_msgs/msg/detail/key__rosidl_typesupport_fastrtps_c.h
[0.460s] -- Up-to-date: /home/leon/robotica/scorbotLabo/teleop_packages/ros_keyboard/install/keyboard_msgs/include/keyboard_msgs/keyboard_msgs/msg/rosidl_typesupport_fastrtps_c__visibility_control.h
[0.461s] -- Up-to-date: /home/leon/robotica/scorbotLabo/teleop_packages/ros_keyboard/install/keyboard_msgs/lib/libkeyboard_msgs__rosidl_typesupport_fastrtps_c.so
[0.461s] -- Up-to-date: /home/leon/robotica/scorbotLabo/teleop_packages/ros_keyboard/install/keyboard_msgs/include/keyboard_msgs/keyboard_msgs
[0.461s] -- Up-to-date: /home/leon/robotica/scorbotLabo/teleop_packages/ros_keyboard/install/keyboard_msgs/include/keyboard_msgs/keyboard_msgs/msg
[0.461s] -- Up-to-date: /home/leon/robotica/scorbotLabo/teleop_packages/ros_keyboard/install/keyboard_msgs/include/keyboard_msgs/keyboard_msgs/msg/rosidl_generator_cpp__visibility_control.hpp
[0.462s] -- Up-to-date: /home/leon/robotica/scorbotLabo/teleop_packages/ros_keyboard/install/keyboard_msgs/include/keyboard_msgs/keyboard_msgs/msg/key.hpp
[0.462s] -- Up-to-date: /home/leon/robotica/scorbotLabo/teleop_packages/ros_keyboard/install/keyboard_msgs/include/keyboard_msgs/keyboard_msgs/msg/detail
[0.462s] -- Up-to-date: /home/leon/robotica/scorbotLabo/teleop_packages/ros_keyboard/install/keyboard_msgs/include/keyboard_msgs/keyboard_msgs/msg/detail/key__type_support.hpp
[0.462s] -- Up-to-date: /home/leon/robotica/scorbotLabo/teleop_packages/ros_keyboard/install/keyboard_msgs/include/keyboard_msgs/keyboard_msgs/msg/detail/key__builder.hpp
[0.462s] -- Up-to-date: /home/leon/robotica/scorbotLabo/teleop_packages/ros_keyboard/install/keyboard_msgs/include/keyboard_msgs/keyboard_msgs/msg/detail/key__traits.hpp
[0.462s] -- Up-to-date: /home/leon/robotica/scorbotLabo/teleop_packages/ros_keyboard/install/keyboard_msgs/include/keyboard_msgs/keyboard_msgs/msg/detail/key__struct.hpp
[0.462s] -- Up-to-date: /home/leon/robotica/scorbotLabo/teleop_packages/ros_keyboard/install/keyboard_msgs/include/keyboard_msgs/keyboard_msgs
[0.463s] -- Up-to-date: /home/leon/robotica/scorbotLabo/teleop_packages/ros_keyboard/install/keyboard_msgs/include/keyboard_msgs/keyboard_msgs/msg
[0.463s] -- Up-to-date: /home/leon/robotica/scorbotLabo/teleop_packages/ros_keyboard/install/keyboard_msgs/include/keyboard_msgs/keyboard_msgs/msg/rosidl_typesupport_fastrtps_cpp__visibility_control.h
[0.463s] -- Up-to-date: /home/leon/robotica/scorbotLabo/teleop_packages/ros_keyboard/install/keyboard_msgs/include/keyboard_msgs/keyboard_msgs/msg/detail
[0.463s] -- Up-to-date: /home/leon/robotica/scorbotLabo/teleop_packages/ros_keyboard/install/keyboard_msgs/include/keyboard_msgs/keyboard_msgs/msg/detail/key__rosidl_typesupport_fastrtps_cpp.hpp
[0.463s] -- Up-to-date: /home/leon/robotica/scorbotLabo/teleop_packages/ros_keyboard/install/keyboard_msgs/include/keyboard_msgs/keyboard_msgs/msg/detail/dds_fastrtps
[0.463s] -- Up-to-date: /home/leon/robotica/scorbotLabo/teleop_packages/ros_keyboard/install/keyboard_msgs/lib/libkeyboard_msgs__rosidl_typesupport_fastrtps_cpp.so
[0.463s] -- Up-to-date: /home/leon/robotica/scorbotLabo/teleop_packages/ros_keyboard/install/keyboard_msgs/include/keyboard_msgs/keyboard_msgs
[0.463s] -- Up-to-date: /home/leon/robotica/scorbotLabo/teleop_packages/ros_keyboard/install/keyboard_msgs/include/keyboard_msgs/keyboard_msgs/msg
[0.463s] -- Up-to-date: /home/leon/robotica/scorbotLabo/teleop_packages/ros_keyboard/install/keyboard_msgs/include/keyboard_msgs/keyboard_msgs/msg/rosidl_typesupport_introspection_c__visibility_control.h
[0.463s] -- Up-to-date: /home/leon/robotica/scorbotLabo/teleop_packages/ros_keyboard/install/keyboard_msgs/include/keyboard_msgs/keyboard_msgs/msg/detail
[0.463s] -- Up-to-date: /home/leon/robotica/scorbotLabo/teleop_packages/ros_keyboard/install/keyboard_msgs/include/keyboard_msgs/keyboard_msgs/msg/detail/key__type_support.c
[0.463s] -- Up-to-date: /home/leon/robotica/scorbotLabo/teleop_packages/ros_keyboard/install/keyboard_msgs/include/keyboard_msgs/keyboard_msgs/msg/detail/key__rosidl_typesupport_introspection_c.h
[0.463s] -- Up-to-date: /home/leon/robotica/scorbotLabo/teleop_packages/ros_keyboard/install/keyboard_msgs/lib/libkeyboard_msgs__rosidl_typesupport_introspection_c.so
[0.464s] -- Up-to-date: /home/leon/robotica/scorbotLabo/teleop_packages/ros_keyboard/install/keyboard_msgs/lib/libkeyboard_msgs__rosidl_typesupport_c.so
[0.464s] -- Up-to-date: /home/leon/robotica/scorbotLabo/teleop_packages/ros_keyboard/install/keyboard_msgs/include/keyboard_msgs/keyboard_msgs
[0.464s] -- Up-to-date: /home/leon/robotica/scorbotLabo/teleop_packages/ros_keyboard/install/keyboard_msgs/include/keyboard_msgs/keyboard_msgs/msg
[0.464s] -- Up-to-date: /home/leon/robotica/scorbotLabo/teleop_packages/ros_keyboard/install/keyboard_msgs/include/keyboard_msgs/keyboard_msgs/msg/detail
[0.464s] -- Up-to-date: /home/leon/robotica/scorbotLabo/teleop_packages/ros_keyboard/install/keyboard_msgs/include/keyboard_msgs/keyboard_msgs/msg/detail/key__type_support.cpp
[0.464s] -- Up-to-date: /home/leon/robotica/scorbotLabo/teleop_packages/ros_keyboard/install/keyboard_msgs/include/keyboard_msgs/keyboard_msgs/msg/detail/key__rosidl_typesupport_introspection_cpp.hpp
[0.464s] -- Up-to-date: /home/leon/robotica/scorbotLabo/teleop_packages/ros_keyboard/install/keyboard_msgs/lib/libkeyboard_msgs__rosidl_typesupport_introspection_cpp.so
[0.465s] -- Up-to-date: /home/leon/robotica/scorbotLabo/teleop_packages/ros_keyboard/install/keyboard_msgs/lib/libkeyboard_msgs__rosidl_typesupport_cpp.so
[0.466s] -- Up-to-date: /home/leon/robotica/scorbotLabo/teleop_packages/ros_keyboard/install/keyboard_msgs/share/keyboard_msgs/environment/pythonpath.sh
[0.466s] -- Up-to-date: /home/leon/robotica/scorbotLabo/teleop_packages/ros_keyboard/install/keyboard_msgs/share/keyboard_msgs/environment/pythonpath.dsv
[0.466s] -- Up-to-date: /home/leon/robotica/scorbotLabo/teleop_packages/ros_keyboard/install/keyboard_msgs/local/lib/python3.10/dist-packages/keyboard_msgs-0.0.0-py3.10.egg-info
[0.466s] -- Installing: /home/leon/robotica/scorbotLabo/teleop_packages/ros_keyboard/install/keyboard_msgs/local/lib/python3.10/dist-packages/keyboard_msgs-0.0.0-py3.10.egg-info/top_level.txt
[0.466s] -- Installing: /home/leon/robotica/scorbotLabo/teleop_packages/ros_keyboard/install/keyboard_msgs/local/lib/python3.10/dist-packages/keyboard_msgs-0.0.0-py3.10.egg-info/dependency_links.txt
[0.466s] -- Installing: /home/leon/robotica/scorbotLabo/teleop_packages/ros_keyboard/install/keyboard_msgs/local/lib/python3.10/dist-packages/keyboard_msgs-0.0.0-py3.10.egg-info/PKG-INFO
[0.467s] -- Installing: /home/leon/robotica/scorbotLabo/teleop_packages/ros_keyboard/install/keyboard_msgs/local/lib/python3.10/dist-packages/keyboard_msgs-0.0.0-py3.10.egg-info/SOURCES.txt
[0.467s] -- Up-to-date: /home/leon/robotica/scorbotLabo/teleop_packages/ros_keyboard/install/keyboard_msgs/local/lib/python3.10/dist-packages/keyboard_msgs
[0.467s] -- Up-to-date: /home/leon/robotica/scorbotLabo/teleop_packages/ros_keyboard/install/keyboard_msgs/local/lib/python3.10/dist-packages/keyboard_msgs/keyboard_msgs_s__rosidl_typesupport_introspection_c.cpython-310-x86_64-linux-gnu.so
[0.467s] -- Up-to-date: /home/leon/robotica/scorbotLabo/teleop_packages/ros_keyboard/install/keyboard_msgs/local/lib/python3.10/dist-packages/keyboard_msgs/_keyboard_msgs_s.ep.rosidl_typesupport_introspection_c.c
[0.468s] -- Up-to-date: /home/leon/robotica/scorbotLabo/teleop_packages/ros_keyboard/install/keyboard_msgs/local/lib/python3.10/dist-packages/keyboard_msgs/_keyboard_msgs_s.ep.rosidl_typesupport_c.c
[0.468s] -- Up-to-date: /home/leon/robotica/scorbotLabo/teleop_packages/ros_keyboard/install/keyboard_msgs/local/lib/python3.10/dist-packages/keyboard_msgs/msg
[0.468s] -- Up-to-date: /home/leon/robotica/scorbotLabo/teleop_packages/ros_keyboard/install/keyboard_msgs/local/lib/python3.10/dist-packages/keyboard_msgs/msg/_key.py
[0.468s] -- Up-to-date: /home/leon/robotica/scorbotLabo/teleop_packages/ros_keyboard/install/keyboard_msgs/local/lib/python3.10/dist-packages/keyboard_msgs/msg/__init__.py
[0.468s] -- Up-to-date: /home/leon/robotica/scorbotLabo/teleop_packages/ros_keyboard/install/keyboard_msgs/local/lib/python3.10/dist-packages/keyboard_msgs/msg/_key_s.c
[0.468s] -- Up-to-date: /home/leon/robotica/scorbotLabo/teleop_packages/ros_keyboard/install/keyboard_msgs/local/lib/python3.10/dist-packages/keyboard_msgs/keyboard_msgs_s__rosidl_typesupport_c.cpython-310-x86_64-linux-gnu.so
[0.468s] -- Up-to-date: /home/leon/robotica/scorbotLabo/teleop_packages/ros_keyboard/install/keyboard_msgs/local/lib/python3.10/dist-packages/keyboard_msgs/keyboard_msgs_s__rosidl_typesupport_fastrtps_c.cpython-310-x86_64-linux-gnu.so
[0.468s] -- Up-to-date: /home/leon/robotica/scorbotLabo/teleop_packages/ros_keyboard/install/keyboard_msgs/local/lib/python3.10/dist-packages/keyboard_msgs/__init__.py
[0.469s] -- Up-to-date: /home/leon/robotica/scorbotLabo/teleop_packages/ros_keyboard/install/keyboard_msgs/local/lib/python3.10/dist-packages/keyboard_msgs/_keyboard_msgs_s.ep.rosidl_typesupport_fastrtps_c.c
[0.469s] -- Up-to-date: /home/leon/robotica/scorbotLabo/teleop_packages/ros_keyboard/install/keyboard_msgs/local/lib/python3.10/dist-packages/keyboard_msgs/libkeyboard_msgs__rosidl_generator_py.so
[0.501s] Listing '/home/leon/robotica/scorbotLabo/teleop_packages/ros_keyboard/install/keyboard_msgs/local/lib/python3.10/dist-packages/keyboard_msgs'...
[0.501s] Listing '/home/leon/robotica/scorbotLabo/teleop_packages/ros_keyboard/install/keyboard_msgs/local/lib/python3.10/dist-packages/keyboard_msgs/msg'...
[0.505s] -- Up-to-date: /home/leon/robotica/scorbotLabo/teleop_packages/ros_keyboard/install/keyboard_msgs/local/lib/python3.10/dist-packages/keyboard_msgs/keyboard_msgs_s__rosidl_typesupport_fastrtps_c.cpython-310-x86_64-linux-gnu.so
[0.505s] -- Up-to-date: /home/leon/robotica/scorbotLabo/teleop_packages/ros_keyboard/install/keyboard_msgs/local/lib/python3.10/dist-packages/keyboard_msgs/keyboard_msgs_s__rosidl_typesupport_introspection_c.cpython-310-x86_64-linux-gnu.so
[0.506s] -- Up-to-date: /home/leon/robotica/scorbotLabo/teleop_packages/ros_keyboard/install/keyboard_msgs/local/lib/python3.10/dist-packages/keyboard_msgs/keyboard_msgs_s__rosidl_typesupport_c.cpython-310-x86_64-linux-gnu.so
[0.506s] -- Up-to-date: /home/leon/robotica/scorbotLabo/teleop_packages/ros_keyboard/install/keyboard_msgs/lib/libkeyboard_msgs__rosidl_generator_py.so
[0.507s] -- Up-to-date: /home/leon/robotica/scorbotLabo/teleop_packages/ros_keyboard/install/keyboard_msgs/share/ament_index/resource_index/rust_packages/keyboard_msgs
[0.507s] -- Up-to-date: /home/leon/robotica/scorbotLabo/teleop_packages/ros_keyboard/install/keyboard_msgs/share/keyboard_msgs/rust
[0.507s] -- Up-to-date: /home/leon/robotica/scorbotLabo/teleop_packages/ros_keyboard/install/keyboard_msgs/share/keyboard_msgs/rust/Cargo.toml
[0.507s] -- Up-to-date: /home/leon/robotica/scorbotLabo/teleop_packages/ros_keyboard/install/keyboard_msgs/share/keyboard_msgs/rust/src
[0.507s] -- Up-to-date: /home/leon/robotica/scorbotLabo/teleop_packages/ros_keyboard/install/keyboard_msgs/share/keyboard_msgs/rust/src/msg.rs
[0.507s] -- Up-to-date: /home/leon/robotica/scorbotLabo/teleop_packages/ros_keyboard/install/keyboard_msgs/share/keyboard_msgs/rust/src/lib.rs
[0.507s] -- Up-to-date: /home/leon/robotica/scorbotLabo/teleop_packages/ros_keyboard/install/keyboard_msgs/share/keyboard_msgs/rust/src/msg
[0.507s] -- Up-to-date: /home/leon/robotica/scorbotLabo/teleop_packages/ros_keyboard/install/keyboard_msgs/share/keyboard_msgs/rust/src/msg/rmw.rs
[0.508s] -- Up-to-date: /home/leon/robotica/scorbotLabo/teleop_packages/ros_keyboard/install/keyboard_msgs/share/keyboard_msgs/rust/build.rs
[0.508s] -- Up-to-date: /home/leon/robotica/scorbotLabo/teleop_packages/ros_keyboard/install/keyboard_msgs/share/keyboard_msgs/msg/Key.idl
[0.508s] -- Up-to-date: /home/leon/robotica/scorbotLabo/teleop_packages/ros_keyboard/install/keyboard_msgs/share/keyboard_msgs/msg/Key.msg
[0.508s] -- Up-to-date: /home/leon/robotica/scorbotLabo/teleop_packages/ros_keyboard/install/keyboard_msgs/share/ament_index/resource_index/package_run_dependencies/keyboard_msgs
[0.508s] -- Up-to-date: /home/leon/robotica/scorbotLabo/teleop_packages/ros_keyboard/install/keyboard_msgs/share/ament_index/resource_index/parent_prefix_path/keyboard_msgs
[0.508s] -- Up-to-date: /home/leon/robotica/scorbotLabo/teleop_packages/ros_keyboard/install/keyboard_msgs/share/keyboard_msgs/environment/ament_prefix_path.sh
[0.508s] -- Up-to-date: /home/leon/robotica/scorbotLabo/teleop_packages/ros_keyboard/install/keyboard_msgs/share/keyboard_msgs/environment/ament_prefix_path.dsv
[0.509s] -- Up-to-date: /home/leon/robotica/scorbotLabo/teleop_packages/ros_keyboard/install/keyboard_msgs/share/keyboard_msgs/environment/path.sh
[0.509s] -- Up-to-date: /home/leon/robotica/scorbotLabo/teleop_packages/ros_keyboard/install/keyboard_msgs/share/keyboard_msgs/environment/path.dsv
[0.509s] -- Up-to-date: /home/leon/robotica/scorbotLabo/teleop_packages/ros_keyboard/install/keyboard_msgs/share/keyboard_msgs/local_setup.bash
[0.509s] -- Up-to-date: /home/leon/robotica/scorbotLabo/teleop_packages/ros_keyboard/install/keyboard_msgs/share/keyboard_msgs/local_setup.sh
[0.509s] -- Up-to-date: /home/leon/robotica/scorbotLabo/teleop_packages/ros_keyboard/install/keyboard_msgs/share/keyboard_msgs/local_setup.zsh
[0.509s] -- Up-to-date: /home/leon/robotica/scorbotLabo/teleop_packages/ros_keyboard/install/keyboard_msgs/share/keyboard_msgs/local_setup.dsv
[0.509s] -- Installing: /home/leon/robotica/scorbotLabo/teleop_packages/ros_keyboard/install/keyboard_msgs/share/keyboard_msgs/package.dsv
[0.509s] -- Up-to-date: /home/leon/robotica/scorbotLabo/teleop_packages/ros_keyboard/install/keyboard_msgs/share/ament_index/resource_index/packages/keyboard_msgs
[0.509s] -- Up-to-date: /home/leon/robotica/scorbotLabo/teleop_packages/ros_keyboard/install/keyboard_msgs/share/keyboard_msgs/cmake/export_keyboard_msgs__rosidl_generator_cExport.cmake
[0.510s] -- Up-to-date: /home/leon/robotica/scorbotLabo/teleop_packages/ros_keyboard/install/keyboard_msgs/share/keyboard_msgs/cmake/export_keyboard_msgs__rosidl_generator_cExport-noconfig.cmake
[0.510s] -- Up-to-date: /home/leon/robotica/scorbotLabo/teleop_packages/ros_keyboard/install/keyboard_msgs/share/keyboard_msgs/cmake/export_keyboard_msgs__rosidl_typesupport_fastrtps_cExport.cmake
[0.510s] -- Up-to-date: /home/leon/robotica/scorbotLabo/teleop_packages/ros_keyboard/install/keyboard_msgs/share/keyboard_msgs/cmake/export_keyboard_msgs__rosidl_typesupport_fastrtps_cExport-noconfig.cmake
[0.510s] -- Up-to-date: /home/leon/robotica/scorbotLabo/teleop_packages/ros_keyboard/install/keyboard_msgs/share/keyboard_msgs/cmake/export_keyboard_msgs__rosidl_generator_cppExport.cmake
[0.510s] -- Up-to-date: /home/leon/robotica/scorbotLabo/teleop_packages/ros_keyboard/install/keyboard_msgs/share/keyboard_msgs/cmake/export_keyboard_msgs__rosidl_typesupport_fastrtps_cppExport.cmake
[0.510s] -- Up-to-date: /home/leon/robotica/scorbotLabo/teleop_packages/ros_keyboard/install/keyboard_msgs/share/keyboard_msgs/cmake/export_keyboard_msgs__rosidl_typesupport_fastrtps_cppExport-noconfig.cmake
[0.510s] -- Up-to-date: /home/leon/robotica/scorbotLabo/teleop_packages/ros_keyboard/install/keyboard_msgs/share/keyboard_msgs/cmake/keyboard_msgs__rosidl_typesupport_introspection_cExport.cmake
[0.511s] -- Up-to-date: /home/leon/robotica/scorbotLabo/teleop_packages/ros_keyboard/install/keyboard_msgs/share/keyboard_msgs/cmake/keyboard_msgs__rosidl_typesupport_introspection_cExport-noconfig.cmake
[0.511s] -- Up-to-date: /home/leon/robotica/scorbotLabo/teleop_packages/ros_keyboard/install/keyboard_msgs/share/keyboard_msgs/cmake/keyboard_msgs__rosidl_typesupport_cExport.cmake
[0.511s] -- Up-to-date: /home/leon/robotica/scorbotLabo/teleop_packages/ros_keyboard/install/keyboard_msgs/share/keyboard_msgs/cmake/keyboard_msgs__rosidl_typesupport_cExport-noconfig.cmake
[0.511s] -- Up-to-date: /home/leon/robotica/scorbotLabo/teleop_packages/ros_keyboard/install/keyboard_msgs/share/keyboard_msgs/cmake/keyboard_msgs__rosidl_typesupport_introspection_cppExport.cmake
[0.511s] -- Up-to-date: /home/leon/robotica/scorbotLabo/teleop_packages/ros_keyboard/install/keyboard_msgs/share/keyboard_msgs/cmake/keyboard_msgs__rosidl_typesupport_introspection_cppExport-noconfig.cmake
[0.511s] -- Up-to-date: /home/leon/robotica/scorbotLabo/teleop_packages/ros_keyboard/install/keyboard_msgs/share/keyboard_msgs/cmake/keyboard_msgs__rosidl_typesupport_cppExport.cmake
[0.511s] -- Up-to-date: /home/leon/robotica/scorbotLabo/teleop_packages/ros_keyboard/install/keyboard_msgs/share/keyboard_msgs/cmake/keyboard_msgs__rosidl_typesupport_cppExport-noconfig.cmake
[0.511s] -- Up-to-date: /home/leon/robotica/scorbotLabo/teleop_packages/ros_keyboard/install/keyboard_msgs/share/keyboard_msgs/cmake/export_keyboard_msgs__rosidl_generator_pyExport.cmake
[0.511s] -- Up-to-date: /home/leon/robotica/scorbotLabo/teleop_packages/ros_keyboard/install/keyboard_msgs/share/keyboard_msgs/cmake/export_keyboard_msgs__rosidl_generator_pyExport-noconfig.cmake
[0.511s] -- Up-to-date: /home/leon/robotica/scorbotLabo/teleop_packages/ros_keyboard/install/keyboard_msgs/share/keyboard_msgs/cmake/rosidl_cmake-extras.cmake
[0.512s] -- Up-to-date: /home/leon/robotica/scorbotLabo/teleop_packages/ros_keyboard/install/keyboard_msgs/share/keyboard_msgs/cmake/ament_cmake_export_dependencies-extras.cmake
[0.512s] -- Up-to-date: /home/leon/robotica/scorbotLabo/teleop_packages/ros_keyboard/install/keyboard_msgs/share/keyboard_msgs/cmake/ament_cmake_export_include_directories-extras.cmake
[0.512s] -- Up-to-date: /home/leon/robotica/scorbotLabo/teleop_packages/ros_keyboard/install/keyboard_msgs/share/keyboard_msgs/cmake/ament_cmake_export_libraries-extras.cmake
[0.512s] -- Up-to-date: /home/leon/robotica/scorbotLabo/teleop_packages/ros_keyboard/install/keyboard_msgs/share/keyboard_msgs/cmake/ament_cmake_export_targets-extras.cmake
[0.512s] -- Up-to-date: /home/leon/robotica/scorbotLabo/teleop_packages/ros_keyboard/install/keyboard_msgs/share/keyboard_msgs/cmake/rosidl_cmake_export_typesupport_targets-extras.cmake
[0.512s] -- Up-to-date: /home/leon/robotica/scorbotLabo/teleop_packages/ros_keyboard/install/keyboard_msgs/share/keyboard_msgs/cmake/rosidl_cmake_export_typesupport_libraries-extras.cmake
[0.512s] -- Up-to-date: /home/leon/robotica/scorbotLabo/teleop_packages/ros_keyboard/install/keyboard_msgs/share/keyboard_msgs/cmake/keyboard_msgsConfig.cmake
[0.512s] -- Up-to-date: /home/leon/robotica/scorbotLabo/teleop_packages/ros_keyboard/install/keyboard_msgs/share/keyboard_msgs/cmake/keyboard_msgsConfig-version.cmake
[0.512s] -- Up-to-date: /home/leon/robotica/scorbotLabo/teleop_packages/ros_keyboard/install/keyboard_msgs/share/keyboard_msgs/package.xml
[0.514s] Invoked command in '/home/leon/robotica/scorbotLabo/teleop_packages/ros_keyboard/build/keyboard_msgs' returned '0': CMAKE_PREFIX_PATH=${CMAKE_PREFIX_PATH}:/opt/ros/humble /usr/bin/cmake --install /home/leon/robotica/scorbotLabo/teleop_packages/ros_keyboard/build/keyboard_msgs
