[0.111s] DEBUG:colcon:Command line arguments: ['/usr/bin/colcon', 'build']
[0.111s] DEBUG:colcon:Parsed command line arguments: Namespace(log_base=None, log_level=None, verb_name='build', build_base='build', install_base='install', merge_install=False, symlink_install=False, test_result_base=None, continue_on_error=False, executor='parallel', parallel_workers=8, event_handlers=None, ignore_user_meta=False, metas=['./colcon.meta'], base_paths=['.'], packages_ignore=None, packages_ignore_regex=None, paths=None, packages_up_to=None, packages_up_to_regex=None, packages_above=None, packages_above_and_dependencies=None, packages_above_depth=None, packages_select_by_dep=None, packages_skip_by_dep=None, packages_skip_up_to=None, packages_select_build_failed=False, packages_skip_build_finished=False, packages_select_test_failures=False, packages_skip_test_passed=False, packages_select=None, packages_skip=None, packages_select_regex=None, packages_skip_regex=None, packages_start=None, packages_end=None, allow_overriding=[], cmake_args=None, cmake_target=None, cmake_target_skip_unavailable=False, cmake_clean_cache=False, cmake_clean_first=False, cmake_force_configure=False, ament_cmake_args=None, catkin_cmake_args=None, catkin_skip_building_tests=False, mixin_files=None, mixin=None, verb_parser=<colcon_mixin.mixin.mixin_argument.MixinArgumentDecorator object at 0x7c87cfb6ba30>, verb_extension=<colcon_core.verb.build.BuildVerb object at 0x7c87cfb6b430>, main=<bound method BuildVerb.main of <colcon_core.verb.build.BuildVerb object at 0x7c87cfb6b430>>, mixin_verb=('build',))
[0.297s] Level 1:colcon.colcon_core.package_discovery:discover_packages(colcon_meta) check parameters
[0.297s] Level 1:colcon.colcon_core.package_discovery:discover_packages(recursive) check parameters
[0.297s] Level 1:colcon.colcon_core.package_discovery:discover_packages(ignore) check parameters
[0.297s] Level 1:colcon.colcon_core.package_discovery:discover_packages(path) check parameters
[0.297s] Level 1:colcon.colcon_core.package_discovery:discover_packages(colcon_meta) discover
[0.297s] Level 1:colcon.colcon_core.package_discovery:discover_packages(recursive) discover
[0.297s] INFO:colcon.colcon_core.package_discovery:Crawling recursively for packages in '/home/leon/robotica/scorbotLabo/teleop_packages/ros_keyboard'
[0.297s] Level 1:colcon.colcon_core.package_identification:_identify(.) by extensions ['ignore', 'ignore_ament_install']
[0.297s] Level 1:colcon.colcon_core.package_identification:_identify(.) by extension 'ignore'
[0.297s] Level 1:colcon.colcon_core.package_identification:_identify(.) by extension 'ignore_ament_install'
[0.298s] Level 1:colcon.colcon_core.package_identification:_identify(.) by extensions ['colcon_pkg']
[0.298s] Level 1:colcon.colcon_core.package_identification:_identify(.) by extension 'colcon_pkg'
[0.298s] Level 1:colcon.colcon_core.package_identification:_identify(.) by extensions ['colcon_meta']
[0.298s] Level 1:colcon.colcon_core.package_identification:_identify(.) by extension 'colcon_meta'
[0.298s] Level 1:colcon.colcon_core.package_identification:_identify(.) by extensions ['ros']
[0.298s] Level 1:colcon.colcon_core.package_identification:_identify(.) by extension 'ros'
[0.319s] Level 1:colcon.colcon_core.package_identification:_identify(.) by extensions ['cmake', 'python']
[0.319s] Level 1:colcon.colcon_core.package_identification:_identify(.) by extension 'cmake'
[0.319s] Level 1:colcon.colcon_core.package_identification:_identify(.) by extension 'python'
[0.319s] Level 1:colcon.colcon_core.package_identification:_identify(.) by extensions ['python_setup_py']
[0.319s] Level 1:colcon.colcon_core.package_identification:_identify(.) by extension 'python_setup_py'
[0.319s] Level 1:colcon.colcon_core.package_identification:_identify(build) by extensions ['ignore', 'ignore_ament_install']
[0.320s] Level 1:colcon.colcon_core.package_identification:_identify(build) by extension 'ignore'
[0.320s] Level 1:colcon.colcon_core.package_identification:_identify(build) ignored
[0.320s] Level 1:colcon.colcon_core.package_identification:_identify(install) by extensions ['ignore', 'ignore_ament_install']
[0.320s] Level 1:colcon.colcon_core.package_identification:_identify(install) by extension 'ignore'
[0.320s] Level 1:colcon.colcon_core.package_identification:_identify(install) ignored
[0.320s] Level 1:colcon.colcon_core.package_identification:_identify(log) by extensions ['ignore', 'ignore_ament_install']
[0.320s] Level 1:colcon.colcon_core.package_identification:_identify(log) by extension 'ignore'
[0.320s] Level 1:colcon.colcon_core.package_identification:_identify(log) ignored
[0.321s] Level 1:colcon.colcon_core.package_identification:_identify(src) by extensions ['ignore', 'ignore_ament_install']
[0.321s] Level 1:colcon.colcon_core.package_identification:_identify(src) by extension 'ignore'
[0.321s] Level 1:colcon.colcon_core.package_identification:_identify(src) by extension 'ignore_ament_install'
[0.321s] Level 1:colcon.colcon_core.package_identification:_identify(src) by extensions ['colcon_pkg']
[0.321s] Level 1:colcon.colcon_core.package_identification:_identify(src) by extension 'colcon_pkg'
[0.321s] Level 1:colcon.colcon_core.package_identification:_identify(src) by extensions ['colcon_meta']
[0.321s] Level 1:colcon.colcon_core.package_identification:_identify(src) by extension 'colcon_meta'
[0.321s] Level 1:colcon.colcon_core.package_identification:_identify(src) by extensions ['ros']
[0.321s] Level 1:colcon.colcon_core.package_identification:_identify(src) by extension 'ros'
[0.321s] Level 1:colcon.colcon_core.package_identification:_identify(src) by extensions ['cmake', 'python']
[0.321s] Level 1:colcon.colcon_core.package_identification:_identify(src) by extension 'cmake'
[0.321s] Level 1:colcon.colcon_core.package_identification:_identify(src) by extension 'python'
[0.322s] Level 1:colcon.colcon_core.package_identification:_identify(src) by extensions ['python_setup_py']
[0.322s] Level 1:colcon.colcon_core.package_identification:_identify(src) by extension 'python_setup_py'
[0.322s] Level 1:colcon.colcon_core.package_identification:_identify(src/ros-keyboard) by extensions ['ignore', 'ignore_ament_install']
[0.322s] Level 1:colcon.colcon_core.package_identification:_identify(src/ros-keyboard) by extension 'ignore'
[0.322s] Level 1:colcon.colcon_core.package_identification:_identify(src/ros-keyboard) by extension 'ignore_ament_install'
[0.322s] Level 1:colcon.colcon_core.package_identification:_identify(src/ros-keyboard) by extensions ['colcon_pkg']
[0.322s] Level 1:colcon.colcon_core.package_identification:_identify(src/ros-keyboard) by extension 'colcon_pkg'
[0.322s] Level 1:colcon.colcon_core.package_identification:_identify(src/ros-keyboard) by extensions ['colcon_meta']
[0.322s] Level 1:colcon.colcon_core.package_identification:_identify(src/ros-keyboard) by extension 'colcon_meta'
[0.322s] Level 1:colcon.colcon_core.package_identification:_identify(src/ros-keyboard) by extensions ['ros']
[0.322s] Level 1:colcon.colcon_core.package_identification:_identify(src/ros-keyboard) by extension 'ros'
[0.327s] DEBUG:colcon.colcon_core.package_identification:Package 'src/ros-keyboard' with type 'ros.ament_cmake' and name 'keyboard'
[0.328s] Level 1:colcon.colcon_core.package_identification:_identify(src/ros_keyboard_msgs) by extensions ['ignore', 'ignore_ament_install']
[0.328s] Level 1:colcon.colcon_core.package_identification:_identify(src/ros_keyboard_msgs) by extension 'ignore'
[0.328s] Level 1:colcon.colcon_core.package_identification:_identify(src/ros_keyboard_msgs) by extension 'ignore_ament_install'
[0.328s] Level 1:colcon.colcon_core.package_identification:_identify(src/ros_keyboard_msgs) by extensions ['colcon_pkg']
[0.328s] Level 1:colcon.colcon_core.package_identification:_identify(src/ros_keyboard_msgs) by extension 'colcon_pkg'
[0.328s] Level 1:colcon.colcon_core.package_identification:_identify(src/ros_keyboard_msgs) by extensions ['colcon_meta']
[0.328s] Level 1:colcon.colcon_core.package_identification:_identify(src/ros_keyboard_msgs) by extension 'colcon_meta'
[0.328s] Level 1:colcon.colcon_core.package_identification:_identify(src/ros_keyboard_msgs) by extensions ['ros']
[0.328s] Level 1:colcon.colcon_core.package_identification:_identify(src/ros_keyboard_msgs) by extension 'ros'
[0.329s] DEBUG:colcon.colcon_core.package_identification:Package 'src/ros_keyboard_msgs' with type 'ros.ament_cmake' and name 'keyboard_msgs'
[0.329s] Level 1:colcon.colcon_core.package_discovery:discover_packages(recursive) using defaults
[0.329s] Level 1:colcon.colcon_core.package_discovery:discover_packages(ignore) discover
[0.329s] Level 1:colcon.colcon_core.package_discovery:discover_packages(ignore) using defaults
[0.329s] Level 1:colcon.colcon_core.package_discovery:discover_packages(path) discover
[0.329s] Level 1:colcon.colcon_core.package_discovery:discover_packages(path) using defaults
[0.355s] Level 1:colcon.colcon_core.package_discovery:discover_packages(prefix_path) check parameters
[0.355s] Level 1:colcon.colcon_core.package_discovery:discover_packages(prefix_path) discover
[0.357s] DEBUG:colcon.colcon_installed_package_information.package_discovery:Found 2 installed packages in /home/leon/robotica/scorbotLabo/teleop_packages/ros_keyboard/install
[0.360s] DEBUG:colcon.colcon_installed_package_information.package_discovery:Found 383 installed packages in /opt/ros/humble
[0.363s] Level 1:colcon.colcon_core.package_discovery:discover_packages(prefix_path) using defaults
[0.417s] Level 5:colcon.colcon_core.verb:set package 'keyboard_msgs' build argument 'cmake_args' from command line to 'None'
[0.417s] Level 5:colcon.colcon_core.verb:set package 'keyboard_msgs' build argument 'cmake_target' from command line to 'None'
[0.417s] Level 5:colcon.colcon_core.verb:set package 'keyboard_msgs' build argument 'cmake_target_skip_unavailable' from command line to 'False'
[0.417s] Level 5:colcon.colcon_core.verb:set package 'keyboard_msgs' build argument 'cmake_clean_cache' from command line to 'False'
[0.417s] Level 5:colcon.colcon_core.verb:set package 'keyboard_msgs' build argument 'cmake_clean_first' from command line to 'False'
[0.417s] Level 5:colcon.colcon_core.verb:set package 'keyboard_msgs' build argument 'cmake_force_configure' from command line to 'False'
[0.417s] Level 5:colcon.colcon_core.verb:set package 'keyboard_msgs' build argument 'ament_cmake_args' from command line to 'None'
[0.417s] Level 5:colcon.colcon_core.verb:set package 'keyboard_msgs' build argument 'catkin_cmake_args' from command line to 'None'
[0.418s] Level 5:colcon.colcon_core.verb:set package 'keyboard_msgs' build argument 'catkin_skip_building_tests' from command line to 'False'
[0.418s] DEBUG:colcon.colcon_core.verb:Building package 'keyboard_msgs' with the following arguments: {'ament_cmake_args': None, 'build_base': '/home/leon/robotica/scorbotLabo/teleop_packages/ros_keyboard/build/keyboard_msgs', 'catkin_cmake_args': None, 'catkin_skip_building_tests': False, 'cmake_args': None, 'cmake_clean_cache': False, 'cmake_clean_first': False, 'cmake_force_configure': False, 'cmake_target': None, 'cmake_target_skip_unavailable': False, 'install_base': '/home/leon/robotica/scorbotLabo/teleop_packages/ros_keyboard/install/keyboard_msgs', 'merge_install': False, 'path': '/home/leon/robotica/scorbotLabo/teleop_packages/ros_keyboard/src/ros_keyboard_msgs', 'symlink_install': False, 'test_result_base': None}
[0.418s] Level 5:colcon.colcon_core.verb:set package 'keyboard' build argument 'cmake_args' from command line to 'None'
[0.418s] Level 5:colcon.colcon_core.verb:set package 'keyboard' build argument 'cmake_target' from command line to 'None'
[0.418s] Level 5:colcon.colcon_core.verb:set package 'keyboard' build argument 'cmake_target_skip_unavailable' from command line to 'False'
[0.418s] Level 5:colcon.colcon_core.verb:set package 'keyboard' build argument 'cmake_clean_cache' from command line to 'False'
[0.418s] Level 5:colcon.colcon_core.verb:set package 'keyboard' build argument 'cmake_clean_first' from command line to 'False'
[0.418s] Level 5:colcon.colcon_core.verb:set package 'keyboard' build argument 'cmake_force_configure' from command line to 'False'
[0.418s] Level 5:colcon.colcon_core.verb:set package 'keyboard' build argument 'ament_cmake_args' from command line to 'None'
[0.418s] Level 5:colcon.colcon_core.verb:set package 'keyboard' build argument 'catkin_cmake_args' from command line to 'None'
[0.418s] Level 5:colcon.colcon_core.verb:set package 'keyboard' build argument 'catkin_skip_building_tests' from command line to 'False'
[0.418s] DEBUG:colcon.colcon_core.verb:Building package 'keyboard' with the following arguments: {'ament_cmake_args': None, 'build_base': '/home/leon/robotica/scorbotLabo/teleop_packages/ros_keyboard/build/keyboard', 'catkin_cmake_args': None, 'catkin_skip_building_tests': False, 'cmake_args': None, 'cmake_clean_cache': False, 'cmake_clean_first': False, 'cmake_force_configure': False, 'cmake_target': None, 'cmake_target_skip_unavailable': False, 'install_base': '/home/leon/robotica/scorbotLabo/teleop_packages/ros_keyboard/install/keyboard', 'merge_install': False, 'path': '/home/leon/robotica/scorbotLabo/teleop_packages/ros_keyboard/src/ros-keyboard', 'symlink_install': False, 'test_result_base': None}
[0.418s] INFO:colcon.colcon_core.executor:Executing jobs using 'parallel' executor
[0.419s] DEBUG:colcon.colcon_parallel_executor.executor.parallel:run_until_complete
[0.419s] INFO:colcon.colcon_ros.task.ament_cmake.build:Building ROS package in '/home/leon/robotica/scorbotLabo/teleop_packages/ros_keyboard/src/ros_keyboard_msgs' with build type 'ament_cmake'
[0.420s] INFO:colcon.colcon_cmake.task.cmake.build:Building CMake package in '/home/leon/robotica/scorbotLabo/teleop_packages/ros_keyboard/src/ros_keyboard_msgs'
[0.422s] INFO:colcon.colcon_core.plugin_system:Skipping extension 'colcon_core.shell.bat': Not used on non-Windows systems
[0.422s] INFO:colcon.colcon_core.shell:Skip shell extension 'powershell' for command environment: Not usable outside of PowerShell
[0.422s] DEBUG:colcon.colcon_core.shell:Skip shell extension 'dsv' for command environment
[0.432s] DEBUG:colcon.colcon_core.event_handler.log_command:Invoking command in '/home/leon/robotica/scorbotLabo/teleop_packages/ros_keyboard/build/keyboard_msgs': CMAKE_PREFIX_PATH=${CMAKE_PREFIX_PATH}:/opt/ros/humble /usr/bin/cmake --build /home/leon/robotica/scorbotLabo/teleop_packages/ros_keyboard/build/keyboard_msgs -- -j8 -l8
[0.906s] DEBUG:colcon.colcon_core.event_handler.log_command:Invoked command in '/home/leon/robotica/scorbotLabo/teleop_packages/ros_keyboard/build/keyboard_msgs' returned '0': CMAKE_PREFIX_PATH=${CMAKE_PREFIX_PATH}:/opt/ros/humble /usr/bin/cmake --build /home/leon/robotica/scorbotLabo/teleop_packages/ros_keyboard/build/keyboard_msgs -- -j8 -l8
[0.918s] DEBUG:colcon.colcon_core.event_handler.log_command:Invoking command in '/home/leon/robotica/scorbotLabo/teleop_packages/ros_keyboard/build/keyboard_msgs': CMAKE_PREFIX_PATH=${CMAKE_PREFIX_PATH}:/opt/ros/humble /usr/bin/cmake --install /home/leon/robotica/scorbotLabo/teleop_packages/ros_keyboard/build/keyboard_msgs
[0.994s] Level 1:colcon.colcon_core.environment:create_environment_scripts_only(keyboard_msgs)
[0.995s] DEBUG:colcon.colcon_core.event_handler.log_command:Invoked command in '/home/leon/robotica/scorbotLabo/teleop_packages/ros_keyboard/build/keyboard_msgs' returned '0': CMAKE_PREFIX_PATH=${CMAKE_PREFIX_PATH}:/opt/ros/humble /usr/bin/cmake --install /home/leon/robotica/scorbotLabo/teleop_packages/ros_keyboard/build/keyboard_msgs
[0.997s] Level 1:colcon.colcon_core.environment:checking '/home/leon/robotica/scorbotLabo/teleop_packages/ros_keyboard/install/keyboard_msgs' for CMake module files
[0.998s] Level 1:colcon.colcon_core.environment:checking '/home/leon/robotica/scorbotLabo/teleop_packages/ros_keyboard/install/keyboard_msgs' for CMake config files
[0.999s] Level 1:colcon.colcon_core.shell:create_environment_hook('keyboard_msgs', 'cmake_prefix_path')
[1.000s] INFO:colcon.colcon_core.shell:Creating environment hook '/home/leon/robotica/scorbotLabo/teleop_packages/ros_keyboard/install/keyboard_msgs/share/keyboard_msgs/hook/cmake_prefix_path.ps1'
[1.001s] INFO:colcon.colcon_core.shell:Creating environment descriptor '/home/leon/robotica/scorbotLabo/teleop_packages/ros_keyboard/install/keyboard_msgs/share/keyboard_msgs/hook/cmake_prefix_path.dsv'
[1.001s] INFO:colcon.colcon_core.shell:Creating environment hook '/home/leon/robotica/scorbotLabo/teleop_packages/ros_keyboard/install/keyboard_msgs/share/keyboard_msgs/hook/cmake_prefix_path.sh'
[1.003s] Level 1:colcon.colcon_core.environment:checking '/home/leon/robotica/scorbotLabo/teleop_packages/ros_keyboard/install/keyboard_msgs/lib'
[1.003s] Level 1:colcon.colcon_core.shell:create_environment_hook('keyboard_msgs', 'ld_library_path_lib')
[1.004s] INFO:colcon.colcon_core.shell:Creating environment hook '/home/leon/robotica/scorbotLabo/teleop_packages/ros_keyboard/install/keyboard_msgs/share/keyboard_msgs/hook/ld_library_path_lib.ps1'
[1.004s] INFO:colcon.colcon_core.shell:Creating environment descriptor '/home/leon/robotica/scorbotLabo/teleop_packages/ros_keyboard/install/keyboard_msgs/share/keyboard_msgs/hook/ld_library_path_lib.dsv'
[1.004s] INFO:colcon.colcon_core.shell:Creating environment hook '/home/leon/robotica/scorbotLabo/teleop_packages/ros_keyboard/install/keyboard_msgs/share/keyboard_msgs/hook/ld_library_path_lib.sh'
[1.005s] Level 1:colcon.colcon_core.environment:checking '/home/leon/robotica/scorbotLabo/teleop_packages/ros_keyboard/install/keyboard_msgs/bin'
[1.005s] Level 1:colcon.colcon_core.environment:checking '/home/leon/robotica/scorbotLabo/teleop_packages/ros_keyboard/install/keyboard_msgs/lib/pkgconfig/keyboard_msgs.pc'
[1.005s] Level 1:colcon.colcon_core.environment:checking '/home/leon/robotica/scorbotLabo/teleop_packages/ros_keyboard/install/keyboard_msgs/lib/python3.10/site-packages'
[1.006s] Level 1:colcon.colcon_core.environment:checking '/home/leon/robotica/scorbotLabo/teleop_packages/ros_keyboard/install/keyboard_msgs/bin'
[1.006s] INFO:colcon.colcon_core.shell:Creating package script '/home/leon/robotica/scorbotLabo/teleop_packages/ros_keyboard/install/keyboard_msgs/share/keyboard_msgs/package.ps1'
[1.008s] INFO:colcon.colcon_core.shell:Creating package descriptor '/home/leon/robotica/scorbotLabo/teleop_packages/ros_keyboard/install/keyboard_msgs/share/keyboard_msgs/package.dsv'
[1.008s] INFO:colcon.colcon_core.shell:Creating package script '/home/leon/robotica/scorbotLabo/teleop_packages/ros_keyboard/install/keyboard_msgs/share/keyboard_msgs/package.sh'
[1.009s] INFO:colcon.colcon_core.shell:Creating package script '/home/leon/robotica/scorbotLabo/teleop_packages/ros_keyboard/install/keyboard_msgs/share/keyboard_msgs/package.bash'
[1.010s] INFO:colcon.colcon_core.shell:Creating package script '/home/leon/robotica/scorbotLabo/teleop_packages/ros_keyboard/install/keyboard_msgs/share/keyboard_msgs/package.zsh'
[1.011s] Level 1:colcon.colcon_core.environment:create_file_with_runtime_dependencies(/home/leon/robotica/scorbotLabo/teleop_packages/ros_keyboard/install/keyboard_msgs/share/colcon-core/packages/keyboard_msgs)
[1.012s] Level 1:colcon.colcon_core.environment:create_environment_scripts_only(keyboard_msgs)
[1.012s] Level 1:colcon.colcon_core.environment:checking '/home/leon/robotica/scorbotLabo/teleop_packages/ros_keyboard/install/keyboard_msgs' for CMake module files
[1.013s] Level 1:colcon.colcon_core.environment:checking '/home/leon/robotica/scorbotLabo/teleop_packages/ros_keyboard/install/keyboard_msgs' for CMake config files
[1.013s] Level 1:colcon.colcon_core.shell:create_environment_hook('keyboard_msgs', 'cmake_prefix_path')
[1.014s] INFO:colcon.colcon_core.shell:Creating environment hook '/home/leon/robotica/scorbotLabo/teleop_packages/ros_keyboard/install/keyboard_msgs/share/keyboard_msgs/hook/cmake_prefix_path.ps1'
[1.014s] INFO:colcon.colcon_core.shell:Creating environment descriptor '/home/leon/robotica/scorbotLabo/teleop_packages/ros_keyboard/install/keyboard_msgs/share/keyboard_msgs/hook/cmake_prefix_path.dsv'
[1.015s] INFO:colcon.colcon_core.shell:Creating environment hook '/home/leon/robotica/scorbotLabo/teleop_packages/ros_keyboard/install/keyboard_msgs/share/keyboard_msgs/hook/cmake_prefix_path.sh'
[1.015s] Level 1:colcon.colcon_core.environment:checking '/home/leon/robotica/scorbotLabo/teleop_packages/ros_keyboard/install/keyboard_msgs/lib'
[1.015s] Level 1:colcon.colcon_core.shell:create_environment_hook('keyboard_msgs', 'ld_library_path_lib')
[1.016s] INFO:colcon.colcon_core.shell:Creating environment hook '/home/leon/robotica/scorbotLabo/teleop_packages/ros_keyboard/install/keyboard_msgs/share/keyboard_msgs/hook/ld_library_path_lib.ps1'
[1.016s] INFO:colcon.colcon_core.shell:Creating environment descriptor '/home/leon/robotica/scorbotLabo/teleop_packages/ros_keyboard/install/keyboard_msgs/share/keyboard_msgs/hook/ld_library_path_lib.dsv'
[1.017s] INFO:colcon.colcon_core.shell:Creating environment hook '/home/leon/robotica/scorbotLabo/teleop_packages/ros_keyboard/install/keyboard_msgs/share/keyboard_msgs/hook/ld_library_path_lib.sh'
[1.017s] Level 1:colcon.colcon_core.environment:checking '/home/leon/robotica/scorbotLabo/teleop_packages/ros_keyboard/install/keyboard_msgs/bin'
[1.017s] Level 1:colcon.colcon_core.environment:checking '/home/leon/robotica/scorbotLabo/teleop_packages/ros_keyboard/install/keyboard_msgs/lib/pkgconfig/keyboard_msgs.pc'
[1.017s] Level 1:colcon.colcon_core.environment:checking '/home/leon/robotica/scorbotLabo/teleop_packages/ros_keyboard/install/keyboard_msgs/lib/python3.10/site-packages'
[1.018s] Level 1:colcon.colcon_core.environment:checking '/home/leon/robotica/scorbotLabo/teleop_packages/ros_keyboard/install/keyboard_msgs/bin'
[1.018s] INFO:colcon.colcon_core.shell:Creating package script '/home/leon/robotica/scorbotLabo/teleop_packages/ros_keyboard/install/keyboard_msgs/share/keyboard_msgs/package.ps1'
[1.019s] INFO:colcon.colcon_core.shell:Creating package descriptor '/home/leon/robotica/scorbotLabo/teleop_packages/ros_keyboard/install/keyboard_msgs/share/keyboard_msgs/package.dsv'
[1.019s] INFO:colcon.colcon_core.shell:Creating package script '/home/leon/robotica/scorbotLabo/teleop_packages/ros_keyboard/install/keyboard_msgs/share/keyboard_msgs/package.sh'
[1.020s] INFO:colcon.colcon_core.shell:Creating package script '/home/leon/robotica/scorbotLabo/teleop_packages/ros_keyboard/install/keyboard_msgs/share/keyboard_msgs/package.bash'
[1.021s] INFO:colcon.colcon_core.shell:Creating package script '/home/leon/robotica/scorbotLabo/teleop_packages/ros_keyboard/install/keyboard_msgs/share/keyboard_msgs/package.zsh'
[1.021s] Level 1:colcon.colcon_core.environment:create_file_with_runtime_dependencies(/home/leon/robotica/scorbotLabo/teleop_packages/ros_keyboard/install/keyboard_msgs/share/colcon-core/packages/keyboard_msgs)
[1.021s] INFO:colcon.colcon_ros.task.ament_cmake.build:Building ROS package in '/home/leon/robotica/scorbotLabo/teleop_packages/ros_keyboard/src/ros-keyboard' with build type 'ament_cmake'
[1.022s] INFO:colcon.colcon_cmake.task.cmake.build:Building CMake package in '/home/leon/robotica/scorbotLabo/teleop_packages/ros_keyboard/src/ros-keyboard'
[1.022s] INFO:colcon.colcon_core.shell:Skip shell extension 'powershell' for command environment: Not usable outside of PowerShell
[1.022s] DEBUG:colcon.colcon_core.shell:Skip shell extension 'dsv' for command environment
[1.034s] DEBUG:colcon.colcon_core.event_handler.log_command:Invoking command in '/home/leon/robotica/scorbotLabo/teleop_packages/ros_keyboard/build/keyboard': CMAKE_PREFIX_PATH=/home/leon/robotica/scorbotLabo/teleop_packages/ros_keyboard/install/keyboard_msgs:/home/leon/robotica/scorbotLabo/teleop_packages/ros_keyboard/install/keyboard:/opt/ros/humble /usr/bin/cmake --build /home/leon/robotica/scorbotLabo/teleop_packages/ros_keyboard/build/keyboard -- -j8 -l8
[5.023s] DEBUG:colcon.colcon_core.event_handler.log_command:Invoked command in '/home/leon/robotica/scorbotLabo/teleop_packages/ros_keyboard/build/keyboard' returned '2': CMAKE_PREFIX_PATH=/home/leon/robotica/scorbotLabo/teleop_packages/ros_keyboard/install/keyboard_msgs:/home/leon/robotica/scorbotLabo/teleop_packages/ros_keyboard/install/keyboard:/opt/ros/humble /usr/bin/cmake --build /home/leon/robotica/scorbotLabo/teleop_packages/ros_keyboard/build/keyboard -- -j8 -l8
[5.023s] Level 1:colcon.colcon_core.environment:create_environment_scripts_only(keyboard)
[5.023s] Level 1:colcon.colcon_core.environment:checking '/home/leon/robotica/scorbotLabo/teleop_packages/ros_keyboard/install/keyboard' for CMake module files
[5.024s] Level 1:colcon.colcon_core.environment:checking '/home/leon/robotica/scorbotLabo/teleop_packages/ros_keyboard/install/keyboard' for CMake config files
[5.024s] Level 1:colcon.colcon_core.shell:create_environment_hook('keyboard', 'cmake_prefix_path')
[5.025s] INFO:colcon.colcon_core.shell:Creating environment hook '/home/leon/robotica/scorbotLabo/teleop_packages/ros_keyboard/install/keyboard/share/keyboard/hook/cmake_prefix_path.ps1'
[5.025s] INFO:colcon.colcon_core.shell:Creating environment descriptor '/home/leon/robotica/scorbotLabo/teleop_packages/ros_keyboard/install/keyboard/share/keyboard/hook/cmake_prefix_path.dsv'
[5.025s] INFO:colcon.colcon_core.shell:Creating environment hook '/home/leon/robotica/scorbotLabo/teleop_packages/ros_keyboard/install/keyboard/share/keyboard/hook/cmake_prefix_path.sh'
[5.026s] Level 1:colcon.colcon_core.environment:checking '/home/leon/robotica/scorbotLabo/teleop_packages/ros_keyboard/install/keyboard/lib'
[5.026s] Level 1:colcon.colcon_core.environment:checking '/home/leon/robotica/scorbotLabo/teleop_packages/ros_keyboard/install/keyboard/bin'
[5.026s] Level 1:colcon.colcon_core.environment:checking '/home/leon/robotica/scorbotLabo/teleop_packages/ros_keyboard/install/keyboard/lib/pkgconfig/keyboard.pc'
[5.026s] Level 1:colcon.colcon_core.environment:checking '/home/leon/robotica/scorbotLabo/teleop_packages/ros_keyboard/install/keyboard/lib/python3.10/site-packages'
[5.027s] Level 1:colcon.colcon_core.environment:checking '/home/leon/robotica/scorbotLabo/teleop_packages/ros_keyboard/install/keyboard/bin'
[5.027s] INFO:colcon.colcon_core.shell:Creating package script '/home/leon/robotica/scorbotLabo/teleop_packages/ros_keyboard/install/keyboard/share/keyboard/package.ps1'
[5.028s] INFO:colcon.colcon_core.shell:Creating package descriptor '/home/leon/robotica/scorbotLabo/teleop_packages/ros_keyboard/install/keyboard/share/keyboard/package.dsv'
[5.028s] INFO:colcon.colcon_core.shell:Creating package script '/home/leon/robotica/scorbotLabo/teleop_packages/ros_keyboard/install/keyboard/share/keyboard/package.sh'
[5.029s] INFO:colcon.colcon_core.shell:Creating package script '/home/leon/robotica/scorbotLabo/teleop_packages/ros_keyboard/install/keyboard/share/keyboard/package.bash'
[5.029s] INFO:colcon.colcon_core.shell:Creating package script '/home/leon/robotica/scorbotLabo/teleop_packages/ros_keyboard/install/keyboard/share/keyboard/package.zsh'
[5.030s] Level 1:colcon.colcon_core.environment:create_file_with_runtime_dependencies(/home/leon/robotica/scorbotLabo/teleop_packages/ros_keyboard/install/keyboard/share/colcon-core/packages/keyboard)
[5.040s] DEBUG:colcon.colcon_parallel_executor.executor.parallel:closing loop
[5.041s] DEBUG:colcon.colcon_parallel_executor.executor.parallel:loop closed
[5.041s] DEBUG:colcon.colcon_parallel_executor.executor.parallel:run_until_complete finished with '2'
[5.041s] DEBUG:colcon.colcon_core.event_reactor:joining thread
[5.046s] INFO:colcon.colcon_core.plugin_system:Skipping extension 'colcon_notification.desktop_notification.terminal_notifier': Not used on non-Darwin systems
[5.047s] INFO:colcon.colcon_core.plugin_system:Skipping extension 'colcon_notification.desktop_notification.win32': Not used on non-Windows systems
[5.047s] INFO:colcon.colcon_notification.desktop_notification:Sending desktop notification using 'notify2'
[5.058s] DEBUG:colcon.colcon_core.event_reactor:joined thread
[5.059s] INFO:colcon.colcon_core.shell:Creating prefix script '/home/leon/robotica/scorbotLabo/teleop_packages/ros_keyboard/install/local_setup.ps1'
[5.060s] INFO:colcon.colcon_core.shell:Creating prefix util module '/home/leon/robotica/scorbotLabo/teleop_packages/ros_keyboard/install/_local_setup_util_ps1.py'
[5.062s] INFO:colcon.colcon_core.shell:Creating prefix chain script '/home/leon/robotica/scorbotLabo/teleop_packages/ros_keyboard/install/setup.ps1'
[5.063s] INFO:colcon.colcon_core.shell:Creating prefix script '/home/leon/robotica/scorbotLabo/teleop_packages/ros_keyboard/install/local_setup.sh'
[5.064s] INFO:colcon.colcon_core.shell:Creating prefix util module '/home/leon/robotica/scorbotLabo/teleop_packages/ros_keyboard/install/_local_setup_util_sh.py'
[5.064s] INFO:colcon.colcon_core.shell:Creating prefix chain script '/home/leon/robotica/scorbotLabo/teleop_packages/ros_keyboard/install/setup.sh'
[5.066s] INFO:colcon.colcon_core.shell:Creating prefix script '/home/leon/robotica/scorbotLabo/teleop_packages/ros_keyboard/install/local_setup.bash'
[5.066s] INFO:colcon.colcon_core.shell:Creating prefix chain script '/home/leon/robotica/scorbotLabo/teleop_packages/ros_keyboard/install/setup.bash'
[5.068s] INFO:colcon.colcon_core.shell:Creating prefix script '/home/leon/robotica/scorbotLabo/teleop_packages/ros_keyboard/install/local_setup.zsh'
[5.069s] INFO:colcon.colcon_core.shell:Creating prefix chain script '/home/leon/robotica/scorbotLabo/teleop_packages/ros_keyboard/install/setup.zsh'
