-- The C compiler identification is GNU 11.4.0
-- The CXX compiler identification is GNU 11.4.0
-- Detecting C compiler ABI info
-- Detecting C compiler ABI info - done
-- Check for working C compiler: /usr/bin/cc - skipped
-- Detecting C compile features
-- Detecting C compile features - done
-- Detecting CXX compiler ABI info
-- Detecting CXX compiler ABI info - done
-- Check for working CXX compiler: /usr/bin/c++ - skipped
-- Detecting CXX compile features
-- Detecting CXX compile features - done
-- Found ament_cmake: 1.3.14 (/opt/ros/humble/share/ament_cmake/cmake)
-- Found Python3: /usr/bin/python3 (found version "3.10.12") found components: Interpreter 
-- Found std_msgs: 4.9.1 (/opt/ros/humble/share/std_msgs/cmake)
-- Found rosidl_generator_c: 3.1.8 (/opt/ros/humble/share/rosidl_generator_c/cmake)
-- Found rosidl_adapter: 3.1.8 (/opt/ros/humble/share/rosidl_adapter/cmake)
-- Found rosidl_generator_cpp: 3.1.8 (/opt/ros/humble/share/rosidl_generator_cpp/cmake)
-- Using all available rosidl_typesupport_c: rosidl_typesupport_fastrtps_c;rosidl_typesupport_introspection_c
-- Using all available rosidl_typesupport_cpp: rosidl_typesupport_fastrtps_cpp;rosidl_typesupport_introspection_cpp
-- Found rosidl_default_generators: 1.2.1 (/opt/ros/humble/share/rosidl_default_generators/cmake)
-- Found ament_cmake_ros: 0.10.0 (/opt/ros/humble/share/ament_cmake_ros/cmake)
-- Using all available rosidl_typesupport_c: rosidl_typesupport_fastrtps_c;rosidl_typesupport_introspection_c
-- Using all available rosidl_typesupport_cpp: rosidl_typesupport_fastrtps_cpp;rosidl_typesupport_introspection_cpp
-- Found PythonInterp: /usr/bin/python3 (found suitable version "3.10.12", minimum required is "3.6") 
-- Found python_cmake_module: 0.10.0 (/opt/ros/humble/share/python_cmake_module/cmake)
-- Found PythonLibs: /usr/lib/x86_64-linux-gnu/libpython3.10.so (found suitable version "3.10.12", minimum required is "3.5") 
-- Using PYTHON_EXECUTABLE: /usr/bin/python3
-- Using PYTHON_INCLUDE_DIRS: /usr/include/python3.10
-- Using PYTHON_LIBRARIES: /usr/lib/x86_64-linux-gnu/libpython3.10.so
-- Found PythonExtra: .so  
-- Found ament_lint_auto: 0.12.15 (/opt/ros/humble/share/ament_lint_auto/cmake)
-- Added test 'lint_cmake' to check CMake code style
-- Added test 'xmllint' to check XML markup files
-- Configuring done
-- Generating done
-- Build files have been written to: /home/leon/robotica/scorbotLabo/universal_teleop/build/keyboard_msgs
[  3%] [34m[1mGenerating C code for ROS interfaces[0m
[  6%] [34m[1mGenerating Rust code for ROS interfaces[0m
[  9%] [34m[1mGenerating C++ code for ROS interfaces[0m
[  9%] Built target ament_cmake_python_copy_keyboard_msgs
running egg_info
creating keyboard_msgs.egg-info
writing keyboard_msgs.egg-info/PKG-INFO
writing dependency_links to keyboard_msgs.egg-info/dependency_links.txt
writing top-level names to keyboard_msgs.egg-info/top_level.txt
writing manifest file 'keyboard_msgs.egg-info/SOURCES.txt'
reading manifest file 'keyboard_msgs.egg-info/SOURCES.txt'
writing manifest file 'keyboard_msgs.egg-info/SOURCES.txt'
[  9%] Built target ament_cmake_python_build_keyboard_msgs_egg
[ 12%] [32mBuilding C object CMakeFiles/keyboard_msgs__rosidl_generator_c.dir/rosidl_generator_c/keyboard_msgs/msg/detail/key__functions.c.o[0m
[ 15%] [32m[1mLinking C shared library libkeyboard_msgs__rosidl_generator_c.so[0m
[ 15%] Built target keyboard_msgs__rosidl_generator_c
[ 18%] [34m[1mGenerating C introspection for ROS interfaces[0m
[ 21%] [34m[1mGenerating C type support for eProsima Fast-RTPS[0m
[ 21%] Built target keyboard_msgs__rs
[ 25%] [34m[1mGenerating C type support dispatch for ROS interfaces[0m
[ 25%] Built target keyboard_msgs__cpp
[ 28%] [34m[1mGenerating C++ type support for eProsima Fast-RTPS[0m
[ 31%] [32mBuilding C object CMakeFiles/keyboard_msgs__rosidl_typesupport_introspection_c.dir/rosidl_typesupport_introspection_c/keyboard_msgs/msg/detail/key__type_support.c.o[0m
[ 34%] [32m[1mLinking C shared library libkeyboard_msgs__rosidl_typesupport_introspection_c.so[0m
[ 34%] Built target keyboard_msgs__rosidl_typesupport_introspection_c
[ 37%] [34m[1mGenerating C++ introspection for ROS interfaces[0m
[ 40%] [32mBuilding CXX object CMakeFiles/keyboard_msgs__rosidl_typesupport_fastrtps_c.dir/rosidl_typesupport_fastrtps_c/keyboard_msgs/msg/detail/key__type_support_c.cpp.o[0m
[ 43%] [32mBuilding CXX object CMakeFiles/keyboard_msgs__rosidl_typesupport_c.dir/rosidl_typesupport_c/keyboard_msgs/msg/key__type_support.cpp.o[0m
[ 46%] [32m[1mLinking CXX shared library libkeyboard_msgs__rosidl_typesupport_c.so[0m
[ 46%] Built target keyboard_msgs__rosidl_typesupport_c
[ 50%] [34m[1mGenerating C++ type support dispatch for ROS interfaces[0m
[ 53%] [32m[1mLinking CXX shared library libkeyboard_msgs__rosidl_typesupport_fastrtps_c.so[0m
[ 56%] [32mBuilding CXX object CMakeFiles/keyboard_msgs__rosidl_typesupport_fastrtps_cpp.dir/rosidl_typesupport_fastrtps_cpp/keyboard_msgs/msg/detail/dds_fastrtps/key__type_support.cpp.o[0m
[ 56%] Built target keyboard_msgs__rosidl_typesupport_fastrtps_c
[ 59%] [32m[1mLinking CXX shared library libkeyboard_msgs__rosidl_typesupport_fastrtps_cpp.so[0m
[ 59%] Built target keyboard_msgs__rosidl_typesupport_fastrtps_cpp
[ 62%] [32mBuilding CXX object CMakeFiles/keyboard_msgs__rosidl_typesupport_introspection_cpp.dir/rosidl_typesupport_introspection_cpp/keyboard_msgs/msg/detail/key__type_support.cpp.o[0m
[ 65%] [32mBuilding CXX object CMakeFiles/keyboard_msgs__rosidl_typesupport_cpp.dir/rosidl_typesupport_cpp/keyboard_msgs/msg/key__type_support.cpp.o[0m
[ 68%] [32m[1mLinking CXX shared library libkeyboard_msgs__rosidl_typesupport_introspection_cpp.so[0m
[ 68%] Built target keyboard_msgs__rosidl_typesupport_introspection_cpp
[ 71%] [32m[1mLinking CXX shared library libkeyboard_msgs__rosidl_typesupport_cpp.so[0m
[ 71%] Built target keyboard_msgs__rosidl_typesupport_cpp
[ 71%] Built target keyboard_msgs
[ 75%] [34m[1mGenerating Python code for ROS interfaces[0m
[ 75%] Built target keyboard_msgs__py
[ 78%] [32mBuilding C object CMakeFiles/keyboard_msgs__rosidl_generator_py.dir/rosidl_generator_py/keyboard_msgs/msg/_key_s.c.o[0m
[ 81%] [32m[1mLinking C shared library rosidl_generator_py/keyboard_msgs/libkeyboard_msgs__rosidl_generator_py.so[0m
[ 81%] Built target keyboard_msgs__rosidl_generator_py
[ 84%] [32mBuilding C object CMakeFiles/keyboard_msgs__rosidl_typesupport_introspection_c__pyext.dir/rosidl_generator_py/keyboard_msgs/_keyboard_msgs_s.ep.rosidl_typesupport_introspection_c.c.o[0m
[ 87%] [32mBuilding C object CMakeFiles/keyboard_msgs__rosidl_typesupport_fastrtps_c__pyext.dir/rosidl_generator_py/keyboard_msgs/_keyboard_msgs_s.ep.rosidl_typesupport_fastrtps_c.c.o[0m
[ 90%] [32mBuilding C object CMakeFiles/keyboard_msgs__rosidl_typesupport_c__pyext.dir/rosidl_generator_py/keyboard_msgs/_keyboard_msgs_s.ep.rosidl_typesupport_c.c.o[0m
[ 93%] [32m[1mLinking C shared library rosidl_generator_py/keyboard_msgs/keyboard_msgs_s__rosidl_typesupport_c.cpython-310-x86_64-linux-gnu.so[0m
[100%] [32m[1mLinking C shared library rosidl_generator_py/keyboard_msgs/keyboard_msgs_s__rosidl_typesupport_introspection_c.cpython-310-x86_64-linux-gnu.so[0m
[100%] [32m[1mLinking C shared library rosidl_generator_py/keyboard_msgs/keyboard_msgs_s__rosidl_typesupport_fastrtps_c.cpython-310-x86_64-linux-gnu.so[0m
[100%] Built target keyboard_msgs__rosidl_typesupport_c__pyext
[100%] Built target keyboard_msgs__rosidl_typesupport_introspection_c__pyext
[100%] Built target keyboard_msgs__rosidl_typesupport_fastrtps_c__pyext
-- Install configuration: ""
-- Installing: /home/leon/robotica/scorbotLabo/universal_teleop/install/keyboard_msgs/share/ament_index/resource_index/rosidl_interfaces/keyboard_msgs
-- Installing: /home/leon/robotica/scorbotLabo/universal_teleop/install/keyboard_msgs/include/keyboard_msgs/keyboard_msgs
-- Installing: /home/leon/robotica/scorbotLabo/universal_teleop/install/keyboard_msgs/include/keyboard_msgs/keyboard_msgs/msg
-- Installing: /home/leon/robotica/scorbotLabo/universal_teleop/install/keyboard_msgs/include/keyboard_msgs/keyboard_msgs/msg/detail
-- Installing: /home/leon/robotica/scorbotLabo/universal_teleop/install/keyboard_msgs/include/keyboard_msgs/keyboard_msgs/msg/detail/key__functions.c
-- Installing: /home/leon/robotica/scorbotLabo/universal_teleop/install/keyboard_msgs/include/keyboard_msgs/keyboard_msgs/msg/detail/key__struct.h
-- Installing: /home/leon/robotica/scorbotLabo/universal_teleop/install/keyboard_msgs/include/keyboard_msgs/keyboard_msgs/msg/detail/key__functions.h
-- Installing: /home/leon/robotica/scorbotLabo/universal_teleop/install/keyboard_msgs/include/keyboard_msgs/keyboard_msgs/msg/detail/key__type_support.h
-- Installing: /home/leon/robotica/scorbotLabo/universal_teleop/install/keyboard_msgs/include/keyboard_msgs/keyboard_msgs/msg/key.h
-- Installing: /home/leon/robotica/scorbotLabo/universal_teleop/install/keyboard_msgs/include/keyboard_msgs/keyboard_msgs/msg/rosidl_generator_c__visibility_control.h
-- Installing: /home/leon/robotica/scorbotLabo/universal_teleop/install/keyboard_msgs/share/keyboard_msgs/environment/library_path.sh
-- Installing: /home/leon/robotica/scorbotLabo/universal_teleop/install/keyboard_msgs/share/keyboard_msgs/environment/library_path.dsv
-- Installing: /home/leon/robotica/scorbotLabo/universal_teleop/install/keyboard_msgs/lib/libkeyboard_msgs__rosidl_generator_c.so
-- Set runtime path of "/home/leon/robotica/scorbotLabo/universal_teleop/install/keyboard_msgs/lib/libkeyboard_msgs__rosidl_generator_c.so" to ""
-- Up-to-date: /home/leon/robotica/scorbotLabo/universal_teleop/install/keyboard_msgs/include/keyboard_msgs/keyboard_msgs
-- Up-to-date: /home/leon/robotica/scorbotLabo/universal_teleop/install/keyboard_msgs/include/keyboard_msgs/keyboard_msgs/msg
-- Installing: /home/leon/robotica/scorbotLabo/universal_teleop/install/keyboard_msgs/include/keyboard_msgs/keyboard_msgs/msg/rosidl_typesupport_fastrtps_c__visibility_control.h
-- Up-to-date: /home/leon/robotica/scorbotLabo/universal_teleop/install/keyboard_msgs/include/keyboard_msgs/keyboard_msgs/msg/detail
-- Installing: /home/leon/robotica/scorbotLabo/universal_teleop/install/keyboard_msgs/include/keyboard_msgs/keyboard_msgs/msg/detail/key__rosidl_typesupport_fastrtps_c.h
-- Installing: /home/leon/robotica/scorbotLabo/universal_teleop/install/keyboard_msgs/lib/libkeyboard_msgs__rosidl_typesupport_fastrtps_c.so
-- Set runtime path of "/home/leon/robotica/scorbotLabo/universal_teleop/install/keyboard_msgs/lib/libkeyboard_msgs__rosidl_typesupport_fastrtps_c.so" to ""
-- Up-to-date: /home/leon/robotica/scorbotLabo/universal_teleop/install/keyboard_msgs/include/keyboard_msgs/keyboard_msgs
-- Up-to-date: /home/leon/robotica/scorbotLabo/universal_teleop/install/keyboard_msgs/include/keyboard_msgs/keyboard_msgs/msg
-- Installing: /home/leon/robotica/scorbotLabo/universal_teleop/install/keyboard_msgs/include/keyboard_msgs/keyboard_msgs/msg/rosidl_generator_cpp__visibility_control.hpp
-- Up-to-date: /home/leon/robotica/scorbotLabo/universal_teleop/install/keyboard_msgs/include/keyboard_msgs/keyboard_msgs/msg/detail
-- Installing: /home/leon/robotica/scorbotLabo/universal_teleop/install/keyboard_msgs/include/keyboard_msgs/keyboard_msgs/msg/detail/key__builder.hpp
-- Installing: /home/leon/robotica/scorbotLabo/universal_teleop/install/keyboard_msgs/include/keyboard_msgs/keyboard_msgs/msg/detail/key__type_support.hpp
-- Installing: /home/leon/robotica/scorbotLabo/universal_teleop/install/keyboard_msgs/include/keyboard_msgs/keyboard_msgs/msg/detail/key__struct.hpp
-- Installing: /home/leon/robotica/scorbotLabo/universal_teleop/install/keyboard_msgs/include/keyboard_msgs/keyboard_msgs/msg/detail/key__traits.hpp
-- Installing: /home/leon/robotica/scorbotLabo/universal_teleop/install/keyboard_msgs/include/keyboard_msgs/keyboard_msgs/msg/key.hpp
-- Up-to-date: /home/leon/robotica/scorbotLabo/universal_teleop/install/keyboard_msgs/include/keyboard_msgs/keyboard_msgs
-- Up-to-date: /home/leon/robotica/scorbotLabo/universal_teleop/install/keyboard_msgs/include/keyboard_msgs/keyboard_msgs/msg
-- Installing: /home/leon/robotica/scorbotLabo/universal_teleop/install/keyboard_msgs/include/keyboard_msgs/keyboard_msgs/msg/rosidl_typesupport_fastrtps_cpp__visibility_control.h
-- Up-to-date: /home/leon/robotica/scorbotLabo/universal_teleop/install/keyboard_msgs/include/keyboard_msgs/keyboard_msgs/msg/detail
-- Installing: /home/leon/robotica/scorbotLabo/universal_teleop/install/keyboard_msgs/include/keyboard_msgs/keyboard_msgs/msg/detail/key__rosidl_typesupport_fastrtps_cpp.hpp
-- Installing: /home/leon/robotica/scorbotLabo/universal_teleop/install/keyboard_msgs/include/keyboard_msgs/keyboard_msgs/msg/detail/dds_fastrtps
-- Installing: /home/leon/robotica/scorbotLabo/universal_teleop/install/keyboard_msgs/lib/libkeyboard_msgs__rosidl_typesupport_fastrtps_cpp.so
-- Set runtime path of "/home/leon/robotica/scorbotLabo/universal_teleop/install/keyboard_msgs/lib/libkeyboard_msgs__rosidl_typesupport_fastrtps_cpp.so" to ""
-- Up-to-date: /home/leon/robotica/scorbotLabo/universal_teleop/install/keyboard_msgs/include/keyboard_msgs/keyboard_msgs
-- Up-to-date: /home/leon/robotica/scorbotLabo/universal_teleop/install/keyboard_msgs/include/keyboard_msgs/keyboard_msgs/msg
-- Installing: /home/leon/robotica/scorbotLabo/universal_teleop/install/keyboard_msgs/include/keyboard_msgs/keyboard_msgs/msg/rosidl_typesupport_introspection_c__visibility_control.h
-- Up-to-date: /home/leon/robotica/scorbotLabo/universal_teleop/install/keyboard_msgs/include/keyboard_msgs/keyboard_msgs/msg/detail
-- Installing: /home/leon/robotica/scorbotLabo/universal_teleop/install/keyboard_msgs/include/keyboard_msgs/keyboard_msgs/msg/detail/key__type_support.c
-- Installing: /home/leon/robotica/scorbotLabo/universal_teleop/install/keyboard_msgs/include/keyboard_msgs/keyboard_msgs/msg/detail/key__rosidl_typesupport_introspection_c.h
-- Installing: /home/leon/robotica/scorbotLabo/universal_teleop/install/keyboard_msgs/lib/libkeyboard_msgs__rosidl_typesupport_introspection_c.so
-- Set runtime path of "/home/leon/robotica/scorbotLabo/universal_teleop/install/keyboard_msgs/lib/libkeyboard_msgs__rosidl_typesupport_introspection_c.so" to ""
-- Installing: /home/leon/robotica/scorbotLabo/universal_teleop/install/keyboard_msgs/lib/libkeyboard_msgs__rosidl_typesupport_c.so
-- Set runtime path of "/home/leon/robotica/scorbotLabo/universal_teleop/install/keyboard_msgs/lib/libkeyboard_msgs__rosidl_typesupport_c.so" to ""
-- Up-to-date: /home/leon/robotica/scorbotLabo/universal_teleop/install/keyboard_msgs/include/keyboard_msgs/keyboard_msgs
-- Up-to-date: /home/leon/robotica/scorbotLabo/universal_teleop/install/keyboard_msgs/include/keyboard_msgs/keyboard_msgs/msg
-- Up-to-date: /home/leon/robotica/scorbotLabo/universal_teleop/install/keyboard_msgs/include/keyboard_msgs/keyboard_msgs/msg/detail
-- Installing: /home/leon/robotica/scorbotLabo/universal_teleop/install/keyboard_msgs/include/keyboard_msgs/keyboard_msgs/msg/detail/key__rosidl_typesupport_introspection_cpp.hpp
-- Installing: /home/leon/robotica/scorbotLabo/universal_teleop/install/keyboard_msgs/include/keyboard_msgs/keyboard_msgs/msg/detail/key__type_support.cpp
-- Installing: /home/leon/robotica/scorbotLabo/universal_teleop/install/keyboard_msgs/lib/libkeyboard_msgs__rosidl_typesupport_introspection_cpp.so
-- Set runtime path of "/home/leon/robotica/scorbotLabo/universal_teleop/install/keyboard_msgs/lib/libkeyboard_msgs__rosidl_typesupport_introspection_cpp.so" to ""
-- Installing: /home/leon/robotica/scorbotLabo/universal_teleop/install/keyboard_msgs/lib/libkeyboard_msgs__rosidl_typesupport_cpp.so
-- Set runtime path of "/home/leon/robotica/scorbotLabo/universal_teleop/install/keyboard_msgs/lib/libkeyboard_msgs__rosidl_typesupport_cpp.so" to ""
-- Installing: /home/leon/robotica/scorbotLabo/universal_teleop/install/keyboard_msgs/share/keyboard_msgs/environment/pythonpath.sh
-- Installing: /home/leon/robotica/scorbotLabo/universal_teleop/install/keyboard_msgs/share/keyboard_msgs/environment/pythonpath.dsv
-- Installing: /home/leon/robotica/scorbotLabo/universal_teleop/install/keyboard_msgs/local/lib/python3.10/dist-packages/keyboard_msgs-2.0.0-py3.10.egg-info
-- Installing: /home/leon/robotica/scorbotLabo/universal_teleop/install/keyboard_msgs/local/lib/python3.10/dist-packages/keyboard_msgs-2.0.0-py3.10.egg-info/dependency_links.txt
-- Installing: /home/leon/robotica/scorbotLabo/universal_teleop/install/keyboard_msgs/local/lib/python3.10/dist-packages/keyboard_msgs-2.0.0-py3.10.egg-info/top_level.txt
-- Installing: /home/leon/robotica/scorbotLabo/universal_teleop/install/keyboard_msgs/local/lib/python3.10/dist-packages/keyboard_msgs-2.0.0-py3.10.egg-info/PKG-INFO
-- Installing: /home/leon/robotica/scorbotLabo/universal_teleop/install/keyboard_msgs/local/lib/python3.10/dist-packages/keyboard_msgs-2.0.0-py3.10.egg-info/SOURCES.txt
-- Installing: /home/leon/robotica/scorbotLabo/universal_teleop/install/keyboard_msgs/local/lib/python3.10/dist-packages/keyboard_msgs
-- Installing: /home/leon/robotica/scorbotLabo/universal_teleop/install/keyboard_msgs/local/lib/python3.10/dist-packages/keyboard_msgs/_keyboard_msgs_s.ep.rosidl_typesupport_introspection_c.c
-- Installing: /home/leon/robotica/scorbotLabo/universal_teleop/install/keyboard_msgs/local/lib/python3.10/dist-packages/keyboard_msgs/_keyboard_msgs_s.ep.rosidl_typesupport_fastrtps_c.c
-- Installing: /home/leon/robotica/scorbotLabo/universal_teleop/install/keyboard_msgs/local/lib/python3.10/dist-packages/keyboard_msgs/keyboard_msgs_s__rosidl_typesupport_fastrtps_c.cpython-310-x86_64-linux-gnu.so
-- Installing: /home/leon/robotica/scorbotLabo/universal_teleop/install/keyboard_msgs/local/lib/python3.10/dist-packages/keyboard_msgs/_keyboard_msgs_s.ep.rosidl_typesupport_c.c
-- Installing: /home/leon/robotica/scorbotLabo/universal_teleop/install/keyboard_msgs/local/lib/python3.10/dist-packages/keyboard_msgs/__init__.py
-- Installing: /home/leon/robotica/scorbotLabo/universal_teleop/install/keyboard_msgs/local/lib/python3.10/dist-packages/keyboard_msgs/libkeyboard_msgs__rosidl_generator_py.so
-- Installing: /home/leon/robotica/scorbotLabo/universal_teleop/install/keyboard_msgs/local/lib/python3.10/dist-packages/keyboard_msgs/keyboard_msgs_s__rosidl_typesupport_introspection_c.cpython-310-x86_64-linux-gnu.so
-- Installing: /home/leon/robotica/scorbotLabo/universal_teleop/install/keyboard_msgs/local/lib/python3.10/dist-packages/keyboard_msgs/keyboard_msgs_s__rosidl_typesupport_c.cpython-310-x86_64-linux-gnu.so
-- Installing: /home/leon/robotica/scorbotLabo/universal_teleop/install/keyboard_msgs/local/lib/python3.10/dist-packages/keyboard_msgs/msg
-- Installing: /home/leon/robotica/scorbotLabo/universal_teleop/install/keyboard_msgs/local/lib/python3.10/dist-packages/keyboard_msgs/msg/_key.py
-- Installing: /home/leon/robotica/scorbotLabo/universal_teleop/install/keyboard_msgs/local/lib/python3.10/dist-packages/keyboard_msgs/msg/__init__.py
-- Installing: /home/leon/robotica/scorbotLabo/universal_teleop/install/keyboard_msgs/local/lib/python3.10/dist-packages/keyboard_msgs/msg/_key_s.c
Listing '/home/leon/robotica/scorbotLabo/universal_teleop/install/keyboard_msgs/local/lib/python3.10/dist-packages/keyboard_msgs'...
Compiling '/home/leon/robotica/scorbotLabo/universal_teleop/install/keyboard_msgs/local/lib/python3.10/dist-packages/keyboard_msgs/__init__.py'...
Listing '/home/leon/robotica/scorbotLabo/universal_teleop/install/keyboard_msgs/local/lib/python3.10/dist-packages/keyboard_msgs/msg'...
Compiling '/home/leon/robotica/scorbotLabo/universal_teleop/install/keyboard_msgs/local/lib/python3.10/dist-packages/keyboard_msgs/msg/__init__.py'...
Compiling '/home/leon/robotica/scorbotLabo/universal_teleop/install/keyboard_msgs/local/lib/python3.10/dist-packages/keyboard_msgs/msg/_key.py'...
-- Installing: /home/leon/robotica/scorbotLabo/universal_teleop/install/keyboard_msgs/local/lib/python3.10/dist-packages/keyboard_msgs/keyboard_msgs_s__rosidl_typesupport_fastrtps_c.cpython-310-x86_64-linux-gnu.so
-- Set runtime path of "/home/leon/robotica/scorbotLabo/universal_teleop/install/keyboard_msgs/local/lib/python3.10/dist-packages/keyboard_msgs/keyboard_msgs_s__rosidl_typesupport_fastrtps_c.cpython-310-x86_64-linux-gnu.so" to ""
-- Installing: /home/leon/robotica/scorbotLabo/universal_teleop/install/keyboard_msgs/local/lib/python3.10/dist-packages/keyboard_msgs/keyboard_msgs_s__rosidl_typesupport_introspection_c.cpython-310-x86_64-linux-gnu.so
-- Set runtime path of "/home/leon/robotica/scorbotLabo/universal_teleop/install/keyboard_msgs/local/lib/python3.10/dist-packages/keyboard_msgs/keyboard_msgs_s__rosidl_typesupport_introspection_c.cpython-310-x86_64-linux-gnu.so" to ""
-- Installing: /home/leon/robotica/scorbotLabo/universal_teleop/install/keyboard_msgs/local/lib/python3.10/dist-packages/keyboard_msgs/keyboard_msgs_s__rosidl_typesupport_c.cpython-310-x86_64-linux-gnu.so
-- Set runtime path of "/home/leon/robotica/scorbotLabo/universal_teleop/install/keyboard_msgs/local/lib/python3.10/dist-packages/keyboard_msgs/keyboard_msgs_s__rosidl_typesupport_c.cpython-310-x86_64-linux-gnu.so" to ""
-- Installing: /home/leon/robotica/scorbotLabo/universal_teleop/install/keyboard_msgs/lib/libkeyboard_msgs__rosidl_generator_py.so
-- Set runtime path of "/home/leon/robotica/scorbotLabo/universal_teleop/install/keyboard_msgs/lib/libkeyboard_msgs__rosidl_generator_py.so" to ""
-- Installing: /home/leon/robotica/scorbotLabo/universal_teleop/install/keyboard_msgs/share/ament_index/resource_index/rust_packages/keyboard_msgs
-- Installing: /home/leon/robotica/scorbotLabo/universal_teleop/install/keyboard_msgs/share/keyboard_msgs/rust
-- Installing: /home/leon/robotica/scorbotLabo/universal_teleop/install/keyboard_msgs/share/keyboard_msgs/rust/Cargo.toml
-- Installing: /home/leon/robotica/scorbotLabo/universal_teleop/install/keyboard_msgs/share/keyboard_msgs/rust/src
-- Installing: /home/leon/robotica/scorbotLabo/universal_teleop/install/keyboard_msgs/share/keyboard_msgs/rust/src/lib.rs
-- Installing: /home/leon/robotica/scorbotLabo/universal_teleop/install/keyboard_msgs/share/keyboard_msgs/rust/src/msg
-- Installing: /home/leon/robotica/scorbotLabo/universal_teleop/install/keyboard_msgs/share/keyboard_msgs/rust/src/msg/rmw.rs
-- Installing: /home/leon/robotica/scorbotLabo/universal_teleop/install/keyboard_msgs/share/keyboard_msgs/rust/src/msg.rs
-- Installing: /home/leon/robotica/scorbotLabo/universal_teleop/install/keyboard_msgs/share/keyboard_msgs/rust/build.rs
-- Installing: /home/leon/robotica/scorbotLabo/universal_teleop/install/keyboard_msgs/share/keyboard_msgs/msg/Key.idl
-- Installing: /home/leon/robotica/scorbotLabo/universal_teleop/install/keyboard_msgs/share/keyboard_msgs/msg/Key.msg
-- Installing: /home/leon/robotica/scorbotLabo/universal_teleop/install/keyboard_msgs/share/ament_index/resource_index/package_run_dependencies/keyboard_msgs
-- Installing: /home/leon/robotica/scorbotLabo/universal_teleop/install/keyboard_msgs/share/ament_index/resource_index/parent_prefix_path/keyboard_msgs
-- Installing: /home/leon/robotica/scorbotLabo/universal_teleop/install/keyboard_msgs/share/keyboard_msgs/environment/ament_prefix_path.sh
-- Installing: /home/leon/robotica/scorbotLabo/universal_teleop/install/keyboard_msgs/share/keyboard_msgs/environment/ament_prefix_path.dsv
-- Installing: /home/leon/robotica/scorbotLabo/universal_teleop/install/keyboard_msgs/share/keyboard_msgs/environment/path.sh
-- Installing: /home/leon/robotica/scorbotLabo/universal_teleop/install/keyboard_msgs/share/keyboard_msgs/environment/path.dsv
-- Installing: /home/leon/robotica/scorbotLabo/universal_teleop/install/keyboard_msgs/share/keyboard_msgs/local_setup.bash
-- Installing: /home/leon/robotica/scorbotLabo/universal_teleop/install/keyboard_msgs/share/keyboard_msgs/local_setup.sh
-- Installing: /home/leon/robotica/scorbotLabo/universal_teleop/install/keyboard_msgs/share/keyboard_msgs/local_setup.zsh
-- Installing: /home/leon/robotica/scorbotLabo/universal_teleop/install/keyboard_msgs/share/keyboard_msgs/local_setup.dsv
-- Installing: /home/leon/robotica/scorbotLabo/universal_teleop/install/keyboard_msgs/share/keyboard_msgs/package.dsv
-- Installing: /home/leon/robotica/scorbotLabo/universal_teleop/install/keyboard_msgs/share/ament_index/resource_index/packages/keyboard_msgs
-- Installing: /home/leon/robotica/scorbotLabo/universal_teleop/install/keyboard_msgs/share/keyboard_msgs/cmake/export_keyboard_msgs__rosidl_generator_cExport.cmake
-- Installing: /home/leon/robotica/scorbotLabo/universal_teleop/install/keyboard_msgs/share/keyboard_msgs/cmake/export_keyboard_msgs__rosidl_generator_cExport-noconfig.cmake
-- Installing: /home/leon/robotica/scorbotLabo/universal_teleop/install/keyboard_msgs/share/keyboard_msgs/cmake/export_keyboard_msgs__rosidl_typesupport_fastrtps_cExport.cmake
-- Installing: /home/leon/robotica/scorbotLabo/universal_teleop/install/keyboard_msgs/share/keyboard_msgs/cmake/export_keyboard_msgs__rosidl_typesupport_fastrtps_cExport-noconfig.cmake
-- Installing: /home/leon/robotica/scorbotLabo/universal_teleop/install/keyboard_msgs/share/keyboard_msgs/cmake/export_keyboard_msgs__rosidl_generator_cppExport.cmake
-- Installing: /home/leon/robotica/scorbotLabo/universal_teleop/install/keyboard_msgs/share/keyboard_msgs/cmake/export_keyboard_msgs__rosidl_typesupport_fastrtps_cppExport.cmake
-- Installing: /home/leon/robotica/scorbotLabo/universal_teleop/install/keyboard_msgs/share/keyboard_msgs/cmake/export_keyboard_msgs__rosidl_typesupport_fastrtps_cppExport-noconfig.cmake
-- Installing: /home/leon/robotica/scorbotLabo/universal_teleop/install/keyboard_msgs/share/keyboard_msgs/cmake/keyboard_msgs__rosidl_typesupport_introspection_cExport.cmake
-- Installing: /home/leon/robotica/scorbotLabo/universal_teleop/install/keyboard_msgs/share/keyboard_msgs/cmake/keyboard_msgs__rosidl_typesupport_introspection_cExport-noconfig.cmake
-- Installing: /home/leon/robotica/scorbotLabo/universal_teleop/install/keyboard_msgs/share/keyboard_msgs/cmake/keyboard_msgs__rosidl_typesupport_cExport.cmake
-- Installing: /home/leon/robotica/scorbotLabo/universal_teleop/install/keyboard_msgs/share/keyboard_msgs/cmake/keyboard_msgs__rosidl_typesupport_cExport-noconfig.cmake
-- Installing: /home/leon/robotica/scorbotLabo/universal_teleop/install/keyboard_msgs/share/keyboard_msgs/cmake/keyboard_msgs__rosidl_typesupport_introspection_cppExport.cmake
-- Installing: /home/leon/robotica/scorbotLabo/universal_teleop/install/keyboard_msgs/share/keyboard_msgs/cmake/keyboard_msgs__rosidl_typesupport_introspection_cppExport-noconfig.cmake
-- Installing: /home/leon/robotica/scorbotLabo/universal_teleop/install/keyboard_msgs/share/keyboard_msgs/cmake/keyboard_msgs__rosidl_typesupport_cppExport.cmake
-- Installing: /home/leon/robotica/scorbotLabo/universal_teleop/install/keyboard_msgs/share/keyboard_msgs/cmake/keyboard_msgs__rosidl_typesupport_cppExport-noconfig.cmake
-- Installing: /home/leon/robotica/scorbotLabo/universal_teleop/install/keyboard_msgs/share/keyboard_msgs/cmake/export_keyboard_msgs__rosidl_generator_pyExport.cmake
-- Installing: /home/leon/robotica/scorbotLabo/universal_teleop/install/keyboard_msgs/share/keyboard_msgs/cmake/export_keyboard_msgs__rosidl_generator_pyExport-noconfig.cmake
-- Installing: /home/leon/robotica/scorbotLabo/universal_teleop/install/keyboard_msgs/share/keyboard_msgs/cmake/rosidl_cmake-extras.cmake
-- Installing: /home/leon/robotica/scorbotLabo/universal_teleop/install/keyboard_msgs/share/keyboard_msgs/cmake/ament_cmake_export_dependencies-extras.cmake
-- Installing: /home/leon/robotica/scorbotLabo/universal_teleop/install/keyboard_msgs/share/keyboard_msgs/cmake/ament_cmake_export_include_directories-extras.cmake
-- Installing: /home/leon/robotica/scorbotLabo/universal_teleop/install/keyboard_msgs/share/keyboard_msgs/cmake/ament_cmake_export_libraries-extras.cmake
-- Installing: /home/leon/robotica/scorbotLabo/universal_teleop/install/keyboard_msgs/share/keyboard_msgs/cmake/ament_cmake_export_targets-extras.cmake
-- Installing: /home/leon/robotica/scorbotLabo/universal_teleop/install/keyboard_msgs/share/keyboard_msgs/cmake/rosidl_cmake_export_typesupport_targets-extras.cmake
-- Installing: /home/leon/robotica/scorbotLabo/universal_teleop/install/keyboard_msgs/share/keyboard_msgs/cmake/rosidl_cmake_export_typesupport_libraries-extras.cmake
-- Installing: /home/leon/robotica/scorbotLabo/universal_teleop/install/keyboard_msgs/share/keyboard_msgs/cmake/keyboard_msgsConfig.cmake
-- Installing: /home/leon/robotica/scorbotLabo/universal_teleop/install/keyboard_msgs/share/keyboard_msgs/cmake/keyboard_msgsConfig-version.cmake
-- Installing: /home/leon/robotica/scorbotLabo/universal_teleop/install/keyboard_msgs/share/keyboard_msgs/package.xml
