[0.020s] Invoking command in '/home/leon/robotica/scorbotLabo/universal_teleop/build/keyboard_msgs': CMAKE_PREFIX_PATH=${CMAKE_PREFIX_PATH}:/opt/ros/humble /usr/bin/cmake /home/leon/robotica/scorbotLabo/universal_teleop/src/ros_keyboard_msgs -DCMAKE_INSTALL_PREFIX=/home/leon/robotica/scorbotLabo/universal_teleop/install/keyboard_msgs
[1.253s] -- The C compiler identification is GNU 11.4.0
[1.964s] -- The CXX compiler identification is GNU 11.4.0
[2.062s] -- Detecting C compiler ABI info
[2.449s] -- Detecting C compiler ABI info - done
[2.468s] -- Check for working C compiler: /usr/bin/cc - skipped
[2.469s] -- Detecting C compile features
[2.510s] -- Detecting C compile features - done
[2.547s] -- Detecting CXX compiler ABI info
[2.784s] -- Detecting CXX compiler ABI info - done
[2.809s] -- Check for working CXX compiler: /usr/bin/c++ - skipped
[2.809s] -- Detecting CXX compile features
[2.811s] -- Detecting CXX compile features - done
[2.876s] -- Found ament_cmake: 1.3.14 (/opt/ros/humble/share/ament_cmake/cmake)
[3.300s] -- Found Python3: /usr/bin/python3 (found version "3.10.12") found components: Interpreter 
[3.659s] -- Found std_msgs: 4.9.1 (/opt/ros/humble/share/std_msgs/cmake)
[3.889s] -- Found rosidl_generator_c: 3.1.8 (/opt/ros/humble/share/rosidl_generator_c/cmake)
[3.921s] -- Found rosidl_adapter: 3.1.8 (/opt/ros/humble/share/rosidl_adapter/cmake)
[3.942s] -- Found rosidl_generator_cpp: 3.1.8 (/opt/ros/humble/share/rosidl_generator_cpp/cmake)
[4.031s] -- Using all available rosidl_typesupport_c: rosidl_typesupport_fastrtps_c;rosidl_typesupport_introspection_c
[4.110s] -- Using all available rosidl_typesupport_cpp: rosidl_typesupport_fastrtps_cpp;rosidl_typesupport_introspection_cpp
[4.205s] -- Found rosidl_default_generators: 1.2.1 (/opt/ros/humble/share/rosidl_default_generators/cmake)
[5.088s] -- Found ament_cmake_ros: 0.10.0 (/opt/ros/humble/share/ament_cmake_ros/cmake)
[5.928s] -- Using all available rosidl_typesupport_c: rosidl_typesupport_fastrtps_c;rosidl_typesupport_introspection_c
[6.166s] -- Using all available rosidl_typesupport_cpp: rosidl_typesupport_fastrtps_cpp;rosidl_typesupport_introspection_cpp
[6.233s] -- Found PythonInterp: /usr/bin/python3 (found suitable version "3.10.12", minimum required is "3.6") 
[6.269s] -- Found python_cmake_module: 0.10.0 (/opt/ros/humble/share/python_cmake_module/cmake)
[6.395s] -- Found PythonLibs: /usr/lib/x86_64-linux-gnu/libpython3.10.so (found suitable version "3.10.12", minimum required is "3.5") 
[6.396s] -- Using PYTHON_EXECUTABLE: /usr/bin/python3
[6.397s] -- Using PYTHON_INCLUDE_DIRS: /usr/include/python3.10
[6.397s] -- Using PYTHON_LIBRARIES: /usr/lib/x86_64-linux-gnu/libpython3.10.so
[6.430s] -- Found PythonExtra: .so  
[7.043s] -- Found ament_lint_auto: 0.12.15 (/opt/ros/humble/share/ament_lint_auto/cmake)
[7.291s] -- Added test 'lint_cmake' to check CMake code style
[7.294s] -- Added test 'xmllint' to check XML markup files
[7.314s] -- Configuring done
[7.520s] -- Generating done
[7.545s] -- Build files have been written to: /home/leon/robotica/scorbotLabo/universal_teleop/build/keyboard_msgs
[7.559s] Invoked command in '/home/leon/robotica/scorbotLabo/universal_teleop/build/keyboard_msgs' returned '0': CMAKE_PREFIX_PATH=${CMAKE_PREFIX_PATH}:/opt/ros/humble /usr/bin/cmake /home/leon/robotica/scorbotLabo/universal_teleop/src/ros_keyboard_msgs -DCMAKE_INSTALL_PREFIX=/home/leon/robotica/scorbotLabo/universal_teleop/install/keyboard_msgs
[7.561s] Invoking command in '/home/leon/robotica/scorbotLabo/universal_teleop/build/keyboard_msgs': CMAKE_PREFIX_PATH=${CMAKE_PREFIX_PATH}:/opt/ros/humble /usr/bin/cmake --build /home/leon/robotica/scorbotLabo/universal_teleop/build/keyboard_msgs -- -j4 -l4
[7.638s] [  3%] [34m[1mGenerating C code for ROS interfaces[0m
[7.701s] [  6%] [34m[1mGenerating Rust code for ROS interfaces[0m
[7.701s] [  9%] [34m[1mGenerating C++ code for ROS interfaces[0m
[7.748s] [  9%] Built target ament_cmake_python_copy_keyboard_msgs
[8.588s] running egg_info
[8.588s] creating keyboard_msgs.egg-info
[8.589s] writing keyboard_msgs.egg-info/PKG-INFO
[8.590s] writing dependency_links to keyboard_msgs.egg-info/dependency_links.txt
[8.593s] writing top-level names to keyboard_msgs.egg-info/top_level.txt
[8.594s] writing manifest file 'keyboard_msgs.egg-info/SOURCES.txt'
[8.601s] reading manifest file 'keyboard_msgs.egg-info/SOURCES.txt'
[8.609s] writing manifest file 'keyboard_msgs.egg-info/SOURCES.txt'
[8.738s] [  9%] Built target ament_cmake_python_build_keyboard_msgs_egg
[13.976s] [ 12%] [32mBuilding C object CMakeFiles/keyboard_msgs__rosidl_generator_c.dir/rosidl_generator_c/keyboard_msgs/msg/detail/key__functions.c.o[0m
[14.144s] [ 15%] [32m[1mLinking C shared library libkeyboard_msgs__rosidl_generator_c.so[0m
[14.243s] [ 15%] Built target keyboard_msgs__rosidl_generator_c
[14.275s] [ 18%] [34m[1mGenerating C introspection for ROS interfaces[0m
[14.291s] [ 21%] [34m[1mGenerating C type support for eProsima Fast-RTPS[0m
[14.628s] [ 21%] Built target keyboard_msgs__rs
[14.677s] [ 25%] [34m[1mGenerating C type support dispatch for ROS interfaces[0m
[15.341s] [ 25%] Built target keyboard_msgs__cpp
[15.377s] [ 28%] [34m[1mGenerating C++ type support for eProsima Fast-RTPS[0m
[20.223s] [ 31%] [32mBuilding C object CMakeFiles/keyboard_msgs__rosidl_typesupport_introspection_c.dir/rosidl_typesupport_introspection_c/keyboard_msgs/msg/detail/key__type_support.c.o[0m
[20.275s] [ 34%] [32m[1mLinking C shared library libkeyboard_msgs__rosidl_typesupport_introspection_c.so[0m
[20.324s] [ 34%] Built target keyboard_msgs__rosidl_typesupport_introspection_c
[20.340s] [ 37%] [34m[1mGenerating C++ introspection for ROS interfaces[0m
[20.545s] [ 40%] [32mBuilding CXX object CMakeFiles/keyboard_msgs__rosidl_typesupport_fastrtps_c.dir/rosidl_typesupport_fastrtps_c/keyboard_msgs/msg/detail/key__type_support_c.cpp.o[0m
[20.558s] [ 43%] [32mBuilding CXX object CMakeFiles/keyboard_msgs__rosidl_typesupport_c.dir/rosidl_typesupport_c/keyboard_msgs/msg/key__type_support.cpp.o[0m
[20.609s] [ 46%] [32m[1mLinking CXX shared library libkeyboard_msgs__rosidl_typesupport_c.so[0m
[20.679s] [ 46%] Built target keyboard_msgs__rosidl_typesupport_c
[20.694s] [ 50%] [34m[1mGenerating C++ type support dispatch for ROS interfaces[0m
[21.063s] [ 53%] [32m[1mLinking CXX shared library libkeyboard_msgs__rosidl_typesupport_fastrtps_c.so[0m
[21.238s] [ 56%] [32mBuilding CXX object CMakeFiles/keyboard_msgs__rosidl_typesupport_fastrtps_cpp.dir/rosidl_typesupport_fastrtps_cpp/keyboard_msgs/msg/detail/dds_fastrtps/key__type_support.cpp.o[0m
[21.240s] [ 56%] Built target keyboard_msgs__rosidl_typesupport_fastrtps_c
[21.841s] [ 59%] [32m[1mLinking CXX shared library libkeyboard_msgs__rosidl_typesupport_fastrtps_cpp.so[0m
[22.013s] [ 59%] Built target keyboard_msgs__rosidl_typesupport_fastrtps_cpp
[23.925s] [ 62%] [32mBuilding CXX object CMakeFiles/keyboard_msgs__rosidl_typesupport_introspection_cpp.dir/rosidl_typesupport_introspection_cpp/keyboard_msgs/msg/detail/key__type_support.cpp.o[0m
[24.263s] [ 65%] [32mBuilding CXX object CMakeFiles/keyboard_msgs__rosidl_typesupport_cpp.dir/rosidl_typesupport_cpp/keyboard_msgs/msg/key__type_support.cpp.o[0m
[24.445s] [ 68%] [32m[1mLinking CXX shared library libkeyboard_msgs__rosidl_typesupport_introspection_cpp.so[0m
[24.563s] [ 68%] Built target keyboard_msgs__rosidl_typesupport_introspection_cpp
[24.632s] [ 71%] [32m[1mLinking CXX shared library libkeyboard_msgs__rosidl_typesupport_cpp.so[0m
[24.700s] [ 71%] Built target keyboard_msgs__rosidl_typesupport_cpp
[24.737s] [ 71%] Built target keyboard_msgs
[24.769s] [ 75%] [34m[1mGenerating Python code for ROS interfaces[0m
[31.092s] [ 75%] Built target keyboard_msgs__py
[31.122s] [ 78%] [32mBuilding C object CMakeFiles/keyboard_msgs__rosidl_generator_py.dir/rosidl_generator_py/keyboard_msgs/msg/_key_s.c.o[0m
[31.278s] [ 81%] [32m[1mLinking C shared library rosidl_generator_py/keyboard_msgs/libkeyboard_msgs__rosidl_generator_py.so[0m
[31.359s] [ 81%] Built target keyboard_msgs__rosidl_generator_py
[31.390s] [ 84%] [32mBuilding C object CMakeFiles/keyboard_msgs__rosidl_typesupport_introspection_c__pyext.dir/rosidl_generator_py/keyboard_msgs/_keyboard_msgs_s.ep.rosidl_typesupport_introspection_c.c.o[0m
[31.391s] [ 87%] [32mBuilding C object CMakeFiles/keyboard_msgs__rosidl_typesupport_fastrtps_c__pyext.dir/rosidl_generator_py/keyboard_msgs/_keyboard_msgs_s.ep.rosidl_typesupport_fastrtps_c.c.o[0m
[31.393s] [ 90%] [32mBuilding C object CMakeFiles/keyboard_msgs__rosidl_typesupport_c__pyext.dir/rosidl_generator_py/keyboard_msgs/_keyboard_msgs_s.ep.rosidl_typesupport_c.c.o[0m
[31.545s] [ 93%] [32m[1mLinking C shared library rosidl_generator_py/keyboard_msgs/keyboard_msgs_s__rosidl_typesupport_c.cpython-310-x86_64-linux-gnu.so[0m
[31.568s] [100%] [32m[1mLinking C shared library rosidl_generator_py/keyboard_msgs/keyboard_msgs_s__rosidl_typesupport_introspection_c.cpython-310-x86_64-linux-gnu.so[0m
[31.568s] [100%] [32m[1mLinking C shared library rosidl_generator_py/keyboard_msgs/keyboard_msgs_s__rosidl_typesupport_fastrtps_c.cpython-310-x86_64-linux-gnu.so[0m
[31.614s] [100%] Built target keyboard_msgs__rosidl_typesupport_c__pyext
[31.636s] [100%] Built target keyboard_msgs__rosidl_typesupport_introspection_c__pyext
[31.642s] [100%] Built target keyboard_msgs__rosidl_typesupport_fastrtps_c__pyext
[31.659s] Invoked command in '/home/leon/robotica/scorbotLabo/universal_teleop/build/keyboard_msgs' returned '0': CMAKE_PREFIX_PATH=${CMAKE_PREFIX_PATH}:/opt/ros/humble /usr/bin/cmake --build /home/leon/robotica/scorbotLabo/universal_teleop/build/keyboard_msgs -- -j4 -l4
[31.661s] Invoking command in '/home/leon/robotica/scorbotLabo/universal_teleop/build/keyboard_msgs': CMAKE_PREFIX_PATH=${CMAKE_PREFIX_PATH}:/opt/ros/humble /usr/bin/cmake --install /home/leon/robotica/scorbotLabo/universal_teleop/build/keyboard_msgs
[31.672s] -- Install configuration: ""
[31.673s] -- Installing: /home/leon/robotica/scorbotLabo/universal_teleop/install/keyboard_msgs/share/ament_index/resource_index/rosidl_interfaces/keyboard_msgs
[31.673s] -- Installing: /home/leon/robotica/scorbotLabo/universal_teleop/install/keyboard_msgs/include/keyboard_msgs/keyboard_msgs
[31.673s] -- Installing: /home/leon/robotica/scorbotLabo/universal_teleop/install/keyboard_msgs/include/keyboard_msgs/keyboard_msgs/msg
[31.673s] -- Installing: /home/leon/robotica/scorbotLabo/universal_teleop/install/keyboard_msgs/include/keyboard_msgs/keyboard_msgs/msg/detail
[31.674s] -- Installing: /home/leon/robotica/scorbotLabo/universal_teleop/install/keyboard_msgs/include/keyboard_msgs/keyboard_msgs/msg/detail/key__functions.c
[31.674s] -- Installing: /home/leon/robotica/scorbotLabo/universal_teleop/install/keyboard_msgs/include/keyboard_msgs/keyboard_msgs/msg/detail/key__struct.h
[31.674s] -- Installing: /home/leon/robotica/scorbotLabo/universal_teleop/install/keyboard_msgs/include/keyboard_msgs/keyboard_msgs/msg/detail/key__functions.h
[31.674s] -- Installing: /home/leon/robotica/scorbotLabo/universal_teleop/install/keyboard_msgs/include/keyboard_msgs/keyboard_msgs/msg/detail/key__type_support.h
[31.674s] -- Installing: /home/leon/robotica/scorbotLabo/universal_teleop/install/keyboard_msgs/include/keyboard_msgs/keyboard_msgs/msg/key.h
[31.674s] -- Installing: /home/leon/robotica/scorbotLabo/universal_teleop/install/keyboard_msgs/include/keyboard_msgs/keyboard_msgs/msg/rosidl_generator_c__visibility_control.h
[31.675s] -- Installing: /home/leon/robotica/scorbotLabo/universal_teleop/install/keyboard_msgs/share/keyboard_msgs/environment/library_path.sh
[31.675s] -- Installing: /home/leon/robotica/scorbotLabo/universal_teleop/install/keyboard_msgs/share/keyboard_msgs/environment/library_path.dsv
[31.675s] -- Installing: /home/leon/robotica/scorbotLabo/universal_teleop/install/keyboard_msgs/lib/libkeyboard_msgs__rosidl_generator_c.so
[31.675s] -- Set runtime path of "/home/leon/robotica/scorbotLabo/universal_teleop/install/keyboard_msgs/lib/libkeyboard_msgs__rosidl_generator_c.so" to ""
[31.675s] -- Up-to-date: /home/leon/robotica/scorbotLabo/universal_teleop/install/keyboard_msgs/include/keyboard_msgs/keyboard_msgs
[31.675s] -- Up-to-date: /home/leon/robotica/scorbotLabo/universal_teleop/install/keyboard_msgs/include/keyboard_msgs/keyboard_msgs/msg
[31.676s] -- Installing: /home/leon/robotica/scorbotLabo/universal_teleop/install/keyboard_msgs/include/keyboard_msgs/keyboard_msgs/msg/rosidl_typesupport_fastrtps_c__visibility_control.h
[31.676s] -- Up-to-date: /home/leon/robotica/scorbotLabo/universal_teleop/install/keyboard_msgs/include/keyboard_msgs/keyboard_msgs/msg/detail
[31.676s] -- Installing: /home/leon/robotica/scorbotLabo/universal_teleop/install/keyboard_msgs/include/keyboard_msgs/keyboard_msgs/msg/detail/key__rosidl_typesupport_fastrtps_c.h
[31.676s] -- Installing: /home/leon/robotica/scorbotLabo/universal_teleop/install/keyboard_msgs/lib/libkeyboard_msgs__rosidl_typesupport_fastrtps_c.so
[31.676s] -- Set runtime path of "/home/leon/robotica/scorbotLabo/universal_teleop/install/keyboard_msgs/lib/libkeyboard_msgs__rosidl_typesupport_fastrtps_c.so" to ""
[31.677s] -- Up-to-date: /home/leon/robotica/scorbotLabo/universal_teleop/install/keyboard_msgs/include/keyboard_msgs/keyboard_msgs
[31.677s] -- Up-to-date: /home/leon/robotica/scorbotLabo/universal_teleop/install/keyboard_msgs/include/keyboard_msgs/keyboard_msgs/msg
[31.677s] -- Installing: /home/leon/robotica/scorbotLabo/universal_teleop/install/keyboard_msgs/include/keyboard_msgs/keyboard_msgs/msg/rosidl_generator_cpp__visibility_control.hpp
[31.677s] -- Up-to-date: /home/leon/robotica/scorbotLabo/universal_teleop/install/keyboard_msgs/include/keyboard_msgs/keyboard_msgs/msg/detail
[31.677s] -- Installing: /home/leon/robotica/scorbotLabo/universal_teleop/install/keyboard_msgs/include/keyboard_msgs/keyboard_msgs/msg/detail/key__builder.hpp
[31.677s] -- Installing: /home/leon/robotica/scorbotLabo/universal_teleop/install/keyboard_msgs/include/keyboard_msgs/keyboard_msgs/msg/detail/key__type_support.hpp
[31.678s] -- Installing: /home/leon/robotica/scorbotLabo/universal_teleop/install/keyboard_msgs/include/keyboard_msgs/keyboard_msgs/msg/detail/key__struct.hpp
[31.678s] -- Installing: /home/leon/robotica/scorbotLabo/universal_teleop/install/keyboard_msgs/include/keyboard_msgs/keyboard_msgs/msg/detail/key__traits.hpp
[31.678s] -- Installing: /home/leon/robotica/scorbotLabo/universal_teleop/install/keyboard_msgs/include/keyboard_msgs/keyboard_msgs/msg/key.hpp
[31.678s] -- Up-to-date: /home/leon/robotica/scorbotLabo/universal_teleop/install/keyboard_msgs/include/keyboard_msgs/keyboard_msgs
[31.678s] -- Up-to-date: /home/leon/robotica/scorbotLabo/universal_teleop/install/keyboard_msgs/include/keyboard_msgs/keyboard_msgs/msg
[31.679s] -- Installing: /home/leon/robotica/scorbotLabo/universal_teleop/install/keyboard_msgs/include/keyboard_msgs/keyboard_msgs/msg/rosidl_typesupport_fastrtps_cpp__visibility_control.h
[31.679s] -- Up-to-date: /home/leon/robotica/scorbotLabo/universal_teleop/install/keyboard_msgs/include/keyboard_msgs/keyboard_msgs/msg/detail
[31.679s] -- Installing: /home/leon/robotica/scorbotLabo/universal_teleop/install/keyboard_msgs/include/keyboard_msgs/keyboard_msgs/msg/detail/key__rosidl_typesupport_fastrtps_cpp.hpp
[31.679s] -- Installing: /home/leon/robotica/scorbotLabo/universal_teleop/install/keyboard_msgs/include/keyboard_msgs/keyboard_msgs/msg/detail/dds_fastrtps
[31.679s] -- Installing: /home/leon/robotica/scorbotLabo/universal_teleop/install/keyboard_msgs/lib/libkeyboard_msgs__rosidl_typesupport_fastrtps_cpp.so
[31.679s] -- Set runtime path of "/home/leon/robotica/scorbotLabo/universal_teleop/install/keyboard_msgs/lib/libkeyboard_msgs__rosidl_typesupport_fastrtps_cpp.so" to ""
[31.680s] -- Up-to-date: /home/leon/robotica/scorbotLabo/universal_teleop/install/keyboard_msgs/include/keyboard_msgs/keyboard_msgs
[31.680s] -- Up-to-date: /home/leon/robotica/scorbotLabo/universal_teleop/install/keyboard_msgs/include/keyboard_msgs/keyboard_msgs/msg
[31.680s] -- Installing: /home/leon/robotica/scorbotLabo/universal_teleop/install/keyboard_msgs/include/keyboard_msgs/keyboard_msgs/msg/rosidl_typesupport_introspection_c__visibility_control.h
[31.680s] -- Up-to-date: /home/leon/robotica/scorbotLabo/universal_teleop/install/keyboard_msgs/include/keyboard_msgs/keyboard_msgs/msg/detail
[31.680s] -- Installing: /home/leon/robotica/scorbotLabo/universal_teleop/install/keyboard_msgs/include/keyboard_msgs/keyboard_msgs/msg/detail/key__type_support.c
[31.680s] -- Installing: /home/leon/robotica/scorbotLabo/universal_teleop/install/keyboard_msgs/include/keyboard_msgs/keyboard_msgs/msg/detail/key__rosidl_typesupport_introspection_c.h
[31.681s] -- Installing: /home/leon/robotica/scorbotLabo/universal_teleop/install/keyboard_msgs/lib/libkeyboard_msgs__rosidl_typesupport_introspection_c.so
[31.681s] -- Set runtime path of "/home/leon/robotica/scorbotLabo/universal_teleop/install/keyboard_msgs/lib/libkeyboard_msgs__rosidl_typesupport_introspection_c.so" to ""
[31.681s] -- Installing: /home/leon/robotica/scorbotLabo/universal_teleop/install/keyboard_msgs/lib/libkeyboard_msgs__rosidl_typesupport_c.so
[31.681s] -- Set runtime path of "/home/leon/robotica/scorbotLabo/universal_teleop/install/keyboard_msgs/lib/libkeyboard_msgs__rosidl_typesupport_c.so" to ""
[31.681s] -- Up-to-date: /home/leon/robotica/scorbotLabo/universal_teleop/install/keyboard_msgs/include/keyboard_msgs/keyboard_msgs
[31.681s] -- Up-to-date: /home/leon/robotica/scorbotLabo/universal_teleop/install/keyboard_msgs/include/keyboard_msgs/keyboard_msgs/msg
[31.682s] -- Up-to-date: /home/leon/robotica/scorbotLabo/universal_teleop/install/keyboard_msgs/include/keyboard_msgs/keyboard_msgs/msg/detail
[31.682s] -- Installing: /home/leon/robotica/scorbotLabo/universal_teleop/install/keyboard_msgs/include/keyboard_msgs/keyboard_msgs/msg/detail/key__rosidl_typesupport_introspection_cpp.hpp
[31.682s] -- Installing: /home/leon/robotica/scorbotLabo/universal_teleop/install/keyboard_msgs/include/keyboard_msgs/keyboard_msgs/msg/detail/key__type_support.cpp
[31.682s] -- Installing: /home/leon/robotica/scorbotLabo/universal_teleop/install/keyboard_msgs/lib/libkeyboard_msgs__rosidl_typesupport_introspection_cpp.so
[31.682s] -- Set runtime path of "/home/leon/robotica/scorbotLabo/universal_teleop/install/keyboard_msgs/lib/libkeyboard_msgs__rosidl_typesupport_introspection_cpp.so" to ""
[31.683s] -- Installing: /home/leon/robotica/scorbotLabo/universal_teleop/install/keyboard_msgs/lib/libkeyboard_msgs__rosidl_typesupport_cpp.so
[31.683s] -- Set runtime path of "/home/leon/robotica/scorbotLabo/universal_teleop/install/keyboard_msgs/lib/libkeyboard_msgs__rosidl_typesupport_cpp.so" to ""
[31.683s] -- Installing: /home/leon/robotica/scorbotLabo/universal_teleop/install/keyboard_msgs/share/keyboard_msgs/environment/pythonpath.sh
[31.683s] -- Installing: /home/leon/robotica/scorbotLabo/universal_teleop/install/keyboard_msgs/share/keyboard_msgs/environment/pythonpath.dsv
[31.683s] -- Installing: /home/leon/robotica/scorbotLabo/universal_teleop/install/keyboard_msgs/local/lib/python3.10/dist-packages/keyboard_msgs-2.0.0-py3.10.egg-info
[31.683s] -- Installing: /home/leon/robotica/scorbotLabo/universal_teleop/install/keyboard_msgs/local/lib/python3.10/dist-packages/keyboard_msgs-2.0.0-py3.10.egg-info/dependency_links.txt
[31.684s] -- Installing: /home/leon/robotica/scorbotLabo/universal_teleop/install/keyboard_msgs/local/lib/python3.10/dist-packages/keyboard_msgs-2.0.0-py3.10.egg-info/top_level.txt
[31.684s] -- Installing: /home/leon/robotica/scorbotLabo/universal_teleop/install/keyboard_msgs/local/lib/python3.10/dist-packages/keyboard_msgs-2.0.0-py3.10.egg-info/PKG-INFO
[31.684s] -- Installing: /home/leon/robotica/scorbotLabo/universal_teleop/install/keyboard_msgs/local/lib/python3.10/dist-packages/keyboard_msgs-2.0.0-py3.10.egg-info/SOURCES.txt
[31.684s] -- Installing: /home/leon/robotica/scorbotLabo/universal_teleop/install/keyboard_msgs/local/lib/python3.10/dist-packages/keyboard_msgs
[31.684s] -- Installing: /home/leon/robotica/scorbotLabo/universal_teleop/install/keyboard_msgs/local/lib/python3.10/dist-packages/keyboard_msgs/_keyboard_msgs_s.ep.rosidl_typesupport_introspection_c.c
[31.684s] -- Installing: /home/leon/robotica/scorbotLabo/universal_teleop/install/keyboard_msgs/local/lib/python3.10/dist-packages/keyboard_msgs/_keyboard_msgs_s.ep.rosidl_typesupport_fastrtps_c.c
[31.685s] -- Installing: /home/leon/robotica/scorbotLabo/universal_teleop/install/keyboard_msgs/local/lib/python3.10/dist-packages/keyboard_msgs/keyboard_msgs_s__rosidl_typesupport_fastrtps_c.cpython-310-x86_64-linux-gnu.so
[31.685s] -- Installing: /home/leon/robotica/scorbotLabo/universal_teleop/install/keyboard_msgs/local/lib/python3.10/dist-packages/keyboard_msgs/_keyboard_msgs_s.ep.rosidl_typesupport_c.c
[31.685s] -- Installing: /home/leon/robotica/scorbotLabo/universal_teleop/install/keyboard_msgs/local/lib/python3.10/dist-packages/keyboard_msgs/__init__.py
[31.685s] -- Installing: /home/leon/robotica/scorbotLabo/universal_teleop/install/keyboard_msgs/local/lib/python3.10/dist-packages/keyboard_msgs/libkeyboard_msgs__rosidl_generator_py.so
[31.685s] -- Installing: /home/leon/robotica/scorbotLabo/universal_teleop/install/keyboard_msgs/local/lib/python3.10/dist-packages/keyboard_msgs/keyboard_msgs_s__rosidl_typesupport_introspection_c.cpython-310-x86_64-linux-gnu.so
[31.685s] -- Installing: /home/leon/robotica/scorbotLabo/universal_teleop/install/keyboard_msgs/local/lib/python3.10/dist-packages/keyboard_msgs/keyboard_msgs_s__rosidl_typesupport_c.cpython-310-x86_64-linux-gnu.so
[31.685s] -- Installing: /home/leon/robotica/scorbotLabo/universal_teleop/install/keyboard_msgs/local/lib/python3.10/dist-packages/keyboard_msgs/msg
[31.685s] -- Installing: /home/leon/robotica/scorbotLabo/universal_teleop/install/keyboard_msgs/local/lib/python3.10/dist-packages/keyboard_msgs/msg/_key.py
[31.686s] -- Installing: /home/leon/robotica/scorbotLabo/universal_teleop/install/keyboard_msgs/local/lib/python3.10/dist-packages/keyboard_msgs/msg/__init__.py
[31.686s] -- Installing: /home/leon/robotica/scorbotLabo/universal_teleop/install/keyboard_msgs/local/lib/python3.10/dist-packages/keyboard_msgs/msg/_key_s.c
[31.747s] Listing '/home/leon/robotica/scorbotLabo/universal_teleop/install/keyboard_msgs/local/lib/python3.10/dist-packages/keyboard_msgs'...
[31.747s] Compiling '/home/leon/robotica/scorbotLabo/universal_teleop/install/keyboard_msgs/local/lib/python3.10/dist-packages/keyboard_msgs/__init__.py'...
[31.747s] Listing '/home/leon/robotica/scorbotLabo/universal_teleop/install/keyboard_msgs/local/lib/python3.10/dist-packages/keyboard_msgs/msg'...
[31.748s] Compiling '/home/leon/robotica/scorbotLabo/universal_teleop/install/keyboard_msgs/local/lib/python3.10/dist-packages/keyboard_msgs/msg/__init__.py'...
[31.748s] Compiling '/home/leon/robotica/scorbotLabo/universal_teleop/install/keyboard_msgs/local/lib/python3.10/dist-packages/keyboard_msgs/msg/_key.py'...
[31.758s] -- Installing: /home/leon/robotica/scorbotLabo/universal_teleop/install/keyboard_msgs/local/lib/python3.10/dist-packages/keyboard_msgs/keyboard_msgs_s__rosidl_typesupport_fastrtps_c.cpython-310-x86_64-linux-gnu.so
[31.758s] -- Set runtime path of "/home/leon/robotica/scorbotLabo/universal_teleop/install/keyboard_msgs/local/lib/python3.10/dist-packages/keyboard_msgs/keyboard_msgs_s__rosidl_typesupport_fastrtps_c.cpython-310-x86_64-linux-gnu.so" to ""
[31.759s] -- Installing: /home/leon/robotica/scorbotLabo/universal_teleop/install/keyboard_msgs/local/lib/python3.10/dist-packages/keyboard_msgs/keyboard_msgs_s__rosidl_typesupport_introspection_c.cpython-310-x86_64-linux-gnu.so
[31.760s] -- Set runtime path of "/home/leon/robotica/scorbotLabo/universal_teleop/install/keyboard_msgs/local/lib/python3.10/dist-packages/keyboard_msgs/keyboard_msgs_s__rosidl_typesupport_introspection_c.cpython-310-x86_64-linux-gnu.so" to ""
[31.760s] -- Installing: /home/leon/robotica/scorbotLabo/universal_teleop/install/keyboard_msgs/local/lib/python3.10/dist-packages/keyboard_msgs/keyboard_msgs_s__rosidl_typesupport_c.cpython-310-x86_64-linux-gnu.so
[31.761s] -- Set runtime path of "/home/leon/robotica/scorbotLabo/universal_teleop/install/keyboard_msgs/local/lib/python3.10/dist-packages/keyboard_msgs/keyboard_msgs_s__rosidl_typesupport_c.cpython-310-x86_64-linux-gnu.so" to ""
[31.761s] -- Installing: /home/leon/robotica/scorbotLabo/universal_teleop/install/keyboard_msgs/lib/libkeyboard_msgs__rosidl_generator_py.so
[31.762s] -- Set runtime path of "/home/leon/robotica/scorbotLabo/universal_teleop/install/keyboard_msgs/lib/libkeyboard_msgs__rosidl_generator_py.so" to ""
[31.762s] -- Installing: /home/leon/robotica/scorbotLabo/universal_teleop/install/keyboard_msgs/share/ament_index/resource_index/rust_packages/keyboard_msgs
[31.762s] -- Installing: /home/leon/robotica/scorbotLabo/universal_teleop/install/keyboard_msgs/share/keyboard_msgs/rust
[31.762s] -- Installing: /home/leon/robotica/scorbotLabo/universal_teleop/install/keyboard_msgs/share/keyboard_msgs/rust/Cargo.toml
[31.762s] -- Installing: /home/leon/robotica/scorbotLabo/universal_teleop/install/keyboard_msgs/share/keyboard_msgs/rust/src
[31.762s] -- Installing: /home/leon/robotica/scorbotLabo/universal_teleop/install/keyboard_msgs/share/keyboard_msgs/rust/src/lib.rs
[31.763s] -- Installing: /home/leon/robotica/scorbotLabo/universal_teleop/install/keyboard_msgs/share/keyboard_msgs/rust/src/msg
[31.763s] -- Installing: /home/leon/robotica/scorbotLabo/universal_teleop/install/keyboard_msgs/share/keyboard_msgs/rust/src/msg/rmw.rs
[31.763s] -- Installing: /home/leon/robotica/scorbotLabo/universal_teleop/install/keyboard_msgs/share/keyboard_msgs/rust/src/msg.rs
[31.763s] -- Installing: /home/leon/robotica/scorbotLabo/universal_teleop/install/keyboard_msgs/share/keyboard_msgs/rust/build.rs
[31.764s] -- Installing: /home/leon/robotica/scorbotLabo/universal_teleop/install/keyboard_msgs/share/keyboard_msgs/msg/Key.idl
[31.764s] -- Installing: /home/leon/robotica/scorbotLabo/universal_teleop/install/keyboard_msgs/share/keyboard_msgs/msg/Key.msg
[31.764s] -- Installing: /home/leon/robotica/scorbotLabo/universal_teleop/install/keyboard_msgs/share/ament_index/resource_index/package_run_dependencies/keyboard_msgs
[31.764s] -- Installing: /home/leon/robotica/scorbotLabo/universal_teleop/install/keyboard_msgs/share/ament_index/resource_index/parent_prefix_path/keyboard_msgs
[31.765s] -- Installing: /home/leon/robotica/scorbotLabo/universal_teleop/install/keyboard_msgs/share/keyboard_msgs/environment/ament_prefix_path.sh
[31.765s] -- Installing: /home/leon/robotica/scorbotLabo/universal_teleop/install/keyboard_msgs/share/keyboard_msgs/environment/ament_prefix_path.dsv
[31.765s] -- Installing: /home/leon/robotica/scorbotLabo/universal_teleop/install/keyboard_msgs/share/keyboard_msgs/environment/path.sh
[31.766s] -- Installing: /home/leon/robotica/scorbotLabo/universal_teleop/install/keyboard_msgs/share/keyboard_msgs/environment/path.dsv
[31.766s] -- Installing: /home/leon/robotica/scorbotLabo/universal_teleop/install/keyboard_msgs/share/keyboard_msgs/local_setup.bash
[31.766s] -- Installing: /home/leon/robotica/scorbotLabo/universal_teleop/install/keyboard_msgs/share/keyboard_msgs/local_setup.sh
[31.767s] -- Installing: /home/leon/robotica/scorbotLabo/universal_teleop/install/keyboard_msgs/share/keyboard_msgs/local_setup.zsh
[31.767s] -- Installing: /home/leon/robotica/scorbotLabo/universal_teleop/install/keyboard_msgs/share/keyboard_msgs/local_setup.dsv
[31.767s] -- Installing: /home/leon/robotica/scorbotLabo/universal_teleop/install/keyboard_msgs/share/keyboard_msgs/package.dsv
[31.767s] -- Installing: /home/leon/robotica/scorbotLabo/universal_teleop/install/keyboard_msgs/share/ament_index/resource_index/packages/keyboard_msgs
[31.768s] -- Installing: /home/leon/robotica/scorbotLabo/universal_teleop/install/keyboard_msgs/share/keyboard_msgs/cmake/export_keyboard_msgs__rosidl_generator_cExport.cmake
[31.768s] -- Installing: /home/leon/robotica/scorbotLabo/universal_teleop/install/keyboard_msgs/share/keyboard_msgs/cmake/export_keyboard_msgs__rosidl_generator_cExport-noconfig.cmake
[31.768s] -- Installing: /home/leon/robotica/scorbotLabo/universal_teleop/install/keyboard_msgs/share/keyboard_msgs/cmake/export_keyboard_msgs__rosidl_typesupport_fastrtps_cExport.cmake
[31.768s] -- Installing: /home/leon/robotica/scorbotLabo/universal_teleop/install/keyboard_msgs/share/keyboard_msgs/cmake/export_keyboard_msgs__rosidl_typesupport_fastrtps_cExport-noconfig.cmake
[31.769s] -- Installing: /home/leon/robotica/scorbotLabo/universal_teleop/install/keyboard_msgs/share/keyboard_msgs/cmake/export_keyboard_msgs__rosidl_generator_cppExport.cmake
[31.769s] -- Installing: /home/leon/robotica/scorbotLabo/universal_teleop/install/keyboard_msgs/share/keyboard_msgs/cmake/export_keyboard_msgs__rosidl_typesupport_fastrtps_cppExport.cmake
[31.769s] -- Installing: /home/leon/robotica/scorbotLabo/universal_teleop/install/keyboard_msgs/share/keyboard_msgs/cmake/export_keyboard_msgs__rosidl_typesupport_fastrtps_cppExport-noconfig.cmake
[31.770s] -- Installing: /home/leon/robotica/scorbotLabo/universal_teleop/install/keyboard_msgs/share/keyboard_msgs/cmake/keyboard_msgs__rosidl_typesupport_introspection_cExport.cmake
[31.770s] -- Installing: /home/leon/robotica/scorbotLabo/universal_teleop/install/keyboard_msgs/share/keyboard_msgs/cmake/keyboard_msgs__rosidl_typesupport_introspection_cExport-noconfig.cmake
[31.770s] -- Installing: /home/leon/robotica/scorbotLabo/universal_teleop/install/keyboard_msgs/share/keyboard_msgs/cmake/keyboard_msgs__rosidl_typesupport_cExport.cmake
[31.770s] -- Installing: /home/leon/robotica/scorbotLabo/universal_teleop/install/keyboard_msgs/share/keyboard_msgs/cmake/keyboard_msgs__rosidl_typesupport_cExport-noconfig.cmake
[31.771s] -- Installing: /home/leon/robotica/scorbotLabo/universal_teleop/install/keyboard_msgs/share/keyboard_msgs/cmake/keyboard_msgs__rosidl_typesupport_introspection_cppExport.cmake
[31.771s] -- Installing: /home/leon/robotica/scorbotLabo/universal_teleop/install/keyboard_msgs/share/keyboard_msgs/cmake/keyboard_msgs__rosidl_typesupport_introspection_cppExport-noconfig.cmake
[31.771s] -- Installing: /home/leon/robotica/scorbotLabo/universal_teleop/install/keyboard_msgs/share/keyboard_msgs/cmake/keyboard_msgs__rosidl_typesupport_cppExport.cmake
[31.771s] -- Installing: /home/leon/robotica/scorbotLabo/universal_teleop/install/keyboard_msgs/share/keyboard_msgs/cmake/keyboard_msgs__rosidl_typesupport_cppExport-noconfig.cmake
[31.772s] -- Installing: /home/leon/robotica/scorbotLabo/universal_teleop/install/keyboard_msgs/share/keyboard_msgs/cmake/export_keyboard_msgs__rosidl_generator_pyExport.cmake
[31.772s] -- Installing: /home/leon/robotica/scorbotLabo/universal_teleop/install/keyboard_msgs/share/keyboard_msgs/cmake/export_keyboard_msgs__rosidl_generator_pyExport-noconfig.cmake
[31.772s] -- Installing: /home/leon/robotica/scorbotLabo/universal_teleop/install/keyboard_msgs/share/keyboard_msgs/cmake/rosidl_cmake-extras.cmake
[31.772s] -- Installing: /home/leon/robotica/scorbotLabo/universal_teleop/install/keyboard_msgs/share/keyboard_msgs/cmake/ament_cmake_export_dependencies-extras.cmake
[31.773s] -- Installing: /home/leon/robotica/scorbotLabo/universal_teleop/install/keyboard_msgs/share/keyboard_msgs/cmake/ament_cmake_export_include_directories-extras.cmake
[31.773s] -- Installing: /home/leon/robotica/scorbotLabo/universal_teleop/install/keyboard_msgs/share/keyboard_msgs/cmake/ament_cmake_export_libraries-extras.cmake
[31.773s] -- Installing: /home/leon/robotica/scorbotLabo/universal_teleop/install/keyboard_msgs/share/keyboard_msgs/cmake/ament_cmake_export_targets-extras.cmake
[31.773s] -- Installing: /home/leon/robotica/scorbotLabo/universal_teleop/install/keyboard_msgs/share/keyboard_msgs/cmake/rosidl_cmake_export_typesupport_targets-extras.cmake
[31.774s] -- Installing: /home/leon/robotica/scorbotLabo/universal_teleop/install/keyboard_msgs/share/keyboard_msgs/cmake/rosidl_cmake_export_typesupport_libraries-extras.cmake
[31.774s] -- Installing: /home/leon/robotica/scorbotLabo/universal_teleop/install/keyboard_msgs/share/keyboard_msgs/cmake/keyboard_msgsConfig.cmake
[31.774s] -- Installing: /home/leon/robotica/scorbotLabo/universal_teleop/install/keyboard_msgs/share/keyboard_msgs/cmake/keyboard_msgsConfig-version.cmake
[31.774s] -- Installing: /home/leon/robotica/scorbotLabo/universal_teleop/install/keyboard_msgs/share/keyboard_msgs/package.xml
[31.779s] Invoked command in '/home/leon/robotica/scorbotLabo/universal_teleop/build/keyboard_msgs' returned '0': CMAKE_PREFIX_PATH=${CMAKE_PREFIX_PATH}:/opt/ros/humble /usr/bin/cmake --install /home/leon/robotica/scorbotLabo/universal_teleop/build/keyboard_msgs
