[0.015s] Invoking command in '/home/leon/robotica/scorbotLabo/teleop_packages/ros_keyboard/build/keyboard': CMAKE_PREFIX_PATH=${CMAKE_PREFIX_PATH}:/opt/ros/humble /usr/bin/cmake --build /home/leon/robotica/scorbotLabo/teleop_packages/ros_keyboard/build/keyboard -- -j8 -l8
[0.066s] [35m[1mConsolidate compiler generated dependencies of target keyboard[0m
[0.092s] [ 66%] [32mBuilding CXX object CMakeFiles/keyboard.dir/src/keyboard.cpp.o[0m
[0.092s] [ 66%] [32mBuilding CXX object CMakeFiles/keyboard.dir/src/main.cpp.o[0m
[1.198s] [01m[K/home/leon/robotica/scorbotLabo/teleop_packages/ros_keyboard/src/ros-keyboard/src/keyboard.cpp:[m[K In constructor ‘[01m[Kkeyboard::Keyboard::Keyboard(int, int)[m[K’:
[1.198s] [01m[K/home/leon/robotica/scorbotLabo/teleop_packages/ros_keyboard/src/ros-keyboard/src/keyboard.cpp:6:3:[m[K [01;31m[Kerror: [m[K‘[01m[KSDL_EnableKeyRepeat[m[K’ was not declared in this scope
[1.199s]     6 |   [01;31m[KSDL_EnableKeyRepeat[m[K( repeat_delay, repeat_interval );
[1.199s]       |   [01;31m[K^~~~~~~~~~~~~~~~~~~[m[K
[1.234s] [01m[K/home/leon/robotica/scorbotLabo/teleop_packages/ros_keyboard/src/ros-keyboard/src/keyboard.cpp:7:3:[m[K [01;31m[Kerror: [m[K‘[01m[KSDL_WM_SetCaption[m[K’ was not declared in this scope
[1.234s]     7 |   [01;31m[KSDL_WM_SetCaption[m[K("ROS keyboard input", NULL);
[1.234s]       |   [01;31m[K^~~~~~~~~~~~~~~~~[m[K
[1.268s] [01m[K/home/leon/robotica/scorbotLabo/teleop_packages/ros_keyboard/src/ros-keyboard/src/keyboard.cpp:8:12:[m[K [01;31m[Kerror: [m[K‘[01m[KSDL_SetVideoMode[m[K’ was not declared in this scope; did you mean ‘[01m[KSDL_ScaleMode[m[K’?
[1.268s]     8 |   window = [01;31m[KSDL_SetVideoMode[m[K(100, 100, 0, 0);
[1.268s]       |            [01;31m[K^~~~~~~~~~~~~~~~[m[K
[1.268s]       |            [32m[KSDL_ScaleMode[m[K
[1.286s] [01m[K/home/leon/robotica/scorbotLabo/teleop_packages/ros_keyboard/src/ros-keyboard/src/keyboard.cpp:[m[K In member function ‘[01m[Kbool keyboard::Keyboard::get_key(bool&, bool&, uint16_t&, uint16_t&)[m[K’:
[1.286s] [01m[K/home/leon/robotica/scorbotLabo/teleop_packages/ros_keyboard/src/ros-keyboard/src/keyboard.cpp:32:9:[m[K [01;31m[Kerror: [m[K‘[01m[KSDL_Flip[m[K’ was not declared in this scope; did you mean ‘[01m[KSDL_blit[m[K’?
[1.286s]    32 |         [01;31m[KSDL_Flip[m[K(window);
[1.286s]       |         [01;31m[K^~~~~~~~[m[K
[1.286s]       |         [32m[KSDL_blit[m[K
[1.391s] gmake[2]: *** [CMakeFiles/keyboard.dir/build.make:90: CMakeFiles/keyboard.dir/src/keyboard.cpp.o] Error 1
[1.392s] gmake[2]: *** Waiting for unfinished jobs....
[3.180s] [01m[K/home/leon/robotica/scorbotLabo/teleop_packages/ros_keyboard/src/ros-keyboard/src/main.cpp:[m[K In function ‘[01m[Kint main(int, char**)[m[K’:
[3.180s] [01m[K/home/leon/robotica/scorbotLabo/teleop_packages/ros_keyboard/src/ros-keyboard/src/main.cpp:17:5:[m[K [01;31m[Kerror: [m[K‘[01m[Kclass std::shared_ptr<rclcpp::Node>[m[K’ has no member named ‘[01m[Kparam[m[K’
[3.180s]    17 |   n.[01;31m[Kparam[m[K<bool>("allow_repeat", allow_repeat, false); // disable by default
[3.180s]       |     [01;31m[K^~~~~[m[K
[3.181s] [01m[K/home/leon/robotica/scorbotLabo/teleop_packages/ros_keyboard/src/ros-keyboard/src/main.cpp:17:11:[m[K [01;31m[Kerror: [m[Kexpected primary-expression before ‘[01m[Kbool[m[K’
[3.181s]    17 |   n.param<[01;31m[Kbool[m[K>("allow_repeat", allow_repeat, false); // disable by default
[3.181s]       |           [01;31m[K^~~~[m[K
[3.181s] [01m[K/home/leon/robotica/scorbotLabo/teleop_packages/ros_keyboard/src/ros-keyboard/src/main.cpp:18:5:[m[K [01;31m[Kerror: [m[K‘[01m[Kclass std::shared_ptr<rclcpp::Node>[m[K’ has no member named ‘[01m[Kparam[m[K’
[3.181s]    18 |   n.[01;31m[Kparam[m[K<int>("repeat_delay", repeat_delay, SDL_DEFAULT_REPEAT_DELAY);
[3.181s]       |     [01;31m[K^~~~~[m[K
[3.181s] [01m[K/home/leon/robotica/scorbotLabo/teleop_packages/ros_keyboard/src/ros-keyboard/src/main.cpp:18:11:[m[K [01;31m[Kerror: [m[Kexpected primary-expression before ‘[01m[Kint[m[K’
[3.181s]    18 |   n.param<[01;31m[Kint[m[K>("repeat_delay", repeat_delay, SDL_DEFAULT_REPEAT_DELAY);
[3.181s]       |           [01;31m[K^~~[m[K
[3.181s] [01m[K/home/leon/robotica/scorbotLabo/teleop_packages/ros_keyboard/src/ros-keyboard/src/main.cpp:19:5:[m[K [01;31m[Kerror: [m[K‘[01m[Kclass std::shared_ptr<rclcpp::Node>[m[K’ has no member named ‘[01m[Kparam[m[K’
[3.182s]    19 |   n.[01;31m[Kparam[m[K<int>("repeat_interval", repeat_interval, SDL_DEFAULT_REPEAT_INTERVAL);
[3.182s]       |     [01;31m[K^~~~~[m[K
[3.182s] [01m[K/home/leon/robotica/scorbotLabo/teleop_packages/ros_keyboard/src/ros-keyboard/src/main.cpp:19:11:[m[K [01;31m[Kerror: [m[Kexpected primary-expression before ‘[01m[Kint[m[K’
[3.182s]    19 |   n.param<[01;31m[Kint[m[K>("repeat_interval", repeat_interval, SDL_DEFAULT_REPEAT_INTERVAL);
[3.182s]       |           [01;31m[K^~~[m[K
[3.182s] [01m[K/home/leon/robotica/scorbotLabo/teleop_packages/ros_keyboard/src/ros-keyboard/src/main.cpp:33:38:[m[K [01;31m[Kerror: [m[K‘[01m[Know[m[K’ is not a member of ‘[01m[Krclcpp::Time[m[K’
[3.182s]    33 |       k.header.stamp = rclcpp::Time::[01;31m[Know[m[K();
[3.182s]       |                                      [01;31m[K^~~[m[K
[3.189s] [01m[K/home/leon/robotica/scorbotLabo/teleop_packages/ros_keyboard/src/ros-keyboard/src/main.cpp:35:9:[m[K [01;31m[Kerror: [m[K‘[01m[Kpub_down[m[K’ was not declared in this scope; did you mean ‘[01m[Kpub_dowm[m[K’?
[3.189s]    35 |         [01;31m[Kpub_down[m[K->publish(k);
[3.189s]       |         [01;31m[K^~~~~~~~[m[K
[3.189s]       |         [32m[Kpub_dowm[m[K
[3.191s] [01m[K/home/leon/robotica/scorbotLabo/teleop_packages/ros_keyboard/src/ros-keyboard/src/main.cpp:40:13:[m[K [01;31m[Kerror: [m[K‘[01m[Kspin_all[m[K’ is not a member of ‘[01m[Krclcpp[m[K’
[3.192s]    40 |     rclcpp::[01;31m[Kspin_all[m[K(n, 0s);
[3.192s]       |             [01;31m[K^~~~~~~~[m[K
[3.192s] [01m[K/home/leon/robotica/scorbotLabo/teleop_packages/ros_keyboard/src/ros-keyboard/src/main.cpp:44:11:[m[K [01;31m[Kerror: [m[K‘[01m[KwaitForShutdown[m[K’ is not a member of ‘[01m[Krclcpp[m[K’
[3.193s]    44 |   rclcpp::[01;31m[KwaitForShutdown[m[K();
[3.193s]       |           [01;31m[K^~~~~~~~~~~~~~~[m[K
[4.083s] gmake[2]: *** [CMakeFiles/keyboard.dir/build.make:76: CMakeFiles/keyboard.dir/src/main.cpp.o] Error 1
[4.083s] gmake[1]: *** [CMakeFiles/Makefile2:137: CMakeFiles/keyboard.dir/all] Error 2
[4.084s] gmake: *** [Makefile:146: all] Error 2
[4.086s] Invoked command in '/home/leon/robotica/scorbotLabo/teleop_packages/ros_keyboard/build/keyboard' returned '2': CMAKE_PREFIX_PATH=${CMAKE_PREFIX_PATH}:/opt/ros/humble /usr/bin/cmake --build /home/leon/robotica/scorbotLabo/teleop_packages/ros_keyboard/build/keyboard -- -j8 -l8
