[ 33%] [32mBuilding CXX object CMakeFiles/keyboard.dir/src/keyboard.cpp.o[0m
[ 66%] [32m[1mLinking CXX executable keyboard[0m
[100%] Built target keyboard
-- Install configuration: ""
-- Installing: /home/leon/robotica/scorbotLabo/teleop_packages/ros_keyboard/install/keyboard/lib/keyboard/keyboard
-- Set runtime path of "/home/leon/robotica/scorbotLabo/teleop_packages/ros_keyboard/install/keyboard/lib/keyboard/keyboard" to ""
-- Up-to-date: /home/leon/robotica/scorbotLabo/teleop_packages/ros_keyboard/install/keyboard/share/ament_index/resource_index/package_run_dependencies/keyboard
-- Up-to-date: /home/leon/robotica/scorbotLabo/teleop_packages/ros_keyboard/install/keyboard/share/ament_index/resource_index/parent_prefix_path/keyboard
-- Up-to-date: /home/leon/robotica/scorbotLabo/teleop_packages/ros_keyboard/install/keyboard/share/keyboard/environment/ament_prefix_path.sh
-- Up-to-date: /home/leon/robotica/scorbotLabo/teleop_packages/ros_keyboard/install/keyboard/share/keyboard/environment/ament_prefix_path.dsv
-- Up-to-date: /home/leon/robotica/scorbotLabo/teleop_packages/ros_keyboard/install/keyboard/share/keyboard/environment/path.sh
-- Up-to-date: /home/leon/robotica/scorbotLabo/teleop_packages/ros_keyboard/install/keyboard/share/keyboard/environment/path.dsv
-- Up-to-date: /home/leon/robotica/scorbotLabo/teleop_packages/ros_keyboard/install/keyboard/share/keyboard/local_setup.bash
-- Up-to-date: /home/leon/robotica/scorbotLabo/teleop_packages/ros_keyboard/install/keyboard/share/keyboard/local_setup.sh
-- Up-to-date: /home/leon/robotica/scorbotLabo/teleop_packages/ros_keyboard/install/keyboard/share/keyboard/local_setup.zsh
-- Up-to-date: /home/leon/robotica/scorbotLabo/teleop_packages/ros_keyboard/install/keyboard/share/keyboard/local_setup.dsv
-- Up-to-date: /home/leon/robotica/scorbotLabo/teleop_packages/ros_keyboard/install/keyboard/share/keyboard/package.dsv
-- Up-to-date: /home/leon/robotica/scorbotLabo/teleop_packages/ros_keyboard/install/keyboard/share/ament_index/resource_index/packages/keyboard
-- Up-to-date: /home/leon/robotica/scorbotLabo/teleop_packages/ros_keyboard/install/keyboard/share/keyboard/cmake/keyboardConfig.cmake
-- Up-to-date: /home/leon/robotica/scorbotLabo/teleop_packages/ros_keyboard/install/keyboard/share/keyboard/cmake/keyboardConfig-version.cmake
-- Up-to-date: /home/leon/robotica/scorbotLabo/teleop_packages/ros_keyboard/install/keyboard/share/keyboard/package.xml
