[  2%] Built target scorbot_msgs__rs
[ 12%] Built target scorbot_msgs__rosidl_generator_c
[ 14%] Built target scorbot_msgs__cpp
[ 14%] Built target ament_cmake_python_copy_scorbot_msgs
[ 25%] Built target scorbot_msgs__rosidl_typesupport_introspection_c
[ 35%] Built target scorbot_msgs__rosidl_typesupport_c
[ 45%] Built target scorbot_msgs__rosidl_typesupport_fastrtps_c
[ 56%] Built target scorbot_msgs__rosidl_typesupport_fastrtps_cpp
[ 66%] Built target scorbot_msgs__rosidl_typesupport_introspection_cpp
[ 77%] Built target scorbot_msgs__rosidl_typesupport_cpp
[ 77%] Built target scorbot_msgs
[ 79%] Built target scorbot_msgs__py
[ 87%] Built target scorbot_msgs__rosidl_generator_py
[ 91%] Built target scorbot_msgs__rosidl_typesupport_c__pyext
[ 95%] Built target scorbot_msgs__rosidl_typesupport_fastrtps_c__pyext
[100%] Built target scorbot_msgs__rosidl_typesupport_introspection_c__pyext
running egg_info
writing scorbot_msgs.egg-info/PKG-INFO
writing dependency_links to scorbot_msgs.egg-info/dependency_links.txt
writing top-level names to scorbot_msgs.egg-info/top_level.txt
reading manifest file 'scorbot_msgs.egg-info/SOURCES.txt'
writing manifest file 'scorbot_msgs.egg-info/SOURCES.txt'
[100%] Built target ament_cmake_python_build_scorbot_msgs_egg
-- Install configuration: ""
-- Up-to-date: /home/leon/robotica/scorbotLabo/software_scorbot/scorbot_ws/install/scorbot_msgs/share/ament_index/resource_index/rosidl_interfaces/scorbot_msgs
-- Up-to-date: /home/leon/robotica/scorbotLabo/software_scorbot/scorbot_ws/install/scorbot_msgs/include/scorbot_msgs/scorbot_msgs
-- Up-to-date: /home/leon/robotica/scorbotLabo/software_scorbot/scorbot_ws/install/scorbot_msgs/include/scorbot_msgs/scorbot_msgs/msg
-- Up-to-date: /home/leon/robotica/scorbotLabo/software_scorbot/scorbot_ws/install/scorbot_msgs/include/scorbot_msgs/scorbot_msgs/msg/joint_trajectory.h
-- Up-to-date: /home/leon/robotica/scorbotLabo/software_scorbot/scorbot_ws/install/scorbot_msgs/include/scorbot_msgs/scorbot_msgs/msg/detail
-- Up-to-date: /home/leon/robotica/scorbotLabo/software_scorbot/scorbot_ws/install/scorbot_msgs/include/scorbot_msgs/scorbot_msgs/msg/detail/trajectory_point__functions.h
-- Up-to-date: /home/leon/robotica/scorbotLabo/software_scorbot/scorbot_ws/install/scorbot_msgs/include/scorbot_msgs/scorbot_msgs/msg/detail/trajectory_point__type_support.h
-- Up-to-date: /home/leon/robotica/scorbotLabo/software_scorbot/scorbot_ws/install/scorbot_msgs/include/scorbot_msgs/scorbot_msgs/msg/detail/joint_velocities__struct.h
-- Up-to-date: /home/leon/robotica/scorbotLabo/software_scorbot/scorbot_ws/install/scorbot_msgs/include/scorbot_msgs/scorbot_msgs/msg/detail/joint_trajectory__functions.h
-- Up-to-date: /home/leon/robotica/scorbotLabo/software_scorbot/scorbot_ws/install/scorbot_msgs/include/scorbot_msgs/scorbot_msgs/msg/detail/joint_trajectory__type_support.h
-- Up-to-date: /home/leon/robotica/scorbotLabo/software_scorbot/scorbot_ws/install/scorbot_msgs/include/scorbot_msgs/scorbot_msgs/msg/detail/trajectory_point__struct.h
-- Up-to-date: /home/leon/robotica/scorbotLabo/software_scorbot/scorbot_ws/install/scorbot_msgs/include/scorbot_msgs/scorbot_msgs/msg/detail/joint_velocities__functions.h
-- Up-to-date: /home/leon/robotica/scorbotLabo/software_scorbot/scorbot_ws/install/scorbot_msgs/include/scorbot_msgs/scorbot_msgs/msg/detail/joint_velocities__functions.c
-- Up-to-date: /home/leon/robotica/scorbotLabo/software_scorbot/scorbot_ws/install/scorbot_msgs/include/scorbot_msgs/scorbot_msgs/msg/detail/joint_trajectory__struct.h
-- Up-to-date: /home/leon/robotica/scorbotLabo/software_scorbot/scorbot_ws/install/scorbot_msgs/include/scorbot_msgs/scorbot_msgs/msg/detail/joint_trajectory__functions.c
-- Up-to-date: /home/leon/robotica/scorbotLabo/software_scorbot/scorbot_ws/install/scorbot_msgs/include/scorbot_msgs/scorbot_msgs/msg/detail/trajectory_point__functions.c
-- Up-to-date: /home/leon/robotica/scorbotLabo/software_scorbot/scorbot_ws/install/scorbot_msgs/include/scorbot_msgs/scorbot_msgs/msg/detail/joint_velocities__type_support.h
-- Up-to-date: /home/leon/robotica/scorbotLabo/software_scorbot/scorbot_ws/install/scorbot_msgs/include/scorbot_msgs/scorbot_msgs/msg/joint_velocities.h
-- Up-to-date: /home/leon/robotica/scorbotLabo/software_scorbot/scorbot_ws/install/scorbot_msgs/include/scorbot_msgs/scorbot_msgs/msg/trajectory_point.h
-- Up-to-date: /home/leon/robotica/scorbotLabo/software_scorbot/scorbot_ws/install/scorbot_msgs/include/scorbot_msgs/scorbot_msgs/msg/rosidl_generator_c__visibility_control.h
-- Up-to-date: /home/leon/robotica/scorbotLabo/software_scorbot/scorbot_ws/install/scorbot_msgs/share/scorbot_msgs/environment/library_path.sh
-- Up-to-date: /home/leon/robotica/scorbotLabo/software_scorbot/scorbot_ws/install/scorbot_msgs/share/scorbot_msgs/environment/library_path.dsv
-- Up-to-date: /home/leon/robotica/scorbotLabo/software_scorbot/scorbot_ws/install/scorbot_msgs/lib/libscorbot_msgs__rosidl_generator_c.so
-- Up-to-date: /home/leon/robotica/scorbotLabo/software_scorbot/scorbot_ws/install/scorbot_msgs/include/scorbot_msgs/scorbot_msgs
-- Up-to-date: /home/leon/robotica/scorbotLabo/software_scorbot/scorbot_ws/install/scorbot_msgs/include/scorbot_msgs/scorbot_msgs/msg
-- Up-to-date: /home/leon/robotica/scorbotLabo/software_scorbot/scorbot_ws/install/scorbot_msgs/include/scorbot_msgs/scorbot_msgs/msg/rosidl_typesupport_fastrtps_c__visibility_control.h
-- Up-to-date: /home/leon/robotica/scorbotLabo/software_scorbot/scorbot_ws/install/scorbot_msgs/include/scorbot_msgs/scorbot_msgs/msg/detail
-- Up-to-date: /home/leon/robotica/scorbotLabo/software_scorbot/scorbot_ws/install/scorbot_msgs/include/scorbot_msgs/scorbot_msgs/msg/detail/trajectory_point__rosidl_typesupport_fastrtps_c.h
-- Up-to-date: /home/leon/robotica/scorbotLabo/software_scorbot/scorbot_ws/install/scorbot_msgs/include/scorbot_msgs/scorbot_msgs/msg/detail/joint_velocities__rosidl_typesupport_fastrtps_c.h
-- Up-to-date: /home/leon/robotica/scorbotLabo/software_scorbot/scorbot_ws/install/scorbot_msgs/include/scorbot_msgs/scorbot_msgs/msg/detail/joint_trajectory__rosidl_typesupport_fastrtps_c.h
-- Up-to-date: /home/leon/robotica/scorbotLabo/software_scorbot/scorbot_ws/install/scorbot_msgs/lib/libscorbot_msgs__rosidl_typesupport_fastrtps_c.so
-- Up-to-date: /home/leon/robotica/scorbotLabo/software_scorbot/scorbot_ws/install/scorbot_msgs/include/scorbot_msgs/scorbot_msgs
-- Up-to-date: /home/leon/robotica/scorbotLabo/software_scorbot/scorbot_ws/install/scorbot_msgs/include/scorbot_msgs/scorbot_msgs/msg
-- Up-to-date: /home/leon/robotica/scorbotLabo/software_scorbot/scorbot_ws/install/scorbot_msgs/include/scorbot_msgs/scorbot_msgs/msg/rosidl_typesupport_introspection_c__visibility_control.h
-- Up-to-date: /home/leon/robotica/scorbotLabo/software_scorbot/scorbot_ws/install/scorbot_msgs/include/scorbot_msgs/scorbot_msgs/msg/detail
-- Up-to-date: /home/leon/robotica/scorbotLabo/software_scorbot/scorbot_ws/install/scorbot_msgs/include/scorbot_msgs/scorbot_msgs/msg/detail/joint_velocities__type_support.c
-- Up-to-date: /home/leon/robotica/scorbotLabo/software_scorbot/scorbot_ws/install/scorbot_msgs/include/scorbot_msgs/scorbot_msgs/msg/detail/trajectory_point__rosidl_typesupport_introspection_c.h
-- Up-to-date: /home/leon/robotica/scorbotLabo/software_scorbot/scorbot_ws/install/scorbot_msgs/include/scorbot_msgs/scorbot_msgs/msg/detail/trajectory_point__type_support.c
-- Up-to-date: /home/leon/robotica/scorbotLabo/software_scorbot/scorbot_ws/install/scorbot_msgs/include/scorbot_msgs/scorbot_msgs/msg/detail/joint_trajectory__type_support.c
-- Up-to-date: /home/leon/robotica/scorbotLabo/software_scorbot/scorbot_ws/install/scorbot_msgs/include/scorbot_msgs/scorbot_msgs/msg/detail/joint_trajectory__rosidl_typesupport_introspection_c.h
-- Up-to-date: /home/leon/robotica/scorbotLabo/software_scorbot/scorbot_ws/install/scorbot_msgs/include/scorbot_msgs/scorbot_msgs/msg/detail/joint_velocities__rosidl_typesupport_introspection_c.h
-- Up-to-date: /home/leon/robotica/scorbotLabo/software_scorbot/scorbot_ws/install/scorbot_msgs/lib/libscorbot_msgs__rosidl_typesupport_introspection_c.so
-- Up-to-date: /home/leon/robotica/scorbotLabo/software_scorbot/scorbot_ws/install/scorbot_msgs/lib/libscorbot_msgs__rosidl_typesupport_c.so
-- Up-to-date: /home/leon/robotica/scorbotLabo/software_scorbot/scorbot_ws/install/scorbot_msgs/include/scorbot_msgs/scorbot_msgs
-- Up-to-date: /home/leon/robotica/scorbotLabo/software_scorbot/scorbot_ws/install/scorbot_msgs/include/scorbot_msgs/scorbot_msgs/msg
-- Up-to-date: /home/leon/robotica/scorbotLabo/software_scorbot/scorbot_ws/install/scorbot_msgs/include/scorbot_msgs/scorbot_msgs/msg/rosidl_generator_cpp__visibility_control.hpp
-- Up-to-date: /home/leon/robotica/scorbotLabo/software_scorbot/scorbot_ws/install/scorbot_msgs/include/scorbot_msgs/scorbot_msgs/msg/trajectory_point.hpp
-- Up-to-date: /home/leon/robotica/scorbotLabo/software_scorbot/scorbot_ws/install/scorbot_msgs/include/scorbot_msgs/scorbot_msgs/msg/detail
-- Up-to-date: /home/leon/robotica/scorbotLabo/software_scorbot/scorbot_ws/install/scorbot_msgs/include/scorbot_msgs/scorbot_msgs/msg/detail/trajectory_point__builder.hpp
-- Up-to-date: /home/leon/robotica/scorbotLabo/software_scorbot/scorbot_ws/install/scorbot_msgs/include/scorbot_msgs/scorbot_msgs/msg/detail/joint_velocities__builder.hpp
-- Up-to-date: /home/leon/robotica/scorbotLabo/software_scorbot/scorbot_ws/install/scorbot_msgs/include/scorbot_msgs/scorbot_msgs/msg/detail/joint_trajectory__struct.hpp
-- Up-to-date: /home/leon/robotica/scorbotLabo/software_scorbot/scorbot_ws/install/scorbot_msgs/include/scorbot_msgs/scorbot_msgs/msg/detail/joint_trajectory__traits.hpp
-- Up-to-date: /home/leon/robotica/scorbotLabo/software_scorbot/scorbot_ws/install/scorbot_msgs/include/scorbot_msgs/scorbot_msgs/msg/detail/joint_velocities__traits.hpp
-- Up-to-date: /home/leon/robotica/scorbotLabo/software_scorbot/scorbot_ws/install/scorbot_msgs/include/scorbot_msgs/scorbot_msgs/msg/detail/joint_velocities__struct.hpp
-- Up-to-date: /home/leon/robotica/scorbotLabo/software_scorbot/scorbot_ws/install/scorbot_msgs/include/scorbot_msgs/scorbot_msgs/msg/detail/trajectory_point__type_support.hpp
-- Up-to-date: /home/leon/robotica/scorbotLabo/software_scorbot/scorbot_ws/install/scorbot_msgs/include/scorbot_msgs/scorbot_msgs/msg/detail/joint_velocities__type_support.hpp
-- Up-to-date: /home/leon/robotica/scorbotLabo/software_scorbot/scorbot_ws/install/scorbot_msgs/include/scorbot_msgs/scorbot_msgs/msg/detail/trajectory_point__traits.hpp
-- Up-to-date: /home/leon/robotica/scorbotLabo/software_scorbot/scorbot_ws/install/scorbot_msgs/include/scorbot_msgs/scorbot_msgs/msg/detail/joint_trajectory__builder.hpp
-- Up-to-date: /home/leon/robotica/scorbotLabo/software_scorbot/scorbot_ws/install/scorbot_msgs/include/scorbot_msgs/scorbot_msgs/msg/detail/joint_trajectory__type_support.hpp
-- Up-to-date: /home/leon/robotica/scorbotLabo/software_scorbot/scorbot_ws/install/scorbot_msgs/include/scorbot_msgs/scorbot_msgs/msg/detail/trajectory_point__struct.hpp
-- Up-to-date: /home/leon/robotica/scorbotLabo/software_scorbot/scorbot_ws/install/scorbot_msgs/include/scorbot_msgs/scorbot_msgs/msg/joint_trajectory.hpp
-- Up-to-date: /home/leon/robotica/scorbotLabo/software_scorbot/scorbot_ws/install/scorbot_msgs/include/scorbot_msgs/scorbot_msgs/msg/joint_velocities.hpp
-- Up-to-date: /home/leon/robotica/scorbotLabo/software_scorbot/scorbot_ws/install/scorbot_msgs/include/scorbot_msgs/scorbot_msgs
-- Up-to-date: /home/leon/robotica/scorbotLabo/software_scorbot/scorbot_ws/install/scorbot_msgs/include/scorbot_msgs/scorbot_msgs/msg
-- Up-to-date: /home/leon/robotica/scorbotLabo/software_scorbot/scorbot_ws/install/scorbot_msgs/include/scorbot_msgs/scorbot_msgs/msg/rosidl_typesupport_fastrtps_cpp__visibility_control.h
-- Up-to-date: /home/leon/robotica/scorbotLabo/software_scorbot/scorbot_ws/install/scorbot_msgs/include/scorbot_msgs/scorbot_msgs/msg/detail
-- Up-to-date: /home/leon/robotica/scorbotLabo/software_scorbot/scorbot_ws/install/scorbot_msgs/include/scorbot_msgs/scorbot_msgs/msg/detail/trajectory_point__rosidl_typesupport_fastrtps_cpp.hpp
-- Up-to-date: /home/leon/robotica/scorbotLabo/software_scorbot/scorbot_ws/install/scorbot_msgs/include/scorbot_msgs/scorbot_msgs/msg/detail/joint_velocities__rosidl_typesupport_fastrtps_cpp.hpp
-- Up-to-date: /home/leon/robotica/scorbotLabo/software_scorbot/scorbot_ws/install/scorbot_msgs/include/scorbot_msgs/scorbot_msgs/msg/detail/joint_trajectory__rosidl_typesupport_fastrtps_cpp.hpp
-- Up-to-date: /home/leon/robotica/scorbotLabo/software_scorbot/scorbot_ws/install/scorbot_msgs/include/scorbot_msgs/scorbot_msgs/msg/detail/dds_fastrtps
-- Up-to-date: /home/leon/robotica/scorbotLabo/software_scorbot/scorbot_ws/install/scorbot_msgs/lib/libscorbot_msgs__rosidl_typesupport_fastrtps_cpp.so
-- Up-to-date: /home/leon/robotica/scorbotLabo/software_scorbot/scorbot_ws/install/scorbot_msgs/include/scorbot_msgs/scorbot_msgs
-- Up-to-date: /home/leon/robotica/scorbotLabo/software_scorbot/scorbot_ws/install/scorbot_msgs/include/scorbot_msgs/scorbot_msgs/msg
-- Up-to-date: /home/leon/robotica/scorbotLabo/software_scorbot/scorbot_ws/install/scorbot_msgs/include/scorbot_msgs/scorbot_msgs/msg/detail
-- Up-to-date: /home/leon/robotica/scorbotLabo/software_scorbot/scorbot_ws/install/scorbot_msgs/include/scorbot_msgs/scorbot_msgs/msg/detail/trajectory_point__rosidl_typesupport_introspection_cpp.hpp
-- Up-to-date: /home/leon/robotica/scorbotLabo/software_scorbot/scorbot_ws/install/scorbot_msgs/include/scorbot_msgs/scorbot_msgs/msg/detail/joint_velocities__rosidl_typesupport_introspection_cpp.hpp
-- Up-to-date: /home/leon/robotica/scorbotLabo/software_scorbot/scorbot_ws/install/scorbot_msgs/include/scorbot_msgs/scorbot_msgs/msg/detail/trajectory_point__type_support.cpp
-- Up-to-date: /home/leon/robotica/scorbotLabo/software_scorbot/scorbot_ws/install/scorbot_msgs/include/scorbot_msgs/scorbot_msgs/msg/detail/joint_trajectory__rosidl_typesupport_introspection_cpp.hpp
-- Up-to-date: /home/leon/robotica/scorbotLabo/software_scorbot/scorbot_ws/install/scorbot_msgs/include/scorbot_msgs/scorbot_msgs/msg/detail/joint_velocities__type_support.cpp
-- Up-to-date: /home/leon/robotica/scorbotLabo/software_scorbot/scorbot_ws/install/scorbot_msgs/include/scorbot_msgs/scorbot_msgs/msg/detail/joint_trajectory__type_support.cpp
-- Up-to-date: /home/leon/robotica/scorbotLabo/software_scorbot/scorbot_ws/install/scorbot_msgs/lib/libscorbot_msgs__rosidl_typesupport_introspection_cpp.so
-- Up-to-date: /home/leon/robotica/scorbotLabo/software_scorbot/scorbot_ws/install/scorbot_msgs/lib/libscorbot_msgs__rosidl_typesupport_cpp.so
-- Up-to-date: /home/leon/robotica/scorbotLabo/software_scorbot/scorbot_ws/install/scorbot_msgs/share/scorbot_msgs/environment/pythonpath.sh
-- Up-to-date: /home/leon/robotica/scorbotLabo/software_scorbot/scorbot_ws/install/scorbot_msgs/share/scorbot_msgs/environment/pythonpath.dsv
-- Up-to-date: /home/leon/robotica/scorbotLabo/software_scorbot/scorbot_ws/install/scorbot_msgs/local/lib/python3.10/dist-packages/scorbot_msgs-0.0.0-py3.10.egg-info
-- Installing: /home/leon/robotica/scorbotLabo/software_scorbot/scorbot_ws/install/scorbot_msgs/local/lib/python3.10/dist-packages/scorbot_msgs-0.0.0-py3.10.egg-info/dependency_links.txt
-- Installing: /home/leon/robotica/scorbotLabo/software_scorbot/scorbot_ws/install/scorbot_msgs/local/lib/python3.10/dist-packages/scorbot_msgs-0.0.0-py3.10.egg-info/top_level.txt
-- Installing: /home/leon/robotica/scorbotLabo/software_scorbot/scorbot_ws/install/scorbot_msgs/local/lib/python3.10/dist-packages/scorbot_msgs-0.0.0-py3.10.egg-info/PKG-INFO
-- Installing: /home/leon/robotica/scorbotLabo/software_scorbot/scorbot_ws/install/scorbot_msgs/local/lib/python3.10/dist-packages/scorbot_msgs-0.0.0-py3.10.egg-info/SOURCES.txt
-- Up-to-date: /home/leon/robotica/scorbotLabo/software_scorbot/scorbot_ws/install/scorbot_msgs/local/lib/python3.10/dist-packages/scorbot_msgs
-- Up-to-date: /home/leon/robotica/scorbotLabo/software_scorbot/scorbot_ws/install/scorbot_msgs/local/lib/python3.10/dist-packages/scorbot_msgs/libscorbot_msgs__rosidl_generator_py.so
-- Up-to-date: /home/leon/robotica/scorbotLabo/software_scorbot/scorbot_ws/install/scorbot_msgs/local/lib/python3.10/dist-packages/scorbot_msgs/_scorbot_msgs_s.ep.rosidl_typesupport_c.c
-- Up-to-date: /home/leon/robotica/scorbotLabo/software_scorbot/scorbot_ws/install/scorbot_msgs/local/lib/python3.10/dist-packages/scorbot_msgs/_scorbot_msgs_s.ep.rosidl_typesupport_fastrtps_c.c
-- Up-to-date: /home/leon/robotica/scorbotLabo/software_scorbot/scorbot_ws/install/scorbot_msgs/local/lib/python3.10/dist-packages/scorbot_msgs/scorbot_msgs_s__rosidl_typesupport_c.cpython-310-x86_64-linux-gnu.so
-- Up-to-date: /home/leon/robotica/scorbotLabo/software_scorbot/scorbot_ws/install/scorbot_msgs/local/lib/python3.10/dist-packages/scorbot_msgs/__init__.py
-- Up-to-date: /home/leon/robotica/scorbotLabo/software_scorbot/scorbot_ws/install/scorbot_msgs/local/lib/python3.10/dist-packages/scorbot_msgs/scorbot_msgs_s__rosidl_typesupport_fastrtps_c.cpython-310-x86_64-linux-gnu.so
-- Up-to-date: /home/leon/robotica/scorbotLabo/software_scorbot/scorbot_ws/install/scorbot_msgs/local/lib/python3.10/dist-packages/scorbot_msgs/_scorbot_msgs_s.ep.rosidl_typesupport_introspection_c.c
-- Up-to-date: /home/leon/robotica/scorbotLabo/software_scorbot/scorbot_ws/install/scorbot_msgs/local/lib/python3.10/dist-packages/scorbot_msgs/scorbot_msgs_s__rosidl_typesupport_introspection_c.cpython-310-x86_64-linux-gnu.so
-- Up-to-date: /home/leon/robotica/scorbotLabo/software_scorbot/scorbot_ws/install/scorbot_msgs/local/lib/python3.10/dist-packages/scorbot_msgs/msg
-- Up-to-date: /home/leon/robotica/scorbotLabo/software_scorbot/scorbot_ws/install/scorbot_msgs/local/lib/python3.10/dist-packages/scorbot_msgs/msg/_joint_trajectory_s.c
-- Up-to-date: /home/leon/robotica/scorbotLabo/software_scorbot/scorbot_ws/install/scorbot_msgs/local/lib/python3.10/dist-packages/scorbot_msgs/msg/_joint_velocities_s.c
-- Up-to-date: /home/leon/robotica/scorbotLabo/software_scorbot/scorbot_ws/install/scorbot_msgs/local/lib/python3.10/dist-packages/scorbot_msgs/msg/__init__.py
-- Up-to-date: /home/leon/robotica/scorbotLabo/software_scorbot/scorbot_ws/install/scorbot_msgs/local/lib/python3.10/dist-packages/scorbot_msgs/msg/_trajectory_point_s.c
-- Up-to-date: /home/leon/robotica/scorbotLabo/software_scorbot/scorbot_ws/install/scorbot_msgs/local/lib/python3.10/dist-packages/scorbot_msgs/msg/_joint_velocities.py
-- Up-to-date: /home/leon/robotica/scorbotLabo/software_scorbot/scorbot_ws/install/scorbot_msgs/local/lib/python3.10/dist-packages/scorbot_msgs/msg/_joint_trajectory.py
-- Up-to-date: /home/leon/robotica/scorbotLabo/software_scorbot/scorbot_ws/install/scorbot_msgs/local/lib/python3.10/dist-packages/scorbot_msgs/msg/_trajectory_point.py
Listing '/home/leon/robotica/scorbotLabo/software_scorbot/scorbot_ws/install/scorbot_msgs/local/lib/python3.10/dist-packages/scorbot_msgs'...
Listing '/home/leon/robotica/scorbotLabo/software_scorbot/scorbot_ws/install/scorbot_msgs/local/lib/python3.10/dist-packages/scorbot_msgs/msg'...
-- Up-to-date: /home/leon/robotica/scorbotLabo/software_scorbot/scorbot_ws/install/scorbot_msgs/local/lib/python3.10/dist-packages/scorbot_msgs/scorbot_msgs_s__rosidl_typesupport_fastrtps_c.cpython-310-x86_64-linux-gnu.so
-- Up-to-date: /home/leon/robotica/scorbotLabo/software_scorbot/scorbot_ws/install/scorbot_msgs/local/lib/python3.10/dist-packages/scorbot_msgs/scorbot_msgs_s__rosidl_typesupport_introspection_c.cpython-310-x86_64-linux-gnu.so
-- Up-to-date: /home/leon/robotica/scorbotLabo/software_scorbot/scorbot_ws/install/scorbot_msgs/local/lib/python3.10/dist-packages/scorbot_msgs/scorbot_msgs_s__rosidl_typesupport_c.cpython-310-x86_64-linux-gnu.so
-- Up-to-date: /home/leon/robotica/scorbotLabo/software_scorbot/scorbot_ws/install/scorbot_msgs/lib/libscorbot_msgs__rosidl_generator_py.so
-- Up-to-date: /home/leon/robotica/scorbotLabo/software_scorbot/scorbot_ws/install/scorbot_msgs/share/ament_index/resource_index/rust_packages/scorbot_msgs
-- Up-to-date: /home/leon/robotica/scorbotLabo/software_scorbot/scorbot_ws/install/scorbot_msgs/share/scorbot_msgs/rust
-- Up-to-date: /home/leon/robotica/scorbotLabo/software_scorbot/scorbot_ws/install/scorbot_msgs/share/scorbot_msgs/rust/Cargo.toml
-- Up-to-date: /home/leon/robotica/scorbotLabo/software_scorbot/scorbot_ws/install/scorbot_msgs/share/scorbot_msgs/rust/src
-- Up-to-date: /home/leon/robotica/scorbotLabo/software_scorbot/scorbot_ws/install/scorbot_msgs/share/scorbot_msgs/rust/src/lib.rs
-- Up-to-date: /home/leon/robotica/scorbotLabo/software_scorbot/scorbot_ws/install/scorbot_msgs/share/scorbot_msgs/rust/src/msg
-- Up-to-date: /home/leon/robotica/scorbotLabo/software_scorbot/scorbot_ws/install/scorbot_msgs/share/scorbot_msgs/rust/src/msg/rmw.rs
-- Up-to-date: /home/leon/robotica/scorbotLabo/software_scorbot/scorbot_ws/install/scorbot_msgs/share/scorbot_msgs/rust/src/msg.rs
-- Up-to-date: /home/leon/robotica/scorbotLabo/software_scorbot/scorbot_ws/install/scorbot_msgs/share/scorbot_msgs/rust/build.rs
-- Up-to-date: /home/leon/robotica/scorbotLabo/software_scorbot/scorbot_ws/install/scorbot_msgs/share/scorbot_msgs/msg/JointTrajectory.idl
-- Up-to-date: /home/leon/robotica/scorbotLabo/software_scorbot/scorbot_ws/install/scorbot_msgs/share/scorbot_msgs/msg/JointVelocities.idl
-- Up-to-date: /home/leon/robotica/scorbotLabo/software_scorbot/scorbot_ws/install/scorbot_msgs/share/scorbot_msgs/msg/TrajectoryPoint.idl
-- Up-to-date: /home/leon/robotica/scorbotLabo/software_scorbot/scorbot_ws/install/scorbot_msgs/share/scorbot_msgs/msg/JointTrajectory.msg
-- Up-to-date: /home/leon/robotica/scorbotLabo/software_scorbot/scorbot_ws/install/scorbot_msgs/share/scorbot_msgs/msg/JointVelocities.msg
-- Up-to-date: /home/leon/robotica/scorbotLabo/software_scorbot/scorbot_ws/install/scorbot_msgs/share/scorbot_msgs/msg/TrajectoryPoint.msg
-- Up-to-date: /home/leon/robotica/scorbotLabo/software_scorbot/scorbot_ws/install/scorbot_msgs/share/ament_index/resource_index/package_run_dependencies/scorbot_msgs
-- Up-to-date: /home/leon/robotica/scorbotLabo/software_scorbot/scorbot_ws/install/scorbot_msgs/share/ament_index/resource_index/parent_prefix_path/scorbot_msgs
-- Up-to-date: /home/leon/robotica/scorbotLabo/software_scorbot/scorbot_ws/install/scorbot_msgs/share/scorbot_msgs/environment/ament_prefix_path.sh
-- Up-to-date: /home/leon/robotica/scorbotLabo/software_scorbot/scorbot_ws/install/scorbot_msgs/share/scorbot_msgs/environment/ament_prefix_path.dsv
-- Up-to-date: /home/leon/robotica/scorbotLabo/software_scorbot/scorbot_ws/install/scorbot_msgs/share/scorbot_msgs/environment/path.sh
-- Up-to-date: /home/leon/robotica/scorbotLabo/software_scorbot/scorbot_ws/install/scorbot_msgs/share/scorbot_msgs/environment/path.dsv
-- Up-to-date: /home/leon/robotica/scorbotLabo/software_scorbot/scorbot_ws/install/scorbot_msgs/share/scorbot_msgs/local_setup.bash
-- Up-to-date: /home/leon/robotica/scorbotLabo/software_scorbot/scorbot_ws/install/scorbot_msgs/share/scorbot_msgs/local_setup.sh
-- Up-to-date: /home/leon/robotica/scorbotLabo/software_scorbot/scorbot_ws/install/scorbot_msgs/share/scorbot_msgs/local_setup.zsh
-- Up-to-date: /home/leon/robotica/scorbotLabo/software_scorbot/scorbot_ws/install/scorbot_msgs/share/scorbot_msgs/local_setup.dsv
-- Installing: /home/leon/robotica/scorbotLabo/software_scorbot/scorbot_ws/install/scorbot_msgs/share/scorbot_msgs/package.dsv
-- Up-to-date: /home/leon/robotica/scorbotLabo/software_scorbot/scorbot_ws/install/scorbot_msgs/share/ament_index/resource_index/packages/scorbot_msgs
-- Up-to-date: /home/leon/robotica/scorbotLabo/software_scorbot/scorbot_ws/install/scorbot_msgs/share/scorbot_msgs/cmake/export_scorbot_msgs__rosidl_generator_cExport.cmake
-- Up-to-date: /home/leon/robotica/scorbotLabo/software_scorbot/scorbot_ws/install/scorbot_msgs/share/scorbot_msgs/cmake/export_scorbot_msgs__rosidl_generator_cExport-noconfig.cmake
-- Up-to-date: /home/leon/robotica/scorbotLabo/software_scorbot/scorbot_ws/install/scorbot_msgs/share/scorbot_msgs/cmake/export_scorbot_msgs__rosidl_typesupport_fastrtps_cExport.cmake
-- Up-to-date: /home/leon/robotica/scorbotLabo/software_scorbot/scorbot_ws/install/scorbot_msgs/share/scorbot_msgs/cmake/export_scorbot_msgs__rosidl_typesupport_fastrtps_cExport-noconfig.cmake
-- Up-to-date: /home/leon/robotica/scorbotLabo/software_scorbot/scorbot_ws/install/scorbot_msgs/share/scorbot_msgs/cmake/scorbot_msgs__rosidl_typesupport_introspection_cExport.cmake
-- Up-to-date: /home/leon/robotica/scorbotLabo/software_scorbot/scorbot_ws/install/scorbot_msgs/share/scorbot_msgs/cmake/scorbot_msgs__rosidl_typesupport_introspection_cExport-noconfig.cmake
-- Up-to-date: /home/leon/robotica/scorbotLabo/software_scorbot/scorbot_ws/install/scorbot_msgs/share/scorbot_msgs/cmake/scorbot_msgs__rosidl_typesupport_cExport.cmake
-- Up-to-date: /home/leon/robotica/scorbotLabo/software_scorbot/scorbot_ws/install/scorbot_msgs/share/scorbot_msgs/cmake/scorbot_msgs__rosidl_typesupport_cExport-noconfig.cmake
-- Up-to-date: /home/leon/robotica/scorbotLabo/software_scorbot/scorbot_ws/install/scorbot_msgs/share/scorbot_msgs/cmake/export_scorbot_msgs__rosidl_generator_cppExport.cmake
-- Up-to-date: /home/leon/robotica/scorbotLabo/software_scorbot/scorbot_ws/install/scorbot_msgs/share/scorbot_msgs/cmake/export_scorbot_msgs__rosidl_typesupport_fastrtps_cppExport.cmake
-- Up-to-date: /home/leon/robotica/scorbotLabo/software_scorbot/scorbot_ws/install/scorbot_msgs/share/scorbot_msgs/cmake/export_scorbot_msgs__rosidl_typesupport_fastrtps_cppExport-noconfig.cmake
-- Up-to-date: /home/leon/robotica/scorbotLabo/software_scorbot/scorbot_ws/install/scorbot_msgs/share/scorbot_msgs/cmake/scorbot_msgs__rosidl_typesupport_introspection_cppExport.cmake
-- Up-to-date: /home/leon/robotica/scorbotLabo/software_scorbot/scorbot_ws/install/scorbot_msgs/share/scorbot_msgs/cmake/scorbot_msgs__rosidl_typesupport_introspection_cppExport-noconfig.cmake
-- Up-to-date: /home/leon/robotica/scorbotLabo/software_scorbot/scorbot_ws/install/scorbot_msgs/share/scorbot_msgs/cmake/scorbot_msgs__rosidl_typesupport_cppExport.cmake
-- Up-to-date: /home/leon/robotica/scorbotLabo/software_scorbot/scorbot_ws/install/scorbot_msgs/share/scorbot_msgs/cmake/scorbot_msgs__rosidl_typesupport_cppExport-noconfig.cmake
-- Up-to-date: /home/leon/robotica/scorbotLabo/software_scorbot/scorbot_ws/install/scorbot_msgs/share/scorbot_msgs/cmake/export_scorbot_msgs__rosidl_generator_pyExport.cmake
-- Up-to-date: /home/leon/robotica/scorbotLabo/software_scorbot/scorbot_ws/install/scorbot_msgs/share/scorbot_msgs/cmake/export_scorbot_msgs__rosidl_generator_pyExport-noconfig.cmake
-- Up-to-date: /home/leon/robotica/scorbotLabo/software_scorbot/scorbot_ws/install/scorbot_msgs/share/scorbot_msgs/cmake/rosidl_cmake-extras.cmake
-- Up-to-date: /home/leon/robotica/scorbotLabo/software_scorbot/scorbot_ws/install/scorbot_msgs/share/scorbot_msgs/cmake/ament_cmake_export_dependencies-extras.cmake
-- Up-to-date: /home/leon/robotica/scorbotLabo/software_scorbot/scorbot_ws/install/scorbot_msgs/share/scorbot_msgs/cmake/ament_cmake_export_include_directories-extras.cmake
-- Up-to-date: /home/leon/robotica/scorbotLabo/software_scorbot/scorbot_ws/install/scorbot_msgs/share/scorbot_msgs/cmake/ament_cmake_export_libraries-extras.cmake
-- Up-to-date: /home/leon/robotica/scorbotLabo/software_scorbot/scorbot_ws/install/scorbot_msgs/share/scorbot_msgs/cmake/ament_cmake_export_targets-extras.cmake
-- Up-to-date: /home/leon/robotica/scorbotLabo/software_scorbot/scorbot_ws/install/scorbot_msgs/share/scorbot_msgs/cmake/rosidl_cmake_export_typesupport_targets-extras.cmake
-- Up-to-date: /home/leon/robotica/scorbotLabo/software_scorbot/scorbot_ws/install/scorbot_msgs/share/scorbot_msgs/cmake/rosidl_cmake_export_typesupport_libraries-extras.cmake
-- Up-to-date: /home/leon/robotica/scorbotLabo/software_scorbot/scorbot_ws/install/scorbot_msgs/share/scorbot_msgs/cmake/scorbot_msgsConfig.cmake
-- Up-to-date: /home/leon/robotica/scorbotLabo/software_scorbot/scorbot_ws/install/scorbot_msgs/share/scorbot_msgs/cmake/scorbot_msgsConfig-version.cmake
-- Up-to-date: /home/leon/robotica/scorbotLabo/software_scorbot/scorbot_ws/install/scorbot_msgs/share/scorbot_msgs/package.xml
