[35m[1mConsolidate compiler generated dependencies of target universal_teleop[0m
[ 33%] [32mBuilding CXX object CMakeFiles/universal_teleop.dir/src/teleop.cpp.o[0m
[ 66%] [32mBuilding CXX object CMakeFiles/universal_teleop.dir/src/main.cpp.o[0m
[01m[K/home/leon/robotica/scorbotLabo/teleop_packages/universal_teleop/src/ros-universal-teleop/src/teleop.cpp:10:1:[m[K [01;31m[Kerror: [m[Kno declaration matches ‘[01m[Kuniversal_teleop::Teleop::Teleop(std::shared_ptr<rclcpp::Node>)[m[K’
   10 | [01;31m[Kteleop[m[K::Teleop::Teleop(std::shared_ptr<rclcpp::Node> node)
      | [01;31m[K^~~~~~[m[K
In file included from [01m[K/home/leon/robotica/scorbotLabo/teleop_packages/universal_teleop/src/ros-universal-teleop/src/teleop.cpp:5[m[K:
[01m[K/home/leon/robotica/scorbotLabo/teleop_packages/universal_teleop/src/ros-universal-teleop/src/teleop.h:10:9:[m[K [01;36m[Knote: [m[Kcandidates are: ‘[01m[Kuniversal_teleop::Teleop::Teleop(universal_teleop::Teleop&&)[m[K’
   10 |   class [01;36m[KTeleop[m[K {
      |         [01;36m[K^~~~~~[m[K
[01m[K/home/leon/robotica/scorbotLabo/teleop_packages/universal_teleop/src/ros-universal-teleop/src/teleop.h:10:9:[m[K [01;36m[Knote: [m[K                ‘[01m[Kuniversal_teleop::Teleop::Teleop(const universal_teleop::Teleop&)[m[K’
[01m[K/home/leon/robotica/scorbotLabo/teleop_packages/universal_teleop/src/ros-universal-teleop/src/teleop.h:12:7:[m[K [01;36m[Knote: [m[K                ‘[01m[Kuniversal_teleop::Teleop::Teleop(rclcpp::Node)[m[K’
   12 |       [01;36m[KTeleop[m[K(rclcpp::Node node);
      |       [01;36m[K^~~~~~[m[K
[01m[K/home/leon/robotica/scorbotLabo/teleop_packages/universal_teleop/src/ros-universal-teleop/src/teleop.h:10:9:[m[K [01;36m[Knote: [m[K‘[01m[Kclass universal_teleop::Teleop[m[K’ defined here
   10 |   class [01;36m[KTeleop[m[K {
      |         [01;36m[K^~~~~~[m[K
[01m[K/home/leon/robotica/scorbotLabo/teleop_packages/universal_teleop/src/ros-universal-teleop/src/teleop.cpp:60:50:[m[K [01;31m[Kerror: [m[K‘[01m[KEvent[m[K’ in namespace ‘[01m[Kteleop[m[K’ does not name a type
   60 | void teleop::Teleop::process_event(const teleop::[01;31m[KEvent[m[K& e)
      |                                                  [01;31m[K^~~~~[m[K
[01m[K/home/leon/robotica/scorbotLabo/teleop_packages/universal_teleop/src/ros-universal-teleop/src/teleop.cpp:60:6:[m[K [01;31m[Kerror: [m[Kno declaration matches ‘[01m[Kvoid universal_teleop::Teleop::process_event(const int&)[m[K’
   60 | void [01;31m[Kteleop[m[K::Teleop::process_event(const teleop::Event& e)
      |      [01;31m[K^~~~~~[m[K
In file included from [01m[K/home/leon/robotica/scorbotLabo/teleop_packages/universal_teleop/src/ros-universal-teleop/src/teleop.cpp:5[m[K:
[01m[K/home/leon/robotica/scorbotLabo/teleop_packages/universal_teleop/src/ros-universal-teleop/src/teleop.h:20:12:[m[K [01;36m[Knote: [m[Kcandidate is: ‘[01m[Kvoid universal_teleop::Teleop::process_event(const Event&)[m[K’
   20 |       void [01;36m[Kprocess_event[m[K(const universal_teleop_msgs::msg::Event& e);
      |            [01;36m[K^~~~~~~~~~~~~[m[K
[01m[K/home/leon/robotica/scorbotLabo/teleop_packages/universal_teleop/src/ros-universal-teleop/src/teleop.h:10:9:[m[K [01;36m[Knote: [m[K‘[01m[Kclass universal_teleop::Teleop[m[K’ defined here
   10 |   class [01;36m[KTeleop[m[K {
      |         [01;36m[K^~~~~~[m[K
[01m[K/home/leon/robotica/scorbotLabo/teleop_packages/universal_teleop/src/ros-universal-teleop/src/teleop.cpp:83:56:[m[K [01;31m[Kerror: [m[K‘[01m[KJoy[m[K’ in namespace ‘[01m[Ksensor_msgs[m[K’ does not name a type
   83 | void teleop::Teleop::joystick_event(const sensor_msgs::[01;31m[KJoy[m[K& joy)
      |                                                        [01;31m[K^~~[m[K
[01m[K/home/leon/robotica/scorbotLabo/teleop_packages/universal_teleop/src/ros-universal-teleop/src/teleop.cpp:83:6:[m[K [01;31m[Kerror: [m[Kno declaration matches ‘[01m[Kvoid universal_teleop::Teleop::joystick_event(const int&)[m[K’
   83 | void [01;31m[Kteleop[m[K::Teleop::joystick_event(const sensor_msgs::Joy& joy)
      |      [01;31m[K^~~~~~[m[K
In file included from [01m[K/home/leon/robotica/scorbotLabo/teleop_packages/universal_teleop/src/ros-universal-teleop/src/teleop.cpp:5[m[K:
[01m[K/home/leon/robotica/scorbotLabo/teleop_packages/universal_teleop/src/ros-universal-teleop/src/teleop.h:16:12:[m[K [01;36m[Knote: [m[Kcandidate is: ‘[01m[Kvoid universal_teleop::Teleop::joystick_event(const Joy&)[m[K’
   16 |       void [01;36m[Kjoystick_event[m[K(const sensor_msgs::msg::Joy& joy);
      |            [01;36m[K^~~~~~~~~~~~~~[m[K
[01m[K/home/leon/robotica/scorbotLabo/teleop_packages/universal_teleop/src/ros-universal-teleop/src/teleop.h:10:9:[m[K [01;36m[Knote: [m[K‘[01m[Kclass universal_teleop::Teleop[m[K’ defined here
   10 |   class [01;36m[KTeleop[m[K {
      |         [01;36m[K^~~~~~[m[K
[01m[K/home/leon/robotica/scorbotLabo/teleop_packages/universal_teleop/src/ros-universal-teleop/src/teleop.cpp:126:46:[m[K [01;31m[Kerror: [m[K‘[01m[Kkeyboard[m[K’ does not name a type
  126 | void teleop::Teleop::keyboard_up_event(const [01;31m[Kkeyboard[m[K::Key& key)
      |                                              [01;31m[K^~~~~~~~[m[K
[01m[K/home/leon/robotica/scorbotLabo/teleop_packages/universal_teleop/src/ros-universal-teleop/src/teleop.cpp:126:59:[m[K [01;31m[Kerror: [m[Kexpected unqualified-id before ‘[01m[K&[m[K’ token
  126 | void teleop::Teleop::keyboard_up_event(const keyboard::Key[01;31m[K&[m[K key)
      |                                                           [01;31m[K^[m[K
[01m[K/home/leon/robotica/scorbotLabo/teleop_packages/universal_teleop/src/ros-universal-teleop/src/teleop.cpp:126:59:[m[K [01;31m[Kerror: [m[Kexpected ‘[01m[K)[m[K’ before ‘[01m[K&[m[K’ token
  126 | void teleop::Teleop::keyboard_up_event[34m[K([m[Kconst keyboard::Key[01;31m[K&[m[K key)
      |                                       [34m[K~[m[K                   [01;31m[K^[m[K
      |                                                           [32m[K)[m[K
[01m[K/home/leon/robotica/scorbotLabo/teleop_packages/universal_teleop/src/ros-universal-teleop/src/teleop.cpp:126:61:[m[K [01;31m[Kerror: [m[Kexpected initializer before ‘[01m[Kkey[m[K’
  126 | void teleop::Teleop::keyboard_up_event(const keyboard::Key& [01;31m[Kkey[m[K)
      |                                                             [01;31m[K^~~[m[K
[01m[K/home/leon/robotica/scorbotLabo/teleop_packages/universal_teleop/src/ros-universal-teleop/src/teleop.cpp:144:48:[m[K [01;31m[Kerror: [m[K‘[01m[Kkeyboard[m[K’ does not name a type
  144 | void teleop::Teleop::keyboard_down_event(const [01;31m[Kkeyboard[m[K::Key& key)
      |                                                [01;31m[K^~~~~~~~[m[K
[01m[K/home/leon/robotica/scorbotLabo/teleop_packages/universal_teleop/src/ros-universal-teleop/src/teleop.cpp:144:61:[m[K [01;31m[Kerror: [m[Kexpected unqualified-id before ‘[01m[K&[m[K’ token
  144 | void teleop::Teleop::keyboard_down_event(const keyboard::Key[01;31m[K&[m[K key)
      |                                                             [01;31m[K^[m[K
[01m[K/home/leon/robotica/scorbotLabo/teleop_packages/universal_teleop/src/ros-universal-teleop/src/teleop.cpp:144:61:[m[K [01;31m[Kerror: [m[Kexpected ‘[01m[K)[m[K’ before ‘[01m[K&[m[K’ token
  144 | void teleop::Teleop::keyboard_down_event[34m[K([m[Kconst keyboard::Key[01;31m[K&[m[K key)
      |                                         [34m[K~[m[K                   [01;31m[K^[m[K
      |                                                             [32m[K)[m[K
[01m[K/home/leon/robotica/scorbotLabo/teleop_packages/universal_teleop/src/ros-universal-teleop/src/teleop.cpp:144:63:[m[K [01;31m[Kerror: [m[Kexpected initializer before ‘[01m[Kkey[m[K’
  144 | void teleop::Teleop::keyboard_down_event(const keyboard::Key& [01;31m[Kkey[m[K)
      |                                                               [01;31m[K^~~[m[K
[01m[K/home/leon/robotica/scorbotLabo/teleop_packages/universal_teleop/src/ros-universal-teleop/src/teleop.cpp:[m[K In member function ‘[01m[Kvoid universal_teleop::Teleop::control()[m[K’:
[01m[K/home/leon/robotica/scorbotLabo/teleop_packages/universal_teleop/src/ros-universal-teleop/src/teleop.cpp:180:20:[m[K [01;31m[Kerror: [m[K‘[01m[KTwist[m[K’ is not a member of ‘[01m[Kgeometry_msgs[m[K’; did you mean ‘[01m[Kgeometry_msgs::msg::Twist[m[K’?
  180 |     geometry_msgs::[01;31m[KTwist[m[K vel;
      |                    [01;31m[K^~~~~[m[K
In file included from [01m[K/opt/ros/humble/include/geometry_msgs/geometry_msgs/msg/twist.hpp:7[m[K,
                 from [01m[K/home/leon/robotica/scorbotLabo/teleop_packages/universal_teleop/src/ros-universal-teleop/src/teleop.cpp:1[m[K:
[01m[K/opt/ros/humble/include/geometry_msgs/geometry_msgs/msg/detail/twist__struct.hpp:135:7:[m[K [01;36m[Knote: [m[K‘[01m[Kgeometry_msgs::msg::Twist[m[K’ declared here
  135 | using [01;36m[KTwist[m[K =
      |       [01;36m[K^~~~~[m[K
[01m[K/home/leon/robotica/scorbotLabo/teleop_packages/universal_teleop/src/ros-universal-teleop/src/teleop.cpp:181:5:[m[K [01;31m[Kerror: [m[K‘[01m[Kvel[m[K’ was not declared in this scope
  181 |     [01;31m[Kvel[m[K.linear.x = pitch * axis_scales["pitch"];
      |     [01;31m[K^~~[m[K
[01m[K/home/leon/robotica/scorbotLabo/teleop_packages/universal_teleop/src/ros-universal-teleop/src/teleop.cpp:189:20:[m[K [01;31m[Kerror: [m[K‘[01m[KTwist[m[K’ is not a member of ‘[01m[Kgeometry_msgs[m[K’; did you mean ‘[01m[Kgeometry_msgs::msg::Twist[m[K’?
  189 |     geometry_msgs::[01;31m[KTwist[m[K vel;
      |                    [01;31m[K^~~~~[m[K
In file included from [01m[K/opt/ros/humble/include/geometry_msgs/geometry_msgs/msg/twist.hpp:7[m[K,
                 from [01m[K/home/leon/robotica/scorbotLabo/teleop_packages/universal_teleop/src/ros-universal-teleop/src/teleop.cpp:1[m[K:
[01m[K/opt/ros/humble/include/geometry_msgs/geometry_msgs/msg/detail/twist__struct.hpp:135:7:[m[K [01;36m[Knote: [m[K‘[01m[Kgeometry_msgs::msg::Twist[m[K’ declared here
  135 | using [01;36m[KTwist[m[K =
      |       [01;36m[K^~~~~[m[K
[01m[K/home/leon/robotica/scorbotLabo/teleop_packages/universal_teleop/src/ros-universal-teleop/src/teleop.cpp:190:5:[m[K [01;31m[Kerror: [m[K‘[01m[Kvel[m[K’ was not declared in this scope
  190 |     [01;31m[Kvel[m[K.linear.x = key_axes_state["pitch"] * axis_scales["pitch"];
      |     [01;31m[K^~~[m[K
In file included from [01m[K/home/leon/robotica/scorbotLabo/teleop_packages/universal_teleop/src/ros-universal-teleop/src/main.cpp:2[m[K:
[01m[K/home/leon/robotica/scorbotLabo/teleop_packages/universal_teleop/src/ros-universal-teleop/src/teleop.h:27:25:[m[K [01;31m[Kerror: [m[K‘[01m[Kgeometry_msgs[m[K’ was not declared in this scope
   27 |       rclcpp::Publisher<[01;31m[Kgeometry_msgs[m[K::msg::Twist> pub_vel;
      |                         [01;31m[K^~~~~~~~~~~~~[m[K
[01m[K/home/leon/robotica/scorbotLabo/teleop_packages/universal_teleop/src/ros-universal-teleop/src/teleop.h:27:50:[m[K [01;31m[Kerror: [m[Ktemplate argument 1 is invalid
   27 |       rclcpp::Publisher<geometry_msgs::msg::Twist[01;31m[K>[m[K pub_vel;
      |                                                  [01;31m[K^[m[K
[01m[K/home/leon/robotica/scorbotLabo/teleop_packages/universal_teleop/src/ros-universal-teleop/src/teleop.h:29:53:[m[K [01;31m[Kerror: [m[K‘[01m[KControl[m[K’ is not a member of ‘[01m[Kuniversal_teleop_msgs::msg[m[K’
   29 |       rclcpp::Publisher<universal_teleop_msgs::msg::[01;31m[KControl[m[K> pub_control;
      |                                                     [01;31m[K^~~~~~~[m[K
[01m[K/home/leon/robotica/scorbotLabo/teleop_packages/universal_teleop/src/ros-universal-teleop/src/teleop.h:29:60:[m[K [01;31m[Kerror: [m[Ktemplate argument 1 is invalid
   29 |       rclcpp::Publisher<universal_teleop_msgs::msg::Control[01;31m[K>[m[K pub_control;
      |                                                            [01;31m[K^[m[K
[01m[K/home/leon/robotica/scorbotLabo/teleop_packages/universal_teleop/src/ros-universal-teleop/src/main.cpp:[m[K In function ‘[01m[Kint main(int, char**)[m[K’:
[01m[K/home/leon/robotica/scorbotLabo/teleop_packages/universal_teleop/src/ros-universal-teleop/src/main.cpp:9:31:[m[K [01;31m[Kerror: [m[Kno matching function for call to ‘[01m[Kuniversal_teleop::Teleop::Teleop(std::shared_ptr<rclcpp::Node>&)[m[K’
    9 |   universal_teleop::Teleop t(n[01;31m[K)[m[K;
      |                               [01;31m[K^[m[K
In file included from [01m[K/home/leon/robotica/scorbotLabo/teleop_packages/universal_teleop/src/ros-universal-teleop/src/main.cpp:2[m[K:
[01m[K/home/leon/robotica/scorbotLabo/teleop_packages/universal_teleop/src/ros-universal-teleop/src/teleop.h:12:7:[m[K [01;36m[Knote: [m[Kcandidate: ‘[01m[Kuniversal_teleop::Teleop::Teleop(rclcpp::Node)[m[K’
   12 |       [01;36m[KTeleop[m[K(rclcpp::Node node);
      |       [01;36m[K^~~~~~[m[K
[01m[K/home/leon/robotica/scorbotLabo/teleop_packages/universal_teleop/src/ros-universal-teleop/src/teleop.h:12:27:[m[K [01;36m[Knote: [m[K  no known conversion for argument 1 from ‘[01m[Kstd::shared_ptr<rclcpp::Node>[m[K’ to ‘[01m[Krclcpp::Node[m[K’
   12 |       Teleop([01;36m[Krclcpp::Node node[m[K);
      |              [01;36m[K~~~~~~~~~~~~~^~~~[m[K
gmake[2]: *** [CMakeFiles/universal_teleop.dir/build.make:90: CMakeFiles/universal_teleop.dir/src/teleop.cpp.o] Error 1
gmake[2]: *** Waiting for unfinished jobs....
gmake[2]: *** [CMakeFiles/universal_teleop.dir/build.make:76: CMakeFiles/universal_teleop.dir/src/main.cpp.o] Error 1
gmake[1]: *** [CMakeFiles/Makefile2:137: CMakeFiles/universal_teleop.dir/all] Error 2
gmake: *** [Makefile:146: all] Error 2
