[0.020s] Invoking command in '/home/leon/robotica/scorbotLabo/teleop_packages/ros_keyboard/build/keyboard': CMAKE_PREFIX_PATH=${CMAKE_PREFIX_PATH}:/opt/ros/humble /usr/bin/cmake --build /home/leon/robotica/scorbotLabo/teleop_packages/ros_keyboard/build/keyboard -- -j8 -l8
[0.082s] [35m[1mConsolidate compiler generated dependencies of target keyboard[0m
[0.109s] [ 66%] [32mBuilding CXX object CMakeFiles/keyboard.dir/src/keyboard.cpp.o[0m
[0.109s] [ 66%] [32mBuilding CXX object CMakeFiles/keyboard.dir/src/main.cpp.o[0m
[1.205s] [01m[K/home/leon/robotica/scorbotLabo/teleop_packages/ros_keyboard/src/ros-keyboard/src/keyboard.cpp:[m[K In constructor ‘[01m[Kkeyboard::Keyboard::Keyboard(int, int)[m[K’:
[1.205s] [01m[K/home/leon/robotica/scorbotLabo/teleop_packages/ros_keyboard/src/ros-keyboard/src/keyboard.cpp:6:3:[m[K [01;31m[Kerror: [m[K‘[01m[KSDL_EnableKeyRepeat[m[K’ was not declared in this scope
[1.205s]     6 |   [01;31m[KSDL_EnableKeyRepeat[m[K( repeat_delay, repeat_interval );
[1.206s]       |   [01;31m[K^~~~~~~~~~~~~~~~~~~[m[K
[1.238s] [01m[K/home/leon/robotica/scorbotLabo/teleop_packages/ros_keyboard/src/ros-keyboard/src/keyboard.cpp:7:3:[m[K [01;31m[Kerror: [m[K‘[01m[KSDL_WM_SetCaption[m[K’ was not declared in this scope
[1.238s]     7 |   [01;31m[KSDL_WM_SetCaption[m[K("ROS keyboard input", NULL);
[1.239s]       |   [01;31m[K^~~~~~~~~~~~~~~~~[m[K
[1.270s] [01m[K/home/leon/robotica/scorbotLabo/teleop_packages/ros_keyboard/src/ros-keyboard/src/keyboard.cpp:8:12:[m[K [01;31m[Kerror: [m[K‘[01m[KSDL_SetVideoMode[m[K’ was not declared in this scope; did you mean ‘[01m[KSDL_ScaleMode[m[K’?
[1.270s]     8 |   window = [01;31m[KSDL_SetVideoMode[m[K(100, 100, 0, 0);
[1.271s]       |            [01;31m[K^~~~~~~~~~~~~~~~[m[K
[1.271s]       |            [32m[KSDL_ScaleMode[m[K
[1.287s] [01m[K/home/leon/robotica/scorbotLabo/teleop_packages/ros_keyboard/src/ros-keyboard/src/keyboard.cpp:[m[K In member function ‘[01m[Kbool keyboard::Keyboard::get_key(bool&, bool&, uint16_t&, uint16_t&)[m[K’:
[1.287s] [01m[K/home/leon/robotica/scorbotLabo/teleop_packages/ros_keyboard/src/ros-keyboard/src/keyboard.cpp:32:9:[m[K [01;31m[Kerror: [m[K‘[01m[KSDL_Flip[m[K’ was not declared in this scope; did you mean ‘[01m[KSDL_blit[m[K’?
[1.287s]    32 |         [01;31m[KSDL_Flip[m[K(window);
[1.287s]       |         [01;31m[K^~~~~~~~[m[K
[1.287s]       |         [32m[KSDL_blit[m[K
[1.390s] gmake[2]: *** [CMakeFiles/keyboard.dir/build.make:90: CMakeFiles/keyboard.dir/src/keyboard.cpp.o] Error 1
[1.390s] gmake[2]: *** Waiting for unfinished jobs....
[3.164s] [01m[K/home/leon/robotica/scorbotLabo/teleop_packages/ros_keyboard/src/ros-keyboard/src/main.cpp:[m[K In function ‘[01m[Kint main(int, char**)[m[K’:
[3.164s] [01m[K/home/leon/robotica/scorbotLabo/teleop_packages/ros_keyboard/src/ros-keyboard/src/main.cpp:17:6:[m[K [01;31m[Kerror: [m[K‘[01m[Kusing element_type = class rclcpp::Node[m[K’ {aka ‘[01m[Kclass rclcpp::Node[m[K’} has no member named ‘[01m[Kparam[m[K’
[3.165s]    17 |   n->[01;31m[Kparam[m[K<bool>("allow_repeat", allow_repeat, false); // disable by default
[3.165s]       |      [01;31m[K^~~~~[m[K
[3.165s] [01m[K/home/leon/robotica/scorbotLabo/teleop_packages/ros_keyboard/src/ros-keyboard/src/main.cpp:17:12:[m[K [01;31m[Kerror: [m[Kexpected primary-expression before ‘[01m[Kbool[m[K’
[3.165s]    17 |   n->param<[01;31m[Kbool[m[K>("allow_repeat", allow_repeat, false); // disable by default
[3.165s]       |            [01;31m[K^~~~[m[K
[3.165s] [01m[K/home/leon/robotica/scorbotLabo/teleop_packages/ros_keyboard/src/ros-keyboard/src/main.cpp:18:6:[m[K [01;31m[Kerror: [m[K‘[01m[Kusing element_type = class rclcpp::Node[m[K’ {aka ‘[01m[Kclass rclcpp::Node[m[K’} has no member named ‘[01m[Kparam[m[K’
[3.165s]    18 |   n->[01;31m[Kparam[m[K<int>("repeat_delay", repeat_delay, SDL_DEFAULT_REPEAT_DELAY);
[3.165s]       |      [01;31m[K^~~~~[m[K
[3.165s] [01m[K/home/leon/robotica/scorbotLabo/teleop_packages/ros_keyboard/src/ros-keyboard/src/main.cpp:18:12:[m[K [01;31m[Kerror: [m[Kexpected primary-expression before ‘[01m[Kint[m[K’
[3.165s]    18 |   n->param<[01;31m[Kint[m[K>("repeat_delay", repeat_delay, SDL_DEFAULT_REPEAT_DELAY);
[3.166s]       |            [01;31m[K^~~[m[K
[3.166s] [01m[K/home/leon/robotica/scorbotLabo/teleop_packages/ros_keyboard/src/ros-keyboard/src/main.cpp:19:6:[m[K [01;31m[Kerror: [m[K‘[01m[Kusing element_type = class rclcpp::Node[m[K’ {aka ‘[01m[Kclass rclcpp::Node[m[K’} has no member named ‘[01m[Kparam[m[K’
[3.166s]    19 |   n->[01;31m[Kparam[m[K<int>("repeat_interval", repeat_interval, SDL_DEFAULT_REPEAT_INTERVAL);
[3.166s]       |      [01;31m[K^~~~~[m[K
[3.166s] [01m[K/home/leon/robotica/scorbotLabo/teleop_packages/ros_keyboard/src/ros-keyboard/src/main.cpp:19:12:[m[K [01;31m[Kerror: [m[Kexpected primary-expression before ‘[01m[Kint[m[K’
[3.166s]    19 |   n->param<[01;31m[Kint[m[K>("repeat_interval", repeat_interval, SDL_DEFAULT_REPEAT_INTERVAL);
[3.166s]       |            [01;31m[K^~~[m[K
[3.175s] [01m[K/home/leon/robotica/scorbotLabo/teleop_packages/ros_keyboard/src/ros-keyboard/src/main.cpp:33:42:[m[K [01;31m[Kerror: [m[Kcannot call constructor ‘[01m[Krclcpp::Time::Time[m[K’ directly [[01;31m[K]8;;https://gcc.gnu.org/onlinedocs/gcc/Warning-Options.html#index-fpermissive-fpermissive]8;;[m[K]
[3.175s]    33 |       k.header.stamp = [01;31m[Krclcpp::Time::Time()[m[K;
[3.175s]       |                        [01;31m[K~~~~~~~~~~~~~~~~~~^~[m[K
[3.176s] [01m[K/home/leon/robotica/scorbotLabo/teleop_packages/ros_keyboard/src/ros-keyboard/src/main.cpp:33:42:[m[K [01;36m[Knote: [m[Kfor a function-style cast, remove the redundant ‘[01m[K::Time[m[K’
[4.056s] gmake[2]: *** [CMakeFiles/keyboard.dir/build.make:76: CMakeFiles/keyboard.dir/src/main.cpp.o] Error 1
[4.057s] gmake[1]: *** [CMakeFiles/Makefile2:137: CMakeFiles/keyboard.dir/all] Error 2
[4.057s] gmake: *** [Makefile:146: all] Error 2
[4.060s] Invoked command in '/home/leon/robotica/scorbotLabo/teleop_packages/ros_keyboard/build/keyboard' returned '2': CMAKE_PREFIX_PATH=${CMAKE_PREFIX_PATH}:/opt/ros/humble /usr/bin/cmake --build /home/leon/robotica/scorbotLabo/teleop_packages/ros_keyboard/build/keyboard -- -j8 -l8
