[0.187s] DEBUG:colcon:Command line arguments: ['/usr/bin/colcon', 'build']
[0.187s] DEBUG:colcon:Parsed command line arguments: Namespace(log_base=None, log_level=None, verb_name='build', build_base='build', install_base='install', merge_install=False, symlink_install=False, test_result_base=None, continue_on_error=False, executor='parallel', parallel_workers=4, event_handlers=None, ignore_user_meta=False, metas=['./colcon.meta'], base_paths=['.'], packages_ignore=None, packages_ignore_regex=None, paths=None, packages_up_to=None, packages_up_to_regex=None, packages_above=None, packages_above_and_dependencies=None, packages_above_depth=None, packages_select_by_dep=None, packages_skip_by_dep=None, packages_skip_up_to=None, packages_select_build_failed=False, packages_skip_build_finished=False, packages_select_test_failures=False, packages_skip_test_passed=False, packages_select=None, packages_skip=None, packages_select_regex=None, packages_skip_regex=None, packages_start=None, packages_end=None, allow_overriding=[], cmake_args=None, cmake_target=None, cmake_target_skip_unavailable=False, cmake_clean_cache=False, cmake_clean_first=False, cmake_force_configure=False, ament_cmake_args=None, catkin_cmake_args=None, catkin_skip_building_tests=False, verb_parser=<colcon_defaults.argument_parser.defaults.DefaultArgumentsDecorator object at 0x70c043bcf490>, verb_extension=<colcon_core.verb.build.BuildVerb object at 0x70c043bcef20>, main=<bound method BuildVerb.main of <colcon_core.verb.build.BuildVerb object at 0x70c043bcef20>>)
[0.474s] Level 1:colcon.colcon_core.package_discovery:discover_packages(colcon_meta) check parameters
[0.474s] Level 1:colcon.colcon_core.package_discovery:discover_packages(recursive) check parameters
[0.474s] Level 1:colcon.colcon_core.package_discovery:discover_packages(ignore) check parameters
[0.475s] Level 1:colcon.colcon_core.package_discovery:discover_packages(path) check parameters
[0.475s] Level 1:colcon.colcon_core.package_discovery:discover_packages(colcon_meta) discover
[0.475s] Level 1:colcon.colcon_core.package_discovery:discover_packages(recursive) discover
[0.475s] INFO:colcon.colcon_core.package_discovery:Crawling recursively for packages in '/home/leon/robotica/scorbotLabo/software_scorbot/scorbot_ws'
[0.475s] Level 1:colcon.colcon_core.package_identification:_identify(.) by extensions ['ignore', 'ignore_ament_install']
[0.475s] Level 1:colcon.colcon_core.package_identification:_identify(.) by extension 'ignore'
[0.475s] Level 1:colcon.colcon_core.package_identification:_identify(.) by extension 'ignore_ament_install'
[0.475s] Level 1:colcon.colcon_core.package_identification:_identify(.) by extensions ['colcon_pkg']
[0.475s] Level 1:colcon.colcon_core.package_identification:_identify(.) by extension 'colcon_pkg'
[0.475s] Level 1:colcon.colcon_core.package_identification:_identify(.) by extensions ['colcon_meta']
[0.475s] Level 1:colcon.colcon_core.package_identification:_identify(.) by extension 'colcon_meta'
[0.475s] Level 1:colcon.colcon_core.package_identification:_identify(.) by extensions ['ros']
[0.475s] Level 1:colcon.colcon_core.package_identification:_identify(.) by extension 'ros'
[0.494s] Level 1:colcon.colcon_core.package_identification:_identify(.) by extensions ['cmake', 'python']
[0.494s] Level 1:colcon.colcon_core.package_identification:_identify(.) by extension 'cmake'
[0.494s] Level 1:colcon.colcon_core.package_identification:_identify(.) by extension 'python'
[0.494s] Level 1:colcon.colcon_core.package_identification:_identify(.) by extensions ['python_setup_py']
[0.494s] Level 1:colcon.colcon_core.package_identification:_identify(.) by extension 'python_setup_py'
[0.494s] Level 1:colcon.colcon_core.package_identification:_identify(build) by extensions ['ignore', 'ignore_ament_install']
[0.495s] Level 1:colcon.colcon_core.package_identification:_identify(build) by extension 'ignore'
[0.495s] Level 1:colcon.colcon_core.package_identification:_identify(build) ignored
[0.495s] Level 1:colcon.colcon_core.package_identification:_identify(install) by extensions ['ignore', 'ignore_ament_install']
[0.495s] Level 1:colcon.colcon_core.package_identification:_identify(install) by extension 'ignore'
[0.495s] Level 1:colcon.colcon_core.package_identification:_identify(install) ignored
[0.495s] Level 1:colcon.colcon_core.package_identification:_identify(log) by extensions ['ignore', 'ignore_ament_install']
[0.496s] Level 1:colcon.colcon_core.package_identification:_identify(log) by extension 'ignore'
[0.496s] Level 1:colcon.colcon_core.package_identification:_identify(log) ignored
[0.496s] Level 1:colcon.colcon_core.package_identification:_identify(scorbot) by extensions ['ignore', 'ignore_ament_install']
[0.496s] Level 1:colcon.colcon_core.package_identification:_identify(scorbot) by extension 'ignore'
[0.496s] Level 1:colcon.colcon_core.package_identification:_identify(scorbot) by extension 'ignore_ament_install'
[0.496s] Level 1:colcon.colcon_core.package_identification:_identify(scorbot) by extensions ['colcon_pkg']
[0.496s] Level 1:colcon.colcon_core.package_identification:_identify(scorbot) by extension 'colcon_pkg'
[0.496s] Level 1:colcon.colcon_core.package_identification:_identify(scorbot) by extensions ['colcon_meta']
[0.496s] Level 1:colcon.colcon_core.package_identification:_identify(scorbot) by extension 'colcon_meta'
[0.496s] Level 1:colcon.colcon_core.package_identification:_identify(scorbot) by extensions ['ros']
[0.496s] Level 1:colcon.colcon_core.package_identification:_identify(scorbot) by extension 'ros'
[0.500s] DEBUG:colcon.colcon_core.package_identification:Package 'scorbot' with type 'ros.ament_cmake' and name 'scorbot'
[0.500s] Level 1:colcon.colcon_core.package_identification:_identify(scorbot_msgs) by extensions ['ignore', 'ignore_ament_install']
[0.501s] Level 1:colcon.colcon_core.package_identification:_identify(scorbot_msgs) by extension 'ignore'
[0.501s] Level 1:colcon.colcon_core.package_identification:_identify(scorbot_msgs) by extension 'ignore_ament_install'
[0.501s] Level 1:colcon.colcon_core.package_identification:_identify(scorbot_msgs) by extensions ['colcon_pkg']
[0.501s] Level 1:colcon.colcon_core.package_identification:_identify(scorbot_msgs) by extension 'colcon_pkg'
[0.501s] Level 1:colcon.colcon_core.package_identification:_identify(scorbot_msgs) by extensions ['colcon_meta']
[0.501s] Level 1:colcon.colcon_core.package_identification:_identify(scorbot_msgs) by extension 'colcon_meta'
[0.501s] Level 1:colcon.colcon_core.package_identification:_identify(scorbot_msgs) by extensions ['ros']
[0.501s] Level 1:colcon.colcon_core.package_identification:_identify(scorbot_msgs) by extension 'ros'
[0.502s] DEBUG:colcon.colcon_core.package_identification:Package 'scorbot_msgs' with type 'ros.ament_cmake' and name 'scorbot_msgs'
[0.502s] Level 1:colcon.colcon_core.package_discovery:discover_packages(recursive) using defaults
[0.502s] Level 1:colcon.colcon_core.package_discovery:discover_packages(ignore) discover
[0.502s] Level 1:colcon.colcon_core.package_discovery:discover_packages(ignore) using defaults
[0.502s] Level 1:colcon.colcon_core.package_discovery:discover_packages(path) discover
[0.502s] Level 1:colcon.colcon_core.package_discovery:discover_packages(path) using defaults
[0.531s] Level 1:colcon.colcon_core.package_discovery:discover_packages(prefix_path) check parameters
[0.531s] Level 1:colcon.colcon_core.package_discovery:discover_packages(prefix_path) discover
[0.534s] DEBUG:colcon.colcon_installed_package_information.package_discovery:Found 4 installed packages in /home/leon/robotica/scorbotLabo/universal_teleop/install
[0.536s] DEBUG:colcon.colcon_installed_package_information.package_discovery:Found 273 installed packages in /opt/ros/humble
[0.541s] Level 1:colcon.colcon_core.package_discovery:discover_packages(prefix_path) using defaults
[0.622s] Level 5:colcon.colcon_core.verb:set package 'scorbot' build argument 'cmake_args' from command line to 'None'
[0.622s] Level 5:colcon.colcon_core.verb:set package 'scorbot' build argument 'cmake_target' from command line to 'None'
[0.623s] Level 5:colcon.colcon_core.verb:set package 'scorbot' build argument 'cmake_target_skip_unavailable' from command line to 'False'
[0.623s] Level 5:colcon.colcon_core.verb:set package 'scorbot' build argument 'cmake_clean_cache' from command line to 'False'
[0.623s] Level 5:colcon.colcon_core.verb:set package 'scorbot' build argument 'cmake_clean_first' from command line to 'False'
[0.623s] Level 5:colcon.colcon_core.verb:set package 'scorbot' build argument 'cmake_force_configure' from command line to 'False'
[0.623s] Level 5:colcon.colcon_core.verb:set package 'scorbot' build argument 'ament_cmake_args' from command line to 'None'
[0.623s] Level 5:colcon.colcon_core.verb:set package 'scorbot' build argument 'catkin_cmake_args' from command line to 'None'
[0.623s] Level 5:colcon.colcon_core.verb:set package 'scorbot' build argument 'catkin_skip_building_tests' from command line to 'False'
[0.623s] DEBUG:colcon.colcon_core.verb:Building package 'scorbot' with the following arguments: {'ament_cmake_args': None, 'build_base': '/home/leon/robotica/scorbotLabo/software_scorbot/scorbot_ws/build/scorbot', 'catkin_cmake_args': None, 'catkin_skip_building_tests': False, 'cmake_args': None, 'cmake_clean_cache': False, 'cmake_clean_first': False, 'cmake_force_configure': False, 'cmake_target': None, 'cmake_target_skip_unavailable': False, 'install_base': '/home/leon/robotica/scorbotLabo/software_scorbot/scorbot_ws/install/scorbot', 'merge_install': False, 'path': '/home/leon/robotica/scorbotLabo/software_scorbot/scorbot_ws/scorbot', 'symlink_install': False, 'test_result_base': None}
[0.624s] Level 5:colcon.colcon_core.verb:set package 'scorbot_msgs' build argument 'cmake_args' from command line to 'None'
[0.624s] Level 5:colcon.colcon_core.verb:set package 'scorbot_msgs' build argument 'cmake_target' from command line to 'None'
[0.624s] Level 5:colcon.colcon_core.verb:set package 'scorbot_msgs' build argument 'cmake_target_skip_unavailable' from command line to 'False'
[0.624s] Level 5:colcon.colcon_core.verb:set package 'scorbot_msgs' build argument 'cmake_clean_cache' from command line to 'False'
[0.624s] Level 5:colcon.colcon_core.verb:set package 'scorbot_msgs' build argument 'cmake_clean_first' from command line to 'False'
[0.624s] Level 5:colcon.colcon_core.verb:set package 'scorbot_msgs' build argument 'cmake_force_configure' from command line to 'False'
[0.624s] Level 5:colcon.colcon_core.verb:set package 'scorbot_msgs' build argument 'ament_cmake_args' from command line to 'None'
[0.624s] Level 5:colcon.colcon_core.verb:set package 'scorbot_msgs' build argument 'catkin_cmake_args' from command line to 'None'
[0.624s] Level 5:colcon.colcon_core.verb:set package 'scorbot_msgs' build argument 'catkin_skip_building_tests' from command line to 'False'
[0.624s] DEBUG:colcon.colcon_core.verb:Building package 'scorbot_msgs' with the following arguments: {'ament_cmake_args': None, 'build_base': '/home/leon/robotica/scorbotLabo/software_scorbot/scorbot_ws/build/scorbot_msgs', 'catkin_cmake_args': None, 'catkin_skip_building_tests': False, 'cmake_args': None, 'cmake_clean_cache': False, 'cmake_clean_first': False, 'cmake_force_configure': False, 'cmake_target': None, 'cmake_target_skip_unavailable': False, 'install_base': '/home/leon/robotica/scorbotLabo/software_scorbot/scorbot_ws/install/scorbot_msgs', 'merge_install': False, 'path': '/home/leon/robotica/scorbotLabo/software_scorbot/scorbot_ws/scorbot_msgs', 'symlink_install': False, 'test_result_base': None}
[0.624s] INFO:colcon.colcon_core.executor:Executing jobs using 'parallel' executor
[0.626s] DEBUG:colcon.colcon_parallel_executor.executor.parallel:run_until_complete
[0.626s] INFO:colcon.colcon_ros.task.ament_cmake.build:Building ROS package in '/home/leon/robotica/scorbotLabo/software_scorbot/scorbot_ws/scorbot' with build type 'ament_cmake'
[0.627s] INFO:colcon.colcon_cmake.task.cmake.build:Building CMake package in '/home/leon/robotica/scorbotLabo/software_scorbot/scorbot_ws/scorbot'
[0.630s] INFO:colcon.colcon_core.plugin_system:Skipping extension 'colcon_core.shell.bat': Not used on non-Windows systems
[0.630s] INFO:colcon.colcon_core.shell:Skip shell extension 'powershell' for command environment: Not usable outside of PowerShell
[0.630s] DEBUG:colcon.colcon_core.shell:Skip shell extension 'dsv' for command environment
[0.635s] INFO:colcon.colcon_ros.task.ament_cmake.build:Building ROS package in '/home/leon/robotica/scorbotLabo/software_scorbot/scorbot_ws/scorbot_msgs' with build type 'ament_cmake'
[0.636s] INFO:colcon.colcon_cmake.task.cmake.build:Building CMake package in '/home/leon/robotica/scorbotLabo/software_scorbot/scorbot_ws/scorbot_msgs'
[0.636s] INFO:colcon.colcon_core.shell:Skip shell extension 'powershell' for command environment: Not usable outside of PowerShell
[0.636s] DEBUG:colcon.colcon_core.shell:Skip shell extension 'dsv' for command environment
[0.651s] DEBUG:colcon.colcon_core.event_handler.log_command:Invoking command in '/home/leon/robotica/scorbotLabo/software_scorbot/scorbot_ws/build/scorbot': CMAKE_PREFIX_PATH=${CMAKE_PREFIX_PATH}:/opt/ros/humble /usr/bin/cmake --build /home/leon/robotica/scorbotLabo/software_scorbot/scorbot_ws/build/scorbot -- -j4 -l4
[0.655s] DEBUG:colcon.colcon_core.event_handler.log_command:Invoking command in '/home/leon/robotica/scorbotLabo/software_scorbot/scorbot_ws/build/scorbot_msgs': CMAKE_PREFIX_PATH=${CMAKE_PREFIX_PATH}:/opt/ros/humble /usr/bin/cmake /home/leon/robotica/scorbotLabo/software_scorbot/scorbot_ws/scorbot_msgs -DCMAKE_INSTALL_PREFIX=/home/leon/robotica/scorbotLabo/software_scorbot/scorbot_ws/install/scorbot_msgs
[0.741s] DEBUG:colcon.colcon_core.event_handler.log_command:Invoked command in '/home/leon/robotica/scorbotLabo/software_scorbot/scorbot_ws/build/scorbot' returned '0': CMAKE_PREFIX_PATH=${CMAKE_PREFIX_PATH}:/opt/ros/humble /usr/bin/cmake --build /home/leon/robotica/scorbotLabo/software_scorbot/scorbot_ws/build/scorbot -- -j4 -l4
[0.757s] DEBUG:colcon.colcon_core.event_handler.log_command:Invoking command in '/home/leon/robotica/scorbotLabo/software_scorbot/scorbot_ws/build/scorbot': CMAKE_PREFIX_PATH=${CMAKE_PREFIX_PATH}:/opt/ros/humble /usr/bin/cmake --install /home/leon/robotica/scorbotLabo/software_scorbot/scorbot_ws/build/scorbot
[0.778s] Level 1:colcon.colcon_core.environment:create_environment_scripts_only(scorbot)
[0.781s] DEBUG:colcon.colcon_core.event_handler.log_command:Invoked command in '/home/leon/robotica/scorbotLabo/software_scorbot/scorbot_ws/build/scorbot' returned '0': CMAKE_PREFIX_PATH=${CMAKE_PREFIX_PATH}:/opt/ros/humble /usr/bin/cmake --install /home/leon/robotica/scorbotLabo/software_scorbot/scorbot_ws/build/scorbot
[0.783s] Level 1:colcon.colcon_core.environment:checking '/home/leon/robotica/scorbotLabo/software_scorbot/scorbot_ws/install/scorbot' for CMake module files
[0.784s] Level 1:colcon.colcon_core.environment:checking '/home/leon/robotica/scorbotLabo/software_scorbot/scorbot_ws/install/scorbot' for CMake config files
[0.784s] Level 1:colcon.colcon_core.shell:create_environment_hook('scorbot', 'cmake_prefix_path')
[0.785s] INFO:colcon.colcon_core.shell:Creating environment hook '/home/leon/robotica/scorbotLabo/software_scorbot/scorbot_ws/install/scorbot/share/scorbot/hook/cmake_prefix_path.ps1'
[0.786s] INFO:colcon.colcon_core.shell:Creating environment descriptor '/home/leon/robotica/scorbotLabo/software_scorbot/scorbot_ws/install/scorbot/share/scorbot/hook/cmake_prefix_path.dsv'
[0.787s] INFO:colcon.colcon_core.shell:Creating environment hook '/home/leon/robotica/scorbotLabo/software_scorbot/scorbot_ws/install/scorbot/share/scorbot/hook/cmake_prefix_path.sh'
[0.788s] Level 1:colcon.colcon_core.environment:checking '/home/leon/robotica/scorbotLabo/software_scorbot/scorbot_ws/install/scorbot/lib'
[0.789s] Level 1:colcon.colcon_core.environment:checking '/home/leon/robotica/scorbotLabo/software_scorbot/scorbot_ws/install/scorbot/bin'
[0.789s] Level 1:colcon.colcon_core.environment:checking '/home/leon/robotica/scorbotLabo/software_scorbot/scorbot_ws/install/scorbot/lib/pkgconfig/scorbot.pc'
[0.790s] Level 1:colcon.colcon_core.environment:checking '/home/leon/robotica/scorbotLabo/software_scorbot/scorbot_ws/install/scorbot/lib/python3.10/site-packages'
[0.790s] Level 1:colcon.colcon_core.environment:checking '/home/leon/robotica/scorbotLabo/software_scorbot/scorbot_ws/install/scorbot/bin'
[0.791s] INFO:colcon.colcon_core.shell:Creating package script '/home/leon/robotica/scorbotLabo/software_scorbot/scorbot_ws/install/scorbot/share/scorbot/package.ps1'
[0.795s] INFO:colcon.colcon_core.shell:Creating package descriptor '/home/leon/robotica/scorbotLabo/software_scorbot/scorbot_ws/install/scorbot/share/scorbot/package.dsv'
[0.796s] INFO:colcon.colcon_core.shell:Creating package script '/home/leon/robotica/scorbotLabo/software_scorbot/scorbot_ws/install/scorbot/share/scorbot/package.sh'
[0.797s] INFO:colcon.colcon_core.shell:Creating package script '/home/leon/robotica/scorbotLabo/software_scorbot/scorbot_ws/install/scorbot/share/scorbot/package.bash'
[0.799s] INFO:colcon.colcon_core.shell:Creating package script '/home/leon/robotica/scorbotLabo/software_scorbot/scorbot_ws/install/scorbot/share/scorbot/package.zsh'
[0.800s] Level 1:colcon.colcon_core.environment:create_file_with_runtime_dependencies(/home/leon/robotica/scorbotLabo/software_scorbot/scorbot_ws/install/scorbot/share/colcon-core/packages/scorbot)
[0.801s] Level 1:colcon.colcon_core.environment:create_environment_scripts_only(scorbot)
[0.802s] Level 1:colcon.colcon_core.environment:checking '/home/leon/robotica/scorbotLabo/software_scorbot/scorbot_ws/install/scorbot' for CMake module files
[0.803s] Level 1:colcon.colcon_core.environment:checking '/home/leon/robotica/scorbotLabo/software_scorbot/scorbot_ws/install/scorbot' for CMake config files
[0.803s] Level 1:colcon.colcon_core.shell:create_environment_hook('scorbot', 'cmake_prefix_path')
[0.803s] INFO:colcon.colcon_core.shell:Creating environment hook '/home/leon/robotica/scorbotLabo/software_scorbot/scorbot_ws/install/scorbot/share/scorbot/hook/cmake_prefix_path.ps1'
[0.804s] INFO:colcon.colcon_core.shell:Creating environment descriptor '/home/leon/robotica/scorbotLabo/software_scorbot/scorbot_ws/install/scorbot/share/scorbot/hook/cmake_prefix_path.dsv'
[0.805s] INFO:colcon.colcon_core.shell:Creating environment hook '/home/leon/robotica/scorbotLabo/software_scorbot/scorbot_ws/install/scorbot/share/scorbot/hook/cmake_prefix_path.sh'
[0.806s] Level 1:colcon.colcon_core.environment:checking '/home/leon/robotica/scorbotLabo/software_scorbot/scorbot_ws/install/scorbot/lib'
[0.806s] Level 1:colcon.colcon_core.environment:checking '/home/leon/robotica/scorbotLabo/software_scorbot/scorbot_ws/install/scorbot/bin'
[0.806s] Level 1:colcon.colcon_core.environment:checking '/home/leon/robotica/scorbotLabo/software_scorbot/scorbot_ws/install/scorbot/lib/pkgconfig/scorbot.pc'
[0.808s] Level 1:colcon.colcon_core.environment:checking '/home/leon/robotica/scorbotLabo/software_scorbot/scorbot_ws/install/scorbot/lib/python3.10/site-packages'
[0.809s] Level 1:colcon.colcon_core.environment:checking '/home/leon/robotica/scorbotLabo/software_scorbot/scorbot_ws/install/scorbot/bin'
[0.809s] INFO:colcon.colcon_core.shell:Creating package script '/home/leon/robotica/scorbotLabo/software_scorbot/scorbot_ws/install/scorbot/share/scorbot/package.ps1'
[0.811s] INFO:colcon.colcon_core.shell:Creating package descriptor '/home/leon/robotica/scorbotLabo/software_scorbot/scorbot_ws/install/scorbot/share/scorbot/package.dsv'
[0.812s] INFO:colcon.colcon_core.shell:Creating package script '/home/leon/robotica/scorbotLabo/software_scorbot/scorbot_ws/install/scorbot/share/scorbot/package.sh'
[0.813s] INFO:colcon.colcon_core.shell:Creating package script '/home/leon/robotica/scorbotLabo/software_scorbot/scorbot_ws/install/scorbot/share/scorbot/package.bash'
[0.814s] INFO:colcon.colcon_core.shell:Creating package script '/home/leon/robotica/scorbotLabo/software_scorbot/scorbot_ws/install/scorbot/share/scorbot/package.zsh'
[0.815s] Level 1:colcon.colcon_core.environment:create_file_with_runtime_dependencies(/home/leon/robotica/scorbotLabo/software_scorbot/scorbot_ws/install/scorbot/share/colcon-core/packages/scorbot)
[3.589s] DEBUG:colcon.colcon_core.event_handler.log_command:Invoked command in '/home/leon/robotica/scorbotLabo/software_scorbot/scorbot_ws/build/scorbot_msgs' returned '0': CMAKE_PREFIX_PATH=${CMAKE_PREFIX_PATH}:/opt/ros/humble /usr/bin/cmake /home/leon/robotica/scorbotLabo/software_scorbot/scorbot_ws/scorbot_msgs -DCMAKE_INSTALL_PREFIX=/home/leon/robotica/scorbotLabo/software_scorbot/scorbot_ws/install/scorbot_msgs
[3.591s] DEBUG:colcon.colcon_core.event_handler.log_command:Invoking command in '/home/leon/robotica/scorbotLabo/software_scorbot/scorbot_ws/build/scorbot_msgs': CMAKE_PREFIX_PATH=${CMAKE_PREFIX_PATH}:/opt/ros/humble /usr/bin/cmake --build /home/leon/robotica/scorbotLabo/software_scorbot/scorbot_ws/build/scorbot_msgs -- -j4 -l4
[10.881s] DEBUG:colcon.colcon_core.event_handler.log_command:Invoked command in '/home/leon/robotica/scorbotLabo/software_scorbot/scorbot_ws/build/scorbot_msgs' returned '0': CMAKE_PREFIX_PATH=${CMAKE_PREFIX_PATH}:/opt/ros/humble /usr/bin/cmake --build /home/leon/robotica/scorbotLabo/software_scorbot/scorbot_ws/build/scorbot_msgs -- -j4 -l4
[10.884s] DEBUG:colcon.colcon_core.event_handler.log_command:Invoking command in '/home/leon/robotica/scorbotLabo/software_scorbot/scorbot_ws/build/scorbot_msgs': CMAKE_PREFIX_PATH=${CMAKE_PREFIX_PATH}:/opt/ros/humble /usr/bin/cmake --install /home/leon/robotica/scorbotLabo/software_scorbot/scorbot_ws/build/scorbot_msgs
[11.055s] Level 1:colcon.colcon_core.environment:create_environment_scripts_only(scorbot_msgs)
[11.056s] DEBUG:colcon.colcon_core.event_handler.log_command:Invoked command in '/home/leon/robotica/scorbotLabo/software_scorbot/scorbot_ws/build/scorbot_msgs' returned '0': CMAKE_PREFIX_PATH=${CMAKE_PREFIX_PATH}:/opt/ros/humble /usr/bin/cmake --install /home/leon/robotica/scorbotLabo/software_scorbot/scorbot_ws/build/scorbot_msgs
[11.057s] Level 1:colcon.colcon_core.environment:checking '/home/leon/robotica/scorbotLabo/software_scorbot/scorbot_ws/install/scorbot_msgs' for CMake module files
[11.059s] Level 1:colcon.colcon_core.environment:checking '/home/leon/robotica/scorbotLabo/software_scorbot/scorbot_ws/install/scorbot_msgs' for CMake config files
[11.060s] Level 1:colcon.colcon_core.shell:create_environment_hook('scorbot_msgs', 'cmake_prefix_path')
[11.061s] INFO:colcon.colcon_core.shell:Creating environment hook '/home/leon/robotica/scorbotLabo/software_scorbot/scorbot_ws/install/scorbot_msgs/share/scorbot_msgs/hook/cmake_prefix_path.ps1'
[11.062s] INFO:colcon.colcon_core.shell:Creating environment descriptor '/home/leon/robotica/scorbotLabo/software_scorbot/scorbot_ws/install/scorbot_msgs/share/scorbot_msgs/hook/cmake_prefix_path.dsv'
[11.062s] INFO:colcon.colcon_core.shell:Creating environment hook '/home/leon/robotica/scorbotLabo/software_scorbot/scorbot_ws/install/scorbot_msgs/share/scorbot_msgs/hook/cmake_prefix_path.sh'
[11.063s] Level 1:colcon.colcon_core.environment:checking '/home/leon/robotica/scorbotLabo/software_scorbot/scorbot_ws/install/scorbot_msgs/lib'
[11.064s] Level 1:colcon.colcon_core.shell:create_environment_hook('scorbot_msgs', 'ld_library_path_lib')
[11.064s] INFO:colcon.colcon_core.shell:Creating environment hook '/home/leon/robotica/scorbotLabo/software_scorbot/scorbot_ws/install/scorbot_msgs/share/scorbot_msgs/hook/ld_library_path_lib.ps1'
[11.065s] INFO:colcon.colcon_core.shell:Creating environment descriptor '/home/leon/robotica/scorbotLabo/software_scorbot/scorbot_ws/install/scorbot_msgs/share/scorbot_msgs/hook/ld_library_path_lib.dsv'
[11.065s] INFO:colcon.colcon_core.shell:Creating environment hook '/home/leon/robotica/scorbotLabo/software_scorbot/scorbot_ws/install/scorbot_msgs/share/scorbot_msgs/hook/ld_library_path_lib.sh'
[11.066s] Level 1:colcon.colcon_core.environment:checking '/home/leon/robotica/scorbotLabo/software_scorbot/scorbot_ws/install/scorbot_msgs/bin'
[11.066s] Level 1:colcon.colcon_core.environment:checking '/home/leon/robotica/scorbotLabo/software_scorbot/scorbot_ws/install/scorbot_msgs/lib/pkgconfig/scorbot_msgs.pc'
[11.067s] Level 1:colcon.colcon_core.environment:checking '/home/leon/robotica/scorbotLabo/software_scorbot/scorbot_ws/install/scorbot_msgs/lib/python3.10/site-packages'
[11.068s] Level 1:colcon.colcon_core.environment:checking '/home/leon/robotica/scorbotLabo/software_scorbot/scorbot_ws/install/scorbot_msgs/bin'
[11.069s] INFO:colcon.colcon_core.shell:Creating package script '/home/leon/robotica/scorbotLabo/software_scorbot/scorbot_ws/install/scorbot_msgs/share/scorbot_msgs/package.ps1'
[11.071s] INFO:colcon.colcon_core.shell:Creating package descriptor '/home/leon/robotica/scorbotLabo/software_scorbot/scorbot_ws/install/scorbot_msgs/share/scorbot_msgs/package.dsv'
[11.072s] INFO:colcon.colcon_core.shell:Creating package script '/home/leon/robotica/scorbotLabo/software_scorbot/scorbot_ws/install/scorbot_msgs/share/scorbot_msgs/package.sh'
[11.073s] INFO:colcon.colcon_core.shell:Creating package script '/home/leon/robotica/scorbotLabo/software_scorbot/scorbot_ws/install/scorbot_msgs/share/scorbot_msgs/package.bash'
[11.074s] INFO:colcon.colcon_core.shell:Creating package script '/home/leon/robotica/scorbotLabo/software_scorbot/scorbot_ws/install/scorbot_msgs/share/scorbot_msgs/package.zsh'
[11.075s] Level 1:colcon.colcon_core.environment:create_file_with_runtime_dependencies(/home/leon/robotica/scorbotLabo/software_scorbot/scorbot_ws/install/scorbot_msgs/share/colcon-core/packages/scorbot_msgs)
[11.077s] Level 1:colcon.colcon_core.environment:create_environment_scripts_only(scorbot_msgs)
[11.078s] Level 1:colcon.colcon_core.environment:checking '/home/leon/robotica/scorbotLabo/software_scorbot/scorbot_ws/install/scorbot_msgs' for CMake module files
[11.080s] Level 1:colcon.colcon_core.environment:checking '/home/leon/robotica/scorbotLabo/software_scorbot/scorbot_ws/install/scorbot_msgs' for CMake config files
[11.082s] Level 1:colcon.colcon_core.shell:create_environment_hook('scorbot_msgs', 'cmake_prefix_path')
[11.082s] INFO:colcon.colcon_core.shell:Creating environment hook '/home/leon/robotica/scorbotLabo/software_scorbot/scorbot_ws/install/scorbot_msgs/share/scorbot_msgs/hook/cmake_prefix_path.ps1'
[11.083s] INFO:colcon.colcon_core.shell:Creating environment descriptor '/home/leon/robotica/scorbotLabo/software_scorbot/scorbot_ws/install/scorbot_msgs/share/scorbot_msgs/hook/cmake_prefix_path.dsv'
[11.084s] INFO:colcon.colcon_core.shell:Creating environment hook '/home/leon/robotica/scorbotLabo/software_scorbot/scorbot_ws/install/scorbot_msgs/share/scorbot_msgs/hook/cmake_prefix_path.sh'
[11.086s] Level 1:colcon.colcon_core.environment:checking '/home/leon/robotica/scorbotLabo/software_scorbot/scorbot_ws/install/scorbot_msgs/lib'
[11.086s] Level 1:colcon.colcon_core.shell:create_environment_hook('scorbot_msgs', 'ld_library_path_lib')
[11.087s] INFO:colcon.colcon_core.shell:Creating environment hook '/home/leon/robotica/scorbotLabo/software_scorbot/scorbot_ws/install/scorbot_msgs/share/scorbot_msgs/hook/ld_library_path_lib.ps1'
[11.088s] INFO:colcon.colcon_core.shell:Creating environment descriptor '/home/leon/robotica/scorbotLabo/software_scorbot/scorbot_ws/install/scorbot_msgs/share/scorbot_msgs/hook/ld_library_path_lib.dsv'
[11.089s] INFO:colcon.colcon_core.shell:Creating environment hook '/home/leon/robotica/scorbotLabo/software_scorbot/scorbot_ws/install/scorbot_msgs/share/scorbot_msgs/hook/ld_library_path_lib.sh'
[11.090s] Level 1:colcon.colcon_core.environment:checking '/home/leon/robotica/scorbotLabo/software_scorbot/scorbot_ws/install/scorbot_msgs/bin'
[11.090s] Level 1:colcon.colcon_core.environment:checking '/home/leon/robotica/scorbotLabo/software_scorbot/scorbot_ws/install/scorbot_msgs/lib/pkgconfig/scorbot_msgs.pc'
[11.091s] Level 1:colcon.colcon_core.environment:checking '/home/leon/robotica/scorbotLabo/software_scorbot/scorbot_ws/install/scorbot_msgs/lib/python3.10/site-packages'
[11.092s] Level 1:colcon.colcon_core.environment:checking '/home/leon/robotica/scorbotLabo/software_scorbot/scorbot_ws/install/scorbot_msgs/bin'
[11.093s] INFO:colcon.colcon_core.shell:Creating package script '/home/leon/robotica/scorbotLabo/software_scorbot/scorbot_ws/install/scorbot_msgs/share/scorbot_msgs/package.ps1'
[11.095s] INFO:colcon.colcon_core.shell:Creating package descriptor '/home/leon/robotica/scorbotLabo/software_scorbot/scorbot_ws/install/scorbot_msgs/share/scorbot_msgs/package.dsv'
[11.096s] INFO:colcon.colcon_core.shell:Creating package script '/home/leon/robotica/scorbotLabo/software_scorbot/scorbot_ws/install/scorbot_msgs/share/scorbot_msgs/package.sh'
[11.098s] INFO:colcon.colcon_core.shell:Creating package script '/home/leon/robotica/scorbotLabo/software_scorbot/scorbot_ws/install/scorbot_msgs/share/scorbot_msgs/package.bash'
[11.099s] INFO:colcon.colcon_core.shell:Creating package script '/home/leon/robotica/scorbotLabo/software_scorbot/scorbot_ws/install/scorbot_msgs/share/scorbot_msgs/package.zsh'
[11.100s] Level 1:colcon.colcon_core.environment:create_file_with_runtime_dependencies(/home/leon/robotica/scorbotLabo/software_scorbot/scorbot_ws/install/scorbot_msgs/share/colcon-core/packages/scorbot_msgs)
[11.101s] DEBUG:colcon.colcon_parallel_executor.executor.parallel:closing loop
[11.102s] DEBUG:colcon.colcon_parallel_executor.executor.parallel:loop closed
[11.102s] DEBUG:colcon.colcon_parallel_executor.executor.parallel:run_until_complete finished with '0'
[11.102s] DEBUG:colcon.colcon_core.event_reactor:joining thread
[11.118s] INFO:colcon.colcon_core.plugin_system:Skipping extension 'colcon_notification.desktop_notification.terminal_notifier': Not used on non-Darwin systems
[11.118s] INFO:colcon.colcon_core.plugin_system:Skipping extension 'colcon_notification.desktop_notification.win32': Not used on non-Windows systems
[11.118s] INFO:colcon.colcon_notification.desktop_notification:Sending desktop notification using 'notify2'
[11.144s] DEBUG:colcon.colcon_core.event_reactor:joined thread
[11.145s] INFO:colcon.colcon_core.shell:Creating prefix script '/home/leon/robotica/scorbotLabo/software_scorbot/scorbot_ws/install/local_setup.ps1'
[11.149s] INFO:colcon.colcon_core.shell:Creating prefix util module '/home/leon/robotica/scorbotLabo/software_scorbot/scorbot_ws/install/_local_setup_util_ps1.py'
[11.154s] INFO:colcon.colcon_core.shell:Creating prefix chain script '/home/leon/robotica/scorbotLabo/software_scorbot/scorbot_ws/install/setup.ps1'
[11.158s] INFO:colcon.colcon_core.shell:Creating prefix script '/home/leon/robotica/scorbotLabo/software_scorbot/scorbot_ws/install/local_setup.sh'
[11.160s] INFO:colcon.colcon_core.shell:Creating prefix util module '/home/leon/robotica/scorbotLabo/software_scorbot/scorbot_ws/install/_local_setup_util_sh.py'
[11.162s] INFO:colcon.colcon_core.shell:Creating prefix chain script '/home/leon/robotica/scorbotLabo/software_scorbot/scorbot_ws/install/setup.sh'
[11.166s] INFO:colcon.colcon_core.shell:Creating prefix script '/home/leon/robotica/scorbotLabo/software_scorbot/scorbot_ws/install/local_setup.bash'
[11.167s] INFO:colcon.colcon_core.shell:Creating prefix chain script '/home/leon/robotica/scorbotLabo/software_scorbot/scorbot_ws/install/setup.bash'
[11.170s] INFO:colcon.colcon_core.shell:Creating prefix script '/home/leon/robotica/scorbotLabo/software_scorbot/scorbot_ws/install/local_setup.zsh'
[11.172s] INFO:colcon.colcon_core.shell:Creating prefix chain script '/home/leon/robotica/scorbotLabo/software_scorbot/scorbot_ws/install/setup.zsh'
