[0.021s] Invoking command in '/home/leon/robotica/scorbotLabo/universal_teleop/build/keyboard': CMAKE_PREFIX_PATH=/home/leon/robotica/scorbotLabo/universal_teleop/install/keyboard_msgs:/home/leon/robotica/scorbotLabo/universal_teleop/install/universal_teleop:/home/leon/robotica/scorbotLabo/universal_teleop/install/universal_teleop_msgs:/home/leon/robotica/scorbotLabo/universal_teleop/install/keyboard:/opt/ros/humble LD_LIBRARY_PATH=/home/leon/robotica/scorbotLabo/universal_teleop/install/keyboard_msgs/lib:/home/leon/robotica/scorbotLabo/universal_teleop/install/universal_teleop_msgs/lib:/opt/ros/humble/opt/rviz_ogre_vendor/lib:/opt/ros/humble/lib/x86_64-linux-gnu:/opt/ros/humble/lib /usr/bin/cmake /home/leon/robotica/scorbotLabo/universal_teleop/src/ros-keyboard -DCMAKE_INSTALL_PREFIX=/home/leon/robotica/scorbotLabo/universal_teleop/install/keyboard
[0.142s] -- The C compiler identification is GNU 11.4.0
[0.230s] -- The CXX compiler identification is GNU 11.4.0
[0.240s] -- Detecting C compiler ABI info
[0.345s] -- Detecting C compiler ABI info - done
[0.358s] -- Check for working C compiler: /usr/bin/cc - skipped
[0.358s] -- Detecting C compile features
[0.359s] -- Detecting C compile features - done
[0.363s] -- Detecting CXX compiler ABI info
[0.481s] -- Detecting CXX compiler ABI info - done
[0.495s] -- Check for working CXX compiler: /usr/bin/c++ - skipped
[0.496s] -- Detecting CXX compile features
[0.496s] -- Detecting CXX compile features - done
[0.498s] -- Found rosidl_default_generators: 1.2.1 (/opt/ros/humble/share/rosidl_default_generators/cmake)
[0.500s] -- Found ament_cmake_core: 1.3.14 (/opt/ros/humble/share/ament_cmake_core/cmake)
[0.731s] -- Found Python3: /usr/bin/python3 (found version "3.10.12") found components: Interpreter 
[0.835s] -- Using all available rosidl_typesupport_c: rosidl_typesupport_fastrtps_c;rosidl_typesupport_introspection_c
[0.848s] -- Found rosidl_adapter: 3.1.8 (/opt/ros/humble/share/rosidl_adapter/cmake)
[0.954s] -- Using all available rosidl_typesupport_cpp: rosidl_typesupport_fastrtps_cpp;rosidl_typesupport_introspection_cpp
[1.048s] -- Found rclcpp: 16.0.19 (/opt/ros/humble/share/rclcpp/cmake)
[1.220s] -- Found rmw_implementation_cmake: 6.1.2 (/opt/ros/humble/share/rmw_implementation_cmake/cmake)
[1.224s] -- Found rmw_fastrtps_cpp: 6.2.10 (/opt/ros/humble/share/rmw_fastrtps_cpp/cmake)
[1.610s] -- Found OpenSSL: /usr/lib/x86_64-linux-gnu/libcrypto.so (found version "3.0.2")  
[1.736s] -- Found FastRTPS: /opt/ros/humble/include  
[1.837s] -- Using RMW implementation 'rmw_fastrtps_cpp' as default
[1.963s] -- Looking for pthread.h
[2.125s] -- Looking for pthread.h - found
[2.126s] -- Performing Test CMAKE_HAVE_LIBC_PTHREAD
[2.256s] -- Performing Test CMAKE_HAVE_LIBC_PTHREAD - Success
[2.258s] -- Found Threads: TRUE  
[2.556s] -- Found keyboard_msgs: 2.0.0 (/home/leon/robotica/scorbotLabo/universal_teleop/install/keyboard_msgs/share/keyboard_msgs/cmake)
[2.710s] -- Configuring done
[2.806s] -- Generating done
[2.813s] -- Build files have been written to: /home/leon/robotica/scorbotLabo/universal_teleop/build/keyboard
[2.830s] Invoked command in '/home/leon/robotica/scorbotLabo/universal_teleop/build/keyboard' returned '0': CMAKE_PREFIX_PATH=/home/leon/robotica/scorbotLabo/universal_teleop/install/keyboard_msgs:/home/leon/robotica/scorbotLabo/universal_teleop/install/universal_teleop:/home/leon/robotica/scorbotLabo/universal_teleop/install/universal_teleop_msgs:/home/leon/robotica/scorbotLabo/universal_teleop/install/keyboard:/opt/ros/humble LD_LIBRARY_PATH=/home/leon/robotica/scorbotLabo/universal_teleop/install/keyboard_msgs/lib:/home/leon/robotica/scorbotLabo/universal_teleop/install/universal_teleop_msgs/lib:/opt/ros/humble/opt/rviz_ogre_vendor/lib:/opt/ros/humble/lib/x86_64-linux-gnu:/opt/ros/humble/lib /usr/bin/cmake /home/leon/robotica/scorbotLabo/universal_teleop/src/ros-keyboard -DCMAKE_INSTALL_PREFIX=/home/leon/robotica/scorbotLabo/universal_teleop/install/keyboard
[2.833s] Invoking command in '/home/leon/robotica/scorbotLabo/universal_teleop/build/keyboard': CMAKE_PREFIX_PATH=/home/leon/robotica/scorbotLabo/universal_teleop/install/keyboard_msgs:/home/leon/robotica/scorbotLabo/universal_teleop/install/universal_teleop:/home/leon/robotica/scorbotLabo/universal_teleop/install/universal_teleop_msgs:/home/leon/robotica/scorbotLabo/universal_teleop/install/keyboard:/opt/ros/humble LD_LIBRARY_PATH=/home/leon/robotica/scorbotLabo/universal_teleop/install/keyboard_msgs/lib:/home/leon/robotica/scorbotLabo/universal_teleop/install/universal_teleop_msgs/lib:/opt/ros/humble/opt/rviz_ogre_vendor/lib:/opt/ros/humble/lib/x86_64-linux-gnu:/opt/ros/humble/lib /usr/bin/cmake --build /home/leon/robotica/scorbotLabo/universal_teleop/build/keyboard -- -j4 -l4
[2.921s] [ 66%] [32mBuilding CXX object CMakeFiles/keyboard.dir/src/main.cpp.o[0m
[2.921s] [ 66%] [32mBuilding CXX object CMakeFiles/keyboard.dir/src/keyboard.cpp.o[0m
[12.894s] [100%] [32m[1mLinking CXX executable keyboard[0m
[13.818s] [100%] Built target keyboard
[13.834s] Invoked command in '/home/leon/robotica/scorbotLabo/universal_teleop/build/keyboard' returned '0': CMAKE_PREFIX_PATH=/home/leon/robotica/scorbotLabo/universal_teleop/install/keyboard_msgs:/home/leon/robotica/scorbotLabo/universal_teleop/install/universal_teleop:/home/leon/robotica/scorbotLabo/universal_teleop/install/universal_teleop_msgs:/home/leon/robotica/scorbotLabo/universal_teleop/install/keyboard:/opt/ros/humble LD_LIBRARY_PATH=/home/leon/robotica/scorbotLabo/universal_teleop/install/keyboard_msgs/lib:/home/leon/robotica/scorbotLabo/universal_teleop/install/universal_teleop_msgs/lib:/opt/ros/humble/opt/rviz_ogre_vendor/lib:/opt/ros/humble/lib/x86_64-linux-gnu:/opt/ros/humble/lib /usr/bin/cmake --build /home/leon/robotica/scorbotLabo/universal_teleop/build/keyboard -- -j4 -l4
[13.836s] Invoking command in '/home/leon/robotica/scorbotLabo/universal_teleop/build/keyboard': CMAKE_PREFIX_PATH=/home/leon/robotica/scorbotLabo/universal_teleop/install/keyboard_msgs:/home/leon/robotica/scorbotLabo/universal_teleop/install/universal_teleop:/home/leon/robotica/scorbotLabo/universal_teleop/install/universal_teleop_msgs:/home/leon/robotica/scorbotLabo/universal_teleop/install/keyboard:/opt/ros/humble LD_LIBRARY_PATH=/home/leon/robotica/scorbotLabo/universal_teleop/install/keyboard_msgs/lib:/home/leon/robotica/scorbotLabo/universal_teleop/install/universal_teleop_msgs/lib:/opt/ros/humble/opt/rviz_ogre_vendor/lib:/opt/ros/humble/lib/x86_64-linux-gnu:/opt/ros/humble/lib /usr/bin/cmake --install /home/leon/robotica/scorbotLabo/universal_teleop/build/keyboard
[13.848s] -- Install configuration: ""
[13.849s] -- Installing: /home/leon/robotica/scorbotLabo/universal_teleop/install/keyboard/lib/keyboard/keyboard
[13.851s] -- Set runtime path of "/home/leon/robotica/scorbotLabo/universal_teleop/install/keyboard/lib/keyboard/keyboard" to ""
[13.851s] -- Installing: /home/leon/robotica/scorbotLabo/universal_teleop/install/keyboard/share/ament_index/resource_index/package_run_dependencies/keyboard
[13.851s] -- Installing: /home/leon/robotica/scorbotLabo/universal_teleop/install/keyboard/share/ament_index/resource_index/parent_prefix_path/keyboard
[13.851s] -- Installing: /home/leon/robotica/scorbotLabo/universal_teleop/install/keyboard/share/keyboard/environment/ament_prefix_path.sh
[13.852s] -- Installing: /home/leon/robotica/scorbotLabo/universal_teleop/install/keyboard/share/keyboard/environment/ament_prefix_path.dsv
[13.852s] -- Installing: /home/leon/robotica/scorbotLabo/universal_teleop/install/keyboard/share/keyboard/environment/path.sh
[13.852s] -- Installing: /home/leon/robotica/scorbotLabo/universal_teleop/install/keyboard/share/keyboard/environment/path.dsv
[13.852s] -- Installing: /home/leon/robotica/scorbotLabo/universal_teleop/install/keyboard/share/keyboard/local_setup.bash
[13.852s] -- Installing: /home/leon/robotica/scorbotLabo/universal_teleop/install/keyboard/share/keyboard/local_setup.sh
[13.853s] -- Installing: /home/leon/robotica/scorbotLabo/universal_teleop/install/keyboard/share/keyboard/local_setup.zsh
[13.853s] -- Installing: /home/leon/robotica/scorbotLabo/universal_teleop/install/keyboard/share/keyboard/local_setup.dsv
[13.853s] -- Installing: /home/leon/robotica/scorbotLabo/universal_teleop/install/keyboard/share/keyboard/package.dsv
[13.853s] -- Installing: /home/leon/robotica/scorbotLabo/universal_teleop/install/keyboard/share/ament_index/resource_index/packages/keyboard
[13.853s] -- Installing: /home/leon/robotica/scorbotLabo/universal_teleop/install/keyboard/share/keyboard/cmake/keyboardConfig.cmake
[13.853s] -- Installing: /home/leon/robotica/scorbotLabo/universal_teleop/install/keyboard/share/keyboard/cmake/keyboardConfig-version.cmake
[13.854s] -- Installing: /home/leon/robotica/scorbotLabo/universal_teleop/install/keyboard/share/keyboard/package.xml
[13.858s] Invoked command in '/home/leon/robotica/scorbotLabo/universal_teleop/build/keyboard' returned '0': CMAKE_PREFIX_PATH=/home/leon/robotica/scorbotLabo/universal_teleop/install/keyboard_msgs:/home/leon/robotica/scorbotLabo/universal_teleop/install/universal_teleop:/home/leon/robotica/scorbotLabo/universal_teleop/install/universal_teleop_msgs:/home/leon/robotica/scorbotLabo/universal_teleop/install/keyboard:/opt/ros/humble LD_LIBRARY_PATH=/home/leon/robotica/scorbotLabo/universal_teleop/install/keyboard_msgs/lib:/home/leon/robotica/scorbotLabo/universal_teleop/install/universal_teleop_msgs/lib:/opt/ros/humble/opt/rviz_ogre_vendor/lib:/opt/ros/humble/lib/x86_64-linux-gnu:/opt/ros/humble/lib /usr/bin/cmake --install /home/leon/robotica/scorbotLabo/universal_teleop/build/keyboard
