[0.019s] Invoking command in '/home/leon/robotica/scorbotLabo/universal_teleop/build/universal_teleop': CMAKE_PREFIX_PATH=/home/leon/robotica/scorbotLabo/universal_teleop/install/universal_teleop_msgs:/home/leon/robotica/scorbotLabo/universal_teleop/install/keyboard_msgs:/home/leon/robotica/scorbotLabo/universal_teleop/install/universal_teleop:/home/leon/robotica/scorbotLabo/universal_teleop/install/keyboard:/opt/ros/humble /usr/bin/cmake /home/leon/robotica/scorbotLabo/universal_teleop/src/ros-universal-teleop -DCMAKE_INSTALL_PREFIX=/home/leon/robotica/scorbotLabo/universal_teleop/install/universal_teleop
[0.150s] -- The C compiler identification is GNU 11.4.0
[0.239s] -- The CXX compiler identification is GNU 11.4.0
[0.248s] -- Detecting C compiler ABI info
[0.358s] -- Detecting C compiler ABI info - done
[0.372s] -- Check for working C compiler: /usr/bin/cc - skipped
[0.373s] -- Detecting C compile features
[0.373s] -- Detecting C compile features - done
[0.377s] -- Detecting CXX compiler ABI info
[0.494s] -- Detecting CXX compiler ABI info - done
[0.508s] -- Check for working CXX compiler: /usr/bin/c++ - skipped
[0.508s] -- Detecting CXX compile features
[0.509s] -- Detecting CXX compile features - done
[0.512s] -- Found rosidl_default_generators: 1.2.1 (/opt/ros/humble/share/rosidl_default_generators/cmake)
[0.513s] -- Found ament_cmake_core: 1.3.14 (/opt/ros/humble/share/ament_cmake_core/cmake)
[0.735s] -- Found Python3: /usr/bin/python3 (found version "3.10.12") found components: Interpreter 
[0.850s] -- Using all available rosidl_typesupport_c: rosidl_typesupport_fastrtps_c;rosidl_typesupport_introspection_c
[0.874s] -- Found rosidl_adapter: 3.1.8 (/opt/ros/humble/share/rosidl_adapter/cmake)
[0.964s] -- Using all available rosidl_typesupport_cpp: rosidl_typesupport_fastrtps_cpp;rosidl_typesupport_introspection_cpp
[1.039s] -- Found rclcpp: 16.0.19 (/opt/ros/humble/share/rclcpp/cmake)
[1.211s] -- Found rmw_implementation_cmake: 6.1.2 (/opt/ros/humble/share/rmw_implementation_cmake/cmake)
[1.215s] -- Found rmw_fastrtps_cpp: 6.2.10 (/opt/ros/humble/share/rmw_fastrtps_cpp/cmake)
[1.601s] -- Found OpenSSL: /usr/lib/x86_64-linux-gnu/libcrypto.so (found version "3.0.2")  
[1.727s] -- Found FastRTPS: /opt/ros/humble/include  
[1.826s] -- Using RMW implementation 'rmw_fastrtps_cpp' as default
[1.954s] -- Looking for pthread.h
[2.120s] -- Looking for pthread.h - found
[2.121s] -- Performing Test CMAKE_HAVE_LIBC_PTHREAD
[2.251s] -- Performing Test CMAKE_HAVE_LIBC_PTHREAD - Success
[2.252s] -- Found Threads: TRUE  
[2.522s] -- Found nav_msgs: 4.9.1 (/opt/ros/humble/share/nav_msgs/cmake)
[2.653s] -- Found keyboard_msgs: 2.0.0 (/home/leon/robotica/scorbotLabo/universal_teleop/install/keyboard_msgs/share/keyboard_msgs/cmake)
[2.690s] -- Found sensor_msgs: 4.9.1 (/opt/ros/humble/share/sensor_msgs/cmake)
[2.760s] -- Found universal_teleop_msgs: 2.0.0 (/home/leon/robotica/scorbotLabo/universal_teleop/install/universal_teleop_msgs/share/universal_teleop_msgs/cmake)
[2.921s] -- Configuring done
[3.010s] -- Generating done
[3.024s] -- Build files have been written to: /home/leon/robotica/scorbotLabo/universal_teleop/build/universal_teleop
[3.043s] Invoked command in '/home/leon/robotica/scorbotLabo/universal_teleop/build/universal_teleop' returned '0': CMAKE_PREFIX_PATH=/home/leon/robotica/scorbotLabo/universal_teleop/install/universal_teleop_msgs:/home/leon/robotica/scorbotLabo/universal_teleop/install/keyboard_msgs:/home/leon/robotica/scorbotLabo/universal_teleop/install/universal_teleop:/home/leon/robotica/scorbotLabo/universal_teleop/install/keyboard:/opt/ros/humble /usr/bin/cmake /home/leon/robotica/scorbotLabo/universal_teleop/src/ros-universal-teleop -DCMAKE_INSTALL_PREFIX=/home/leon/robotica/scorbotLabo/universal_teleop/install/universal_teleop
[3.046s] Invoking command in '/home/leon/robotica/scorbotLabo/universal_teleop/build/universal_teleop': CMAKE_PREFIX_PATH=/home/leon/robotica/scorbotLabo/universal_teleop/install/universal_teleop_msgs:/home/leon/robotica/scorbotLabo/universal_teleop/install/keyboard_msgs:/home/leon/robotica/scorbotLabo/universal_teleop/install/universal_teleop:/home/leon/robotica/scorbotLabo/universal_teleop/install/keyboard:/opt/ros/humble /usr/bin/cmake --build /home/leon/robotica/scorbotLabo/universal_teleop/build/universal_teleop -- -j4 -l4
[3.138s] [ 66%] [32mBuilding CXX object CMakeFiles/universal_teleop.dir/src/teleop.cpp.o[0m
[3.138s] [ 66%] [32mBuilding CXX object CMakeFiles/universal_teleop.dir/src/main.cpp.o[0m
[24.418s] [100%] [32m[1mLinking CXX executable universal_teleop[0m
[26.299s] [100%] Built target universal_teleop
[26.320s] Invoked command in '/home/leon/robotica/scorbotLabo/universal_teleop/build/universal_teleop' returned '0': CMAKE_PREFIX_PATH=/home/leon/robotica/scorbotLabo/universal_teleop/install/universal_teleop_msgs:/home/leon/robotica/scorbotLabo/universal_teleop/install/keyboard_msgs:/home/leon/robotica/scorbotLabo/universal_teleop/install/universal_teleop:/home/leon/robotica/scorbotLabo/universal_teleop/install/keyboard:/opt/ros/humble /usr/bin/cmake --build /home/leon/robotica/scorbotLabo/universal_teleop/build/universal_teleop -- -j4 -l4
[26.323s] Invoking command in '/home/leon/robotica/scorbotLabo/universal_teleop/build/universal_teleop': CMAKE_PREFIX_PATH=/home/leon/robotica/scorbotLabo/universal_teleop/install/universal_teleop_msgs:/home/leon/robotica/scorbotLabo/universal_teleop/install/keyboard_msgs:/home/leon/robotica/scorbotLabo/universal_teleop/install/universal_teleop:/home/leon/robotica/scorbotLabo/universal_teleop/install/keyboard:/opt/ros/humble /usr/bin/cmake --install /home/leon/robotica/scorbotLabo/universal_teleop/build/universal_teleop
[26.342s] -- Install configuration: ""
[26.342s] -- Installing: /home/leon/robotica/scorbotLabo/universal_teleop/install/universal_teleop/lib/universal_teleop/universal_teleop
[26.353s] -- Set runtime path of "/home/leon/robotica/scorbotLabo/universal_teleop/install/universal_teleop/lib/universal_teleop/universal_teleop" to ""
[26.354s] -- Installing: /home/leon/robotica/scorbotLabo/universal_teleop/install/universal_teleop/share/universal_teleop//launch
[26.405s] -- Installing: /home/leon/robotica/scorbotLabo/universal_teleop/install/universal_teleop/share/universal_teleop//launch/chameleon_input_map.yml
[26.410s] -- Installing: /home/leon/robotica/scorbotLabo/universal_teleop/install/universal_teleop/share/universal_teleop//launch/pioneer_input_map.yml
[26.410s] -- Installing: /home/leon/robotica/scorbotLabo/universal_teleop/install/universal_teleop/share/universal_teleop//launch/keyboard.yml
[26.426s] -- Installing: /home/leon/robotica/scorbotLabo/universal_teleop/install/universal_teleop/share/universal_teleop//launch/exabot.launch
[26.427s] -- Installing: /home/leon/robotica/scorbotLabo/universal_teleop/install/universal_teleop/share/universal_teleop//launch/example.launch
[26.427s] -- Installing: /home/leon/robotica/scorbotLabo/universal_teleop/install/universal_teleop/share/universal_teleop//launch/chameleon.launch
[26.427s] -- Installing: /home/leon/robotica/scorbotLabo/universal_teleop/install/universal_teleop/share/universal_teleop//launch/ardrone_input_map.yml
[26.428s] -- Installing: /home/leon/robotica/scorbotLabo/universal_teleop/install/universal_teleop/share/universal_teleop//launch/pioneer_input_map-joy2.yml
[26.428s] -- Installing: /home/leon/robotica/scorbotLabo/universal_teleop/install/universal_teleop/share/universal_teleop//launch/joy_noganet.yml
[26.428s] -- Installing: /home/leon/robotica/scorbotLabo/universal_teleop/install/universal_teleop/share/universal_teleop//launch/ardrone.launch
[26.428s] -- Installing: /home/leon/robotica/scorbotLabo/universal_teleop/install/universal_teleop/share/universal_teleop//launch/ardrone-settings.xml
[26.429s] -- Installing: /home/leon/robotica/scorbotLabo/universal_teleop/install/universal_teleop/share/universal_teleop//launch/scorbot.launch
[26.454s] -- Installing: /home/leon/robotica/scorbotLabo/universal_teleop/install/universal_teleop/share/universal_teleop//launch/joy_foxconn.yml
[26.454s] -- Installing: /home/leon/robotica/scorbotLabo/universal_teleop/install/universal_teleop/share/universal_teleop//launch/scorbot_input_map.yml
[26.474s] -- Installing: /home/leon/robotica/scorbotLabo/universal_teleop/install/universal_teleop/share/universal_teleop//launch/pioneer_scales.yml
[26.474s] -- Installing: /home/leon/robotica/scorbotLabo/universal_teleop/install/universal_teleop/share/universal_teleop//launch/ardrone_scales.yml
[26.474s] -- Installing: /home/leon/robotica/scorbotLabo/universal_teleop/install/universal_teleop/share/universal_teleop//launch/dummy.launch
[26.475s] -- Installing: /home/leon/robotica/scorbotLabo/universal_teleop/install/universal_teleop/share/universal_teleop//launch/example_input_map.yml
[26.475s] -- Installing: /home/leon/robotica/scorbotLabo/universal_teleop/install/universal_teleop/share/universal_teleop//launch/pioneer.launch
[26.476s] -- Installing: /home/leon/robotica/scorbotLabo/universal_teleop/install/universal_teleop/share/ament_index/resource_index/package_run_dependencies/universal_teleop
[26.477s] -- Installing: /home/leon/robotica/scorbotLabo/universal_teleop/install/universal_teleop/share/ament_index/resource_index/parent_prefix_path/universal_teleop
[26.477s] -- Installing: /home/leon/robotica/scorbotLabo/universal_teleop/install/universal_teleop/share/universal_teleop/environment/ament_prefix_path.sh
[26.478s] -- Installing: /home/leon/robotica/scorbotLabo/universal_teleop/install/universal_teleop/share/universal_teleop/environment/ament_prefix_path.dsv
[26.478s] -- Installing: /home/leon/robotica/scorbotLabo/universal_teleop/install/universal_teleop/share/universal_teleop/environment/path.sh
[26.478s] -- Installing: /home/leon/robotica/scorbotLabo/universal_teleop/install/universal_teleop/share/universal_teleop/environment/path.dsv
[26.479s] -- Installing: /home/leon/robotica/scorbotLabo/universal_teleop/install/universal_teleop/share/universal_teleop/local_setup.bash
[26.479s] -- Installing: /home/leon/robotica/scorbotLabo/universal_teleop/install/universal_teleop/share/universal_teleop/local_setup.sh
[26.480s] -- Installing: /home/leon/robotica/scorbotLabo/universal_teleop/install/universal_teleop/share/universal_teleop/local_setup.zsh
[26.480s] -- Installing: /home/leon/robotica/scorbotLabo/universal_teleop/install/universal_teleop/share/universal_teleop/local_setup.dsv
[26.480s] -- Installing: /home/leon/robotica/scorbotLabo/universal_teleop/install/universal_teleop/share/universal_teleop/package.dsv
[26.481s] -- Installing: /home/leon/robotica/scorbotLabo/universal_teleop/install/universal_teleop/share/ament_index/resource_index/packages/universal_teleop
[26.481s] -- Installing: /home/leon/robotica/scorbotLabo/universal_teleop/install/universal_teleop/share/universal_teleop/cmake/universal_teleopConfig.cmake
[26.482s] -- Installing: /home/leon/robotica/scorbotLabo/universal_teleop/install/universal_teleop/share/universal_teleop/cmake/universal_teleopConfig-version.cmake
[26.482s] -- Installing: /home/leon/robotica/scorbotLabo/universal_teleop/install/universal_teleop/share/universal_teleop/package.xml
[26.488s] Invoked command in '/home/leon/robotica/scorbotLabo/universal_teleop/build/universal_teleop' returned '0': CMAKE_PREFIX_PATH=/home/leon/robotica/scorbotLabo/universal_teleop/install/universal_teleop_msgs:/home/leon/robotica/scorbotLabo/universal_teleop/install/keyboard_msgs:/home/leon/robotica/scorbotLabo/universal_teleop/install/universal_teleop:/home/leon/robotica/scorbotLabo/universal_teleop/install/keyboard:/opt/ros/humble /usr/bin/cmake --install /home/leon/robotica/scorbotLabo/universal_teleop/build/universal_teleop
