[0.083s] Invoking command in '/home/leon/robotica/scorbotLabo/teleop_packages/universal_teleop/build/keyboard_msgs': CMAKE_PREFIX_PATH=/opt/ros/humble /usr/bin/cmake /home/leon/robotica/scorbotLabo/teleop_packages/universal_teleop/src/ros_keyboard_msgs -DCMAKE_INSTALL_PREFIX=/home/leon/robotica/scorbotLabo/teleop_packages/universal_teleop/install/keyboard_msgs
[3.919s] -- The C compiler identification is GNU 11.4.0
[6.110s] -- The CXX compiler identification is GNU 11.4.0
[6.321s] -- Detecting C compiler ABI info
[6.722s] -- Detecting C compiler ABI info - done
[6.738s] -- Check for working C compiler: /usr/bin/cc - skipped
[6.739s] -- Detecting C compile features
[6.777s] -- Detecting C compile features - done
[6.990s] -- Detecting CXX compiler ABI info
[7.286s] -- Detecting CXX compiler ABI info - done
[7.302s] -- Check for working CXX compiler: /usr/bin/c++ - skipped
[7.303s] -- Detecting CXX compile features
[7.304s] -- Detecting CXX compile features - done
[7.346s] -- Found ament_cmake: 1.3.14 (/opt/ros/humble/share/ament_cmake/cmake)
[7.799s] -- Found Python3: /usr/bin/python3 (found version "3.10.12") found components: Interpreter 
[8.184s] -- Found std_msgs: 4.9.1 (/opt/ros/humble/share/std_msgs/cmake)
[8.322s] -- Found rosidl_generator_c: 3.1.8 (/opt/ros/humble/share/rosidl_generator_c/cmake)
[8.361s] -- Found rosidl_adapter: 3.1.8 (/opt/ros/humble/share/rosidl_adapter/cmake)
[8.416s] -- Found rosidl_generator_cpp: 3.1.8 (/opt/ros/humble/share/rosidl_generator_cpp/cmake)
[8.503s] -- Using all available rosidl_typesupport_c: rosidl_typesupport_fastrtps_c;rosidl_typesupport_introspection_c
[8.555s] -- Using all available rosidl_typesupport_cpp: rosidl_typesupport_fastrtps_cpp;rosidl_typesupport_introspection_cpp
[8.656s] -- Found rosidl_default_generators: 1.2.1 (/opt/ros/humble/share/rosidl_default_generators/cmake)
[9.337s] -- Found ament_cmake_ros: 0.10.0 (/opt/ros/humble/share/ament_cmake_ros/cmake)
[10.112s] -- Using all available rosidl_typesupport_c: rosidl_typesupport_fastrtps_c;rosidl_typesupport_introspection_c
[10.432s] -- Using all available rosidl_typesupport_cpp: rosidl_typesupport_fastrtps_cpp;rosidl_typesupport_introspection_cpp
[10.586s] -- Found PythonInterp: /usr/bin/python3 (found suitable version "3.10.12", minimum required is "3.6") 
[10.657s] -- Found python_cmake_module: 0.10.0 (/opt/ros/humble/share/python_cmake_module/cmake)
[10.900s] -- Found PythonLibs: /usr/lib/x86_64-linux-gnu/libpython3.10.so (found suitable version "3.10.12", minimum required is "3.5") 
[10.900s] -- Using PYTHON_EXECUTABLE: /usr/bin/python3
[10.901s] -- Using PYTHON_INCLUDE_DIRS: /usr/include/python3.10
[10.901s] -- Using PYTHON_LIBRARIES: /usr/lib/x86_64-linux-gnu/libpython3.10.so
[10.944s] -- Found PythonExtra: .so  
[11.336s] -- Found ament_lint_auto: 0.12.15 (/opt/ros/humble/share/ament_lint_auto/cmake)
[11.572s] -- Added test 'lint_cmake' to check CMake code style
[11.574s] -- Added test 'xmllint' to check XML markup files
[11.580s] -- Configuring done
[11.755s] -- Generating done
[11.779s] -- Build files have been written to: /home/leon/robotica/scorbotLabo/teleop_packages/universal_teleop/build/keyboard_msgs
[11.790s] Invoked command in '/home/leon/robotica/scorbotLabo/teleop_packages/universal_teleop/build/keyboard_msgs' returned '0': CMAKE_PREFIX_PATH=/opt/ros/humble /usr/bin/cmake /home/leon/robotica/scorbotLabo/teleop_packages/universal_teleop/src/ros_keyboard_msgs -DCMAKE_INSTALL_PREFIX=/home/leon/robotica/scorbotLabo/teleop_packages/universal_teleop/install/keyboard_msgs
[11.793s] Invoking command in '/home/leon/robotica/scorbotLabo/teleop_packages/universal_teleop/build/keyboard_msgs': CMAKE_PREFIX_PATH=/opt/ros/humble /usr/bin/cmake --build /home/leon/robotica/scorbotLabo/teleop_packages/universal_teleop/build/keyboard_msgs -- -j4 -l4
[11.853s] [  3%] [34m[1mGenerating C code for ROS interfaces[0m
[11.874s] [  6%] [34m[1mGenerating Rust code for ROS interfaces[0m
[11.883s] [  9%] [34m[1mGenerating C++ code for ROS interfaces[0m
[11.889s] [  9%] Built target ament_cmake_python_copy_keyboard_msgs
[12.316s] running egg_info
[12.318s] creating keyboard_msgs.egg-info
[12.319s] writing keyboard_msgs.egg-info/PKG-INFO
[12.320s] writing dependency_links to keyboard_msgs.egg-info/dependency_links.txt
[12.320s] writing top-level names to keyboard_msgs.egg-info/top_level.txt
[12.322s] writing manifest file 'keyboard_msgs.egg-info/SOURCES.txt'
[12.325s] reading manifest file 'keyboard_msgs.egg-info/SOURCES.txt'
[12.326s] writing manifest file 'keyboard_msgs.egg-info/SOURCES.txt'
[12.385s] [  9%] Built target ament_cmake_python_build_keyboard_msgs_egg
[16.383s] [  9%] Built target keyboard_msgs__rs
[16.956s] [ 12%] [32mBuilding C object CMakeFiles/keyboard_msgs__rosidl_generator_c.dir/rosidl_generator_c/keyboard_msgs/msg/detail/key__functions.c.o[0m
[17.070s] [ 12%] Built target keyboard_msgs__cpp
[17.084s] [ 15%] [34m[1mGenerating C++ introspection for ROS interfaces[0m
[17.086s] [ 18%] [34m[1mGenerating C++ type support dispatch for ROS interfaces[0m
[17.086s] [ 21%] [34m[1mGenerating C++ type support for eProsima Fast-RTPS[0m
[18.061s] [ 25%] [32m[1mLinking C shared library libkeyboard_msgs__rosidl_generator_c.so[0m
[18.375s] [ 25%] Built target keyboard_msgs__rosidl_generator_c
[18.390s] [ 28%] [34m[1mGenerating C type support for eProsima Fast-RTPS[0m
[22.108s] [ 31%] [32mBuilding CXX object CMakeFiles/keyboard_msgs__rosidl_typesupport_fastrtps_cpp.dir/rosidl_typesupport_fastrtps_cpp/keyboard_msgs/msg/detail/dds_fastrtps/key__type_support.cpp.o[0m
[22.353s] [ 34%] [32mBuilding CXX object CMakeFiles/keyboard_msgs__rosidl_typesupport_cpp.dir/rosidl_typesupport_cpp/keyboard_msgs/msg/key__type_support.cpp.o[0m
[22.360s] [ 37%] [32mBuilding CXX object CMakeFiles/keyboard_msgs__rosidl_typesupport_introspection_cpp.dir/rosidl_typesupport_introspection_cpp/keyboard_msgs/msg/detail/key__type_support.cpp.o[0m
[23.319s] [ 40%] [32mBuilding CXX object CMakeFiles/keyboard_msgs__rosidl_typesupport_fastrtps_c.dir/rosidl_typesupport_fastrtps_c/keyboard_msgs/msg/detail/key__type_support_c.cpp.o[0m
[23.990s] [ 43%] [32m[1mLinking CXX shared library libkeyboard_msgs__rosidl_typesupport_cpp.so[0m
[24.165s] [ 43%] Built target keyboard_msgs__rosidl_typesupport_cpp
[24.194s] [ 46%] [32m[1mLinking CXX shared library libkeyboard_msgs__rosidl_typesupport_introspection_cpp.so[0m
[24.206s] [ 50%] [34m[1mGenerating C introspection for ROS interfaces[0m
[24.501s] [ 50%] Built target keyboard_msgs__rosidl_typesupport_introspection_cpp
[24.518s] [ 53%] [34m[1mGenerating C type support dispatch for ROS interfaces[0m
[24.563s] [ 56%] [32m[1mLinking CXX shared library libkeyboard_msgs__rosidl_typesupport_fastrtps_c.so[0m
[24.630s] [ 59%] [32m[1mLinking CXX shared library libkeyboard_msgs__rosidl_typesupport_fastrtps_cpp.so[0m
[24.838s] [ 59%] Built target keyboard_msgs__rosidl_typesupport_fastrtps_c
[24.854s] [ 59%] Built target keyboard_msgs__rosidl_typesupport_fastrtps_cpp
[28.370s] [ 62%] [32mBuilding C object CMakeFiles/keyboard_msgs__rosidl_typesupport_introspection_c.dir/rosidl_typesupport_introspection_c/keyboard_msgs/msg/detail/key__type_support.c.o[0m
[28.436s] [ 65%] [32m[1mLinking C shared library libkeyboard_msgs__rosidl_typesupport_introspection_c.so[0m
[28.519s] [ 65%] Built target keyboard_msgs__rosidl_typesupport_introspection_c
[28.654s] [ 68%] [32mBuilding CXX object CMakeFiles/keyboard_msgs__rosidl_typesupport_c.dir/rosidl_typesupport_c/keyboard_msgs/msg/key__type_support.cpp.o[0m
[28.720s] [ 71%] [32m[1mLinking CXX shared library libkeyboard_msgs__rosidl_typesupport_c.so[0m
[28.811s] [ 71%] Built target keyboard_msgs__rosidl_typesupport_c
[28.838s] [ 71%] Built target keyboard_msgs
[28.866s] [ 75%] [34m[1mGenerating Python code for ROS interfaces[0m
[35.502s] [ 75%] Built target keyboard_msgs__py
[35.530s] [ 78%] [32mBuilding C object CMakeFiles/keyboard_msgs__rosidl_generator_py.dir/rosidl_generator_py/keyboard_msgs/msg/_key_s.c.o[0m
[35.996s] [ 81%] [32m[1mLinking C shared library rosidl_generator_py/keyboard_msgs/libkeyboard_msgs__rosidl_generator_py.so[0m
[36.142s] [ 81%] Built target keyboard_msgs__rosidl_generator_py
[36.177s] [ 87%] [32mBuilding C object CMakeFiles/keyboard_msgs__rosidl_typesupport_c__pyext.dir/rosidl_generator_py/keyboard_msgs/_keyboard_msgs_s.ep.rosidl_typesupport_c.c.o[0m
[36.177s] [ 87%] [32mBuilding C object CMakeFiles/keyboard_msgs__rosidl_typesupport_fastrtps_c__pyext.dir/rosidl_generator_py/keyboard_msgs/_keyboard_msgs_s.ep.rosidl_typesupport_fastrtps_c.c.o[0m
[36.177s] [ 90%] [32mBuilding C object CMakeFiles/keyboard_msgs__rosidl_typesupport_introspection_c__pyext.dir/rosidl_generator_py/keyboard_msgs/_keyboard_msgs_s.ep.rosidl_typesupport_introspection_c.c.o[0m
[36.402s] [ 93%] [32m[1mLinking C shared library rosidl_generator_py/keyboard_msgs/keyboard_msgs_s__rosidl_typesupport_introspection_c.cpython-310-x86_64-linux-gnu.so[0m
[36.410s] [ 96%] [32m[1mLinking C shared library rosidl_generator_py/keyboard_msgs/keyboard_msgs_s__rosidl_typesupport_fastrtps_c.cpython-310-x86_64-linux-gnu.so[0m
[36.424s] [100%] [32m[1mLinking C shared library rosidl_generator_py/keyboard_msgs/keyboard_msgs_s__rosidl_typesupport_c.cpython-310-x86_64-linux-gnu.so[0m
[36.476s] [100%] Built target keyboard_msgs__rosidl_typesupport_introspection_c__pyext
[36.479s] [100%] Built target keyboard_msgs__rosidl_typesupport_fastrtps_c__pyext
[36.493s] [100%] Built target keyboard_msgs__rosidl_typesupport_c__pyext
[36.509s] Invoked command in '/home/leon/robotica/scorbotLabo/teleop_packages/universal_teleop/build/keyboard_msgs' returned '0': CMAKE_PREFIX_PATH=/opt/ros/humble /usr/bin/cmake --build /home/leon/robotica/scorbotLabo/teleop_packages/universal_teleop/build/keyboard_msgs -- -j4 -l4
[36.511s] Invoking command in '/home/leon/robotica/scorbotLabo/teleop_packages/universal_teleop/build/keyboard_msgs': CMAKE_PREFIX_PATH=/opt/ros/humble /usr/bin/cmake --install /home/leon/robotica/scorbotLabo/teleop_packages/universal_teleop/build/keyboard_msgs
[36.522s] -- Install configuration: ""
[36.522s] -- Installing: /home/leon/robotica/scorbotLabo/teleop_packages/universal_teleop/install/keyboard_msgs/share/ament_index/resource_index/rosidl_interfaces/keyboard_msgs
[36.522s] -- Installing: /home/leon/robotica/scorbotLabo/teleop_packages/universal_teleop/install/keyboard_msgs/include/keyboard_msgs/keyboard_msgs
[36.522s] -- Installing: /home/leon/robotica/scorbotLabo/teleop_packages/universal_teleop/install/keyboard_msgs/include/keyboard_msgs/keyboard_msgs/msg
[36.523s] -- Installing: /home/leon/robotica/scorbotLabo/teleop_packages/universal_teleop/install/keyboard_msgs/include/keyboard_msgs/keyboard_msgs/msg/detail
[36.523s] -- Installing: /home/leon/robotica/scorbotLabo/teleop_packages/universal_teleop/install/keyboard_msgs/include/keyboard_msgs/keyboard_msgs/msg/detail/key__functions.c
[36.523s] -- Installing: /home/leon/robotica/scorbotLabo/teleop_packages/universal_teleop/install/keyboard_msgs/include/keyboard_msgs/keyboard_msgs/msg/detail/key__struct.h
[36.523s] -- Installing: /home/leon/robotica/scorbotLabo/teleop_packages/universal_teleop/install/keyboard_msgs/include/keyboard_msgs/keyboard_msgs/msg/detail/key__functions.h
[36.523s] -- Installing: /home/leon/robotica/scorbotLabo/teleop_packages/universal_teleop/install/keyboard_msgs/include/keyboard_msgs/keyboard_msgs/msg/detail/key__type_support.h
[36.523s] -- Installing: /home/leon/robotica/scorbotLabo/teleop_packages/universal_teleop/install/keyboard_msgs/include/keyboard_msgs/keyboard_msgs/msg/key.h
[36.524s] -- Installing: /home/leon/robotica/scorbotLabo/teleop_packages/universal_teleop/install/keyboard_msgs/include/keyboard_msgs/keyboard_msgs/msg/rosidl_generator_c__visibility_control.h
[36.524s] -- Installing: /home/leon/robotica/scorbotLabo/teleop_packages/universal_teleop/install/keyboard_msgs/share/keyboard_msgs/environment/library_path.sh
[36.524s] -- Installing: /home/leon/robotica/scorbotLabo/teleop_packages/universal_teleop/install/keyboard_msgs/share/keyboard_msgs/environment/library_path.dsv
[36.524s] -- Installing: /home/leon/robotica/scorbotLabo/teleop_packages/universal_teleop/install/keyboard_msgs/lib/libkeyboard_msgs__rosidl_generator_c.so
[36.524s] -- Set runtime path of "/home/leon/robotica/scorbotLabo/teleop_packages/universal_teleop/install/keyboard_msgs/lib/libkeyboard_msgs__rosidl_generator_c.so" to ""
[36.525s] -- Up-to-date: /home/leon/robotica/scorbotLabo/teleop_packages/universal_teleop/install/keyboard_msgs/include/keyboard_msgs/keyboard_msgs
[36.525s] -- Up-to-date: /home/leon/robotica/scorbotLabo/teleop_packages/universal_teleop/install/keyboard_msgs/include/keyboard_msgs/keyboard_msgs/msg
[36.525s] -- Installing: /home/leon/robotica/scorbotLabo/teleop_packages/universal_teleop/install/keyboard_msgs/include/keyboard_msgs/keyboard_msgs/msg/rosidl_typesupport_fastrtps_c__visibility_control.h
[36.525s] -- Up-to-date: /home/leon/robotica/scorbotLabo/teleop_packages/universal_teleop/install/keyboard_msgs/include/keyboard_msgs/keyboard_msgs/msg/detail
[36.525s] -- Installing: /home/leon/robotica/scorbotLabo/teleop_packages/universal_teleop/install/keyboard_msgs/include/keyboard_msgs/keyboard_msgs/msg/detail/key__rosidl_typesupport_fastrtps_c.h
[36.525s] -- Installing: /home/leon/robotica/scorbotLabo/teleop_packages/universal_teleop/install/keyboard_msgs/lib/libkeyboard_msgs__rosidl_typesupport_fastrtps_c.so
[36.526s] -- Set runtime path of "/home/leon/robotica/scorbotLabo/teleop_packages/universal_teleop/install/keyboard_msgs/lib/libkeyboard_msgs__rosidl_typesupport_fastrtps_c.so" to ""
[36.526s] -- Up-to-date: /home/leon/robotica/scorbotLabo/teleop_packages/universal_teleop/install/keyboard_msgs/include/keyboard_msgs/keyboard_msgs
[36.526s] -- Up-to-date: /home/leon/robotica/scorbotLabo/teleop_packages/universal_teleop/install/keyboard_msgs/include/keyboard_msgs/keyboard_msgs/msg
[36.526s] -- Installing: /home/leon/robotica/scorbotLabo/teleop_packages/universal_teleop/install/keyboard_msgs/include/keyboard_msgs/keyboard_msgs/msg/rosidl_generator_cpp__visibility_control.hpp
[36.526s] -- Up-to-date: /home/leon/robotica/scorbotLabo/teleop_packages/universal_teleop/install/keyboard_msgs/include/keyboard_msgs/keyboard_msgs/msg/detail
[36.526s] -- Installing: /home/leon/robotica/scorbotLabo/teleop_packages/universal_teleop/install/keyboard_msgs/include/keyboard_msgs/keyboard_msgs/msg/detail/key__builder.hpp
[36.527s] -- Installing: /home/leon/robotica/scorbotLabo/teleop_packages/universal_teleop/install/keyboard_msgs/include/keyboard_msgs/keyboard_msgs/msg/detail/key__type_support.hpp
[36.527s] -- Installing: /home/leon/robotica/scorbotLabo/teleop_packages/universal_teleop/install/keyboard_msgs/include/keyboard_msgs/keyboard_msgs/msg/detail/key__struct.hpp
[36.527s] -- Installing: /home/leon/robotica/scorbotLabo/teleop_packages/universal_teleop/install/keyboard_msgs/include/keyboard_msgs/keyboard_msgs/msg/detail/key__traits.hpp
[36.527s] -- Installing: /home/leon/robotica/scorbotLabo/teleop_packages/universal_teleop/install/keyboard_msgs/include/keyboard_msgs/keyboard_msgs/msg/key.hpp
[36.527s] -- Up-to-date: /home/leon/robotica/scorbotLabo/teleop_packages/universal_teleop/install/keyboard_msgs/include/keyboard_msgs/keyboard_msgs
[36.527s] -- Up-to-date: /home/leon/robotica/scorbotLabo/teleop_packages/universal_teleop/install/keyboard_msgs/include/keyboard_msgs/keyboard_msgs/msg
[36.528s] -- Installing: /home/leon/robotica/scorbotLabo/teleop_packages/universal_teleop/install/keyboard_msgs/include/keyboard_msgs/keyboard_msgs/msg/rosidl_typesupport_fastrtps_cpp__visibility_control.h
[36.528s] -- Up-to-date: /home/leon/robotica/scorbotLabo/teleop_packages/universal_teleop/install/keyboard_msgs/include/keyboard_msgs/keyboard_msgs/msg/detail
[36.528s] -- Installing: /home/leon/robotica/scorbotLabo/teleop_packages/universal_teleop/install/keyboard_msgs/include/keyboard_msgs/keyboard_msgs/msg/detail/key__rosidl_typesupport_fastrtps_cpp.hpp
[36.528s] -- Installing: /home/leon/robotica/scorbotLabo/teleop_packages/universal_teleop/install/keyboard_msgs/include/keyboard_msgs/keyboard_msgs/msg/detail/dds_fastrtps
[36.528s] -- Installing: /home/leon/robotica/scorbotLabo/teleop_packages/universal_teleop/install/keyboard_msgs/lib/libkeyboard_msgs__rosidl_typesupport_fastrtps_cpp.so
[36.528s] -- Set runtime path of "/home/leon/robotica/scorbotLabo/teleop_packages/universal_teleop/install/keyboard_msgs/lib/libkeyboard_msgs__rosidl_typesupport_fastrtps_cpp.so" to ""
[36.528s] -- Up-to-date: /home/leon/robotica/scorbotLabo/teleop_packages/universal_teleop/install/keyboard_msgs/include/keyboard_msgs/keyboard_msgs
[36.528s] -- Up-to-date: /home/leon/robotica/scorbotLabo/teleop_packages/universal_teleop/install/keyboard_msgs/include/keyboard_msgs/keyboard_msgs/msg
[36.529s] -- Installing: /home/leon/robotica/scorbotLabo/teleop_packages/universal_teleop/install/keyboard_msgs/include/keyboard_msgs/keyboard_msgs/msg/rosidl_typesupport_introspection_c__visibility_control.h
[36.529s] -- Up-to-date: /home/leon/robotica/scorbotLabo/teleop_packages/universal_teleop/install/keyboard_msgs/include/keyboard_msgs/keyboard_msgs/msg/detail
[36.529s] -- Installing: /home/leon/robotica/scorbotLabo/teleop_packages/universal_teleop/install/keyboard_msgs/include/keyboard_msgs/keyboard_msgs/msg/detail/key__type_support.c
[36.529s] -- Installing: /home/leon/robotica/scorbotLabo/teleop_packages/universal_teleop/install/keyboard_msgs/include/keyboard_msgs/keyboard_msgs/msg/detail/key__rosidl_typesupport_introspection_c.h
[36.529s] -- Installing: /home/leon/robotica/scorbotLabo/teleop_packages/universal_teleop/install/keyboard_msgs/lib/libkeyboard_msgs__rosidl_typesupport_introspection_c.so
[36.529s] -- Set runtime path of "/home/leon/robotica/scorbotLabo/teleop_packages/universal_teleop/install/keyboard_msgs/lib/libkeyboard_msgs__rosidl_typesupport_introspection_c.so" to ""
[36.530s] -- Installing: /home/leon/robotica/scorbotLabo/teleop_packages/universal_teleop/install/keyboard_msgs/lib/libkeyboard_msgs__rosidl_typesupport_c.so
[36.530s] -- Set runtime path of "/home/leon/robotica/scorbotLabo/teleop_packages/universal_teleop/install/keyboard_msgs/lib/libkeyboard_msgs__rosidl_typesupport_c.so" to ""
[36.530s] -- Up-to-date: /home/leon/robotica/scorbotLabo/teleop_packages/universal_teleop/install/keyboard_msgs/include/keyboard_msgs/keyboard_msgs
[36.530s] -- Up-to-date: /home/leon/robotica/scorbotLabo/teleop_packages/universal_teleop/install/keyboard_msgs/include/keyboard_msgs/keyboard_msgs/msg
[36.530s] -- Up-to-date: /home/leon/robotica/scorbotLabo/teleop_packages/universal_teleop/install/keyboard_msgs/include/keyboard_msgs/keyboard_msgs/msg/detail
[36.530s] -- Installing: /home/leon/robotica/scorbotLabo/teleop_packages/universal_teleop/install/keyboard_msgs/include/keyboard_msgs/keyboard_msgs/msg/detail/key__rosidl_typesupport_introspection_cpp.hpp
[36.530s] -- Installing: /home/leon/robotica/scorbotLabo/teleop_packages/universal_teleop/install/keyboard_msgs/include/keyboard_msgs/keyboard_msgs/msg/detail/key__type_support.cpp
[36.531s] -- Installing: /home/leon/robotica/scorbotLabo/teleop_packages/universal_teleop/install/keyboard_msgs/lib/libkeyboard_msgs__rosidl_typesupport_introspection_cpp.so
[36.531s] -- Set runtime path of "/home/leon/robotica/scorbotLabo/teleop_packages/universal_teleop/install/keyboard_msgs/lib/libkeyboard_msgs__rosidl_typesupport_introspection_cpp.so" to ""
[36.531s] -- Installing: /home/leon/robotica/scorbotLabo/teleop_packages/universal_teleop/install/keyboard_msgs/lib/libkeyboard_msgs__rosidl_typesupport_cpp.so
[36.531s] -- Set runtime path of "/home/leon/robotica/scorbotLabo/teleop_packages/universal_teleop/install/keyboard_msgs/lib/libkeyboard_msgs__rosidl_typesupport_cpp.so" to ""
[36.531s] -- Installing: /home/leon/robotica/scorbotLabo/teleop_packages/universal_teleop/install/keyboard_msgs/share/keyboard_msgs/environment/pythonpath.sh
[36.531s] -- Installing: /home/leon/robotica/scorbotLabo/teleop_packages/universal_teleop/install/keyboard_msgs/share/keyboard_msgs/environment/pythonpath.dsv
[36.531s] -- Installing: /home/leon/robotica/scorbotLabo/teleop_packages/universal_teleop/install/keyboard_msgs/local/lib/python3.10/dist-packages/keyboard_msgs-2.0.0-py3.10.egg-info
[36.532s] -- Installing: /home/leon/robotica/scorbotLabo/teleop_packages/universal_teleop/install/keyboard_msgs/local/lib/python3.10/dist-packages/keyboard_msgs-2.0.0-py3.10.egg-info/dependency_links.txt
[36.532s] -- Installing: /home/leon/robotica/scorbotLabo/teleop_packages/universal_teleop/install/keyboard_msgs/local/lib/python3.10/dist-packages/keyboard_msgs-2.0.0-py3.10.egg-info/top_level.txt
[36.532s] -- Installing: /home/leon/robotica/scorbotLabo/teleop_packages/universal_teleop/install/keyboard_msgs/local/lib/python3.10/dist-packages/keyboard_msgs-2.0.0-py3.10.egg-info/PKG-INFO
[36.532s] -- Installing: /home/leon/robotica/scorbotLabo/teleop_packages/universal_teleop/install/keyboard_msgs/local/lib/python3.10/dist-packages/keyboard_msgs-2.0.0-py3.10.egg-info/SOURCES.txt
[36.532s] -- Installing: /home/leon/robotica/scorbotLabo/teleop_packages/universal_teleop/install/keyboard_msgs/local/lib/python3.10/dist-packages/keyboard_msgs
[36.532s] -- Installing: /home/leon/robotica/scorbotLabo/teleop_packages/universal_teleop/install/keyboard_msgs/local/lib/python3.10/dist-packages/keyboard_msgs/_keyboard_msgs_s.ep.rosidl_typesupport_introspection_c.c
[36.533s] -- Installing: /home/leon/robotica/scorbotLabo/teleop_packages/universal_teleop/install/keyboard_msgs/local/lib/python3.10/dist-packages/keyboard_msgs/_keyboard_msgs_s.ep.rosidl_typesupport_fastrtps_c.c
[36.533s] -- Installing: /home/leon/robotica/scorbotLabo/teleop_packages/universal_teleop/install/keyboard_msgs/local/lib/python3.10/dist-packages/keyboard_msgs/keyboard_msgs_s__rosidl_typesupport_fastrtps_c.cpython-310-x86_64-linux-gnu.so
[36.533s] -- Installing: /home/leon/robotica/scorbotLabo/teleop_packages/universal_teleop/install/keyboard_msgs/local/lib/python3.10/dist-packages/keyboard_msgs/_keyboard_msgs_s.ep.rosidl_typesupport_c.c
[36.533s] -- Installing: /home/leon/robotica/scorbotLabo/teleop_packages/universal_teleop/install/keyboard_msgs/local/lib/python3.10/dist-packages/keyboard_msgs/__init__.py
[36.533s] -- Installing: /home/leon/robotica/scorbotLabo/teleop_packages/universal_teleop/install/keyboard_msgs/local/lib/python3.10/dist-packages/keyboard_msgs/libkeyboard_msgs__rosidl_generator_py.so
[36.533s] -- Installing: /home/leon/robotica/scorbotLabo/teleop_packages/universal_teleop/install/keyboard_msgs/local/lib/python3.10/dist-packages/keyboard_msgs/keyboard_msgs_s__rosidl_typesupport_introspection_c.cpython-310-x86_64-linux-gnu.so
[36.534s] -- Installing: /home/leon/robotica/scorbotLabo/teleop_packages/universal_teleop/install/keyboard_msgs/local/lib/python3.10/dist-packages/keyboard_msgs/keyboard_msgs_s__rosidl_typesupport_c.cpython-310-x86_64-linux-gnu.so
[36.534s] -- Installing: /home/leon/robotica/scorbotLabo/teleop_packages/universal_teleop/install/keyboard_msgs/local/lib/python3.10/dist-packages/keyboard_msgs/msg
[36.534s] -- Installing: /home/leon/robotica/scorbotLabo/teleop_packages/universal_teleop/install/keyboard_msgs/local/lib/python3.10/dist-packages/keyboard_msgs/msg/_key.py
[36.534s] -- Installing: /home/leon/robotica/scorbotLabo/teleop_packages/universal_teleop/install/keyboard_msgs/local/lib/python3.10/dist-packages/keyboard_msgs/msg/__init__.py
[36.534s] -- Installing: /home/leon/robotica/scorbotLabo/teleop_packages/universal_teleop/install/keyboard_msgs/local/lib/python3.10/dist-packages/keyboard_msgs/msg/_key_s.c
[36.596s] Listing '/home/leon/robotica/scorbotLabo/teleop_packages/universal_teleop/install/keyboard_msgs/local/lib/python3.10/dist-packages/keyboard_msgs'...
[36.596s] Compiling '/home/leon/robotica/scorbotLabo/teleop_packages/universal_teleop/install/keyboard_msgs/local/lib/python3.10/dist-packages/keyboard_msgs/__init__.py'...
[36.596s] Listing '/home/leon/robotica/scorbotLabo/teleop_packages/universal_teleop/install/keyboard_msgs/local/lib/python3.10/dist-packages/keyboard_msgs/msg'...
[36.596s] Compiling '/home/leon/robotica/scorbotLabo/teleop_packages/universal_teleop/install/keyboard_msgs/local/lib/python3.10/dist-packages/keyboard_msgs/msg/__init__.py'...
[36.596s] Compiling '/home/leon/robotica/scorbotLabo/teleop_packages/universal_teleop/install/keyboard_msgs/local/lib/python3.10/dist-packages/keyboard_msgs/msg/_key.py'...
[36.605s] -- Installing: /home/leon/robotica/scorbotLabo/teleop_packages/universal_teleop/install/keyboard_msgs/local/lib/python3.10/dist-packages/keyboard_msgs/keyboard_msgs_s__rosidl_typesupport_fastrtps_c.cpython-310-x86_64-linux-gnu.so
[36.605s] -- Set runtime path of "/home/leon/robotica/scorbotLabo/teleop_packages/universal_teleop/install/keyboard_msgs/local/lib/python3.10/dist-packages/keyboard_msgs/keyboard_msgs_s__rosidl_typesupport_fastrtps_c.cpython-310-x86_64-linux-gnu.so" to ""
[36.605s] -- Installing: /home/leon/robotica/scorbotLabo/teleop_packages/universal_teleop/install/keyboard_msgs/local/lib/python3.10/dist-packages/keyboard_msgs/keyboard_msgs_s__rosidl_typesupport_introspection_c.cpython-310-x86_64-linux-gnu.so
[36.606s] -- Set runtime path of "/home/leon/robotica/scorbotLabo/teleop_packages/universal_teleop/install/keyboard_msgs/local/lib/python3.10/dist-packages/keyboard_msgs/keyboard_msgs_s__rosidl_typesupport_introspection_c.cpython-310-x86_64-linux-gnu.so" to ""
[36.606s] -- Installing: /home/leon/robotica/scorbotLabo/teleop_packages/universal_teleop/install/keyboard_msgs/local/lib/python3.10/dist-packages/keyboard_msgs/keyboard_msgs_s__rosidl_typesupport_c.cpython-310-x86_64-linux-gnu.so
[36.607s] -- Set runtime path of "/home/leon/robotica/scorbotLabo/teleop_packages/universal_teleop/install/keyboard_msgs/local/lib/python3.10/dist-packages/keyboard_msgs/keyboard_msgs_s__rosidl_typesupport_c.cpython-310-x86_64-linux-gnu.so" to ""
[36.607s] -- Installing: /home/leon/robotica/scorbotLabo/teleop_packages/universal_teleop/install/keyboard_msgs/lib/libkeyboard_msgs__rosidl_generator_py.so
[36.607s] -- Set runtime path of "/home/leon/robotica/scorbotLabo/teleop_packages/universal_teleop/install/keyboard_msgs/lib/libkeyboard_msgs__rosidl_generator_py.so" to ""
[36.607s] -- Installing: /home/leon/robotica/scorbotLabo/teleop_packages/universal_teleop/install/keyboard_msgs/share/ament_index/resource_index/rust_packages/keyboard_msgs
[36.608s] -- Installing: /home/leon/robotica/scorbotLabo/teleop_packages/universal_teleop/install/keyboard_msgs/share/keyboard_msgs/rust
[36.608s] -- Installing: /home/leon/robotica/scorbotLabo/teleop_packages/universal_teleop/install/keyboard_msgs/share/keyboard_msgs/rust/Cargo.toml
[36.608s] -- Installing: /home/leon/robotica/scorbotLabo/teleop_packages/universal_teleop/install/keyboard_msgs/share/keyboard_msgs/rust/src
[36.608s] -- Installing: /home/leon/robotica/scorbotLabo/teleop_packages/universal_teleop/install/keyboard_msgs/share/keyboard_msgs/rust/src/lib.rs
[36.608s] -- Installing: /home/leon/robotica/scorbotLabo/teleop_packages/universal_teleop/install/keyboard_msgs/share/keyboard_msgs/rust/src/msg
[36.608s] -- Installing: /home/leon/robotica/scorbotLabo/teleop_packages/universal_teleop/install/keyboard_msgs/share/keyboard_msgs/rust/src/msg/rmw.rs
[36.608s] -- Installing: /home/leon/robotica/scorbotLabo/teleop_packages/universal_teleop/install/keyboard_msgs/share/keyboard_msgs/rust/src/msg.rs
[36.609s] -- Installing: /home/leon/robotica/scorbotLabo/teleop_packages/universal_teleop/install/keyboard_msgs/share/keyboard_msgs/rust/build.rs
[36.609s] -- Installing: /home/leon/robotica/scorbotLabo/teleop_packages/universal_teleop/install/keyboard_msgs/share/keyboard_msgs/msg/Key.idl
[36.609s] -- Installing: /home/leon/robotica/scorbotLabo/teleop_packages/universal_teleop/install/keyboard_msgs/share/keyboard_msgs/msg/Key.msg
[36.609s] -- Installing: /home/leon/robotica/scorbotLabo/teleop_packages/universal_teleop/install/keyboard_msgs/share/ament_index/resource_index/package_run_dependencies/keyboard_msgs
[36.609s] -- Installing: /home/leon/robotica/scorbotLabo/teleop_packages/universal_teleop/install/keyboard_msgs/share/ament_index/resource_index/parent_prefix_path/keyboard_msgs
[36.609s] -- Installing: /home/leon/robotica/scorbotLabo/teleop_packages/universal_teleop/install/keyboard_msgs/share/keyboard_msgs/environment/ament_prefix_path.sh
[36.610s] -- Installing: /home/leon/robotica/scorbotLabo/teleop_packages/universal_teleop/install/keyboard_msgs/share/keyboard_msgs/environment/ament_prefix_path.dsv
[36.610s] -- Installing: /home/leon/robotica/scorbotLabo/teleop_packages/universal_teleop/install/keyboard_msgs/share/keyboard_msgs/environment/path.sh
[36.610s] -- Installing: /home/leon/robotica/scorbotLabo/teleop_packages/universal_teleop/install/keyboard_msgs/share/keyboard_msgs/environment/path.dsv
[36.610s] -- Installing: /home/leon/robotica/scorbotLabo/teleop_packages/universal_teleop/install/keyboard_msgs/share/keyboard_msgs/local_setup.bash
[36.610s] -- Installing: /home/leon/robotica/scorbotLabo/teleop_packages/universal_teleop/install/keyboard_msgs/share/keyboard_msgs/local_setup.sh
[36.611s] -- Installing: /home/leon/robotica/scorbotLabo/teleop_packages/universal_teleop/install/keyboard_msgs/share/keyboard_msgs/local_setup.zsh
[36.611s] -- Installing: /home/leon/robotica/scorbotLabo/teleop_packages/universal_teleop/install/keyboard_msgs/share/keyboard_msgs/local_setup.dsv
[36.611s] -- Installing: /home/leon/robotica/scorbotLabo/teleop_packages/universal_teleop/install/keyboard_msgs/share/keyboard_msgs/package.dsv
[36.611s] -- Installing: /home/leon/robotica/scorbotLabo/teleop_packages/universal_teleop/install/keyboard_msgs/share/ament_index/resource_index/packages/keyboard_msgs
[36.611s] -- Installing: /home/leon/robotica/scorbotLabo/teleop_packages/universal_teleop/install/keyboard_msgs/share/keyboard_msgs/cmake/export_keyboard_msgs__rosidl_generator_cExport.cmake
[36.612s] -- Installing: /home/leon/robotica/scorbotLabo/teleop_packages/universal_teleop/install/keyboard_msgs/share/keyboard_msgs/cmake/export_keyboard_msgs__rosidl_generator_cExport-noconfig.cmake
[36.612s] -- Installing: /home/leon/robotica/scorbotLabo/teleop_packages/universal_teleop/install/keyboard_msgs/share/keyboard_msgs/cmake/export_keyboard_msgs__rosidl_typesupport_fastrtps_cExport.cmake
[36.612s] -- Installing: /home/leon/robotica/scorbotLabo/teleop_packages/universal_teleop/install/keyboard_msgs/share/keyboard_msgs/cmake/export_keyboard_msgs__rosidl_typesupport_fastrtps_cExport-noconfig.cmake
[36.612s] -- Installing: /home/leon/robotica/scorbotLabo/teleop_packages/universal_teleop/install/keyboard_msgs/share/keyboard_msgs/cmake/export_keyboard_msgs__rosidl_generator_cppExport.cmake
[36.612s] -- Installing: /home/leon/robotica/scorbotLabo/teleop_packages/universal_teleop/install/keyboard_msgs/share/keyboard_msgs/cmake/export_keyboard_msgs__rosidl_typesupport_fastrtps_cppExport.cmake
[36.613s] -- Installing: /home/leon/robotica/scorbotLabo/teleop_packages/universal_teleop/install/keyboard_msgs/share/keyboard_msgs/cmake/export_keyboard_msgs__rosidl_typesupport_fastrtps_cppExport-noconfig.cmake
[36.613s] -- Installing: /home/leon/robotica/scorbotLabo/teleop_packages/universal_teleop/install/keyboard_msgs/share/keyboard_msgs/cmake/keyboard_msgs__rosidl_typesupport_introspection_cExport.cmake
[36.613s] -- Installing: /home/leon/robotica/scorbotLabo/teleop_packages/universal_teleop/install/keyboard_msgs/share/keyboard_msgs/cmake/keyboard_msgs__rosidl_typesupport_introspection_cExport-noconfig.cmake
[36.613s] -- Installing: /home/leon/robotica/scorbotLabo/teleop_packages/universal_teleop/install/keyboard_msgs/share/keyboard_msgs/cmake/keyboard_msgs__rosidl_typesupport_cExport.cmake
[36.613s] -- Installing: /home/leon/robotica/scorbotLabo/teleop_packages/universal_teleop/install/keyboard_msgs/share/keyboard_msgs/cmake/keyboard_msgs__rosidl_typesupport_cExport-noconfig.cmake
[36.614s] -- Installing: /home/leon/robotica/scorbotLabo/teleop_packages/universal_teleop/install/keyboard_msgs/share/keyboard_msgs/cmake/keyboard_msgs__rosidl_typesupport_introspection_cppExport.cmake
[36.614s] -- Installing: /home/leon/robotica/scorbotLabo/teleop_packages/universal_teleop/install/keyboard_msgs/share/keyboard_msgs/cmake/keyboard_msgs__rosidl_typesupport_introspection_cppExport-noconfig.cmake
[36.614s] -- Installing: /home/leon/robotica/scorbotLabo/teleop_packages/universal_teleop/install/keyboard_msgs/share/keyboard_msgs/cmake/keyboard_msgs__rosidl_typesupport_cppExport.cmake
[36.614s] -- Installing: /home/leon/robotica/scorbotLabo/teleop_packages/universal_teleop/install/keyboard_msgs/share/keyboard_msgs/cmake/keyboard_msgs__rosidl_typesupport_cppExport-noconfig.cmake
[36.615s] -- Installing: /home/leon/robotica/scorbotLabo/teleop_packages/universal_teleop/install/keyboard_msgs/share/keyboard_msgs/cmake/export_keyboard_msgs__rosidl_generator_pyExport.cmake
[36.615s] -- Installing: /home/leon/robotica/scorbotLabo/teleop_packages/universal_teleop/install/keyboard_msgs/share/keyboard_msgs/cmake/export_keyboard_msgs__rosidl_generator_pyExport-noconfig.cmake
[36.615s] -- Installing: /home/leon/robotica/scorbotLabo/teleop_packages/universal_teleop/install/keyboard_msgs/share/keyboard_msgs/cmake/rosidl_cmake-extras.cmake
[36.615s] -- Installing: /home/leon/robotica/scorbotLabo/teleop_packages/universal_teleop/install/keyboard_msgs/share/keyboard_msgs/cmake/ament_cmake_export_dependencies-extras.cmake
[36.616s] -- Installing: /home/leon/robotica/scorbotLabo/teleop_packages/universal_teleop/install/keyboard_msgs/share/keyboard_msgs/cmake/ament_cmake_export_include_directories-extras.cmake
[36.616s] -- Installing: /home/leon/robotica/scorbotLabo/teleop_packages/universal_teleop/install/keyboard_msgs/share/keyboard_msgs/cmake/ament_cmake_export_libraries-extras.cmake
[36.616s] -- Installing: /home/leon/robotica/scorbotLabo/teleop_packages/universal_teleop/install/keyboard_msgs/share/keyboard_msgs/cmake/ament_cmake_export_targets-extras.cmake
[36.617s] -- Installing: /home/leon/robotica/scorbotLabo/teleop_packages/universal_teleop/install/keyboard_msgs/share/keyboard_msgs/cmake/rosidl_cmake_export_typesupport_targets-extras.cmake
[36.617s] -- Installing: /home/leon/robotica/scorbotLabo/teleop_packages/universal_teleop/install/keyboard_msgs/share/keyboard_msgs/cmake/rosidl_cmake_export_typesupport_libraries-extras.cmake
[36.617s] -- Installing: /home/leon/robotica/scorbotLabo/teleop_packages/universal_teleop/install/keyboard_msgs/share/keyboard_msgs/cmake/keyboard_msgsConfig.cmake
[36.617s] -- Installing: /home/leon/robotica/scorbotLabo/teleop_packages/universal_teleop/install/keyboard_msgs/share/keyboard_msgs/cmake/keyboard_msgsConfig-version.cmake
[36.618s] -- Installing: /home/leon/robotica/scorbotLabo/teleop_packages/universal_teleop/install/keyboard_msgs/share/keyboard_msgs/package.xml
[36.622s] Invoked command in '/home/leon/robotica/scorbotLabo/teleop_packages/universal_teleop/build/keyboard_msgs' returned '0': CMAKE_PREFIX_PATH=/opt/ros/humble /usr/bin/cmake --install /home/leon/robotica/scorbotLabo/teleop_packages/universal_teleop/build/keyboard_msgs
