[0.014s] Invoking command in '/home/leon/robotica/scorbotLabo/teleop_packages/universal_teleop/build/universal_teleop': CMAKE_PREFIX_PATH=/home/leon/robotica/scorbotLabo/teleop_packages/universal_teleop/install/universal_teleop_msgs:/home/leon/robotica/scorbotLabo/teleop_packages/universal_teleop/install/universal_teleop:/home/leon/robotica/scorbotLabo/teleop_packages/ros_keyboard/install/keyboard:/home/leon/robotica/scorbotLabo/teleop_packages/ros_keyboard/install/keyboard_msgs:/opt/ros/humble /usr/bin/cmake --build /home/leon/robotica/scorbotLabo/teleop_packages/universal_teleop/build/universal_teleop -- -j4 -l4
[0.052s] -- Found rosidl_default_generators: 1.2.1 (/opt/ros/humble/share/rosidl_default_generators/cmake)
[0.052s] -- Found ament_cmake_core: 1.3.14 (/opt/ros/humble/share/ament_cmake_core/cmake)
[0.238s] -- Using all available rosidl_typesupport_c: rosidl_typesupport_fastrtps_c;rosidl_typesupport_introspection_c
[0.244s] -- Found rosidl_adapter: 3.1.8 (/opt/ros/humble/share/rosidl_adapter/cmake)
[0.313s] -- Using all available rosidl_typesupport_cpp: rosidl_typesupport_fastrtps_cpp;rosidl_typesupport_introspection_cpp
[0.358s] -- Found rclcpp: 16.0.19 (/opt/ros/humble/share/rclcpp/cmake)
[0.415s] -- Found rmw_implementation_cmake: 6.1.2 (/opt/ros/humble/share/rmw_implementation_cmake/cmake)
[0.417s] -- Found rmw_fastrtps_cpp: 6.2.10 (/opt/ros/humble/share/rmw_fastrtps_cpp/cmake)
[0.552s] -- Using RMW implementation 'rmw_fastrtps_cpp' as default
[0.633s] -- Found nav_msgs: 4.9.1 (/opt/ros/humble/share/nav_msgs/cmake)
[0.680s] -- Found keyboard_msgs: 0.0.0 (/home/leon/robotica/scorbotLabo/teleop_packages/ros_keyboard/install/keyboard_msgs/share/keyboard_msgs/cmake)
[0.700s] -- Found sensor_msgs: 4.9.1 (/opt/ros/humble/share/sensor_msgs/cmake)
[0.727s] -- Found universal_teleop_msgs: 2.0.0 (/home/leon/robotica/scorbotLabo/teleop_packages/universal_teleop/install/universal_teleop_msgs/share/universal_teleop_msgs/cmake)
[0.853s] -- Configuring done
[0.875s] -- Generating done
[0.881s] -- Build files have been written to: /home/leon/robotica/scorbotLabo/teleop_packages/universal_teleop/build/universal_teleop
[0.921s] [35m[1mConsolidate compiler generated dependencies of target universal_teleop[0m
[0.951s] [100%] Built target universal_teleop
[0.966s] Invoked command in '/home/leon/robotica/scorbotLabo/teleop_packages/universal_teleop/build/universal_teleop' returned '0': CMAKE_PREFIX_PATH=/home/leon/robotica/scorbotLabo/teleop_packages/universal_teleop/install/universal_teleop_msgs:/home/leon/robotica/scorbotLabo/teleop_packages/universal_teleop/install/universal_teleop:/home/leon/robotica/scorbotLabo/teleop_packages/ros_keyboard/install/keyboard:/home/leon/robotica/scorbotLabo/teleop_packages/ros_keyboard/install/keyboard_msgs:/opt/ros/humble /usr/bin/cmake --build /home/leon/robotica/scorbotLabo/teleop_packages/universal_teleop/build/universal_teleop -- -j4 -l4
[0.968s] Invoking command in '/home/leon/robotica/scorbotLabo/teleop_packages/universal_teleop/build/universal_teleop': CMAKE_PREFIX_PATH=/home/leon/robotica/scorbotLabo/teleop_packages/universal_teleop/install/universal_teleop_msgs:/home/leon/robotica/scorbotLabo/teleop_packages/universal_teleop/install/universal_teleop:/home/leon/robotica/scorbotLabo/teleop_packages/ros_keyboard/install/keyboard:/home/leon/robotica/scorbotLabo/teleop_packages/ros_keyboard/install/keyboard_msgs:/opt/ros/humble /usr/bin/cmake --install /home/leon/robotica/scorbotLabo/teleop_packages/universal_teleop/build/universal_teleop
[0.981s] -- Install configuration: ""
[0.981s] -- Up-to-date: /home/leon/robotica/scorbotLabo/teleop_packages/universal_teleop/install/universal_teleop/lib/universal_teleop/universal_teleop
[0.981s] -- Installing: /home/leon/robotica/scorbotLabo/teleop_packages/universal_teleop/install/universal_teleop/share/universal_teleop//launch
[0.981s] -- Installing: /home/leon/robotica/scorbotLabo/teleop_packages/universal_teleop/install/universal_teleop/share/universal_teleop//launch/chameleon_input_map.yml
[0.984s] -- Installing: /home/leon/robotica/scorbotLabo/teleop_packages/universal_teleop/install/universal_teleop/share/universal_teleop//launch/pioneer_input_map.yml
[0.985s] -- Installing: /home/leon/robotica/scorbotLabo/teleop_packages/universal_teleop/install/universal_teleop/share/universal_teleop//launch/keyboard.yml
[0.985s] -- Installing: /home/leon/robotica/scorbotLabo/teleop_packages/universal_teleop/install/universal_teleop/share/universal_teleop//launch/exabot.launch
[0.985s] -- Installing: /home/leon/robotica/scorbotLabo/teleop_packages/universal_teleop/install/universal_teleop/share/universal_teleop//launch/example.launch
[0.985s] -- Installing: /home/leon/robotica/scorbotLabo/teleop_packages/universal_teleop/install/universal_teleop/share/universal_teleop//launch/chameleon.launch
[0.993s] -- Installing: /home/leon/robotica/scorbotLabo/teleop_packages/universal_teleop/install/universal_teleop/share/universal_teleop//launch/ardrone_input_map.yml
[0.993s] -- Installing: /home/leon/robotica/scorbotLabo/teleop_packages/universal_teleop/install/universal_teleop/share/universal_teleop//launch/pioneer_input_map-joy2.yml
[0.993s] -- Installing: /home/leon/robotica/scorbotLabo/teleop_packages/universal_teleop/install/universal_teleop/share/universal_teleop//launch/joy_noganet.yml
[0.993s] -- Installing: /home/leon/robotica/scorbotLabo/teleop_packages/universal_teleop/install/universal_teleop/share/universal_teleop//launch/ardrone.launch
[0.994s] -- Installing: /home/leon/robotica/scorbotLabo/teleop_packages/universal_teleop/install/universal_teleop/share/universal_teleop//launch/ardrone-settings.xml
[0.994s] -- Installing: /home/leon/robotica/scorbotLabo/teleop_packages/universal_teleop/install/universal_teleop/share/universal_teleop//launch/scorbot.launch
[0.994s] -- Installing: /home/leon/robotica/scorbotLabo/teleop_packages/universal_teleop/install/universal_teleop/share/universal_teleop//launch/joy_foxconn.yml
[0.994s] -- Installing: /home/leon/robotica/scorbotLabo/teleop_packages/universal_teleop/install/universal_teleop/share/universal_teleop//launch/scorbot_input_map.yml
[0.995s] -- Installing: /home/leon/robotica/scorbotLabo/teleop_packages/universal_teleop/install/universal_teleop/share/universal_teleop//launch/pioneer_scales.yml
[0.995s] -- Installing: /home/leon/robotica/scorbotLabo/teleop_packages/universal_teleop/install/universal_teleop/share/universal_teleop//launch/ardrone_scales.yml
[0.995s] -- Installing: /home/leon/robotica/scorbotLabo/teleop_packages/universal_teleop/install/universal_teleop/share/universal_teleop//launch/dummy.launch
[0.996s] -- Installing: /home/leon/robotica/scorbotLabo/teleop_packages/universal_teleop/install/universal_teleop/share/universal_teleop//launch/example_input_map.yml
[0.996s] -- Installing: /home/leon/robotica/scorbotLabo/teleop_packages/universal_teleop/install/universal_teleop/share/universal_teleop//launch/pioneer.launch
[0.999s] -- Up-to-date: /home/leon/robotica/scorbotLabo/teleop_packages/universal_teleop/install/universal_teleop/share/ament_index/resource_index/package_run_dependencies/universal_teleop
[0.999s] -- Up-to-date: /home/leon/robotica/scorbotLabo/teleop_packages/universal_teleop/install/universal_teleop/share/ament_index/resource_index/parent_prefix_path/universal_teleop
[0.999s] -- Up-to-date: /home/leon/robotica/scorbotLabo/teleop_packages/universal_teleop/install/universal_teleop/share/universal_teleop/environment/ament_prefix_path.sh
[1.000s] -- Installing: /home/leon/robotica/scorbotLabo/teleop_packages/universal_teleop/install/universal_teleop/share/universal_teleop/environment/ament_prefix_path.dsv
[1.000s] -- Up-to-date: /home/leon/robotica/scorbotLabo/teleop_packages/universal_teleop/install/universal_teleop/share/universal_teleop/environment/path.sh
[1.000s] -- Installing: /home/leon/robotica/scorbotLabo/teleop_packages/universal_teleop/install/universal_teleop/share/universal_teleop/environment/path.dsv
[1.002s] -- Up-to-date: /home/leon/robotica/scorbotLabo/teleop_packages/universal_teleop/install/universal_teleop/share/universal_teleop/local_setup.bash
[1.002s] -- Up-to-date: /home/leon/robotica/scorbotLabo/teleop_packages/universal_teleop/install/universal_teleop/share/universal_teleop/local_setup.sh
[1.002s] -- Up-to-date: /home/leon/robotica/scorbotLabo/teleop_packages/universal_teleop/install/universal_teleop/share/universal_teleop/local_setup.zsh
[1.003s] -- Installing: /home/leon/robotica/scorbotLabo/teleop_packages/universal_teleop/install/universal_teleop/share/universal_teleop/local_setup.dsv
[1.003s] -- Installing: /home/leon/robotica/scorbotLabo/teleop_packages/universal_teleop/install/universal_teleop/share/universal_teleop/package.dsv
[1.003s] -- Up-to-date: /home/leon/robotica/scorbotLabo/teleop_packages/universal_teleop/install/universal_teleop/share/ament_index/resource_index/packages/universal_teleop
[1.003s] -- Up-to-date: /home/leon/robotica/scorbotLabo/teleop_packages/universal_teleop/install/universal_teleop/share/universal_teleop/cmake/universal_teleopConfig.cmake
[1.003s] -- Up-to-date: /home/leon/robotica/scorbotLabo/teleop_packages/universal_teleop/install/universal_teleop/share/universal_teleop/cmake/universal_teleopConfig-version.cmake
[1.003s] -- Up-to-date: /home/leon/robotica/scorbotLabo/teleop_packages/universal_teleop/install/universal_teleop/share/universal_teleop/package.xml
[1.003s] Invoked command in '/home/leon/robotica/scorbotLabo/teleop_packages/universal_teleop/build/universal_teleop' returned '0': CMAKE_PREFIX_PATH=/home/leon/robotica/scorbotLabo/teleop_packages/universal_teleop/install/universal_teleop_msgs:/home/leon/robotica/scorbotLabo/teleop_packages/universal_teleop/install/universal_teleop:/home/leon/robotica/scorbotLabo/teleop_packages/ros_keyboard/install/keyboard:/home/leon/robotica/scorbotLabo/teleop_packages/ros_keyboard/install/keyboard_msgs:/opt/ros/humble /usr/bin/cmake --install /home/leon/robotica/scorbotLabo/teleop_packages/universal_teleop/build/universal_teleop
