[01m[K/home/leon/robotica/scorbotLabo/teleop_packages/universal_teleop/src/ros-universal-teleop/src/teleop.cpp:[m[K In constructor ‘[01m[Kuniversal_teleop::Teleop::Teleop()[m[K’:
[01m[K/home/leon/robotica/scorbotLabo/teleop_packages/universal_teleop/src/ros-universal-teleop/src/teleop.cpp:10:95:[m[K [01;31m[Kerror: [m[Kno matching function for call to ‘[01m[Krclcpp::Subscription<sensor_msgs::msg::Joy_<std::allocator<void> > >::Subscription()[m[K’
   10 | teleop::Teleop::Teleop(void) : n("~"), key_override_enabled(false), joy_override_enabled(false[01;31m[K)[m[K
      |                                                                                               [01;31m[K^[m[K
In file included from [01m[K/opt/ros/humble/include/rclcpp/rclcpp/any_executable.hpp:25[m[K,
                 from [01m[K/opt/ros/humble/include/rclcpp/rclcpp/memory_strategy.hpp:25[m[K,
                 from [01m[K/opt/ros/humble/include/rclcpp/rclcpp/memory_strategies.hpp:18[m[K,
                 from [01m[K/opt/ros/humble/include/rclcpp/rclcpp/executor_options.hpp:20[m[K,
                 from [01m[K/opt/ros/humble/include/rclcpp/rclcpp/executor.hpp:37[m[K,
                 from [01m[K/opt/ros/humble/include/rclcpp/rclcpp/executors/multi_threaded_executor.hpp:25[m[K,
                 from [01m[K/opt/ros/humble/include/rclcpp/rclcpp/executors.hpp:21[m[K,
                 from [01m[K/opt/ros/humble/include/rclcpp/rclcpp/rclcpp.hpp:155[m[K,
                 from [01m[K/home/leon/robotica/scorbotLabo/teleop_packages/universal_teleop/src/ros-universal-teleop/src/teleop.h:4[m[K,
                 from [01m[K/home/leon/robotica/scorbotLabo/teleop_packages/universal_teleop/src/ros-universal-teleop/src/teleop.cpp:5[m[K:
[01m[K/opt/ros/humble/include/rclcpp/rclcpp/subscription.hpp:130:3:[m[K [01;36m[Knote: [m[Kcandidate: ‘[01m[Krclcpp::Subscription<MessageT, AllocatorT, SubscribedT, ROSMessageT, MessageMemoryStrategyT>::Subscription(rclcpp::node_interfaces::NodeBaseInterface*, const rosidl_message_type_support_t&, const string&, const rclcpp::QoS&, rclcpp::AnySubscriptionCallback<CallbackMessageT, AllocatorT>, const rclcpp::SubscriptionOptionsWithAllocator<AllocatorT>&, typename MessageMemoryStrategyT::SharedPtr, rclcpp::Subscription<MessageT, AllocatorT, SubscribedT, ROSMessageT, MessageMemoryStrategyT>::SubscriptionTopicStatisticsSharedPtr) [with MessageT = sensor_msgs::msg::Joy_<std::allocator<void> >; AllocatorT = std::allocator<void>; SubscribedT = sensor_msgs::msg::Joy_<std::allocator<void> >; ROSMessageT = sensor_msgs::msg::Joy_<std::allocator<void> >; MessageMemoryStrategyT = rclcpp::message_memory_strategy::MessageMemoryStrategy<sensor_msgs::msg::Joy_<std::allocator<void> >, std::allocator<void> >; rosidl_message_type_support_t = rosidl_message_type_support_t; std::string = std::__cxx11::basic_string<char>; typename MessageMemoryStrategyT::SharedPtr = std::shared_ptr<rclcpp::message_memory_strategy::MessageMemoryStrategy<sensor_msgs::msg::Joy_<std::allocator<void> >, std::allocator<void> > >; rclcpp::Subscription<MessageT, AllocatorT, SubscribedT, ROSMessageT, MessageMemoryStrategyT>::SubscriptionTopicStatisticsSharedPtr = std::shared_ptr<rclcpp::topic_statistics::SubscriptionTopicStatistics<sensor_msgs::msg::Joy_<std::allocator<void> > > >][m[K’
  130 |   [01;36m[KSubscription[m[K(
      |   [01;36m[K^~~~~~~~~~~~[m[K
[01m[K/opt/ros/humble/include/rclcpp/rclcpp/subscription.hpp:130:3:[m[K [01;36m[Knote: [m[K  candidate expects 8 arguments, 0 provided
[01m[K/home/leon/robotica/scorbotLabo/teleop_packages/universal_teleop/src/ros-universal-teleop/src/teleop.cpp:10:95:[m[K [01;31m[Kerror: [m[Kno matching function for call to ‘[01m[Krclcpp::Subscription<keyboard_msgs::msg::Key_<std::allocator<void> > >::Subscription()[m[K’
   10 | teleop::Teleop::Teleop(void) : n("~"), key_override_enabled(false), joy_override_enabled(false[01;31m[K)[m[K
      |                                                                                               [01;31m[K^[m[K
In file included from [01m[K/opt/ros/humble/include/rclcpp/rclcpp/any_executable.hpp:25[m[K,
                 from [01m[K/opt/ros/humble/include/rclcpp/rclcpp/memory_strategy.hpp:25[m[K,
                 from [01m[K/opt/ros/humble/include/rclcpp/rclcpp/memory_strategies.hpp:18[m[K,
                 from [01m[K/opt/ros/humble/include/rclcpp/rclcpp/executor_options.hpp:20[m[K,
                 from [01m[K/opt/ros/humble/include/rclcpp/rclcpp/executor.hpp:37[m[K,
                 from [01m[K/opt/ros/humble/include/rclcpp/rclcpp/executors/multi_threaded_executor.hpp:25[m[K,
                 from [01m[K/opt/ros/humble/include/rclcpp/rclcpp/executors.hpp:21[m[K,
                 from [01m[K/opt/ros/humble/include/rclcpp/rclcpp/rclcpp.hpp:155[m[K,
                 from [01m[K/home/leon/robotica/scorbotLabo/teleop_packages/universal_teleop/src/ros-universal-teleop/src/teleop.h:4[m[K,
                 from [01m[K/home/leon/robotica/scorbotLabo/teleop_packages/universal_teleop/src/ros-universal-teleop/src/teleop.cpp:5[m[K:
[01m[K/opt/ros/humble/include/rclcpp/rclcpp/subscription.hpp:130:3:[m[K [01;36m[Knote: [m[Kcandidate: ‘[01m[Krclcpp::Subscription<MessageT, AllocatorT, SubscribedT, ROSMessageT, MessageMemoryStrategyT>::Subscription(rclcpp::node_interfaces::NodeBaseInterface*, const rosidl_message_type_support_t&, const string&, const rclcpp::QoS&, rclcpp::AnySubscriptionCallback<CallbackMessageT, AllocatorT>, const rclcpp::SubscriptionOptionsWithAllocator<AllocatorT>&, typename MessageMemoryStrategyT::SharedPtr, rclcpp::Subscription<MessageT, AllocatorT, SubscribedT, ROSMessageT, MessageMemoryStrategyT>::SubscriptionTopicStatisticsSharedPtr) [with MessageT = keyboard_msgs::msg::Key_<std::allocator<void> >; AllocatorT = std::allocator<void>; SubscribedT = keyboard_msgs::msg::Key_<std::allocator<void> >; ROSMessageT = keyboard_msgs::msg::Key_<std::allocator<void> >; MessageMemoryStrategyT = rclcpp::message_memory_strategy::MessageMemoryStrategy<keyboard_msgs::msg::Key_<std::allocator<void> >, std::allocator<void> >; rosidl_message_type_support_t = rosidl_message_type_support_t; std::string = std::__cxx11::basic_string<char>; typename MessageMemoryStrategyT::SharedPtr = std::shared_ptr<rclcpp::message_memory_strategy::MessageMemoryStrategy<keyboard_msgs::msg::Key_<std::allocator<void> >, std::allocator<void> > >; rclcpp::Subscription<MessageT, AllocatorT, SubscribedT, ROSMessageT, MessageMemoryStrategyT>::SubscriptionTopicStatisticsSharedPtr = std::shared_ptr<rclcpp::topic_statistics::SubscriptionTopicStatistics<keyboard_msgs::msg::Key_<std::allocator<void> > > >][m[K’
  130 |   [01;36m[KSubscription[m[K(
      |   [01;36m[K^~~~~~~~~~~~[m[K
[01m[K/opt/ros/humble/include/rclcpp/rclcpp/subscription.hpp:130:3:[m[K [01;36m[Knote: [m[K  candidate expects 8 arguments, 0 provided
[01m[K/home/leon/robotica/scorbotLabo/teleop_packages/universal_teleop/src/ros-universal-teleop/src/teleop.cpp:10:95:[m[K [01;31m[Kerror: [m[Kno matching function for call to ‘[01m[Krclcpp::Subscription<keyboard_msgs::msg::Key_<std::allocator<void> > >::Subscription()[m[K’
   10 | teleop::Teleop::Teleop(void) : n("~"), key_override_enabled(false), joy_override_enabled(false[01;31m[K)[m[K
      |                                                                                               [01;31m[K^[m[K
In file included from [01m[K/opt/ros/humble/include/rclcpp/rclcpp/any_executable.hpp:25[m[K,
                 from [01m[K/opt/ros/humble/include/rclcpp/rclcpp/memory_strategy.hpp:25[m[K,
                 from [01m[K/opt/ros/humble/include/rclcpp/rclcpp/memory_strategies.hpp:18[m[K,
                 from [01m[K/opt/ros/humble/include/rclcpp/rclcpp/executor_options.hpp:20[m[K,
                 from [01m[K/opt/ros/humble/include/rclcpp/rclcpp/executor.hpp:37[m[K,
                 from [01m[K/opt/ros/humble/include/rclcpp/rclcpp/executors/multi_threaded_executor.hpp:25[m[K,
                 from [01m[K/opt/ros/humble/include/rclcpp/rclcpp/executors.hpp:21[m[K,
                 from [01m[K/opt/ros/humble/include/rclcpp/rclcpp/rclcpp.hpp:155[m[K,
                 from [01m[K/home/leon/robotica/scorbotLabo/teleop_packages/universal_teleop/src/ros-universal-teleop/src/teleop.h:4[m[K,
                 from [01m[K/home/leon/robotica/scorbotLabo/teleop_packages/universal_teleop/src/ros-universal-teleop/src/teleop.cpp:5[m[K:
[01m[K/opt/ros/humble/include/rclcpp/rclcpp/subscription.hpp:130:3:[m[K [01;36m[Knote: [m[Kcandidate: ‘[01m[Krclcpp::Subscription<MessageT, AllocatorT, SubscribedT, ROSMessageT, MessageMemoryStrategyT>::Subscription(rclcpp::node_interfaces::NodeBaseInterface*, const rosidl_message_type_support_t&, const string&, const rclcpp::QoS&, rclcpp::AnySubscriptionCallback<CallbackMessageT, AllocatorT>, const rclcpp::SubscriptionOptionsWithAllocator<AllocatorT>&, typename MessageMemoryStrategyT::SharedPtr, rclcpp::Subscription<MessageT, AllocatorT, SubscribedT, ROSMessageT, MessageMemoryStrategyT>::SubscriptionTopicStatisticsSharedPtr) [with MessageT = keyboard_msgs::msg::Key_<std::allocator<void> >; AllocatorT = std::allocator<void>; SubscribedT = keyboard_msgs::msg::Key_<std::allocator<void> >; ROSMessageT = keyboard_msgs::msg::Key_<std::allocator<void> >; MessageMemoryStrategyT = rclcpp::message_memory_strategy::MessageMemoryStrategy<keyboard_msgs::msg::Key_<std::allocator<void> >, std::allocator<void> >; rosidl_message_type_support_t = rosidl_message_type_support_t; std::string = std::__cxx11::basic_string<char>; typename MessageMemoryStrategyT::SharedPtr = std::shared_ptr<rclcpp::message_memory_strategy::MessageMemoryStrategy<keyboard_msgs::msg::Key_<std::allocator<void> >, std::allocator<void> > >; rclcpp::Subscription<MessageT, AllocatorT, SubscribedT, ROSMessageT, MessageMemoryStrategyT>::SubscriptionTopicStatisticsSharedPtr = std::shared_ptr<rclcpp::topic_statistics::SubscriptionTopicStatistics<keyboard_msgs::msg::Key_<std::allocator<void> > > >][m[K’
  130 |   [01;36m[KSubscription[m[K(
      |   [01;36m[K^~~~~~~~~~~~[m[K
[01m[K/opt/ros/humble/include/rclcpp/rclcpp/subscription.hpp:130:3:[m[K [01;36m[Knote: [m[K  candidate expects 8 arguments, 0 provided
[01m[K/home/leon/robotica/scorbotLabo/teleop_packages/universal_teleop/src/ros-universal-teleop/src/teleop.cpp:10:95:[m[K [01;31m[Kerror: [m[Kno matching function for call to ‘[01m[Krclcpp::Publisher<geometry_msgs::msg::Twist_<std::allocator<void> > >::Publisher()[m[K’
   10 | teleop::Teleop::Teleop(void) : n("~"), key_override_enabled(false), joy_override_enabled(false[01;31m[K)[m[K
      |                                                                                               [01;31m[K^[m[K
In file included from [01m[K/opt/ros/humble/include/rclcpp/rclcpp/topic_statistics/subscription_topic_statistics.hpp:31[m[K,
                 from [01m[K/opt/ros/humble/include/rclcpp/rclcpp/subscription.hpp:50[m[K,
                 from [01m[K/opt/ros/humble/include/rclcpp/rclcpp/any_executable.hpp:25[m[K,
                 from [01m[K/opt/ros/humble/include/rclcpp/rclcpp/memory_strategy.hpp:25[m[K,
                 from [01m[K/opt/ros/humble/include/rclcpp/rclcpp/memory_strategies.hpp:18[m[K,
                 from [01m[K/opt/ros/humble/include/rclcpp/rclcpp/executor_options.hpp:20[m[K,
                 from [01m[K/opt/ros/humble/include/rclcpp/rclcpp/executor.hpp:37[m[K,
                 from [01m[K/opt/ros/humble/include/rclcpp/rclcpp/executors/multi_threaded_executor.hpp:25[m[K,
                 from [01m[K/opt/ros/humble/include/rclcpp/rclcpp/executors.hpp:21[m[K,
                 from [01m[K/opt/ros/humble/include/rclcpp/rclcpp/rclcpp.hpp:155[m[K,
                 from [01m[K/home/leon/robotica/scorbotLabo/teleop_packages/universal_teleop/src/ros-universal-teleop/src/teleop.h:4[m[K,
                 from [01m[K/home/leon/robotica/scorbotLabo/teleop_packages/universal_teleop/src/ros-universal-teleop/src/teleop.cpp:5[m[K:
[01m[K/opt/ros/humble/include/rclcpp/rclcpp/publisher.hpp:125:3:[m[K [01;36m[Knote: [m[Kcandidate: ‘[01m[Krclcpp::Publisher<MessageT, AllocatorT>::Publisher(rclcpp::node_interfaces::NodeBaseInterface*, const string&, const rclcpp::QoS&, const rclcpp::PublisherOptionsWithAllocator<AllocatorT>&) [with MessageT = geometry_msgs::msg::Twist_<std::allocator<void> >; AllocatorT = std::allocator<void>; std::string = std::__cxx11::basic_string<char>][m[K’
  125 |   [01;36m[KPublisher[m[K(
      |   [01;36m[K^~~~~~~~~[m[K
[01m[K/opt/ros/humble/include/rclcpp/rclcpp/publisher.hpp:125:3:[m[K [01;36m[Knote: [m[K  candidate expects 4 arguments, 0 provided
[01m[K/opt/ros/humble/include/rclcpp/rclcpp/publisher.hpp:77:7:[m[K [01;36m[Knote: [m[Kcandidate: ‘[01m[Krclcpp::Publisher<geometry_msgs::msg::Twist_<std::allocator<void> > >::Publisher(const rclcpp::Publisher<geometry_msgs::msg::Twist_<std::allocator<void> > >&)[m[K’
   77 | class [01;36m[KPublisher[m[K : public PublisherBase
      |       [01;36m[K^~~~~~~~~[m[K
[01m[K/opt/ros/humble/include/rclcpp/rclcpp/publisher.hpp:77:7:[m[K [01;36m[Knote: [m[K  candidate expects 1 argument, 0 provided
[01m[K/home/leon/robotica/scorbotLabo/teleop_packages/universal_teleop/src/ros-universal-teleop/src/teleop.cpp:10:95:[m[K [01;31m[Kerror: [m[Kno matching function for call to ‘[01m[Krclcpp::Publisher<universal_teleop_msgs::msg::Event_<std::allocator<void> > >::Publisher()[m[K’
   10 | teleop::Teleop::Teleop(void) : n("~"), key_override_enabled(false), joy_override_enabled(false[01;31m[K)[m[K
      |                                                                                               [01;31m[K^[m[K
In file included from [01m[K/opt/ros/humble/include/rclcpp/rclcpp/topic_statistics/subscription_topic_statistics.hpp:31[m[K,
                 from [01m[K/opt/ros/humble/include/rclcpp/rclcpp/subscription.hpp:50[m[K,
                 from [01m[K/opt/ros/humble/include/rclcpp/rclcpp/any_executable.hpp:25[m[K,
                 from [01m[K/opt/ros/humble/include/rclcpp/rclcpp/memory_strategy.hpp:25[m[K,
                 from [01m[K/opt/ros/humble/include/rclcpp/rclcpp/memory_strategies.hpp:18[m[K,
                 from [01m[K/opt/ros/humble/include/rclcpp/rclcpp/executor_options.hpp:20[m[K,
                 from [01m[K/opt/ros/humble/include/rclcpp/rclcpp/executor.hpp:37[m[K,
                 from [01m[K/opt/ros/humble/include/rclcpp/rclcpp/executors/multi_threaded_executor.hpp:25[m[K,
                 from [01m[K/opt/ros/humble/include/rclcpp/rclcpp/executors.hpp:21[m[K,
                 from [01m[K/opt/ros/humble/include/rclcpp/rclcpp/rclcpp.hpp:155[m[K,
                 from [01m[K/home/leon/robotica/scorbotLabo/teleop_packages/universal_teleop/src/ros-universal-teleop/src/teleop.h:4[m[K,
                 from [01m[K/home/leon/robotica/scorbotLabo/teleop_packages/universal_teleop/src/ros-universal-teleop/src/teleop.cpp:5[m[K:
[01m[K/opt/ros/humble/include/rclcpp/rclcpp/publisher.hpp:125:3:[m[K [01;36m[Knote: [m[Kcandidate: ‘[01m[Krclcpp::Publisher<MessageT, AllocatorT>::Publisher(rclcpp::node_interfaces::NodeBaseInterface*, const string&, const rclcpp::QoS&, const rclcpp::PublisherOptionsWithAllocator<AllocatorT>&) [with MessageT = universal_teleop_msgs::msg::Event_<std::allocator<void> >; AllocatorT = std::allocator<void>; std::string = std::__cxx11::basic_string<char>][m[K’
  125 |   [01;36m[KPublisher[m[K(
      |   [01;36m[K^~~~~~~~~[m[K
[01m[K/opt/ros/humble/include/rclcpp/rclcpp/publisher.hpp:125:3:[m[K [01;36m[Knote: [m[K  candidate expects 4 arguments, 0 provided
[01m[K/opt/ros/humble/include/rclcpp/rclcpp/publisher.hpp:77:7:[m[K [01;36m[Knote: [m[Kcandidate: ‘[01m[Krclcpp::Publisher<universal_teleop_msgs::msg::Event_<std::allocator<void> > >::Publisher(const rclcpp::Publisher<universal_teleop_msgs::msg::Event_<std::allocator<void> > >&)[m[K’
   77 | class [01;36m[KPublisher[m[K : public PublisherBase
      |       [01;36m[K^~~~~~~~~[m[K
[01m[K/opt/ros/humble/include/rclcpp/rclcpp/publisher.hpp:77:7:[m[K [01;36m[Knote: [m[K  candidate expects 1 argument, 0 provided
[01m[K/home/leon/robotica/scorbotLabo/teleop_packages/universal_teleop/src/ros-universal-teleop/src/teleop.cpp:10:95:[m[K [01;31m[Kerror: [m[Kno matching function for call to ‘[01m[Krclcpp::Publisher<universal_teleop_msgs::msg::Control_<std::allocator<void> > >::Publisher()[m[K’
   10 | teleop::Teleop::Teleop(void) : n("~"), key_override_enabled(false), joy_override_enabled(false[01;31m[K)[m[K
      |                                                                                               [01;31m[K^[m[K
In file included from [01m[K/opt/ros/humble/include/rclcpp/rclcpp/topic_statistics/subscription_topic_statistics.hpp:31[m[K,
                 from [01m[K/opt/ros/humble/include/rclcpp/rclcpp/subscription.hpp:50[m[K,
                 from [01m[K/opt/ros/humble/include/rclcpp/rclcpp/any_executable.hpp:25[m[K,
                 from [01m[K/opt/ros/humble/include/rclcpp/rclcpp/memory_strategy.hpp:25[m[K,
                 from [01m[K/opt/ros/humble/include/rclcpp/rclcpp/memory_strategies.hpp:18[m[K,
                 from [01m[K/opt/ros/humble/include/rclcpp/rclcpp/executor_options.hpp:20[m[K,
                 from [01m[K/opt/ros/humble/include/rclcpp/rclcpp/executor.hpp:37[m[K,
                 from [01m[K/opt/ros/humble/include/rclcpp/rclcpp/executors/multi_threaded_executor.hpp:25[m[K,
                 from [01m[K/opt/ros/humble/include/rclcpp/rclcpp/executors.hpp:21[m[K,
                 from [01m[K/opt/ros/humble/include/rclcpp/rclcpp/rclcpp.hpp:155[m[K,
                 from [01m[K/home/leon/robotica/scorbotLabo/teleop_packages/universal_teleop/src/ros-universal-teleop/src/teleop.h:4[m[K,
                 from [01m[K/home/leon/robotica/scorbotLabo/teleop_packages/universal_teleop/src/ros-universal-teleop/src/teleop.cpp:5[m[K:
[01m[K/opt/ros/humble/include/rclcpp/rclcpp/publisher.hpp:125:3:[m[K [01;36m[Knote: [m[Kcandidate: ‘[01m[Krclcpp::Publisher<MessageT, AllocatorT>::Publisher(rclcpp::node_interfaces::NodeBaseInterface*, const string&, const rclcpp::QoS&, const rclcpp::PublisherOptionsWithAllocator<AllocatorT>&) [with MessageT = universal_teleop_msgs::msg::Control_<std::allocator<void> >; AllocatorT = std::allocator<void>; std::string = std::__cxx11::basic_string<char>][m[K’
  125 |   [01;36m[KPublisher[m[K(
      |   [01;36m[K^~~~~~~~~[m[K
[01m[K/opt/ros/humble/include/rclcpp/rclcpp/publisher.hpp:125:3:[m[K [01;36m[Knote: [m[K  candidate expects 4 arguments, 0 provided
[01m[K/opt/ros/humble/include/rclcpp/rclcpp/publisher.hpp:77:7:[m[K [01;36m[Knote: [m[Kcandidate: ‘[01m[Krclcpp::Publisher<universal_teleop_msgs::msg::Control_<std::allocator<void> > >::Publisher(const rclcpp::Publisher<universal_teleop_msgs::msg::Control_<std::allocator<void> > >&)[m[K’
   77 | class [01;36m[KPublisher[m[K : public PublisherBase
      |       [01;36m[K^~~~~~~~~[m[K
[01m[K/opt/ros/humble/include/rclcpp/rclcpp/publisher.hpp:77:7:[m[K [01;36m[Knote: [m[K  candidate expects 1 argument, 0 provided
[01m[K/home/leon/robotica/scorbotLabo/teleop_packages/universal_teleop/src/ros-universal-teleop/src/teleop.cpp:13:8:[m[K [01;31m[Kerror: [m[Kbase operand of ‘[01m[K->[m[K’ has non-pointer type ‘[01m[Krclcpp::Node[m[K’
   13 |   if (n[01;31m[K->[m[Khas_parameter("joy_axes")) n->get_parameter("joy_axes", joy_axes);
      |        [01;31m[K^~[m[K
[01m[K/home/leon/robotica/scorbotLabo/teleop_packages/universal_teleop/src/ros-universal-teleop/src/teleop.cpp:13:38:[m[K [01;31m[Kerror: [m[Kbase operand of ‘[01m[K->[m[K’ has non-pointer type ‘[01m[Krclcpp::Node[m[K’
   13 |   if (n->has_parameter("joy_axes")) n[01;31m[K->[m[Kget_parameter("joy_axes", joy_axes);
      |                                      [01;31m[K^~[m[K
[01m[K/home/leon/robotica/scorbotLabo/teleop_packages/universal_teleop/src/ros-universal-teleop/src/teleop.cpp:18:8:[m[K [01;31m[Kerror: [m[Kbase operand of ‘[01m[K->[m[K’ has non-pointer type ‘[01m[Krclcpp::Node[m[K’
   18 |   if (n[01;31m[K->[m[Khas_parameter("joy_buttons")) n->get_parameter("joy_buttons", joy_buttons);
      |        [01;31m[K^~[m[K
[01m[K/home/leon/robotica/scorbotLabo/teleop_packages/universal_teleop/src/ros-universal-teleop/src/teleop.cpp:18:41:[m[K [01;31m[Kerror: [m[Kbase operand of ‘[01m[K->[m[K’ has non-pointer type ‘[01m[Krclcpp::Node[m[K’
   18 |   if (n->has_parameter("joy_buttons")) n[01;31m[K->[m[Kget_parameter("joy_buttons", joy_buttons);
      |                                         [01;31m[K^~[m[K
[01m[K/home/leon/robotica/scorbotLabo/teleop_packages/universal_teleop/src/ros-universal-teleop/src/teleop.cpp:23:4:[m[K [01;31m[Kerror: [m[Kbase operand of ‘[01m[K->[m[K’ has non-pointer type ‘[01m[Krclcpp::Node[m[K’
   23 |   n[01;31m[K->[m[Kparam("joy_deadzones", joy_deadzones, joy_deadzones);
      |    [01;31m[K^~[m[K
[01m[K/home/leon/robotica/scorbotLabo/teleop_packages/universal_teleop/src/ros-universal-teleop/src/teleop.cpp:27:8:[m[K [01;31m[Kerror: [m[Kbase operand of ‘[01m[K->[m[K’ has non-pointer type ‘[01m[Krclcpp::Node[m[K’
   27 |   if (n[01;31m[K->[m[Khas_parameter("keys")) n->get_parameter("keys", keys);
      |        [01;31m[K^~[m[K
[01m[K/home/leon/robotica/scorbotLabo/teleop_packages/universal_teleop/src/ros-universal-teleop/src/teleop.cpp:27:34:[m[K [01;31m[Kerror: [m[Kbase operand of ‘[01m[K->[m[K’ has non-pointer type ‘[01m[Krclcpp::Node[m[K’
   27 |   if (n->has_parameter("keys")) n[01;31m[K->[m[Kget_parameter("keys", keys);
      |                                  [01;31m[K^~[m[K
[01m[K/home/leon/robotica/scorbotLabo/teleop_packages/universal_teleop/src/ros-universal-teleop/src/teleop.cpp:32:8:[m[K [01;31m[Kerror: [m[Kbase operand of ‘[01m[K->[m[K’ has non-pointer type ‘[01m[Krclcpp::Node[m[K’
   32 |   if (n[01;31m[K->[m[Khas_parameter("key_axes")) n->get_parameter("key_axes", key_axes);
      |        [01;31m[K^~[m[K
[01m[K/home/leon/robotica/scorbotLabo/teleop_packages/universal_teleop/src/ros-universal-teleop/src/teleop.cpp:32:38:[m[K [01;31m[Kerror: [m[Kbase operand of ‘[01m[K->[m[K’ has non-pointer type ‘[01m[Krclcpp::Node[m[K’
   32 |   if (n->has_parameter("key_axes")) n[01;31m[K->[m[Kget_parameter("key_axes", key_axes);
      |                                      [01;31m[K^~[m[K
[01m[K/home/leon/robotica/scorbotLabo/teleop_packages/universal_teleop/src/ros-universal-teleop/src/teleop.cpp:38:4:[m[K [01;31m[Kerror: [m[Kbase operand of ‘[01m[K->[m[K’ has non-pointer type ‘[01m[Krclcpp::Node[m[K’
   38 |   n[01;31m[K->[m[Kparam("scales", axis_scales, axis_scales);
      |    [01;31m[K^~[m[K
[01m[K/home/leon/robotica/scorbotLabo/teleop_packages/universal_teleop/src/ros-universal-teleop/src/teleop.cpp:42:4:[m[K [01;31m[Kerror: [m[Kbase operand of ‘[01m[K->[m[K’ has non-pointer type ‘[01m[Krclcpp::Node[m[K’
   42 |   n[01;31m[K->[m[Kget_parameter_or("send_velocity", send_velocity, true);
      |    [01;31m[K^~[m[K
[01m[K/home/leon/robotica/scorbotLabo/teleop_packages/universal_teleop/src/ros-universal-teleop/src/teleop.cpp:45:14:[m[K [01;31m[Kerror: [m[Kbase operand of ‘[01m[K->[m[K’ has non-pointer type ‘[01m[Krclcpp::Node[m[K’
   45 |   joy_sub = n[01;31m[K->[m[Kcreate_subscription<sensor_msgs::msg::Joy>("/joy", 1, std::bind(&Teleop::joystick_event, this), _1);
      |              [01;31m[K^~[m[K
[01m[K/home/leon/robotica/scorbotLabo/teleop_packages/universal_teleop/src/ros-universal-teleop/src/teleop.cpp:45:57:[m[K [01;31m[Kerror: [m[Kexpected primary-expression before ‘[01m[K>[m[K’ token
   45 |   joy_sub = n->create_subscription<sensor_msgs::msg::Joy[01;31m[K>[m[K("/joy", 1, std::bind(&Teleop::joystick_event, this), _1);
      |                                                         [01;31m[K^[m[K
In file included from [01m[K/usr/include/c++/11/pstl/glue_algorithm_defs.h:13[m[K,
                 from [01m[K/usr/include/c++/11/algorithm:74[m[K,
                 from [01m[K/opt/ros/humble/include/geometry_msgs/geometry_msgs/msg/detail/twist__struct.hpp:8[m[K,
                 from [01m[K/opt/ros/humble/include/geometry_msgs/geometry_msgs/msg/twist.hpp:7[m[K,
                 from [01m[K/home/leon/robotica/scorbotLabo/teleop_packages/universal_teleop/src/ros-universal-teleop/src/teleop.cpp:1[m[K:
/usr/include/c++/11/functional: In instantiation of ‘[01m[Kstruct std::_Bind_check_arity<void (universal_teleop::Teleop::*)(const sensor_msgs::msg::Joy_<std::allocator<void> >&), universal_teleop::Teleop*>[m[K’:
[01m[K/usr/include/c++/11/functional:768:12:[m[K   required from ‘[01m[Kstruct std::_Bind_helper<false, void (universal_teleop::Teleop::*)(const sensor_msgs::msg::Joy_<std::allocator<void> >&), universal_teleop::Teleop*>[m[K’
[01m[K/usr/include/c++/11/functional:789:5:[m[K   required by substitution of ‘[01m[Ktemplate<class _Func, class ... _BoundArgs> typename std::_Bind_helper<std::__is_socketlike<_Func>::value, _Func, _BoundArgs ...>::type std::bind(_Func&&, _BoundArgs&& ...) [with _Func = void (universal_teleop::Teleop::*)(const sensor_msgs::msg::Joy_<std::allocator<void> >&); _BoundArgs = {universal_teleop::Teleop*}][m[K’
[01m[K/home/leon/robotica/scorbotLabo/teleop_packages/universal_teleop/src/ros-universal-teleop/src/teleop.cpp:45:79:[m[K   required from here
[01m[K/usr/include/c++/11/functional:756:21:[m[K [01;31m[Kerror: [m[Kstatic assertion failed: Wrong number of arguments for pointer-to-member
  755 |       static_assert(_Varargs::[01;31m[Kvalue[m[K
      |                               [01;31m[K~~~~~[m[K
  756 | [01;31m[K                    ? sizeof...(_BoundArgs) >= _Arity::value + 1[m[K
      |                     [01;31m[K^~~~~~~~~~~~~~~~~~~~~~~~~~~~~~~~~~~~~~~~~~~~[m[K
  757 | [01;31m[K                    : sizeof...(_BoundArgs) == _Arity::value + 1[m[K,
      |                     [01;31m[K~~~~~~~~~~~~~~~~~~~~~~~~~~~~~~~~~~~~~~~~~~~~[m[K
[01m[K/usr/include/c++/11/functional:756:21:[m[K [01;36m[Knote: [m[K‘[01m[K(false ? (1 >= (((long unsigned int)std::integral_constant<long unsigned int, 1>::value) + 1)) : (1 == (((long unsigned int)std::integral_constant<long unsigned int, 1>::value) + 1)))[m[K’ evaluates to false
[01m[K/home/leon/robotica/scorbotLabo/teleop_packages/universal_teleop/src/ros-universal-teleop/src/teleop.cpp:45:112:[m[K [01;31m[Kerror: [m[K‘[01m[K_1[m[K’ was not declared in this scope; did you mean ‘[01m[Kstd::placeholders::_1[m[K’?
   45 |   joy_sub = n->create_subscription<sensor_msgs::msg::Joy>("/joy", 1, std::bind(&Teleop::joystick_event, this), [01;31m[K_1[m[K);
      |                                                                                                                [01;31m[K^~[m[K
      |                                                                                                                [32m[Kstd::placeholders::_1[m[K
In file included from [01m[K/usr/include/c++/11/pstl/glue_algorithm_defs.h:13[m[K,
                 from [01m[K/usr/include/c++/11/algorithm:74[m[K,
                 from [01m[K/opt/ros/humble/include/geometry_msgs/geometry_msgs/msg/detail/twist__struct.hpp:8[m[K,
                 from [01m[K/opt/ros/humble/include/geometry_msgs/geometry_msgs/msg/twist.hpp:7[m[K,
                 from [01m[K/home/leon/robotica/scorbotLabo/teleop_packages/universal_teleop/src/ros-universal-teleop/src/teleop.cpp:1[m[K:
[01m[K/usr/include/c++/11/functional:225:34:[m[K [01;36m[Knote: [m[K‘[01m[Kstd::placeholders::_1[m[K’ declared here
  225 |     extern const _Placeholder<1> [01;36m[K_1[m[K;
      |                                  [01;36m[K^~[m[K
[01m[K/home/leon/robotica/scorbotLabo/teleop_packages/universal_teleop/src/ros-universal-teleop/src/teleop.cpp:46:16:[m[K [01;31m[Kerror: [m[Kbase operand of ‘[01m[K->[m[K’ has non-pointer type ‘[01m[Krclcpp::Node[m[K’
   46 |   keyup_sub = n[01;31m[K->[m[Kcreate_subscription<keyboard_msgs::msg::Key>("/keyboard/keyup", 1, std::bind(&Teleop::keyboard_up_event, this, _1));
      |                [01;31m[K^~[m[K
[01m[K/home/leon/robotica/scorbotLabo/teleop_packages/universal_teleop/src/ros-universal-teleop/src/teleop.cpp:46:61:[m[K [01;31m[Kerror: [m[Kexpected primary-expression before ‘[01m[K>[m[K’ token
   46 |   keyup_sub = n->create_subscription<keyboard_msgs::msg::Key[01;31m[K>[m[K("/keyboard/keyup", 1, std::bind(&Teleop::keyboard_up_event, this, _1));
      |                                                             [01;31m[K^[m[K
[01m[K/home/leon/robotica/scorbotLabo/teleop_packages/universal_teleop/src/ros-universal-teleop/src/teleop.cpp:47:18:[m[K [01;31m[Kerror: [m[Kbase operand of ‘[01m[K->[m[K’ has non-pointer type ‘[01m[Krclcpp::Node[m[K’
   47 |   keydown_sub = n[01;31m[K->[m[Kcreate_subscription<keyboard_msgs::msg::Key>("/keyboard/keydown", 1, std::bind(&Teleop::keyboard_down_event, this, _1));
      |                  [01;31m[K^~[m[K
[01m[K/home/leon/robotica/scorbotLabo/teleop_packages/universal_teleop/src/ros-universal-teleop/src/teleop.cpp:47:63:[m[K [01;31m[Kerror: [m[Kexpected primary-expression before ‘[01m[K>[m[K’ token
   47 |   keydown_sub = n->create_subscription<keyboard_msgs::msg::Key[01;31m[K>[m[K("/keyboard/keydown", 1, std::bind(&Teleop::keyboard_down_event, this, _1));
      |                                                               [01;31m[K^[m[K
[01m[K/home/leon/robotica/scorbotLabo/teleop_packages/universal_teleop/src/ros-universal-teleop/src/teleop.cpp:50:14:[m[K [01;31m[Kerror: [m[Kbase operand of ‘[01m[K->[m[K’ has non-pointer type ‘[01m[Krclcpp::Node[m[K’
   50 |   pub_vel = n[01;31m[K->[m[Kcreate_publisher<geometry_msgs::msg::Twist>("/robot/cmd_vel", 5);
      |              [01;31m[K^~[m[K
[01m[K/home/leon/robotica/scorbotLabo/teleop_packages/universal_teleop/src/ros-universal-teleop/src/teleop.cpp:50:58:[m[K [01;31m[Kerror: [m[Kexpected primary-expression before ‘[01m[K>[m[K’ token
   50 |   pub_vel = n->create_publisher<geometry_msgs::msg::Twist[01;31m[K>[m[K("/robot/cmd_vel", 5);
      |                                                          [01;31m[K^[m[K
[01m[K/home/leon/robotica/scorbotLabo/teleop_packages/universal_teleop/src/ros-universal-teleop/src/teleop.cpp:52:16:[m[K [01;31m[Kerror: [m[Kbase operand of ‘[01m[K->[m[K’ has non-pointer type ‘[01m[Krclcpp::Node[m[K’
   52 |   pub_event = n[01;31m[K->[m[Kcreate_publisher<universal_teleop_msgs::msg::Event>("events", 5);
      |                [01;31m[K^~[m[K
[01m[K/home/leon/robotica/scorbotLabo/teleop_packages/universal_teleop/src/ros-universal-teleop/src/teleop.cpp:52:68:[m[K [01;31m[Kerror: [m[Kexpected primary-expression before ‘[01m[K>[m[K’ token
   52 |   pub_event = n->create_publisher<universal_teleop_msgs::msg::Event[01;31m[K>[m[K("events", 5);
      |                                                                    [01;31m[K^[m[K
[01m[K/home/leon/robotica/scorbotLabo/teleop_packages/universal_teleop/src/ros-universal-teleop/src/teleop.cpp:53:18:[m[K [01;31m[Kerror: [m[Kbase operand of ‘[01m[K->[m[K’ has non-pointer type ‘[01m[Krclcpp::Node[m[K’
   53 |   pub_control = n[01;31m[K->[m[Kcreate_publisher<universal_teleop_msgs::msg::Control>("controls", 1);
      |                  [01;31m[K^~[m[K
[01m[K/home/leon/robotica/scorbotLabo/teleop_packages/universal_teleop/src/ros-universal-teleop/src/teleop.cpp:53:72:[m[K [01;31m[Kerror: [m[Kexpected primary-expression before ‘[01m[K>[m[K’ token
   53 |   pub_control = n->create_publisher<universal_teleop_msgs::msg::Control[01;31m[K>[m[K("controls", 1);
      |                                                                        [01;31m[K^[m[K
[01m[K/home/leon/robotica/scorbotLabo/teleop_packages/universal_teleop/src/ros-universal-teleop/src/teleop.cpp:[m[K At global scope:
[01m[K/home/leon/robotica/scorbotLabo/teleop_packages/universal_teleop/src/ros-universal-teleop/src/teleop.cpp:56:50:[m[K [01;31m[Kerror: [m[K‘[01m[KEvent[m[K’ in namespace ‘[01m[Kteleop[m[K’ does not name a type
   56 | void teleop::Teleop::process_event(const teleop::[01;31m[KEvent[m[K& e)
      |                                                  [01;31m[K^~~~~[m[K
[01m[K/home/leon/robotica/scorbotLabo/teleop_packages/universal_teleop/src/ros-universal-teleop/src/teleop.cpp:56:6:[m[K [01;31m[Kerror: [m[Kno declaration matches ‘[01m[Kvoid universal_teleop::Teleop::process_event(const int&)[m[K’
   56 | void [01;31m[Kteleop[m[K::Teleop::process_event(const teleop::Event& e)
      |      [01;31m[K^~~~~~[m[K
In file included from [01m[K/home/leon/robotica/scorbotLabo/teleop_packages/universal_teleop/src/ros-universal-teleop/src/teleop.cpp:5[m[K:
[01m[K/home/leon/robotica/scorbotLabo/teleop_packages/universal_teleop/src/ros-universal-teleop/src/teleop.h:20:12:[m[K [01;36m[Knote: [m[Kcandidate is: ‘[01m[Kvoid universal_teleop::Teleop::process_event(const Event&)[m[K’
   20 |       void [01;36m[Kprocess_event[m[K(const universal_teleop_msgs::msg::Event& e);
      |            [01;36m[K^~~~~~~~~~~~~[m[K
[01m[K/home/leon/robotica/scorbotLabo/teleop_packages/universal_teleop/src/ros-universal-teleop/src/teleop.h:10:9:[m[K [01;36m[Knote: [m[K‘[01m[Kclass universal_teleop::Teleop[m[K’ defined here
   10 |   class [01;36m[KTeleop[m[K {
      |         [01;36m[K^~~~~~[m[K
[01m[K/home/leon/robotica/scorbotLabo/teleop_packages/universal_teleop/src/ros-universal-teleop/src/teleop.cpp:79:56:[m[K [01;31m[Kerror: [m[K‘[01m[KJoy[m[K’ in namespace ‘[01m[Ksensor_msgs[m[K’ does not name a type
   79 | void teleop::Teleop::joystick_event(const sensor_msgs::[01;31m[KJoy[m[K& joy)
      |                                                        [01;31m[K^~~[m[K
[01m[K/home/leon/robotica/scorbotLabo/teleop_packages/universal_teleop/src/ros-universal-teleop/src/teleop.cpp:79:6:[m[K [01;31m[Kerror: [m[Kno declaration matches ‘[01m[Kvoid universal_teleop::Teleop::joystick_event(const int&)[m[K’
   79 | void [01;31m[Kteleop[m[K::Teleop::joystick_event(const sensor_msgs::Joy& joy)
      |      [01;31m[K^~~~~~[m[K
In file included from [01m[K/home/leon/robotica/scorbotLabo/teleop_packages/universal_teleop/src/ros-universal-teleop/src/teleop.cpp:5[m[K:
[01m[K/home/leon/robotica/scorbotLabo/teleop_packages/universal_teleop/src/ros-universal-teleop/src/teleop.h:16:12:[m[K [01;36m[Knote: [m[Kcandidate is: ‘[01m[Kvoid universal_teleop::Teleop::joystick_event(const Joy&)[m[K’
   16 |       void [01;36m[Kjoystick_event[m[K(const sensor_msgs::msg::Joy& joy);
      |            [01;36m[K^~~~~~~~~~~~~~[m[K
[01m[K/home/leon/robotica/scorbotLabo/teleop_packages/universal_teleop/src/ros-universal-teleop/src/teleop.h:10:9:[m[K [01;36m[Knote: [m[K‘[01m[Kclass universal_teleop::Teleop[m[K’ defined here
   10 |   class [01;36m[KTeleop[m[K {
      |         [01;36m[K^~~~~~[m[K
[01m[K/home/leon/robotica/scorbotLabo/teleop_packages/universal_teleop/src/ros-universal-teleop/src/teleop.cpp:122:46:[m[K [01;31m[Kerror: [m[K‘[01m[Kkeyboard[m[K’ does not name a type
  122 | void teleop::Teleop::keyboard_up_event(const [01;31m[Kkeyboard[m[K::Key& key)
      |                                              [01;31m[K^~~~~~~~[m[K
[01m[K/home/leon/robotica/scorbotLabo/teleop_packages/universal_teleop/src/ros-universal-teleop/src/teleop.cpp:122:59:[m[K [01;31m[Kerror: [m[Kexpected unqualified-id before ‘[01m[K&[m[K’ token
  122 | void teleop::Teleop::keyboard_up_event(const keyboard::Key[01;31m[K&[m[K key)
      |                                                           [01;31m[K^[m[K
[01m[K/home/leon/robotica/scorbotLabo/teleop_packages/universal_teleop/src/ros-universal-teleop/src/teleop.cpp:122:59:[m[K [01;31m[Kerror: [m[Kexpected ‘[01m[K)[m[K’ before ‘[01m[K&[m[K’ token
  122 | void teleop::Teleop::keyboard_up_event[34m[K([m[Kconst keyboard::Key[01;31m[K&[m[K key)
      |                                       [34m[K~[m[K                   [01;31m[K^[m[K
      |                                                           [32m[K)[m[K
[01m[K/home/leon/robotica/scorbotLabo/teleop_packages/universal_teleop/src/ros-universal-teleop/src/teleop.cpp:122:61:[m[K [01;31m[Kerror: [m[Kexpected initializer before ‘[01m[Kkey[m[K’
  122 | void teleop::Teleop::keyboard_up_event(const keyboard::Key& [01;31m[Kkey[m[K)
      |                                                             [01;31m[K^~~[m[K
[01m[K/home/leon/robotica/scorbotLabo/teleop_packages/universal_teleop/src/ros-universal-teleop/src/teleop.cpp:140:48:[m[K [01;31m[Kerror: [m[K‘[01m[Kkeyboard[m[K’ does not name a type
  140 | void teleop::Teleop::keyboard_down_event(const [01;31m[Kkeyboard[m[K::Key& key)
      |                                                [01;31m[K^~~~~~~~[m[K
[01m[K/home/leon/robotica/scorbotLabo/teleop_packages/universal_teleop/src/ros-universal-teleop/src/teleop.cpp:140:61:[m[K [01;31m[Kerror: [m[Kexpected unqualified-id before ‘[01m[K&[m[K’ token
  140 | void teleop::Teleop::keyboard_down_event(const keyboard::Key[01;31m[K&[m[K key)
      |                                                             [01;31m[K^[m[K
[01m[K/home/leon/robotica/scorbotLabo/teleop_packages/universal_teleop/src/ros-universal-teleop/src/teleop.cpp:140:61:[m[K [01;31m[Kerror: [m[Kexpected ‘[01m[K)[m[K’ before ‘[01m[K&[m[K’ token
  140 | void teleop::Teleop::keyboard_down_event[34m[K([m[Kconst keyboard::Key[01;31m[K&[m[K key)
      |                                         [34m[K~[m[K                   [01;31m[K^[m[K
      |                                                             [32m[K)[m[K
[01m[K/home/leon/robotica/scorbotLabo/teleop_packages/universal_teleop/src/ros-universal-teleop/src/teleop.cpp:140:63:[m[K [01;31m[Kerror: [m[Kexpected initializer before ‘[01m[Kkey[m[K’
  140 | void teleop::Teleop::keyboard_down_event(const keyboard::Key& [01;31m[Kkey[m[K)
      |                                                               [01;31m[K^~~[m[K
[01m[K/home/leon/robotica/scorbotLabo/teleop_packages/universal_teleop/src/ros-universal-teleop/src/teleop.cpp:[m[K In member function ‘[01m[Kvoid universal_teleop::Teleop::control()[m[K’:
[01m[K/home/leon/robotica/scorbotLabo/teleop_packages/universal_teleop/src/ros-universal-teleop/src/teleop.cpp:176:20:[m[K [01;31m[Kerror: [m[K‘[01m[KTwist[m[K’ is not a member of ‘[01m[Kgeometry_msgs[m[K’; did you mean ‘[01m[Kgeometry_msgs::msg::Twist[m[K’?
  176 |     geometry_msgs::[01;31m[KTwist[m[K vel;
      |                    [01;31m[K^~~~~[m[K
In file included from [01m[K/opt/ros/humble/include/geometry_msgs/geometry_msgs/msg/twist.hpp:7[m[K,
                 from [01m[K/home/leon/robotica/scorbotLabo/teleop_packages/universal_teleop/src/ros-universal-teleop/src/teleop.cpp:1[m[K:
[01m[K/opt/ros/humble/include/geometry_msgs/geometry_msgs/msg/detail/twist__struct.hpp:135:7:[m[K [01;36m[Knote: [m[K‘[01m[Kgeometry_msgs::msg::Twist[m[K’ declared here
  135 | using [01;36m[KTwist[m[K =
      |       [01;36m[K^~~~~[m[K
[01m[K/home/leon/robotica/scorbotLabo/teleop_packages/universal_teleop/src/ros-universal-teleop/src/teleop.cpp:177:5:[m[K [01;31m[Kerror: [m[K‘[01m[Kvel[m[K’ was not declared in this scope
  177 |     [01;31m[Kvel[m[K.linear.x = pitch * axis_scales["pitch"];
      |     [01;31m[K^~~[m[K
In file included from [01m[K/home/leon/robotica/scorbotLabo/teleop_packages/universal_teleop/src/ros-universal-teleop/src/main.cpp:2[m[K:
[01m[K/home/leon/robotica/scorbotLabo/teleop_packages/universal_teleop/src/ros-universal-teleop/src/teleop.h:27:25:[m[K [01;31m[Kerror: [m[K‘[01m[Kgeometry_msgs[m[K’ was not declared in this scope
   27 |       rclcpp::Publisher<[01;31m[Kgeometry_msgs[m[K::msg::Twist> pub_vel;
      |                         [01;31m[K^~~~~~~~~~~~~[m[K
[01m[K/home/leon/robotica/scorbotLabo/teleop_packages/universal_teleop/src/ros-universal-teleop/src/teleop.h:27:50:[m[K [01;31m[Kerror: [m[Ktemplate argument 1 is invalid
   27 |       rclcpp::Publisher<geometry_msgs::msg::Twist[01;31m[K>[m[K pub_vel;
      |                                                  [01;31m[K^[m[K
[01m[K/home/leon/robotica/scorbotLabo/teleop_packages/universal_teleop/src/ros-universal-teleop/src/teleop.cpp:185:20:[m[K [01;31m[Kerror: [m[K‘[01m[KTwist[m[K’ is not a member of ‘[01m[Kgeometry_msgs[m[K’; did you mean ‘[01m[Kgeometry_msgs::msg::Twist[m[K’?
  185 |     geometry_msgs::[01;31m[KTwist[m[K vel;
      |                    [01;31m[K^~~~~[m[K
In file included from [01m[K/opt/ros/humble/include/geometry_msgs/geometry_msgs/msg/twist.hpp:7[m[K,
                 from [01m[K/home/leon/robotica/scorbotLabo/teleop_packages/universal_teleop/src/ros-universal-teleop/src/teleop.cpp:1[m[K:
[01m[K/opt/ros/humble/include/geometry_msgs/geometry_msgs/msg/detail/twist__struct.hpp:135:7:[m[K [01;36m[Knote: [m[K‘[01m[Kgeometry_msgs::msg::Twist[m[K’ declared here
  135 | using [01;36m[KTwist[m[K =
      |       [01;36m[K^~~~~[m[K
[01m[K/home/leon/robotica/scorbotLabo/teleop_packages/universal_teleop/src/ros-universal-teleop/src/teleop.h:29:53:[m[K [01;31m[Kerror: [m[K‘[01m[KControl[m[K’ is not a member of ‘[01m[Kuniversal_teleop_msgs::msg[m[K’
   29 |       rclcpp::Publisher<universal_teleop_msgs::msg::[01;31m[KControl[m[K> pub_control;
      |                                                     [01;31m[K^~~~~~~[m[K
[01m[K/home/leon/robotica/scorbotLabo/teleop_packages/universal_teleop/src/ros-universal-teleop/src/teleop.h:29:60:[m[K [01;31m[Kerror: [m[Ktemplate argument 1 is invalid
   29 |       rclcpp::Publisher<universal_teleop_msgs::msg::Control[01;31m[K>[m[K pub_control;
      |                                                            [01;31m[K^[m[K
[01m[K/home/leon/robotica/scorbotLabo/teleop_packages/universal_teleop/src/ros-universal-teleop/src/teleop.cpp:186:5:[m[K [01;31m[Kerror: [m[K‘[01m[Kvel[m[K’ was not declared in this scope
  186 |     [01;31m[Kvel[m[K.linear.x = key_axes_state["pitch"] * axis_scales["pitch"];
      |     [01;31m[K^~~[m[K
gmake[2]: *** [CMakeFiles/universal_teleop.dir/build.make:76: CMakeFiles/universal_teleop.dir/src/main.cpp.o] Error 1
gmake[2]: *** Waiting for unfinished jobs....
gmake[2]: *** [CMakeFiles/universal_teleop.dir/build.make:90: CMakeFiles/universal_teleop.dir/src/teleop.cpp.o] Error 1
gmake[1]: *** [CMakeFiles/Makefile2:137: CMakeFiles/universal_teleop.dir/all] Error 2
gmake: *** [Makefile:146: all] Error 2
