[0.181s] DEBUG:colcon:Command line arguments: ['/usr/bin/colcon', 'build']
[0.181s] DEBUG:colcon:Parsed command line arguments: Namespace(log_base=None, log_level=None, verb_name='build', build_base='build', install_base='install', merge_install=False, symlink_install=False, test_result_base=None, continue_on_error=False, executor='parallel', parallel_workers=4, event_handlers=None, ignore_user_meta=False, metas=['./colcon.meta'], base_paths=['.'], packages_ignore=None, packages_ignore_regex=None, paths=None, packages_up_to=None, packages_up_to_regex=None, packages_above=None, packages_above_and_dependencies=None, packages_above_depth=None, packages_select_by_dep=None, packages_skip_by_dep=None, packages_skip_up_to=None, packages_select_build_failed=False, packages_skip_build_finished=False, packages_select_test_failures=False, packages_skip_test_passed=False, packages_select=None, packages_skip=None, packages_select_regex=None, packages_skip_regex=None, packages_start=None, packages_end=None, allow_overriding=[], cmake_args=None, cmake_target=None, cmake_target_skip_unavailable=False, cmake_clean_cache=False, cmake_clean_first=False, cmake_force_configure=False, ament_cmake_args=None, catkin_cmake_args=None, catkin_skip_building_tests=False, verb_parser=<colcon_defaults.argument_parser.defaults.DefaultArgumentsDecorator object at 0x7be25c3e2fe0>, verb_extension=<colcon_core.verb.build.BuildVerb object at 0x7be25c3e2a70>, main=<bound method BuildVerb.main of <colcon_core.verb.build.BuildVerb object at 0x7be25c3e2a70>>)
[0.470s] Level 1:colcon.colcon_core.package_discovery:discover_packages(colcon_meta) check parameters
[0.470s] Level 1:colcon.colcon_core.package_discovery:discover_packages(recursive) check parameters
[0.470s] Level 1:colcon.colcon_core.package_discovery:discover_packages(ignore) check parameters
[0.470s] Level 1:colcon.colcon_core.package_discovery:discover_packages(path) check parameters
[0.470s] Level 1:colcon.colcon_core.package_discovery:discover_packages(colcon_meta) discover
[0.470s] Level 1:colcon.colcon_core.package_discovery:discover_packages(recursive) discover
[0.470s] INFO:colcon.colcon_core.package_discovery:Crawling recursively for packages in '/home/leon/robotica/scorbotLabo/teleop_packages/ros_keyboard'
[0.470s] Level 1:colcon.colcon_core.package_identification:_identify(.) by extensions ['ignore', 'ignore_ament_install']
[0.471s] Level 1:colcon.colcon_core.package_identification:_identify(.) by extension 'ignore'
[0.471s] Level 1:colcon.colcon_core.package_identification:_identify(.) by extension 'ignore_ament_install'
[0.471s] Level 1:colcon.colcon_core.package_identification:_identify(.) by extensions ['colcon_pkg']
[0.471s] Level 1:colcon.colcon_core.package_identification:_identify(.) by extension 'colcon_pkg'
[0.471s] Level 1:colcon.colcon_core.package_identification:_identify(.) by extensions ['colcon_meta']
[0.471s] Level 1:colcon.colcon_core.package_identification:_identify(.) by extension 'colcon_meta'
[0.471s] Level 1:colcon.colcon_core.package_identification:_identify(.) by extensions ['ros']
[0.471s] Level 1:colcon.colcon_core.package_identification:_identify(.) by extension 'ros'
[0.489s] Level 1:colcon.colcon_core.package_identification:_identify(.) by extensions ['cmake', 'python']
[0.489s] Level 1:colcon.colcon_core.package_identification:_identify(.) by extension 'cmake'
[0.489s] Level 1:colcon.colcon_core.package_identification:_identify(.) by extension 'python'
[0.489s] Level 1:colcon.colcon_core.package_identification:_identify(.) by extensions ['python_setup_py']
[0.489s] Level 1:colcon.colcon_core.package_identification:_identify(.) by extension 'python_setup_py'
[0.489s] Level 1:colcon.colcon_core.package_identification:_identify(build) by extensions ['ignore', 'ignore_ament_install']
[0.490s] Level 1:colcon.colcon_core.package_identification:_identify(build) by extension 'ignore'
[0.490s] Level 1:colcon.colcon_core.package_identification:_identify(build) ignored
[0.490s] Level 1:colcon.colcon_core.package_identification:_identify(install) by extensions ['ignore', 'ignore_ament_install']
[0.490s] Level 1:colcon.colcon_core.package_identification:_identify(install) by extension 'ignore'
[0.490s] Level 1:colcon.colcon_core.package_identification:_identify(install) ignored
[0.490s] Level 1:colcon.colcon_core.package_identification:_identify(log) by extensions ['ignore', 'ignore_ament_install']
[0.490s] Level 1:colcon.colcon_core.package_identification:_identify(log) by extension 'ignore'
[0.490s] Level 1:colcon.colcon_core.package_identification:_identify(log) ignored
[0.490s] Level 1:colcon.colcon_core.package_identification:_identify(src) by extensions ['ignore', 'ignore_ament_install']
[0.491s] Level 1:colcon.colcon_core.package_identification:_identify(src) by extension 'ignore'
[0.491s] Level 1:colcon.colcon_core.package_identification:_identify(src) by extension 'ignore_ament_install'
[0.491s] Level 1:colcon.colcon_core.package_identification:_identify(src) by extensions ['colcon_pkg']
[0.491s] Level 1:colcon.colcon_core.package_identification:_identify(src) by extension 'colcon_pkg'
[0.491s] Level 1:colcon.colcon_core.package_identification:_identify(src) by extensions ['colcon_meta']
[0.491s] Level 1:colcon.colcon_core.package_identification:_identify(src) by extension 'colcon_meta'
[0.491s] Level 1:colcon.colcon_core.package_identification:_identify(src) by extensions ['ros']
[0.491s] Level 1:colcon.colcon_core.package_identification:_identify(src) by extension 'ros'
[0.491s] Level 1:colcon.colcon_core.package_identification:_identify(src) by extensions ['cmake', 'python']
[0.491s] Level 1:colcon.colcon_core.package_identification:_identify(src) by extension 'cmake'
[0.491s] Level 1:colcon.colcon_core.package_identification:_identify(src) by extension 'python'
[0.491s] Level 1:colcon.colcon_core.package_identification:_identify(src) by extensions ['python_setup_py']
[0.491s] Level 1:colcon.colcon_core.package_identification:_identify(src) by extension 'python_setup_py'
[0.491s] Level 1:colcon.colcon_core.package_identification:_identify(src/ros-keyboard) by extensions ['ignore', 'ignore_ament_install']
[0.492s] Level 1:colcon.colcon_core.package_identification:_identify(src/ros-keyboard) by extension 'ignore'
[0.492s] Level 1:colcon.colcon_core.package_identification:_identify(src/ros-keyboard) by extension 'ignore_ament_install'
[0.492s] Level 1:colcon.colcon_core.package_identification:_identify(src/ros-keyboard) by extensions ['colcon_pkg']
[0.492s] Level 1:colcon.colcon_core.package_identification:_identify(src/ros-keyboard) by extension 'colcon_pkg'
[0.492s] Level 1:colcon.colcon_core.package_identification:_identify(src/ros-keyboard) by extensions ['colcon_meta']
[0.492s] Level 1:colcon.colcon_core.package_identification:_identify(src/ros-keyboard) by extension 'colcon_meta'
[0.492s] Level 1:colcon.colcon_core.package_identification:_identify(src/ros-keyboard) by extensions ['ros']
[0.492s] Level 1:colcon.colcon_core.package_identification:_identify(src/ros-keyboard) by extension 'ros'
[0.496s] DEBUG:colcon.colcon_core.package_identification:Package 'src/ros-keyboard' with type 'ros.ament_cmake' and name 'keyboard'
[0.496s] Level 1:colcon.colcon_core.package_identification:_identify(src/ros_keyboard_msgs) by extensions ['ignore', 'ignore_ament_install']
[0.496s] Level 1:colcon.colcon_core.package_identification:_identify(src/ros_keyboard_msgs) by extension 'ignore'
[0.496s] Level 1:colcon.colcon_core.package_identification:_identify(src/ros_keyboard_msgs) by extension 'ignore_ament_install'
[0.496s] Level 1:colcon.colcon_core.package_identification:_identify(src/ros_keyboard_msgs) by extensions ['colcon_pkg']
[0.497s] Level 1:colcon.colcon_core.package_identification:_identify(src/ros_keyboard_msgs) by extension 'colcon_pkg'
[0.497s] Level 1:colcon.colcon_core.package_identification:_identify(src/ros_keyboard_msgs) by extensions ['colcon_meta']
[0.497s] Level 1:colcon.colcon_core.package_identification:_identify(src/ros_keyboard_msgs) by extension 'colcon_meta'
[0.497s] Level 1:colcon.colcon_core.package_identification:_identify(src/ros_keyboard_msgs) by extensions ['ros']
[0.497s] Level 1:colcon.colcon_core.package_identification:_identify(src/ros_keyboard_msgs) by extension 'ros'
[0.498s] DEBUG:colcon.colcon_core.package_identification:Package 'src/ros_keyboard_msgs' with type 'ros.ament_cmake' and name 'keyboard_msgs'
[0.498s] Level 1:colcon.colcon_core.package_discovery:discover_packages(recursive) using defaults
[0.498s] Level 1:colcon.colcon_core.package_discovery:discover_packages(ignore) discover
[0.498s] Level 1:colcon.colcon_core.package_discovery:discover_packages(ignore) using defaults
[0.498s] Level 1:colcon.colcon_core.package_discovery:discover_packages(path) discover
[0.498s] Level 1:colcon.colcon_core.package_discovery:discover_packages(path) using defaults
[0.527s] Level 1:colcon.colcon_core.package_discovery:discover_packages(prefix_path) check parameters
[0.527s] Level 1:colcon.colcon_core.package_discovery:discover_packages(prefix_path) discover
[0.531s] DEBUG:colcon.colcon_installed_package_information.package_discovery:Found 273 installed packages in /opt/ros/humble
[0.535s] Level 1:colcon.colcon_core.package_discovery:discover_packages(prefix_path) using defaults
[0.616s] Level 5:colcon.colcon_core.verb:set package 'keyboard_msgs' build argument 'cmake_args' from command line to 'None'
[0.616s] Level 5:colcon.colcon_core.verb:set package 'keyboard_msgs' build argument 'cmake_target' from command line to 'None'
[0.616s] Level 5:colcon.colcon_core.verb:set package 'keyboard_msgs' build argument 'cmake_target_skip_unavailable' from command line to 'False'
[0.616s] Level 5:colcon.colcon_core.verb:set package 'keyboard_msgs' build argument 'cmake_clean_cache' from command line to 'False'
[0.616s] Level 5:colcon.colcon_core.verb:set package 'keyboard_msgs' build argument 'cmake_clean_first' from command line to 'False'
[0.616s] Level 5:colcon.colcon_core.verb:set package 'keyboard_msgs' build argument 'cmake_force_configure' from command line to 'False'
[0.616s] Level 5:colcon.colcon_core.verb:set package 'keyboard_msgs' build argument 'ament_cmake_args' from command line to 'None'
[0.616s] Level 5:colcon.colcon_core.verb:set package 'keyboard_msgs' build argument 'catkin_cmake_args' from command line to 'None'
[0.616s] Level 5:colcon.colcon_core.verb:set package 'keyboard_msgs' build argument 'catkin_skip_building_tests' from command line to 'False'
[0.616s] DEBUG:colcon.colcon_core.verb:Building package 'keyboard_msgs' with the following arguments: {'ament_cmake_args': None, 'build_base': '/home/leon/robotica/scorbotLabo/teleop_packages/ros_keyboard/build/keyboard_msgs', 'catkin_cmake_args': None, 'catkin_skip_building_tests': False, 'cmake_args': None, 'cmake_clean_cache': False, 'cmake_clean_first': False, 'cmake_force_configure': False, 'cmake_target': None, 'cmake_target_skip_unavailable': False, 'install_base': '/home/leon/robotica/scorbotLabo/teleop_packages/ros_keyboard/install/keyboard_msgs', 'merge_install': False, 'path': '/home/leon/robotica/scorbotLabo/teleop_packages/ros_keyboard/src/ros_keyboard_msgs', 'symlink_install': False, 'test_result_base': None}
[0.617s] Level 5:colcon.colcon_core.verb:set package 'keyboard' build argument 'cmake_args' from command line to 'None'
[0.617s] Level 5:colcon.colcon_core.verb:set package 'keyboard' build argument 'cmake_target' from command line to 'None'
[0.617s] Level 5:colcon.colcon_core.verb:set package 'keyboard' build argument 'cmake_target_skip_unavailable' from command line to 'False'
[0.617s] Level 5:colcon.colcon_core.verb:set package 'keyboard' build argument 'cmake_clean_cache' from command line to 'False'
[0.617s] Level 5:colcon.colcon_core.verb:set package 'keyboard' build argument 'cmake_clean_first' from command line to 'False'
[0.617s] Level 5:colcon.colcon_core.verb:set package 'keyboard' build argument 'cmake_force_configure' from command line to 'False'
[0.617s] Level 5:colcon.colcon_core.verb:set package 'keyboard' build argument 'ament_cmake_args' from command line to 'None'
[0.617s] Level 5:colcon.colcon_core.verb:set package 'keyboard' build argument 'catkin_cmake_args' from command line to 'None'
[0.617s] Level 5:colcon.colcon_core.verb:set package 'keyboard' build argument 'catkin_skip_building_tests' from command line to 'False'
[0.617s] DEBUG:colcon.colcon_core.verb:Building package 'keyboard' with the following arguments: {'ament_cmake_args': None, 'build_base': '/home/leon/robotica/scorbotLabo/teleop_packages/ros_keyboard/build/keyboard', 'catkin_cmake_args': None, 'catkin_skip_building_tests': False, 'cmake_args': None, 'cmake_clean_cache': False, 'cmake_clean_first': False, 'cmake_force_configure': False, 'cmake_target': None, 'cmake_target_skip_unavailable': False, 'install_base': '/home/leon/robotica/scorbotLabo/teleop_packages/ros_keyboard/install/keyboard', 'merge_install': False, 'path': '/home/leon/robotica/scorbotLabo/teleop_packages/ros_keyboard/src/ros-keyboard', 'symlink_install': False, 'test_result_base': None}
[0.617s] INFO:colcon.colcon_core.executor:Executing jobs using 'parallel' executor
[0.619s] DEBUG:colcon.colcon_parallel_executor.executor.parallel:run_until_complete
[0.620s] INFO:colcon.colcon_ros.task.ament_cmake.build:Building ROS package in '/home/leon/robotica/scorbotLabo/teleop_packages/ros_keyboard/src/ros_keyboard_msgs' with build type 'ament_cmake'
[0.620s] INFO:colcon.colcon_cmake.task.cmake.build:Building CMake package in '/home/leon/robotica/scorbotLabo/teleop_packages/ros_keyboard/src/ros_keyboard_msgs'
[0.623s] INFO:colcon.colcon_core.plugin_system:Skipping extension 'colcon_core.shell.bat': Not used on non-Windows systems
[0.623s] INFO:colcon.colcon_core.shell:Skip shell extension 'powershell' for command environment: Not usable outside of PowerShell
[0.623s] DEBUG:colcon.colcon_core.shell:Skip shell extension 'dsv' for command environment
[0.639s] DEBUG:colcon.colcon_core.event_handler.log_command:Invoking command in '/home/leon/robotica/scorbotLabo/teleop_packages/ros_keyboard/build/keyboard_msgs': CMAKE_PREFIX_PATH=/opt/ros/humble /usr/bin/cmake --build /home/leon/robotica/scorbotLabo/teleop_packages/ros_keyboard/build/keyboard_msgs -- -j4 -l4
[12.161s] DEBUG:colcon.colcon_core.event_handler.log_command:Invoked command in '/home/leon/robotica/scorbotLabo/teleop_packages/ros_keyboard/build/keyboard_msgs' returned '0': CMAKE_PREFIX_PATH=/opt/ros/humble /usr/bin/cmake --build /home/leon/robotica/scorbotLabo/teleop_packages/ros_keyboard/build/keyboard_msgs -- -j4 -l4
[12.178s] DEBUG:colcon.colcon_core.event_handler.log_command:Invoking command in '/home/leon/robotica/scorbotLabo/teleop_packages/ros_keyboard/build/keyboard_msgs': CMAKE_PREFIX_PATH=/opt/ros/humble /usr/bin/cmake --install /home/leon/robotica/scorbotLabo/teleop_packages/ros_keyboard/build/keyboard_msgs
[12.381s] Level 1:colcon.colcon_core.environment:create_environment_scripts_only(keyboard_msgs)
[12.382s] DEBUG:colcon.colcon_core.event_handler.log_command:Invoked command in '/home/leon/robotica/scorbotLabo/teleop_packages/ros_keyboard/build/keyboard_msgs' returned '0': CMAKE_PREFIX_PATH=/opt/ros/humble /usr/bin/cmake --install /home/leon/robotica/scorbotLabo/teleop_packages/ros_keyboard/build/keyboard_msgs
[12.386s] Level 1:colcon.colcon_core.environment:checking '/home/leon/robotica/scorbotLabo/teleop_packages/ros_keyboard/install/keyboard_msgs' for CMake module files
[12.387s] Level 1:colcon.colcon_core.environment:checking '/home/leon/robotica/scorbotLabo/teleop_packages/ros_keyboard/install/keyboard_msgs' for CMake config files
[12.388s] Level 1:colcon.colcon_core.shell:create_environment_hook('keyboard_msgs', 'cmake_prefix_path')
[12.389s] INFO:colcon.colcon_core.shell:Creating environment hook '/home/leon/robotica/scorbotLabo/teleop_packages/ros_keyboard/install/keyboard_msgs/share/keyboard_msgs/hook/cmake_prefix_path.ps1'
[12.390s] INFO:colcon.colcon_core.shell:Creating environment descriptor '/home/leon/robotica/scorbotLabo/teleop_packages/ros_keyboard/install/keyboard_msgs/share/keyboard_msgs/hook/cmake_prefix_path.dsv'
[12.391s] INFO:colcon.colcon_core.shell:Creating environment hook '/home/leon/robotica/scorbotLabo/teleop_packages/ros_keyboard/install/keyboard_msgs/share/keyboard_msgs/hook/cmake_prefix_path.sh'
[12.392s] Level 1:colcon.colcon_core.environment:checking '/home/leon/robotica/scorbotLabo/teleop_packages/ros_keyboard/install/keyboard_msgs/lib'
[12.393s] Level 1:colcon.colcon_core.shell:create_environment_hook('keyboard_msgs', 'ld_library_path_lib')
[12.393s] INFO:colcon.colcon_core.shell:Creating environment hook '/home/leon/robotica/scorbotLabo/teleop_packages/ros_keyboard/install/keyboard_msgs/share/keyboard_msgs/hook/ld_library_path_lib.ps1'
[12.394s] INFO:colcon.colcon_core.shell:Creating environment descriptor '/home/leon/robotica/scorbotLabo/teleop_packages/ros_keyboard/install/keyboard_msgs/share/keyboard_msgs/hook/ld_library_path_lib.dsv'
[12.394s] INFO:colcon.colcon_core.shell:Creating environment hook '/home/leon/robotica/scorbotLabo/teleop_packages/ros_keyboard/install/keyboard_msgs/share/keyboard_msgs/hook/ld_library_path_lib.sh'
[12.395s] Level 1:colcon.colcon_core.environment:checking '/home/leon/robotica/scorbotLabo/teleop_packages/ros_keyboard/install/keyboard_msgs/bin'
[12.395s] Level 1:colcon.colcon_core.environment:checking '/home/leon/robotica/scorbotLabo/teleop_packages/ros_keyboard/install/keyboard_msgs/lib/pkgconfig/keyboard_msgs.pc'
[12.396s] Level 1:colcon.colcon_core.environment:checking '/home/leon/robotica/scorbotLabo/teleop_packages/ros_keyboard/install/keyboard_msgs/lib/python3.10/site-packages'
[12.396s] Level 1:colcon.colcon_core.environment:checking '/home/leon/robotica/scorbotLabo/teleop_packages/ros_keyboard/install/keyboard_msgs/bin'
[12.397s] INFO:colcon.colcon_core.shell:Creating package script '/home/leon/robotica/scorbotLabo/teleop_packages/ros_keyboard/install/keyboard_msgs/share/keyboard_msgs/package.ps1'
[12.399s] INFO:colcon.colcon_core.shell:Creating package descriptor '/home/leon/robotica/scorbotLabo/teleop_packages/ros_keyboard/install/keyboard_msgs/share/keyboard_msgs/package.dsv'
[12.401s] INFO:colcon.colcon_core.shell:Creating package script '/home/leon/robotica/scorbotLabo/teleop_packages/ros_keyboard/install/keyboard_msgs/share/keyboard_msgs/package.sh'
[12.402s] INFO:colcon.colcon_core.shell:Creating package script '/home/leon/robotica/scorbotLabo/teleop_packages/ros_keyboard/install/keyboard_msgs/share/keyboard_msgs/package.bash'
[12.404s] INFO:colcon.colcon_core.shell:Creating package script '/home/leon/robotica/scorbotLabo/teleop_packages/ros_keyboard/install/keyboard_msgs/share/keyboard_msgs/package.zsh'
[12.405s] Level 1:colcon.colcon_core.environment:create_file_with_runtime_dependencies(/home/leon/robotica/scorbotLabo/teleop_packages/ros_keyboard/install/keyboard_msgs/share/colcon-core/packages/keyboard_msgs)
[12.406s] Level 1:colcon.colcon_core.environment:create_environment_scripts_only(keyboard_msgs)
[12.406s] Level 1:colcon.colcon_core.environment:checking '/home/leon/robotica/scorbotLabo/teleop_packages/ros_keyboard/install/keyboard_msgs' for CMake module files
[12.408s] Level 1:colcon.colcon_core.environment:checking '/home/leon/robotica/scorbotLabo/teleop_packages/ros_keyboard/install/keyboard_msgs' for CMake config files
[12.409s] Level 1:colcon.colcon_core.shell:create_environment_hook('keyboard_msgs', 'cmake_prefix_path')
[12.409s] INFO:colcon.colcon_core.shell:Creating environment hook '/home/leon/robotica/scorbotLabo/teleop_packages/ros_keyboard/install/keyboard_msgs/share/keyboard_msgs/hook/cmake_prefix_path.ps1'
[12.410s] INFO:colcon.colcon_core.shell:Creating environment descriptor '/home/leon/robotica/scorbotLabo/teleop_packages/ros_keyboard/install/keyboard_msgs/share/keyboard_msgs/hook/cmake_prefix_path.dsv'
[12.411s] INFO:colcon.colcon_core.shell:Creating environment hook '/home/leon/robotica/scorbotLabo/teleop_packages/ros_keyboard/install/keyboard_msgs/share/keyboard_msgs/hook/cmake_prefix_path.sh'
[12.412s] Level 1:colcon.colcon_core.environment:checking '/home/leon/robotica/scorbotLabo/teleop_packages/ros_keyboard/install/keyboard_msgs/lib'
[12.412s] Level 1:colcon.colcon_core.shell:create_environment_hook('keyboard_msgs', 'ld_library_path_lib')
[12.413s] INFO:colcon.colcon_core.shell:Creating environment hook '/home/leon/robotica/scorbotLabo/teleop_packages/ros_keyboard/install/keyboard_msgs/share/keyboard_msgs/hook/ld_library_path_lib.ps1'
[12.415s] INFO:colcon.colcon_core.shell:Creating environment descriptor '/home/leon/robotica/scorbotLabo/teleop_packages/ros_keyboard/install/keyboard_msgs/share/keyboard_msgs/hook/ld_library_path_lib.dsv'
[12.416s] INFO:colcon.colcon_core.shell:Creating environment hook '/home/leon/robotica/scorbotLabo/teleop_packages/ros_keyboard/install/keyboard_msgs/share/keyboard_msgs/hook/ld_library_path_lib.sh'
[12.418s] Level 1:colcon.colcon_core.environment:checking '/home/leon/robotica/scorbotLabo/teleop_packages/ros_keyboard/install/keyboard_msgs/bin'
[12.418s] Level 1:colcon.colcon_core.environment:checking '/home/leon/robotica/scorbotLabo/teleop_packages/ros_keyboard/install/keyboard_msgs/lib/pkgconfig/keyboard_msgs.pc'
[12.419s] Level 1:colcon.colcon_core.environment:checking '/home/leon/robotica/scorbotLabo/teleop_packages/ros_keyboard/install/keyboard_msgs/lib/python3.10/site-packages'
[12.420s] Level 1:colcon.colcon_core.environment:checking '/home/leon/robotica/scorbotLabo/teleop_packages/ros_keyboard/install/keyboard_msgs/bin'
[12.421s] INFO:colcon.colcon_core.shell:Creating package script '/home/leon/robotica/scorbotLabo/teleop_packages/ros_keyboard/install/keyboard_msgs/share/keyboard_msgs/package.ps1'
[12.423s] INFO:colcon.colcon_core.shell:Creating package descriptor '/home/leon/robotica/scorbotLabo/teleop_packages/ros_keyboard/install/keyboard_msgs/share/keyboard_msgs/package.dsv'
[12.424s] INFO:colcon.colcon_core.shell:Creating package script '/home/leon/robotica/scorbotLabo/teleop_packages/ros_keyboard/install/keyboard_msgs/share/keyboard_msgs/package.sh'
[12.425s] INFO:colcon.colcon_core.shell:Creating package script '/home/leon/robotica/scorbotLabo/teleop_packages/ros_keyboard/install/keyboard_msgs/share/keyboard_msgs/package.bash'
[12.426s] INFO:colcon.colcon_core.shell:Creating package script '/home/leon/robotica/scorbotLabo/teleop_packages/ros_keyboard/install/keyboard_msgs/share/keyboard_msgs/package.zsh'
[12.427s] Level 1:colcon.colcon_core.environment:create_file_with_runtime_dependencies(/home/leon/robotica/scorbotLabo/teleop_packages/ros_keyboard/install/keyboard_msgs/share/colcon-core/packages/keyboard_msgs)
[12.427s] INFO:colcon.colcon_ros.task.ament_cmake.build:Building ROS package in '/home/leon/robotica/scorbotLabo/teleop_packages/ros_keyboard/src/ros-keyboard' with build type 'ament_cmake'
[12.428s] INFO:colcon.colcon_cmake.task.cmake.build:Building CMake package in '/home/leon/robotica/scorbotLabo/teleop_packages/ros_keyboard/src/ros-keyboard'
[12.428s] INFO:colcon.colcon_core.shell:Skip shell extension 'powershell' for command environment: Not usable outside of PowerShell
[12.428s] DEBUG:colcon.colcon_core.shell:Skip shell extension 'dsv' for command environment
[12.469s] DEBUG:colcon.colcon_core.event_handler.log_command:Invoking command in '/home/leon/robotica/scorbotLabo/teleop_packages/ros_keyboard/build/keyboard': AMENT_PREFIX_PATH=/home/leon/robotica/scorbotLabo/teleop_packages/ros_keyboard/install/keyboard_msgs:${AMENT_PREFIX_PATH} CMAKE_PREFIX_PATH=/home/leon/robotica/scorbotLabo/teleop_packages/ros_keyboard/install/keyboard_msgs:/opt/ros/humble LD_LIBRARY_PATH=/home/leon/robotica/scorbotLabo/teleop_packages/ros_keyboard/install/keyboard_msgs/lib:${LD_LIBRARY_PATH} PYTHONPATH=/home/leon/robotica/scorbotLabo/teleop_packages/ros_keyboard/install/keyboard_msgs/local/lib/python3.10/dist-packages:${PYTHONPATH} /usr/bin/cmake --build /home/leon/robotica/scorbotLabo/teleop_packages/ros_keyboard/build/keyboard -- -j4 -l4
[25.837s] DEBUG:colcon.colcon_core.event_handler.log_command:Invoked command in '/home/leon/robotica/scorbotLabo/teleop_packages/ros_keyboard/build/keyboard' returned '0': AMENT_PREFIX_PATH=/home/leon/robotica/scorbotLabo/teleop_packages/ros_keyboard/install/keyboard_msgs:${AMENT_PREFIX_PATH} CMAKE_PREFIX_PATH=/home/leon/robotica/scorbotLabo/teleop_packages/ros_keyboard/install/keyboard_msgs:/opt/ros/humble LD_LIBRARY_PATH=/home/leon/robotica/scorbotLabo/teleop_packages/ros_keyboard/install/keyboard_msgs/lib:${LD_LIBRARY_PATH} PYTHONPATH=/home/leon/robotica/scorbotLabo/teleop_packages/ros_keyboard/install/keyboard_msgs/local/lib/python3.10/dist-packages:${PYTHONPATH} /usr/bin/cmake --build /home/leon/robotica/scorbotLabo/teleop_packages/ros_keyboard/build/keyboard -- -j4 -l4
[25.840s] DEBUG:colcon.colcon_core.event_handler.log_command:Invoking command in '/home/leon/robotica/scorbotLabo/teleop_packages/ros_keyboard/build/keyboard': AMENT_PREFIX_PATH=/home/leon/robotica/scorbotLabo/teleop_packages/ros_keyboard/install/keyboard_msgs:${AMENT_PREFIX_PATH} CMAKE_PREFIX_PATH=/home/leon/robotica/scorbotLabo/teleop_packages/ros_keyboard/install/keyboard_msgs:/opt/ros/humble LD_LIBRARY_PATH=/home/leon/robotica/scorbotLabo/teleop_packages/ros_keyboard/install/keyboard_msgs/lib:${LD_LIBRARY_PATH} PYTHONPATH=/home/leon/robotica/scorbotLabo/teleop_packages/ros_keyboard/install/keyboard_msgs/local/lib/python3.10/dist-packages:${PYTHONPATH} /usr/bin/cmake --install /home/leon/robotica/scorbotLabo/teleop_packages/ros_keyboard/build/keyboard
[25.860s] Level 1:colcon.colcon_core.environment:create_environment_scripts_only(keyboard)
[25.860s] Level 1:colcon.colcon_core.environment:checking '/home/leon/robotica/scorbotLabo/teleop_packages/ros_keyboard/install/keyboard' for CMake module files
[25.862s] DEBUG:colcon.colcon_core.event_handler.log_command:Invoked command in '/home/leon/robotica/scorbotLabo/teleop_packages/ros_keyboard/build/keyboard' returned '0': AMENT_PREFIX_PATH=/home/leon/robotica/scorbotLabo/teleop_packages/ros_keyboard/install/keyboard_msgs:${AMENT_PREFIX_PATH} CMAKE_PREFIX_PATH=/home/leon/robotica/scorbotLabo/teleop_packages/ros_keyboard/install/keyboard_msgs:/opt/ros/humble LD_LIBRARY_PATH=/home/leon/robotica/scorbotLabo/teleop_packages/ros_keyboard/install/keyboard_msgs/lib:${LD_LIBRARY_PATH} PYTHONPATH=/home/leon/robotica/scorbotLabo/teleop_packages/ros_keyboard/install/keyboard_msgs/local/lib/python3.10/dist-packages:${PYTHONPATH} /usr/bin/cmake --install /home/leon/robotica/scorbotLabo/teleop_packages/ros_keyboard/build/keyboard
[25.863s] Level 1:colcon.colcon_core.environment:checking '/home/leon/robotica/scorbotLabo/teleop_packages/ros_keyboard/install/keyboard' for CMake config files
[25.863s] Level 1:colcon.colcon_core.shell:create_environment_hook('keyboard', 'cmake_prefix_path')
[25.863s] INFO:colcon.colcon_core.shell:Creating environment hook '/home/leon/robotica/scorbotLabo/teleop_packages/ros_keyboard/install/keyboard/share/keyboard/hook/cmake_prefix_path.ps1'
[25.864s] INFO:colcon.colcon_core.shell:Creating environment descriptor '/home/leon/robotica/scorbotLabo/teleop_packages/ros_keyboard/install/keyboard/share/keyboard/hook/cmake_prefix_path.dsv'
[25.865s] INFO:colcon.colcon_core.shell:Creating environment hook '/home/leon/robotica/scorbotLabo/teleop_packages/ros_keyboard/install/keyboard/share/keyboard/hook/cmake_prefix_path.sh'
[25.866s] Level 1:colcon.colcon_core.environment:checking '/home/leon/robotica/scorbotLabo/teleop_packages/ros_keyboard/install/keyboard/lib'
[25.866s] Level 1:colcon.colcon_core.environment:checking '/home/leon/robotica/scorbotLabo/teleop_packages/ros_keyboard/install/keyboard/bin'
[25.866s] Level 1:colcon.colcon_core.environment:checking '/home/leon/robotica/scorbotLabo/teleop_packages/ros_keyboard/install/keyboard/lib/pkgconfig/keyboard.pc'
[25.867s] Level 1:colcon.colcon_core.environment:checking '/home/leon/robotica/scorbotLabo/teleop_packages/ros_keyboard/install/keyboard/lib/python3.10/site-packages'
[25.867s] Level 1:colcon.colcon_core.environment:checking '/home/leon/robotica/scorbotLabo/teleop_packages/ros_keyboard/install/keyboard/bin'
[25.868s] INFO:colcon.colcon_core.shell:Creating package script '/home/leon/robotica/scorbotLabo/teleop_packages/ros_keyboard/install/keyboard/share/keyboard/package.ps1'
[25.869s] INFO:colcon.colcon_core.shell:Creating package descriptor '/home/leon/robotica/scorbotLabo/teleop_packages/ros_keyboard/install/keyboard/share/keyboard/package.dsv'
[25.870s] INFO:colcon.colcon_core.shell:Creating package script '/home/leon/robotica/scorbotLabo/teleop_packages/ros_keyboard/install/keyboard/share/keyboard/package.sh'
[25.870s] INFO:colcon.colcon_core.shell:Creating package script '/home/leon/robotica/scorbotLabo/teleop_packages/ros_keyboard/install/keyboard/share/keyboard/package.bash'
[25.871s] INFO:colcon.colcon_core.shell:Creating package script '/home/leon/robotica/scorbotLabo/teleop_packages/ros_keyboard/install/keyboard/share/keyboard/package.zsh'
[25.872s] Level 1:colcon.colcon_core.environment:create_file_with_runtime_dependencies(/home/leon/robotica/scorbotLabo/teleop_packages/ros_keyboard/install/keyboard/share/colcon-core/packages/keyboard)
[25.873s] Level 1:colcon.colcon_core.environment:create_environment_scripts_only(keyboard)
[25.873s] Level 1:colcon.colcon_core.environment:checking '/home/leon/robotica/scorbotLabo/teleop_packages/ros_keyboard/install/keyboard' for CMake module files
[25.874s] Level 1:colcon.colcon_core.environment:checking '/home/leon/robotica/scorbotLabo/teleop_packages/ros_keyboard/install/keyboard' for CMake config files
[25.875s] Level 1:colcon.colcon_core.shell:create_environment_hook('keyboard', 'cmake_prefix_path')
[25.875s] INFO:colcon.colcon_core.shell:Creating environment hook '/home/leon/robotica/scorbotLabo/teleop_packages/ros_keyboard/install/keyboard/share/keyboard/hook/cmake_prefix_path.ps1'
[25.876s] INFO:colcon.colcon_core.shell:Creating environment descriptor '/home/leon/robotica/scorbotLabo/teleop_packages/ros_keyboard/install/keyboard/share/keyboard/hook/cmake_prefix_path.dsv'
[25.876s] INFO:colcon.colcon_core.shell:Creating environment hook '/home/leon/robotica/scorbotLabo/teleop_packages/ros_keyboard/install/keyboard/share/keyboard/hook/cmake_prefix_path.sh'
[25.877s] Level 1:colcon.colcon_core.environment:checking '/home/leon/robotica/scorbotLabo/teleop_packages/ros_keyboard/install/keyboard/lib'
[25.878s] Level 1:colcon.colcon_core.environment:checking '/home/leon/robotica/scorbotLabo/teleop_packages/ros_keyboard/install/keyboard/bin'
[25.878s] Level 1:colcon.colcon_core.environment:checking '/home/leon/robotica/scorbotLabo/teleop_packages/ros_keyboard/install/keyboard/lib/pkgconfig/keyboard.pc'
[25.878s] Level 1:colcon.colcon_core.environment:checking '/home/leon/robotica/scorbotLabo/teleop_packages/ros_keyboard/install/keyboard/lib/python3.10/site-packages'
[25.879s] Level 1:colcon.colcon_core.environment:checking '/home/leon/robotica/scorbotLabo/teleop_packages/ros_keyboard/install/keyboard/bin'
[25.879s] INFO:colcon.colcon_core.shell:Creating package script '/home/leon/robotica/scorbotLabo/teleop_packages/ros_keyboard/install/keyboard/share/keyboard/package.ps1'
[25.881s] INFO:colcon.colcon_core.shell:Creating package descriptor '/home/leon/robotica/scorbotLabo/teleop_packages/ros_keyboard/install/keyboard/share/keyboard/package.dsv'
[25.881s] INFO:colcon.colcon_core.shell:Creating package script '/home/leon/robotica/scorbotLabo/teleop_packages/ros_keyboard/install/keyboard/share/keyboard/package.sh'
[25.882s] INFO:colcon.colcon_core.shell:Creating package script '/home/leon/robotica/scorbotLabo/teleop_packages/ros_keyboard/install/keyboard/share/keyboard/package.bash'
[25.883s] INFO:colcon.colcon_core.shell:Creating package script '/home/leon/robotica/scorbotLabo/teleop_packages/ros_keyboard/install/keyboard/share/keyboard/package.zsh'
[25.884s] Level 1:colcon.colcon_core.environment:create_file_with_runtime_dependencies(/home/leon/robotica/scorbotLabo/teleop_packages/ros_keyboard/install/keyboard/share/colcon-core/packages/keyboard)
[25.885s] DEBUG:colcon.colcon_parallel_executor.executor.parallel:closing loop
[25.886s] DEBUG:colcon.colcon_parallel_executor.executor.parallel:loop closed
[25.886s] DEBUG:colcon.colcon_parallel_executor.executor.parallel:run_until_complete finished with '0'
[25.886s] DEBUG:colcon.colcon_core.event_reactor:joining thread
[25.896s] INFO:colcon.colcon_core.plugin_system:Skipping extension 'colcon_notification.desktop_notification.terminal_notifier': Not used on non-Darwin systems
[25.896s] INFO:colcon.colcon_core.plugin_system:Skipping extension 'colcon_notification.desktop_notification.win32': Not used on non-Windows systems
[25.896s] INFO:colcon.colcon_notification.desktop_notification:Sending desktop notification using 'notify2'
[25.927s] DEBUG:colcon.colcon_core.event_reactor:joined thread
[25.927s] INFO:colcon.colcon_core.shell:Creating prefix script '/home/leon/robotica/scorbotLabo/teleop_packages/ros_keyboard/install/local_setup.ps1'
[25.929s] INFO:colcon.colcon_core.shell:Creating prefix util module '/home/leon/robotica/scorbotLabo/teleop_packages/ros_keyboard/install/_local_setup_util_ps1.py'
[25.932s] INFO:colcon.colcon_core.shell:Creating prefix chain script '/home/leon/robotica/scorbotLabo/teleop_packages/ros_keyboard/install/setup.ps1'
[25.934s] INFO:colcon.colcon_core.shell:Creating prefix script '/home/leon/robotica/scorbotLabo/teleop_packages/ros_keyboard/install/local_setup.sh'
[25.936s] INFO:colcon.colcon_core.shell:Creating prefix util module '/home/leon/robotica/scorbotLabo/teleop_packages/ros_keyboard/install/_local_setup_util_sh.py'
[25.937s] INFO:colcon.colcon_core.shell:Creating prefix chain script '/home/leon/robotica/scorbotLabo/teleop_packages/ros_keyboard/install/setup.sh'
[25.939s] INFO:colcon.colcon_core.shell:Creating prefix script '/home/leon/robotica/scorbotLabo/teleop_packages/ros_keyboard/install/local_setup.bash'
[25.940s] INFO:colcon.colcon_core.shell:Creating prefix chain script '/home/leon/robotica/scorbotLabo/teleop_packages/ros_keyboard/install/setup.bash'
[25.942s] INFO:colcon.colcon_core.shell:Creating prefix script '/home/leon/robotica/scorbotLabo/teleop_packages/ros_keyboard/install/local_setup.zsh'
[25.943s] INFO:colcon.colcon_core.shell:Creating prefix chain script '/home/leon/robotica/scorbotLabo/teleop_packages/ros_keyboard/install/setup.zsh'
